#   No. of|        Total|        Power|        Inlet|       Outlet|       Energy|       Energy|        Total|       Global|
#Timesteps|         Time|     Supplied|       Energy|       Energy|       Stored|       Stored|       Energy|       Energy|
#         |             |             |             |             |      Coolant|        Solid|      Storage|      Balance|
#         |        [sec]|         [kW]|         [kW]|         [kW]|         [kW]|         [kW]|          [%]|          [%]|
#=========================================================================================================================
        10        0.0000      365.8097    13280.8518    13280.5597     2024.3612     1658.2630     1006.7047        2.6827
        20        0.0002      365.8097    13280.8518    13312.3517     1980.0524     1645.6924      991.1558        2.4498
        30        0.0012      365.8097    13280.8518    13430.2630     1794.4340     1577.7651      921.8450        1.5857
        40        0.0029      365.8097    13280.8519    13589.1609     1544.3006     1486.6068      828.5474        0.4214
        50        0.0047      365.8097    13280.8519    13847.9436     1225.0620     1426.3050      724.7939       -1.4750
        60        0.0065      365.8097    13280.8519    14430.3652      601.9736     1383.5820      542.7836       -5.7428
        70        0.0082      365.8097    13280.8519    15032.8389      211.3980     1340.6587      424.2797      -10.1576
        80        0.0100      365.8097    13280.8519    15317.1703      479.6593     1291.9926      484.3096      -12.2412
        90        0.0118      365.8097    13280.8519    15222.7772      560.7766     1233.9795      490.6255      -11.5495
       100        0.0135      365.8097    13280.8518    14962.9329      349.7981     1164.4233      413.9368       -9.6454
       110        0.0153      365.8097    13280.8518    14532.1135      207.4341     1088.0316      354.1364       -6.4884
       120        0.0171      365.8097    13280.8518    13986.1014      674.4813     1013.9365      461.5562       -2.4873
       130        0.0188      365.8097    13280.8518    13552.0022     1043.5953      948.8691      544.6723        0.6936
       140        0.0206      365.8097    13280.8519    13386.1496     1156.7466      896.1239      561.1852        1.9090
       150        0.0223      365.8097    13280.8519    13453.6622     1050.5628      857.4771      521.5934        1.4143
       160        0.0241      365.8097    13280.8519    13686.1329      792.2210      831.6703      443.9169       -0.2892
       170        0.0259      365.8097    13280.8519    14040.0981      420.2242      813.6875      337.3097       -2.8830
       180        0.0276      365.8097    13280.8519    14399.1070      135.9686      797.5050      255.1800       -5.5138
       190        0.0294      365.8097    13280.8519    14618.2791      289.9802      778.7103      292.1438       -7.1198
       200        0.0312      365.8097    13280.8519    14640.1348      341.2173      754.7695      299.6057       -7.2800
       210        0.0329      365.8097    13280.8519    14491.6804      245.1308      725.0572      265.2165       -6.1921
       220        0.0347      365.8097    13280.8518    14219.6680      155.1008      691.2916      231.3750       -4.1989
       230        0.0365      365.8097    13280.8518    13895.3625      408.1211      656.8367      291.1234       -1.8224
       240        0.0382      365.8097    13280.8518    13622.8453      648.9346      625.1015      348.2783        0.1745
       250        0.0400      365.8097    13280.8519    13484.4522      760.7802      598.5312      371.5897        1.1886
       260        0.0418      365.8097    13280.8519    13499.9328      725.0424      578.2793      356.2840        1.0752
       270        0.0435      365.8097    13280.8519    13643.7535      566.8376      563.9214      309.1112        0.0213
       280        0.0453      365.8097    13280.8519    13865.6461      334.5236      553.5226      242.7617       -1.6047
       290        0.0471      365.8097    13280.8519    14092.6152      144.7097      544.4222      188.3853       -3.2679
       300        0.0488      365.8097    13280.8519    14248.8051      171.1148      534.2071      192.8111       -4.4124
       310        0.0506      365.8097    13280.8519    14289.5503      211.6095      521.3098      200.3553       -4.7110
       320        0.0524      365.8097    13280.8519    14212.6205      168.8091      505.2791      184.2729       -4.1472
       330        0.0541      365.8097    13280.8519    14047.4115      139.3152      486.8191      171.1639       -2.9366
       340        0.0559      365.8097    13280.8518    13844.9982      269.3476      467.4718      201.4215       -1.4534
       350        0.0577      365.8097    13280.8519    13666.8032      428.8812      449.0222      239.9890       -0.1476
       360        0.0594      365.8097    13280.8519    13563.4319      516.1765      432.9352      259.4550        0.6099
       370        0.0612      365.8097    13280.8519    13556.8265      509.8370      419.9906      254.1834        0.6583
       380        0.0630      365.8097    13280.8519    13638.1188      418.6587      410.1149      226.5586        0.0626
       390        0.0647      365.8097    13280.8519    13774.8440      274.2591      402.4509      184.9896       -0.9393
       400        0.0665      365.8097    13280.8519    13920.5293      157.0349      395.6869      151.0954       -2.0068
       410        0.0683      365.8097    13280.8519    14028.4797      117.3276      388.5065      138.2779       -2.7979
       420        0.0700      365.8097    13280.8519    14067.2948      137.7433      379.9683      141.5248       -3.0823
       430        0.0718      365.8097    13280.8519    14029.5291      124.2780      369.7248      135.0436       -2.8056
       440        0.0736      365.8097    13280.8519    13930.7963      131.3765      358.0584      133.7949       -2.0821
       450        0.0753      365.8097    13280.8519    13803.1964      198.3065      345.7318      148.7216       -1.1471
       460        0.0771      365.8097    13280.8519    13685.3806      294.9839      333.7070      171.8628       -0.2837
       470        0.0789      365.8097    13280.8519    13610.4216      359.0797      322.8387      186.4134        0.2656
       480        0.0806      365.8097    13280.8519    13595.7406      364.5583      313.6357      185.3952        0.3731
       490        0.0824      365.8097    13280.8519    13639.3187      313.4831      306.1424      169.3846        0.0538
       500        0.0842      365.8097    13280.8519    13722.2410      224.3772      299.9635      143.3370       -0.5538
       510        0.0859      365.8097    13280.8519    13815.4442      153.6020      294.4205      122.4742       -1.2368
       520        0.0877      365.8097    13280.8519    13888.9069      116.7950      288.7812      110.8708       -1.7751
       530        0.0895      365.8097    13280.8519    13920.8670      109.1971      282.4807      107.0714       -2.0093
       540        0.0912      365.8097    13280.8519    13903.8059      109.8417      275.2661      105.2754       -1.8843
       550        0.0930      365.8097    13280.8519    13845.4111      125.1790      267.2369      107.2732       -1.4564
       560        0.0948      365.8097    13280.8519    13765.0334      159.3026      258.7779      114.2891       -0.8674
       570        0.0965      365.8097    13280.8519    13687.1495      209.9233      250.4163      125.8413       -0.2967
       580        0.0983      365.8097    13280.8519    13633.6881      255.6214      242.6507      136.2107        0.0951
       590        0.1000      365.8097    13280.8519    13617.5807      264.8853      235.8064      136.8721        0.2131
       600        0.1018      365.8097    13280.8519    13639.6049      237.0082      229.9550      127.6519        0.0517
       610        0.1036      365.8097    13280.8519    13689.1715      183.0561      224.9143      111.5253       -0.3115
       620        0.1053      365.8097    13280.8519    13748.3521      142.7736      220.3253       99.2589       -0.7452
       630        0.1071      365.8097    13280.8519    13797.7431      119.5741      215.7746       91.6730       -1.1071
       640        0.1089      365.8097    13280.8519    13822.3835      110.3474      210.9207       87.8238       -1.2877
       650        0.1106      365.8097    13280.8519    13815.8998      110.6091      205.5874       86.4374       -1.2401
       660        0.1124      365.8097    13280.8519    13781.7208      118.8303      199.7970       87.1019       -0.9897
       670        0.1142      365.8097    13280.8519    13731.2781      135.5550      193.7441       90.0192       -0.6201
       680        0.1159      365.8097    13280.8519    13679.9953      158.8374      187.7199       94.7370       -0.2443
       690        0.1177      365.8097    13280.8519    13642.3877      186.2872      182.0170      100.6819        0.0313
       700        0.1195      365.8097    13280.8519    13627.7854      195.7146      176.8417      101.8443        0.1383
       710        0.1212      365.8097    13280.8519    13637.9464      180.9719      172.2604       96.5617        0.0639
       720        0.1230      365.8097    13280.8519    13667.1304      151.7937      168.1918       87.4732       -0.1500
       730        0.1248      365.8097    13280.8519    13704.3930      129.6058      164.4437       80.3832       -0.4230
       740        0.1265      365.8097    13280.8519    13737.2445      115.9570      160.7794       75.6504       -0.6638
       750        0.1283      365.8097    13280.8519    13755.4946      109.5180      156.9917       72.8547       -0.7975
       760        0.1301      365.8097    13280.8519    13754.1189      108.6336      152.9602       71.5109       -0.7874
       770        0.1318      365.8097    13280.8519    13734.3564      112.1169      148.6781       71.2925       -0.6426
       780        0.1336      365.8097    13280.8519    13702.8524      119.7207      144.2426       72.1586       -0.4118
       790        0.1354      365.8097    13280.8519    13669.2604      130.2173      139.8157       73.8179       -0.1656
       800        0.1371      365.8097    13280.8519    13643.1303      142.4657      135.5701       76.0056        0.0259
       810        0.1389      365.8097    13280.8519    13631.0645      148.1642      131.6360       76.4879        0.1143
       820        0.1407      365.8097    13280.8519    13634.9724      142.0784      128.0665       73.8485        0.0857
       830        0.1424      365.8097    13280.8519    13651.8652      128.6904      124.8275       69.3032       -0.0381
       840        0.1442      365.8097    13280.8519    13675.1265      116.8519      121.8154       65.2435       -0.2086
       850        0.1460      365.8097    13280.8519    13696.7656      109.3077      118.8935       62.3825       -0.3672
       860        0.1477      365.8097    13280.8519    13709.9075      105.2397      115.9348       60.4616       -0.4635
       870        0.1495      365.8097    13280.8519    13710.7590      104.1445      112.8587       59.3213       -0.4697
       880        0.1513      365.8097    13280.8519    13699.5028      105.2123      109.6494       58.7359       -0.3872
       890        0.1530      365.8097    13280.8519    13679.9357      108.2633      106.3545       58.6693       -0.2438
       900        0.1548      365.8097    13280.8519    13658.0562      112.4230      103.0646       58.9070       -0.0835
       910        0.1566      365.8097    13280.8519    13640.1047      117.6788       99.8821       59.4738        0.0480
       920        0.1583      365.8097    13280.8519    13630.6802      120.4798       96.8893       59.4213        0.1171
       930        0.1601      365.8097    13280.8519    13631.4937      118.0096       94.1253       57.9905        0.1111
       940        0.1619      365.8097    13280.8519    13641.0792      111.7104       91.5780       55.5721        0.0409
       950        0.1636      365.8097    13280.8519    13655.4772      105.6627       89.1914       53.2665       -0.0646
       960        0.1654      365.8097    13280.8519    13669.6082      101.7244       86.8857       51.5596       -0.1681
       970        0.1672      365.8097    13280.8519    13678.8758       99.3725       84.5829       50.2872       -0.2361
       980        0.1689      365.8097    13280.8519    13680.5015       98.4289       82.2291       49.3858       -0.2480
       990        0.1707      365.8097    13280.8519    13674.2145       98.4331       79.8082       48.7251       -0.2019
      1000        0.1725      365.8097    13280.8519    13662.1390       99.1766       77.3425       48.2543       -0.1134
      1010        0.1742      365.8097    13280.8519    13647.9753      100.5057       74.8840       47.9456       -0.0096
      1020        0.1760      365.8097    13280.8519    13635.7729      102.1924       72.5683       47.7737        0.0798
      1030        0.1777      365.8097    13280.8519    13628.6934      103.2466       70.5760       47.5172        0.1317
      1040        0.1795      365.8097    13280.8519    13628.1346      102.0935       68.9055       46.7453        0.1358
      1050        0.1813      365.8097    13280.8519    13633.4477       99.1600       67.3673       45.5229        0.0968
      1060        0.1830      365.8097    13280.8519    13642.2892       96.1933       65.9000       44.3108        0.0320
      1070        0.1848      365.8097    13280.8519    13651.4511       94.2535       64.5133       43.4015       -0.0351
      1080        0.1866      365.8097    13280.8519    13657.8859       93.0667       63.2328       42.7270       -0.0823
      1090        0.1883      365.8097    13280.8519    13659.6044       92.3336       62.0628       42.2067       -0.0948
      1100        0.1901      365.8097    13280.8519    13656.1886       91.9236       60.9817       41.7991       -0.0698
      1110        0.1919      365.8097    13280.8519    13648.7954       91.7452       59.9672       41.4730       -0.0156
      1120        0.1936      365.8097    13280.8519    13639.6900       91.6605       58.9972       41.1847        0.0511
      1130        0.1954      365.8097    13280.8519    13631.4828       91.7659       58.0492       40.9544        0.1112
      1140        0.1972      365.8097    13280.8519    13626.3228       91.8432       57.1025       40.7167        0.1490
      1150        0.1989      365.8097    13280.8519    13625.2905       91.1415       56.1447       40.2631        0.1566
      1160        0.2007      365.8097    13280.8519    13628.1565       89.7179       55.1760       39.6091        0.1356
      1170        0.2025      365.8097    13280.8519    13633.5513       88.3112       54.2070       38.9597        0.0961
      1180        0.2042      365.8097    13280.8519    13639.4619       87.4786       53.2549       38.4718        0.0528
      1190        0.2060      365.8097    13280.8519    13643.8829       86.8735       52.3364       38.0553        0.0204
      1200        0.2078      365.8097    13280.8519    13645.4157       86.3823       51.4627       37.6822        0.0091
      1210        0.2095      365.8097    13280.8519    13643.6394       85.8768       50.6366       37.3181        0.0221
      1220        0.2113      365.8097    13280.8519    13639.1620       85.2936       49.8521       36.9442        0.0550
      1230        0.2131      365.8097    13280.8519    13633.3585       84.6854       49.0966       36.5715        0.0975
      1240        0.2148      365.8097    13280.8519    13627.9013       84.1325       48.3555       36.2177        0.1375
      1250        0.2166      365.8097    13280.8519    13624.2367       83.7346       47.6161       35.9068        0.1643
      1260        0.2184      365.8097    13280.8519    13623.1693       83.1374       46.8712       35.5400        0.1721
      1270        0.2201      365.8097    13280.8519    13624.6710       82.3751       46.1210       35.1265        0.1611
      1280        0.2219      365.8097    13280.8519    13627.9530       81.7557       45.3715       34.7523        0.1371
      1290        0.2237      365.8097    13280.8519    13631.7601       81.3959       44.6333       34.4521        0.1092
      1300        0.2254      365.8097    13280.8519    13634.7821       81.1234       43.9189       34.1823        0.0871
      1310        0.2272      365.8097    13280.8519    13636.0498       80.8295       43.2333       33.9146        0.0778
      1320        0.2290      365.8097    13280.8519    13635.1987       80.3556       42.5787       33.6061        0.0840
      1330        0.2307      365.8097    13280.8519    13632.5315       79.6927       41.9521       33.2536        0.1035
      1340        0.2325      365.8097    13280.8519    13628.8760       78.9145       41.3464       32.8753        0.1303
      1350        0.2343      365.8097    13280.8519    13625.2971       78.1276       40.7527       32.4978        0.1566
      1360        0.2360      365.8097    13280.8519    13622.7594       77.5089       40.1641       32.1678        0.1751
      1370        0.2378      365.8097    13280.8519    13621.8467       76.9778       39.5761       31.8619        0.1818
      1380        0.2396      365.8097    13280.8519    13622.6158       76.4943       38.9878       31.5689        0.1762
      1390        0.2413      365.8097    13280.8519    13624.6202       76.1280       38.4016       31.3085        0.1615
      1400        0.2431      365.8097    13280.8519    13627.0823       76.0024       37.8232       31.1161        0.1435
      1410        0.2449      365.8097    13280.8519    13629.1517       75.9161       37.2609       30.9388        0.1283
      1420        0.2466      365.8097    13280.8519    13630.1648       75.6822       36.7812       30.7437        0.1209
      1430        0.2484      365.8097    13280.8519    13629.8297       75.2411       36.4615       30.5357        0.1233
      1440        0.2502      365.8097    13280.8519    13628.2844       74.6056       36.3404       30.3289        0.1347
      1450        0.2519      365.8097    13280.8519    13626.0226       73.8407       36.2856       30.1048        0.1512
      1460        0.2537      365.8097    13280.8519    13623.7185       73.0539       36.3164       29.8981        0.1681
      1470        0.2554      365.8097    13280.8519    13622.0113       72.3579       36.4219       29.7367        0.1806
      1480        0.2572      365.8097    13280.8519    13621.3154       71.8458       36.5421       29.6296        0.1857
      1490        0.2590      365.8097    13280.8519    13621.7140       71.4632       36.6627       29.5579        0.1828
      1500        0.2607      365.8097    13280.8519    13622.9597       71.2869       36.7787       29.5415        0.1737
      1510        0.2625      365.8097    13280.8519    13624.5740       71.2166       36.8893       29.5525        0.1619
      1520        0.2643      365.8097    13280.8519    13626.0082       71.1140       36.9972       29.5539        0.1513
      1530        0.2660      365.8097    13280.8519    13626.8124       70.9219       37.1065       29.5313        0.1455
      1540        0.2678      365.8097    13280.8519    13626.7647       70.5650       37.2167       29.4639        0.1458
      1550        0.2696      365.8097    13280.8519    13625.9177       70.0159       37.3278       29.3441        0.1520
      1560        0.2713      365.8097    13280.8519    13624.5621       69.3343       37.4368       29.1876        0.1619
      1570        0.2731      365.8097    13280.8519    13623.1222       68.6184       37.5403       29.0202        0.1725
      1580        0.2749      365.8097    13280.8519    13622.0182       67.9720       37.6356       28.8695        0.1806
      1590        0.2766      365.8097    13280.8519    13621.5405       67.4747       37.7194       28.7565        0.1841
      1600        0.2784      365.8097    13280.8519    13621.7713       67.1284       37.7930       28.6820        0.1824
      1610        0.2802      365.8097    13280.8519    13622.5770       66.9239       37.8597       28.6443        0.1765
      1620        0.2819      365.8097    13280.8519    13623.6648       66.8244       37.9206       28.6337        0.1685
      1630        0.2837      365.8097    13280.8519    13624.6827       66.7541       37.9758       28.6296        0.1611
      1640        0.2855      365.8097    13280.8519    13625.3293       66.6035       38.0267       28.6023        0.1563
      1650        0.2872      365.8097    13280.8519    13625.4398       66.2864       38.0762       28.5292        0.1555
      1660        0.2890      365.8097    13280.8519    13625.0251       65.8003       38.1233       28.4092        0.1585
      1670        0.2908      365.8097    13280.8519    13624.2555       65.1953       38.1658       28.2554        0.1642
      1680        0.2925      365.8097    13280.8519    13623.3974       64.5503       38.2023       28.0891        0.1705
      1690        0.2943      365.8097    13280.8519    13622.7248       63.9533       38.2317       27.9339        0.1754
      1700        0.2961      365.8097    13280.8519    13622.4368       63.4709       38.2527       27.8078        0.1775
      1710        0.2978      365.8097    13280.8519    13622.6048       63.1399       38.2645       27.7205        0.1763
      1720        0.2996      365.8097    13280.8519    13623.1599       62.9552       38.2687       27.6712        0.1722
      1730        0.3014      365.8097    13280.8519    13623.9243       62.8534       38.2696       27.6436        0.1666
      1740        0.3031      365.8097    13280.8519    13624.6727       62.7421       38.2675       27.6126        0.1611
      1750        0.3049      365.8097    13280.8519    13625.2041       62.5462       38.2610       27.5573        0.1572
      1760        0.3067      365.8097    13280.8519    13625.4001       62.2331       38.2528       27.4694        0.1558
      1770        0.3084      365.8097    13280.8519    13625.2535       61.8070       38.2431       27.3503        0.1569
      1780        0.3102      365.8097    13280.8519    13624.8624       61.2896       38.2289       27.2050        0.1597
      1790        0.3120      365.8097    13280.8519    13624.3924       60.7434       38.2099       27.0505        0.1632
      1800        0.3137      365.8097    13280.8519    13624.0218       60.2318       38.1855       26.9040        0.1659
      1810        0.3155      365.8097    13280.8519    13623.8869       59.8057       38.1545       26.7790        0.1669
      1820        0.3173      365.8097    13280.8519    13624.0442       59.4856       38.1166       26.6811        0.1657
      1830        0.3190      365.8097    13280.8519    13624.4602       59.2559       38.0716       26.6060        0.1627
      1840        0.3208      365.8097    13280.8519    13625.0275       59.0756       38.0246       26.5439        0.1585
      1850        0.3226      365.8097    13280.8519    13625.6031       58.9097       37.9767       26.4854        0.1543
      1860        0.3243      365.8097    13280.8519    13626.0541       58.7129       37.9266       26.4179        0.1510
      1870        0.3261      365.8097    13280.8519    13626.2965       58.4458       37.8751       26.3309        0.1492
      1880        0.3279      365.8097    13280.8519    13626.3170       58.0844       37.8220       26.2176        0.1491
      1890        0.3296      365.8097    13280.8519    13626.1711       57.6422       37.7648       26.0810        0.1502
      1900        0.3314      365.8097    13280.8519    13625.9614       57.1607       37.7044       25.9329        0.1517
      1910        0.3331      365.8097    13280.8519    13625.8031       56.6912       37.6399       25.7869        0.1528
      1920        0.3349      365.8097    13280.8519    13625.7883       56.2734       37.5698       25.6535        0.1530
      1930        0.3367      365.8097    13280.8519    13625.9603       55.9324       37.4938       25.5396        0.1517
      1940        0.3384      365.8097    13280.8519    13626.3040       55.6776       37.4121       25.4476        0.1492
      1950        0.3402      365.8097    13280.8519    13626.7552       55.4891       37.3302       25.3737        0.1459
      1960        0.3420      365.8097    13280.8519    13627.2235       55.3238       37.2474       25.3058        0.1424
      1970        0.3437      365.8097    13280.8519    13627.6215       55.1238       37.1622       25.2279        0.1395
      1980        0.3455      365.8097    13280.8519    13627.8906       54.8523       37.0751       25.1298        0.1375
      1990        0.3473      365.8097    13280.8519    13628.0168       54.5023       36.9851       25.0095        0.1366
      2000        0.3490      365.8097    13280.8519    13628.0308       54.0885       36.8923       24.8711        0.1365
      2010        0.3508      365.8097    13280.8519    13627.9959       53.6480       36.7963       24.7244        0.1368
      2020        0.3526      365.8097    13280.8519    13627.9862       53.2244       36.6977       24.5817        0.1368
      2030        0.3543      365.8097    13280.8519    13628.0634       52.8499       36.5957       24.4514        0.1363
      2040        0.3561      365.8097    13280.8519    13628.2595       52.5449       36.4890       24.3388        0.1348
      2050        0.3579      365.8097    13280.8519    13628.5690       52.2992       36.3805       24.2420        0.1326
      2060        0.3596      365.8097    13280.8519    13628.9538       52.0853       36.2732       24.1542        0.1298
      2070        0.3614      365.8097    13280.8519    13629.3570       51.8723       36.1664       24.0668        0.1268
      2080        0.3632      365.8097    13280.8519    13629.7213       51.6304       36.0582       23.9711        0.1241
      2090        0.3649      365.8097    13280.8519    13630.0066       51.3386       35.9478       23.8611        0.1220
      2100        0.3667      365.8097    13280.8519    13630.2002       50.9901       35.8342       23.7348        0.1206
      2110        0.3685      365.8097    13280.8519    13630.3188       50.5939       35.7167       23.5944        0.1198
      2120        0.3702      365.8097    13280.8519    13630.4014       50.1702       35.5951       23.4453        0.1192
      2130        0.3720      365.8097    13280.8519    13630.4952       49.7440       35.4694       23.2945        0.1185
      2140        0.3738      365.8097    13280.8519    13630.6414       49.3370       35.3400       23.1478        0.1174
      2150        0.3755      365.8097    13280.8519    13630.8630       48.9612       35.2095       23.0094        0.1158
      2160        0.3773      365.8097    13280.8519    13631.1591       48.6166       35.0821       22.8804        0.1136
      2170        0.3791      365.8097    13280.8519    13631.5073       48.3019       34.9557       22.7598        0.1110
      2180        0.3808      365.8097    13280.8519    13631.8719       48.0241       34.8300       22.6495        0.1084
      2190        0.3826      365.8097    13280.8519    13632.2157       47.7712       34.7037       22.5458        0.1059
      2200        0.3844      365.8097    13280.8519    13632.5113       47.5198       34.5750       22.4419        0.1037
      2210        0.3861      365.8097    13280.8519    13632.7483       47.2405       34.4427       22.3294        0.1020
      2220        0.3879      365.8097    13280.8519    13632.9356       46.9303       34.3072       22.2076        0.1006
      2230        0.3897      365.8097    13280.8519    13633.0969       46.6019       34.1681       22.0798        0.0994
      2240        0.3914      365.8097    13280.8519    13633.2624       46.2750       34.0252       21.9514        0.0982
      2250        0.3932      365.8097    13280.8519    13633.4593       45.9660       33.8796       21.8271        0.0967
      2260        0.3950      365.8097    13280.8519    13633.7038       45.6857       33.7346       21.7108        0.0950
      2270        0.3967      365.8097    13280.8519    13633.9971       45.4359       33.5916       21.6034        0.0928
      2280        0.3985      365.8097    13280.8519    13634.3261       45.2067       33.4512       21.5024        0.0904
      2290        0.4003      365.8097    13280.8519    13634.6684       44.9821       33.3111       21.4027        0.0879
      2300        0.4020      365.8097    13280.8519    13635.0000       44.7437       33.1696       21.2989        0.0855
      2310        0.4038      365.8097    13280.8519    13635.3023       44.4792       33.0262       21.1873        0.0832
      2320        0.4056      365.8097    13280.8519    13635.5674       44.1835       32.8800       21.0665        0.0813
      2330        0.4073      365.8097    13280.8519    13635.7997       43.8594       32.7309       20.9372        0.0796
      2340        0.4091      365.8097    13280.8519    13636.0135       43.5189       32.5786       20.8025        0.0780
      2350        0.4108      365.8097    13280.8519    13636.2281       43.1844       32.4229       20.6685        0.0765
      2360        0.4126      365.8097    13280.8519    13636.4614       42.8734       32.2639       20.5400        0.0747
      2370        0.4144      365.8097    13280.8519    13636.7247       42.5923       32.1015       20.4188        0.0728
      2380        0.4161      365.8097    13280.8519    13637.0197       42.3317       31.9359       20.3023        0.0707
      2390        0.4179      365.8097    13280.8519    13637.3389       42.0804       31.7696       20.1881        0.0683
      2400        0.4197      365.8097    13280.8519    13637.6683       41.8291       31.6032       20.0739        0.0659
      2410        0.4214      365.8097    13280.8519    13637.9925       41.5675       31.4361       19.9567        0.0635
      2420        0.4232      365.8097    13280.8519    13638.2989       41.2874       31.2679       19.8342        0.0613
      2430        0.4250      365.8097    13280.8519    13638.5816       40.9907       31.0977       19.7065        0.0592
      2440        0.4267      365.8097    13280.8519    13638.8428       40.6908       30.9269       19.5778        0.0573
      2450        0.4285      365.8097    13280.8519    13639.0910       40.3965       30.7602       19.4518        0.0555
      2460        0.4303      365.8097    13280.8519    13639.3384       40.1043       30.5997       19.3281        0.0537
      2470        0.4320      365.8097    13280.8519    13639.5967       39.8143       30.4430       19.2060        0.0518
      2480        0.4338      365.8097    13280.8519    13639.8737       39.5310       30.2868       19.0858        0.0497
      2490        0.4356      365.8097    13280.8519    13640.1712       39.2558       30.1292       18.9675        0.0476
      2500        0.4373      365.8097    13280.8519    13640.4849       38.9859       29.9725       18.8509        0.0453
      2510        0.4391      365.8097    13280.8519    13640.8061       38.7160       29.8171       18.7346        0.0429
      2520        0.4409      365.8097    13280.8519    13641.1248       38.4504       29.6630       18.6199        0.0406
      2530        0.4426      365.8097    13280.8519    13641.4327       38.1906       29.5093       18.5069        0.0383
      2540        0.4444      365.8097    13280.8519    13641.7255       37.9313       29.3549       18.3938        0.0362
      2550        0.4462      365.8097    13280.8519    13642.0040       37.6604       29.1993       18.2772        0.0341
      2560        0.4479      365.8097    13280.8519    13642.2733       37.3769       29.0424       18.1568        0.0322
      2570        0.4497      365.8097    13280.8519    13642.5412       37.0864       28.8835       18.0339        0.0302
      2580        0.4515      365.8097    13280.8519    13642.8152       36.7949       28.7219       17.9101        0.0282
      2590        0.4532      365.8097    13280.8519    13643.1007       36.5063       28.5575       17.7863        0.0261
      2600        0.4550      365.8097    13280.8519    13643.3992       36.2221       28.3903       17.6629        0.0239
      2610        0.4568      365.8097    13280.8519    13643.7083       35.9406       28.2205       17.5394        0.0216
      2620        0.4585      365.8097    13280.8519    13644.0227       35.6579       28.0479       17.4150        0.0193
      2630        0.4603      365.8097    13280.8519    13644.3358       35.3696       27.8727       17.2883        0.0170
      2640        0.4621      365.8097    13280.8519    13644.6421       35.0717       27.6962       17.1586        0.0148
      2650        0.4638      365.8097    13280.8519    13644.9386       34.7620       27.5222       17.0264        0.0126
      2660        0.4656      365.8097    13280.8519    13645.2254       34.4408       27.3510       16.8918        0.0105
      2670        0.4674      365.8097    13280.8519    13645.5057       34.1106       27.1789       16.7544        0.0085
      2680        0.4691      365.8097    13280.8519    13645.7841       33.7767       27.0042       16.6154        0.0064
      2690        0.4709      365.8097    13280.8519    13646.0658       33.4632       26.8270       16.4813        0.0044
      2700        0.4727      365.8097    13280.8519    13646.3542       33.1858       26.6488       16.3568        0.0023
      2710        0.4744      365.8097    13280.8519    13646.6506       32.9424       26.4741       16.2425        0.0001
      2720        0.4762      365.8097    13280.8519    13646.9536       32.7090       26.3035       16.1320       -0.0021
      2730        0.4780      365.8097    13280.8519    13647.2600       32.4793       26.1353       16.0232       -0.0044
      2740        0.4797      365.8097    13280.8519    13647.5656       32.2502       25.9705       15.9156       -0.0066
      2750        0.4815      365.8097    13280.8519    13647.8666       32.0191       25.8108       15.8087       -0.0088
      2760        0.4833      365.8097    13280.8519    13648.1610       31.7836       25.6534       15.7013       -0.0110
      2770        0.4850      365.8097    13280.8519    13648.4486       31.5439       25.4947       15.5924       -0.0131
      2780        0.4868      365.8097    13280.8519    13648.7312       31.3019       25.3345       15.4825       -0.0152
      2790        0.4886      365.8097    13280.8519    13649.0118       31.0594       25.1731       15.3721       -0.0172
      2800        0.4903      365.8097    13280.8519    13649.2937       30.8180       25.0104       15.2616       -0.0193
      2810        0.4921      365.8097    13280.8519    13649.5791       30.5767       24.8464       15.1508       -0.0214
      2820        0.4938      365.8097    13280.8519    13649.8692       30.3355       24.6813       15.0397       -0.0235
      2830        0.4956      365.8097    13280.8519    13650.1630       30.0940       24.5160       14.9285       -0.0257
      2840        0.4974      365.8097    13280.8519    13650.4587       29.8506       24.3539       14.8177       -0.0278
      2850        0.4991      365.8097    13280.8519    13650.7534       29.6035       24.1947       14.7066       -0.0300
      2860        0.5009      365.8097    13280.8519    13651.0448       29.3506       24.0344       14.5937       -0.0321
      2870        0.5027      365.8097    13280.8519    13651.3314       29.0912       23.8720       14.4783       -0.0342
      2880        0.5044      365.8097    13280.8519    13651.6128       28.8369       23.7073       14.3638       -0.0363
      2890        0.5062      365.8097    13280.8519    13651.8903       28.5986       23.5405       14.2531       -0.0383
      2900        0.5080      365.8097    13280.8519    13652.1655       28.3700       23.3716       14.1444       -0.0403
      2910        0.5097      365.8097    13280.8519    13652.4406       28.1396       23.2020       14.0350       -0.0423
      2920        0.5115      365.8097    13280.8519    13652.7172       27.9077       23.0343       13.9258       -0.0444
      2930        0.5133      365.8097    13280.8519    13652.9958       27.6751       22.8685       13.8169       -0.0464
      2940        0.5150      365.8097    13280.8519    13653.2762       27.4416       22.7020       13.7076       -0.0485
      2950        0.5168      365.8097    13280.8519    13653.5571       27.2063       22.5336       13.5972       -0.0505
      2960        0.5186      365.8097    13280.8519    13653.8367       26.9680       22.3632       13.4855       -0.0526
      2970        0.5203      365.8097    13280.8519    13654.1135       26.7259       22.1910       13.3722       -0.0546
      2980        0.5221      365.8097    13280.8519    13654.3863       26.4910       22.0170       13.2604       -0.0566
      2990        0.5239      365.8097    13280.8519    13654.6551       26.2740       21.8413       13.1531       -0.0586
      3000        0.5256      365.8097    13280.8519    13654.9202       26.0632       21.6638       13.0470       -0.0605
      3010        0.5274      365.8097    13280.8519    13655.1829       25.8489       21.4863       12.9398       -0.0624
      3020        0.5292      365.8097    13280.8519    13655.4445       25.6319       21.3161       12.8340       -0.0644
      3030        0.5309      365.8097    13280.8519    13655.7059       25.4132       21.1592       12.7313       -0.0663
      3040        0.5327      365.8097    13280.8519    13655.9678       25.1935       21.0076       12.6298       -0.0682
      3050        0.5345      365.8097    13280.8519    13656.2298       24.9727       20.8552       12.5278       -0.0701
      3060        0.5362      365.8097    13280.8519    13656.4913       24.7504       20.7024       12.4252       -0.0720
      3070        0.5380      365.8097    13280.8519    13656.7511       24.5264       20.5488       12.3220       -0.0739
      3080        0.5398      365.8097    13280.8519    13657.0081       24.3113       20.3950       12.2212       -0.0758
      3090        0.5415      365.8097    13280.8519    13657.2617       24.1150       20.2404       12.1253       -0.0777
      3100        0.5433      365.8097    13280.8519    13657.5115       23.9241       20.0856       12.0308       -0.0795
      3110        0.5451      365.8097    13280.8519    13657.7579       23.7295       19.9325       11.9357       -0.0813
      3120        0.5468      365.8097    13280.8519    13658.0015       23.5318       19.7835       11.8409       -0.0831
      3130        0.5486      365.8097    13280.8519    13658.2432       23.3317       19.6372       11.7462       -0.0849
      3140        0.5504      365.8097    13280.8519    13658.4836       23.1300       19.4897       11.6508       -0.0866
      3150        0.5521      365.8097    13280.8519    13658.7232       22.9272       19.3407       11.5546       -0.0884
      3160        0.5539      365.8097    13280.8519    13658.9618       22.7233       19.1901       11.4577       -0.0901
      3170        0.5557      365.8097    13280.8519    13659.1990       22.5181       19.0380       11.3600       -0.0919
      3180        0.5574      365.8097    13280.8519    13659.4341       22.3110       18.8844       11.2614       -0.0936
      3190        0.5592      365.8097    13280.8519    13659.6663       22.1016       18.7294       11.1618       -0.0953
      3200        0.5610      365.8097    13280.8519    13659.8951       21.8896       18.5729       11.0611       -0.0970
      3210        0.5627      365.8097    13280.8519    13660.1204       21.6748       18.4152       10.9592       -0.0986
      3220        0.5645      365.8097    13280.8519    13660.3422       21.4576       18.2571       10.8566       -0.1002
      3230        0.5663      365.8097    13280.8519    13660.5610       21.2384       18.1039       10.7548       -0.1019
      3240        0.5680      365.8097    13280.8519    13660.7773       21.0178       17.9537       10.6535       -0.1034
      3250        0.5698      365.8097    13280.8519    13660.9916       20.7964       17.8028       10.5517       -0.1050
      3260        0.5715      365.8097    13280.8519    13661.2041       20.5745       17.6507       10.4495       -0.1066
      3270        0.5733      365.8097    13280.8519    13661.4147       20.3522       17.4974       10.3468       -0.1081
      3280        0.5751      365.8097    13280.8519    13661.6233       20.1323       17.3429       10.2444       -0.1096
      3290        0.5768      365.8097    13280.8519    13661.8293       19.9376       17.1873       10.1487       -0.1111
      3300        0.5786      365.8097    13280.8519    13662.0322       19.7838       17.0342       10.0648       -0.1126
      3310        0.5804      365.8097    13280.8519    13662.2318       19.6404       16.8890        9.9859       -0.1141
      3320        0.5821      365.8097    13280.8519    13662.4279       19.4992       16.7481        9.9088       -0.1155
      3330        0.5839      365.8097    13280.8519    13662.6205       19.3591       16.6100        9.8327       -0.1169
      3340        0.5857      365.8097    13280.8519    13662.8098       19.2213       16.4786        9.7592       -0.1183
      3350        0.5874      365.8097    13280.8519    13662.9963       19.0859       16.3487        9.6866       -0.1197
      3360        0.5892      365.8097    13280.8519    13663.1802       18.9524       16.2188        9.6146       -0.1210
      3370        0.5910      365.8097    13280.8519    13663.3618       18.8226       16.0886        9.5435       -0.1224
      3380        0.5927      365.8097    13280.8519    13663.5409       18.6949       15.9582        9.4730       -0.1237
      3390        0.5945      365.8097    13280.8519    13663.7174       18.5705       15.8278        9.4033       -0.1250
      3400        0.5963      365.8097    13280.8519    13663.8910       18.4471       15.6970        9.3338       -0.1263
      3410        0.5980      365.8097    13280.8519    13664.0614       18.3220       15.5666        9.2640       -0.1275
      3420        0.5998      365.8097    13280.8519    13664.2285       18.1951       15.4358        9.1936       -0.1287
      3430        0.6016      365.8097    13280.8519    13664.3920       18.0663       15.3048        9.1225       -0.1299
      3440        0.6033      365.8097    13280.8519    13664.5521       17.9358       15.1783        9.0523       -0.1311
      3450        0.6051      365.8097    13280.8519    13664.7088       17.8037       15.0553        8.9825       -0.1322
      3460        0.6069      365.8097    13280.8519    13664.8624       17.6703       14.9319        8.9123       -0.1334
      3470        0.6086      365.8097    13280.8519    13665.0131       17.5359       14.8075        8.8416       -0.1345
      3480        0.6104      365.8097    13280.8519    13665.1610       17.4052       14.6823        8.7716       -0.1356
      3490        0.6122      365.8097    13280.8519    13665.3061       17.2937       14.5562        8.7067       -0.1366
      3500        0.6139      365.8097    13280.8519    13665.4483       17.1935       14.4293        8.6446       -0.1377
      3510        0.6157      365.8097    13280.8519    13665.5875       17.0923       14.3050        8.5830       -0.1387
      3520        0.6175      365.8097    13280.8519    13665.7234       16.9895       14.1854        8.5222       -0.1397
      3530        0.6192      365.8097    13280.8519    13665.8560       16.8853       14.0659        8.4610       -0.1407
      3540        0.6210      365.8097    13280.8519    13665.9851       16.7795       13.9458        8.3993       -0.1416
      3550        0.6228      365.8097    13280.8519    13666.1107       16.6723       13.8248        8.3369       -0.1425
      3560        0.6245      365.8097    13280.8519    13666.2331       16.5637       13.7032        8.2740       -0.1434
      3570        0.6263      365.8097    13280.8519    13666.3522       16.4540       13.5810        8.2106       -0.1443
      3580        0.6281      365.8097    13280.8519    13666.4683       16.3455       13.4581        8.1473       -0.1451
      3590        0.6298      365.8097    13280.8519    13666.5813       16.2533       13.3347        8.0883       -0.1460
      3600        0.6316      365.8097    13280.8519    13666.6915       16.1759       13.2107        8.0333       -0.1468
      3610        0.6334      365.8097    13280.8519    13666.7986       16.0979       13.0869        7.9781       -0.1476
      3620        0.6351      365.8097    13280.8519    13666.9026       16.0186       12.9672        7.9237       -0.1483
      3630        0.6369      365.8097    13280.8519    13667.0035       15.9379       12.8508        7.8699       -0.1491
      3640        0.6387      365.8097    13280.8519    13667.1011       15.8559       12.7345        7.8157       -0.1498
      3650        0.6404      365.8097    13280.8519    13667.1954       15.7726       12.6181        7.7611       -0.1505
      3660        0.6422      365.8097    13280.8519    13667.2864       15.6879       12.5102        7.7084       -0.1511
      3670        0.6440      365.8097    13280.8519    13667.3741       15.6021       12.4113        7.6579       -0.1518
      3680        0.6457      365.8097    13280.8519    13667.4588       15.5161       12.3142        7.6079       -0.1524
      3690        0.6475      365.8097    13280.8519    13667.5403       15.4419       12.2177        7.5612       -0.1530
      3700        0.6492      365.8097    13280.8519    13667.6189       15.3849       12.1214        7.5193       -0.1536
      3710        0.6510      365.8097    13280.8519    13667.6945       15.3289       12.0257        7.4778       -0.1541
      3720        0.6528      365.8097    13280.8519    13667.7671       15.2717       11.9320        7.4366       -0.1547
      3730        0.6545      365.8097    13280.8519    13667.8368       15.2132       11.8436        7.3964       -0.1552
      3740        0.6563      365.8097    13280.8519    13667.9034       15.1534       11.7584        7.3568       -0.1557
      3750        0.6581      365.8097    13280.8519    13667.9669       15.0972       11.6733        7.3181       -0.1561
      3760        0.6598      365.8097    13280.8519    13668.0272       15.0526       11.5887        7.2828       -0.1566
      3770        0.6616      365.8097    13280.8519    13668.0846       15.0094       11.5044        7.2480       -0.1570
      3780        0.6634      365.8097    13280.8519    13668.1388       14.9646       11.4196        7.2126       -0.1574
      3790        0.6651      365.8097    13280.8519    13668.1901       14.9185       11.3343        7.1766       -0.1578
      3800        0.6669      365.8097    13280.8519    13668.2385       14.8710       11.2485        7.1402       -0.1581
      3810        0.6687      365.8097    13280.8519    13668.2840       14.8247       11.1623        7.1040       -0.1584
      3820        0.6704      365.8097    13280.8519    13668.3267       14.7891       11.0756        7.0705       -0.1588
      3830        0.6722      365.8097    13280.8519    13668.3667       14.7580       10.9884        7.0382       -0.1591
      3840        0.6740      365.8097    13280.8519    13668.4038       14.7255       10.9009        7.0054       -0.1593
      3850        0.6757      365.8097    13280.8519    13668.4381       14.6915       10.8131        6.9721       -0.1596
      3860        0.6775      365.8097    13280.8519    13668.4696       14.6561       10.7278        6.9391       -0.1598
      3870        0.6793      365.8097    13280.8519    13668.4983       14.6202       10.6463        6.9070       -0.1600
      3880        0.6810      365.8097    13280.8519    13668.5242       14.5920       10.5669        6.8776       -0.1602
      3890        0.6828      365.8097    13280.8519    13668.5473       14.5717       10.4871        6.8502       -0.1604
      3900        0.6846      365.8097    13280.8519    13668.5676       14.5500       10.4070        6.8224       -0.1605
      3910        0.6863      365.8097    13280.8519    13668.5853       14.5269       10.3265        6.7941       -0.1607
      3920        0.6881      365.8097    13280.8519    13668.6004       14.5022       10.2457        6.7652       -0.1608
      3930        0.6899      365.8097    13280.8519    13668.6130       14.4761       10.1646        6.7359       -0.1609
      3940        0.6916      365.8097    13280.8519    13668.6230       14.4485       10.0839        6.7063       -0.1609
      3950        0.6934      365.8097    13280.8519    13668.6305       14.4196       10.0106        6.6784       -0.1610
      3960        0.6952      365.8097    13280.8519    13668.6354       14.3892        9.9450        6.6521       -0.1610
      3970        0.6969      365.8097    13280.8519    13668.6379       14.3574        9.8850        6.6271       -0.1610
      3980        0.6987      365.8097    13280.8519    13668.6378       14.3242        9.8294        6.6028       -0.1610
      3990        0.7005      365.8097    13280.8519    13668.6353       14.2896        9.7748        6.5784       -0.1610
      4000        0.7022      365.8097    13280.8519    13668.6304       14.2536        9.7206        6.5537       -0.1610
      4010        0.7040      365.8097    13280.8519    13668.6231       14.2164        9.6667        6.5288       -0.1609
      4020        0.7058      365.8097    13280.8519    13668.6135       14.1779        9.6129        6.5036       -0.1609
      4030        0.7075      365.8097    13280.8519    13668.6016       14.1382        9.5598        6.4782       -0.1608
      4040        0.7093      365.8097    13280.8519    13668.5874       14.0973        9.5067        6.4525       -0.1607
      4050        0.7111      365.8097    13280.8519    13668.5710       14.0552        9.4541        6.4267       -0.1605
      4060        0.7128      365.8097    13280.8519    13668.5524       14.0120        9.4017        6.4005       -0.1604
      4070        0.7146      365.8097    13280.8519    13668.5316       13.9677        9.3508        6.3745       -0.1603
      4080        0.7164      365.8097    13280.8519    13668.5086       13.9222        9.3040        6.3493       -0.1601
      4090        0.7181      365.8097    13280.8519    13668.4835       13.8757        9.2591        6.3243       -0.1599
      4100        0.7199      365.8097    13280.8519    13668.4563       13.8280        9.2140        6.2989       -0.1597
      4110        0.7217      365.8097    13280.8519    13668.4270       13.7794        9.1685        6.2732       -0.1595
      4120        0.7234      365.8097    13280.8519    13668.3958       13.7297        9.1224        6.2470       -0.1593
      4130        0.7252      365.8097    13280.8519    13668.3625       13.6790        9.0761        6.2205       -0.1590
      4140        0.7269      365.8097    13280.8519    13668.3273       13.6275        9.0315        6.1942       -0.1588
      4150        0.7287      365.8097    13280.8519    13668.2902       13.5750        8.9911        6.1688       -0.1585
      4160        0.7305      365.8097    13280.8519    13668.2512       13.5216        8.9543        6.1441       -0.1582
      4170        0.7322      365.8097    13280.8519    13668.2103       13.4674        8.9191        6.1197       -0.1579
      4180        0.7340      365.8097    13280.8519    13668.1676       13.4123        8.8835        6.0949       -0.1576
      4190        0.7358      365.8097    13280.8519    13668.1232       13.3563        8.8474        6.0697       -0.1573
      4200        0.7375      365.8097    13280.8519    13668.0769       13.2996        8.8120        6.0446       -0.1569
      4210        0.7393      365.8097    13280.8519    13668.0289       13.2421        8.7787        6.0197       -0.1566
      4220        0.7411      365.8097    13280.8519    13667.9793       13.1838        8.7463        5.9949       -0.1562
      4230        0.7428      365.8097    13280.8519    13667.9280       13.1247        8.7134        5.9698       -0.1558
      4240        0.7446      365.8097    13280.8519    13667.8750       13.0650        8.6801        5.9444       -0.1554
      4250        0.7464      365.8097    13280.8519    13667.8205       13.0046        8.6463        5.9186       -0.1550
      4260        0.7481      365.8097    13280.8519    13667.7645       12.9435        8.6154        5.8935       -0.1546
      4270        0.7499      365.8097    13280.8519    13667.7069       12.8819        8.5899        5.8697       -0.1542
      4280        0.7517      365.8097    13280.8519    13667.6478       12.8196        8.5669        5.8463       -0.1538
      4290        0.7534      365.8097    13280.8519    13667.5873       12.7567        8.5438        5.8229       -0.1533
      4300        0.7552      365.8097    13280.8519    13667.5253       12.6933        8.5201        5.7990       -0.1529
      4310        0.7570      365.8097    13280.8519    13667.4620       12.6293        8.4958        5.7749       -0.1524
      4320        0.7587      365.8097    13280.8519    13667.3972       12.5647        8.4708        5.7504       -0.1519
      4330        0.7605      365.8097    13280.8519    13667.3311       12.4997        8.4453        5.7257       -0.1515
      4340        0.7623      365.8097    13280.8519    13667.2637       12.4342        8.4192        5.7006       -0.1510
      4350        0.7640      365.8097    13280.8519    13667.1950       12.3682        8.3925        5.6753       -0.1505
      4360        0.7658      365.8097    13280.8519    13667.1251       12.3017        8.3662        5.6499       -0.1500
      4370        0.7676      365.8097    13280.8519    13667.0540       12.2349        8.3429        5.6253       -0.1494
      4380        0.7693      365.8097    13280.8519    13666.9817       12.1677        8.3216        5.6011       -0.1489
      4390        0.7711      365.8097    13280.8519    13666.9082       12.1001        8.3002        5.5767       -0.1484
      4400        0.7729      365.8097    13280.8519    13666.8337       12.0321        8.2782        5.5522       -0.1478
      4410        0.7746      365.8097    13280.8519    13666.7580       11.9638        8.2557        5.5273       -0.1473
      4420        0.7764      365.8097    13280.8519    13666.6813       11.8951        8.2326        5.5022       -0.1467
      4430        0.7782      365.8097    13280.8519    13666.6035       11.8262        8.2105        5.4773       -0.1461
      4440        0.7799      365.8097    13280.8519    13666.5247       11.7569        8.1897        5.4527       -0.1456
      4450        0.7817      365.8097    13280.8519    13666.4450       11.6874        8.1695        5.4282       -0.1450
      4460        0.7835      365.8097    13280.8519    13666.3643       11.6176        8.1487        5.4034       -0.1444
      4470        0.7852      365.8097    13280.8519    13666.2827       11.5475        8.1274        5.3785       -0.1438
      4480        0.7870      365.8097    13280.8519    13666.2002       11.4773        8.1054        5.3533       -0.1432
      4490        0.7888      365.8097    13280.8519    13666.1169       11.4069        8.0835        5.3280       -0.1426
      4500        0.7905      365.8097    13280.8519    13666.0327       11.3363        8.0632        5.3032       -0.1419
      4510        0.7923      365.8097    13280.8519    13665.9477       11.2655        8.0438        5.2785       -0.1413
      4520        0.7941      365.8097    13280.8519    13665.8620       11.1946        8.0242        5.2538       -0.1407
      4530        0.7958      365.8097    13280.8519    13665.7754       11.1235        8.0040        5.2288       -0.1401
      4540        0.7976      365.8097    13280.8519    13665.6881       11.0523        7.9832        5.2037       -0.1394
      4550        0.7994      365.8097    13280.8519    13665.6001       10.9810        7.9620        5.1784       -0.1388
      4560        0.8011      365.8097    13280.8519    13665.5114       10.9095        7.9416        5.1533       -0.1381
      4570        0.8029      365.8097    13280.8519    13665.4221       10.8380        7.9229        5.1286       -0.1375
      4580        0.8047      365.8097    13280.8519    13665.3321       10.7665        7.9045        5.1040       -0.1368
      4590        0.8064      365.8097    13280.8519    13665.2415       10.6949        7.8856        5.0793       -0.1362
      4600        0.8082      365.8097    13280.8519    13665.1504       10.6232        7.8661        5.0544       -0.1355
      4610        0.8099      365.8097    13280.8519    13665.0587       10.5516        7.8460        5.0293       -0.1348
      4620        0.8117      365.8097    13280.8519    13664.9665       10.4799        7.8254        5.0041       -0.1341
      4630        0.8135      365.8097    13280.8519    13664.8737       10.4082        7.8044        4.9787       -0.1335
      4640        0.8152      365.8097    13280.8519    13664.7804       10.3366        7.7828        4.9532       -0.1328
      4650        0.8170      365.8097    13280.8519    13664.6867       10.2649        7.7607        4.9276       -0.1321
      4660        0.8188      365.8097    13280.8519    13664.5925       10.1933        7.7381        4.9018       -0.1314
      4670        0.8205      365.8097    13280.8519    13664.4979       10.1217        7.7151        4.8760       -0.1307
      4680        0.8223      365.8097    13280.8519    13664.4029       10.0502        7.6916        4.8500       -0.1300
      4690        0.8241      365.8097    13280.8519    13664.3075        9.9788        7.6677        4.8239       -0.1293
      4700        0.8258      365.8097    13280.8519    13664.2118        9.9074        7.6433        4.7978       -0.1286
      4710        0.8276      365.8097    13280.8519    13664.1157        9.8361        7.6184        4.7715       -0.1279
      4720        0.8294      365.8097    13280.8519    13664.0193        9.7650        7.5932        4.7451       -0.1272
      4730        0.8311      365.8097    13280.8519    13663.9226        9.6939        7.5675        4.7187       -0.1265
      4740        0.8329      365.8097    13280.8519    13663.8256        9.6230        7.5415        4.6922       -0.1258
      4750        0.8347      365.8097    13280.8519    13663.7283        9.5522        7.5150        4.6656       -0.1251
      4760        0.8364      365.8097    13280.8519    13663.6308        9.4815        7.4882        4.6389       -0.1243
      4770        0.8382      365.8097    13280.8519    13663.5331        9.4110        7.4610        4.6122       -0.1236
      4780        0.8400      365.8097    13280.8519    13663.4351        9.3406        7.4334        4.5854       -0.1229
      4790        0.8417      365.8097    13280.8519    13663.3370        9.2704        7.4055        4.5586       -0.1222
      4800        0.8435      365.8097    13280.8519    13663.2387        9.2004        7.3772        4.5317       -0.1215
      4810        0.8453      365.8097    13280.8519    13663.1402        9.1305        7.3486        4.5048       -0.1208
      4820        0.8470      365.8097    13280.8519    13663.0416        9.0609        7.3196        4.4779       -0.1200
      4830        0.8488      365.8097    13280.8519    13662.9429        8.9914        7.2904        4.4509       -0.1193
      4840        0.8506      365.8097    13280.8519    13662.8441        8.9221        7.2608        4.4239       -0.1186
      4850        0.8523      365.8097    13280.8519    13662.7451        8.8531        7.2310        4.3968       -0.1179
      4860        0.8541      365.8097    13280.8519    13662.6461        8.7842        7.2008        4.3698       -0.1171
      4870        0.8559      365.8097    13280.8519    13662.5471        8.7156        7.1704        4.3427       -0.1164
      4880        0.8576      365.8097    13280.8519    13662.4480        8.6472        7.1397        4.3156       -0.1157
      4890        0.8594      365.8097    13280.8519    13662.3489        8.5791        7.1087        4.2885       -0.1150
      4900        0.8612      365.8097    13280.8519    13662.2497        8.5112        7.0775        4.2614       -0.1142
      4910        0.8629      365.8097    13280.8519    13662.1506        8.4435        7.0460        4.2343       -0.1135
      4920        0.8647      365.8097    13280.8519    13662.0514        8.3761        7.0143        4.2072       -0.1128
      4930        0.8665      365.8097    13280.8519    13661.9523        8.3089        6.9823        4.1801       -0.1120
      4940        0.8682      365.8097    13280.8519    13661.8533        8.2420        6.9501        4.1530       -0.1113
      4950        0.8700      365.8097    13280.8519    13661.7543        8.1754        6.9178        4.1260       -0.1106
      4960        0.8718      365.8097    13280.8519    13661.6553        8.1091        6.8852        4.0989       -0.1099
      4970        0.8735      365.8097    13280.8519    13661.5565        8.0430        6.8524        4.0719       -0.1091
      4980        0.8753      365.8097    13280.8519    13661.4577        7.9772        6.8194        4.0449       -0.1084
      4990        0.8771      365.8097    13280.8519    13661.3591        7.9118        6.7862        4.0179       -0.1077
      5000        0.8788      365.8097    13280.8519    13661.2605        7.8466        6.7529        3.9910       -0.1070
      5010        0.8806      365.8097    13280.8519    13661.1621        7.7817        6.7193        3.9641       -0.1063
      5020        0.8824      365.8097    13280.8519    13661.0638        7.7171        6.6856        3.9372       -0.1055
      5030        0.8841      365.8097    13280.8519    13660.9657        7.6528        6.6518        3.9104       -0.1048
      5040        0.8859      365.8097    13280.8519    13660.8677        7.5888        6.6178        3.8836       -0.1041
      5050        0.8876      365.8097    13280.8519    13660.7698        7.5251        6.5836        3.8569       -0.1034
      5060        0.8894      365.8097    13280.8519    13660.6722        7.4617        6.5494        3.8302       -0.1027
      5070        0.8912      365.8097    13280.8519    13660.5748        7.3987        6.5150        3.8035       -0.1020
      5080        0.8929      365.8097    13280.8519    13660.4775        7.3360        6.4804        3.7769       -0.1012
      5090        0.8947      365.8097    13280.8519    13660.3805        7.2736        6.4458        3.7504       -0.1005
      5100        0.8965      365.8097    13280.8519    13660.2836        7.2115        6.4110        3.7239       -0.0998
      5110        0.8982      365.8097    13280.8519    13660.1870        7.1498        6.3762        3.6975       -0.0991
      5120        0.9000      365.8097    13280.8519    13660.0907        7.0884        6.3412        3.6712       -0.0984
      5130        0.9018      365.8097    13280.8519    13659.9946        7.0273        6.3062        3.6449       -0.0977
      5140        0.9035      365.8097    13280.8519    13659.8987        6.9666        6.2710        3.6187       -0.0970
      5150        0.9053      365.8097    13280.8519    13659.8031        6.9062        6.2358        3.5926       -0.0963
      5160        0.9071      365.8097    13280.8519    13659.7077        6.8461        6.2005        3.5665       -0.0956
      5170        0.9088      365.8097    13280.8519    13659.6127        6.7864        6.1652        3.5405       -0.0949
      5180        0.9106      365.8097    13280.8519    13659.5179        6.7270        6.1298        3.5146       -0.0942
      5190        0.9124      365.8097    13280.8519    13659.4234        6.6680        6.0943        3.4888       -0.0935
      5200        0.9141      365.8097    13280.8519    13659.3292        6.6093        6.0588        3.4630       -0.0928
      5210        0.9159      365.8097    13280.8519    13659.2354        6.5510        6.0233        3.4374       -0.0921
      5220        0.9177      365.8097    13280.8519    13659.1418        6.4930        5.9877        3.4118       -0.0915
      5230        0.9194      365.8097    13280.8519    13659.0486        6.4354        5.9521        3.3863       -0.0908
      5240        0.9212      365.8097    13280.8519    13658.9556        6.3781        5.9164        3.3609       -0.0901
      5250        0.9230      365.8097    13280.8519    13658.8630        6.3212        5.8807        3.3356       -0.0894
      5260        0.9247      365.8097    13280.8519    13658.7708        6.2646        5.8451        3.3104       -0.0887
      5270        0.9265      365.8097    13280.8519    13658.6789        6.2084        5.8094        3.2853       -0.0881
      5280        0.9283      365.8097    13280.8519    13658.5873        6.1526        5.7736        3.2602       -0.0874
      5290        0.9300      365.8097    13280.8519    13658.4961        6.0971        5.7379        3.2353       -0.0867
      5300        0.9318      365.8097    13280.8519    13658.4052        6.0419        5.7022        3.2104       -0.0861
      5310        0.9336      365.8097    13280.8519    13658.3147        5.9872        5.6665        3.1857       -0.0854
      5320        0.9353      365.8097    13280.8519    13658.2246        5.9327        5.6308        3.1611       -0.0847
      5330        0.9371      365.8097    13280.8519    13658.1349        5.8787        5.5951        3.1365       -0.0841
      5340        0.9389      365.8097    13280.8519    13658.0455        5.8250        5.5594        3.1121       -0.0834
      5350        0.9406      365.8097    13280.8519    13657.9565        5.7717        5.5238        3.0878       -0.0828
      5360        0.9424      365.8097    13280.8519    13657.8679        5.7187        5.4881        3.0636       -0.0821
      5370        0.9442      365.8097    13280.8519    13657.7797        5.6661        5.4525        3.0395       -0.0815
      5380        0.9459      365.8097    13280.8519    13657.6919        5.6138        5.4170        3.0154       -0.0808
      5390        0.9477      365.8097    13280.8519    13657.6045        5.5619        5.3815        2.9916       -0.0802
      5400        0.9495      365.8097    13280.8519    13657.5175        5.5104        5.3460        2.9678       -0.0796
      5410        0.9512      365.8097    13280.8519    13657.4309        5.4592        5.3106        2.9441       -0.0789
      5420        0.9530      365.8097    13280.8519    13657.3447        5.4084        5.2752        2.9205       -0.0783
      5430        0.9548      365.8097    13280.8519    13657.2589        5.3579        5.2399        2.8971       -0.0777
      5440        0.9565      365.8097    13280.8519    13657.1735        5.3078        5.2046        2.8737       -0.0770
      5450        0.9583      365.8097    13280.8519    13657.0886        5.2581        5.1694        2.8505       -0.0764
      5460        0.9601      365.8097    13280.8519    13657.0041        5.2087        5.1342        2.8274       -0.0758
      5470        0.9618      365.8097    13280.8519    13656.9200        5.1597        5.0992        2.8044       -0.0752
      5480        0.9636      365.8097    13280.8519    13656.8363        5.1111        5.0642        2.7816       -0.0746
      5490        0.9653      365.8097    13280.8519    13656.7531        5.0627        5.0292        2.7588       -0.0739
      5500        0.9671      365.8097    13280.8519    13656.6703        5.0148        4.9944        2.7362       -0.0733
      5510        0.9689      365.8097    13280.8519    13656.5879        4.9672        4.9596        2.7136       -0.0727
      5520        0.9706      365.8097    13280.8519    13656.5060        4.9200        4.9249        2.6913       -0.0721
      5530        0.9724      365.8097    13280.8519    13656.4245        4.8731        4.8903        2.6690       -0.0715
      5540        0.9742      365.8097    13280.8519    13656.3434        4.8265        4.8558        2.6468       -0.0709
      5550        0.9759      365.8097    13280.8519    13656.2628        4.7804        4.8214        2.6248       -0.0704
      5560        0.9777      365.8097    13280.8519    13656.1826        4.7345        4.7870        2.6029       -0.0698
      5570        0.9795      365.8097    13280.8519    13656.1029        4.6890        4.7528        2.5811       -0.0692
      5580        0.9812      365.8097    13280.8519    13656.0237        4.6439        4.7186        2.5594       -0.0686
      5590        0.9830      365.8097    13280.8519    13655.9448        4.5991        4.6846        2.5379       -0.0680
      5600        0.9848      365.8097    13280.8519    13655.8665        4.5547        4.6507        2.5164       -0.0675
      5610        0.9865      365.8097    13280.8519    13655.7886        4.5106        4.6168        2.4951       -0.0669
      5620        0.9883      365.8097    13280.8519    13655.7111        4.4669        4.5831        2.4740       -0.0663
      5630        0.9901      365.8097    13280.8519    13655.6341        4.4235        4.5495        2.4529       -0.0657
      5640        0.9918      365.8097    13280.8519    13655.5575        4.3804        4.5160        2.4320       -0.0652
      5650        0.9936      365.8097    13280.8519    13655.4814        4.3377        4.4826        2.4112       -0.0646
      5660        0.9954      365.8097    13280.8519    13655.4058        4.2953        4.4494        2.3905       -0.0641
      5670        0.9971      365.8097    13280.8519    13655.3306        4.2533        4.4162        2.3699       -0.0635
      5680        0.9989      365.8097    13280.8519    13655.2559        4.2116        4.3832        2.3495       -0.0630
      5690        1.0007      365.8097    13280.8519    13655.1816        4.1702        4.3503        2.3292       -0.0624
      5700        1.0024      365.8097    13280.8519    13655.1078        4.1292        4.3175        2.3090       -0.0619
      5710        1.0042      365.8097    13280.8519    13655.0345        4.0885        4.2849        2.2890       -0.0614
      5720        1.0060      365.8097    13280.8519    13654.9616        4.0481        4.2524        2.2691       -0.0608
      5730        1.0077      365.8097    13280.8519    13654.8892        4.0080        4.2200        2.2493       -0.0603
      5740        1.0095      365.8097    13280.8519    13654.8172        3.9683        4.1878        2.2296       -0.0598
      5750        1.0113      365.8097    13280.8519    13654.7457        3.9289        4.1557        2.2101       -0.0592
      5760        1.0130      365.8097    13280.8519    13654.6747        3.8899        4.1237        2.1906       -0.0587
      5770        1.0148      365.8097    13280.8519    13654.6041        3.8512        4.0918        2.1713       -0.0582
      5780        1.0166      365.8097    13280.8519    13654.5340        3.8128        4.0601        2.1522       -0.0577
      5790        1.0183      365.8097    13280.8519    13654.4643        3.7747        4.0286        2.1331       -0.0572
      5800        1.0201      365.8097    13280.8519    13654.3951        3.7369        3.9971        2.1142       -0.0567
      5810        1.0219      365.8097    13280.8519    13654.3264        3.6994        3.9658        2.0954       -0.0562
      5820        1.0236      365.8097    13280.8519    13654.2581        3.6623        3.9347        2.0768       -0.0557
      5830        1.0254      365.8097    13280.8519    13654.1903        3.6255        3.9037        2.0582       -0.0552
      5840        1.0272      365.8097    13280.8519    13654.1229        3.5890        3.8728        2.0398       -0.0547
      5850        1.0289      365.8097    13280.8519    13654.0560        3.5528        3.8421        2.0215       -0.0542
      5860        1.0307      365.8097    13280.8519    13653.9896        3.5169        3.8116        2.0033       -0.0537
      5870        1.0325      365.8097    13280.8519    13653.9236        3.4813        3.7811        1.9853       -0.0532
      5880        1.0342      365.8097    13280.8519    13653.8580        3.4460        3.7509        1.9674       -0.0527
      5890        1.0360      365.8097    13280.8519    13653.7929        3.4111        3.7208        1.9496       -0.0523
      5900        1.0378      365.8097    13280.8519    13653.7283        3.3764        3.6908        1.9319       -0.0518
      5910        1.0395      365.8097    13280.8519    13653.6641        3.3420        3.6610        1.9144       -0.0513
      5920        1.0413      365.8097    13280.8519    13653.6004        3.3080        3.6313        1.8970       -0.0508
      5930        1.0431      365.8097    13280.8519    13653.5371        3.2742        3.6018        1.8797       -0.0504
      5940        1.0448      365.8097    13280.8519    13653.4743        3.2407        3.5725        1.8625       -0.0499
      5950        1.0466      365.8097    13280.8519    13653.4119        3.2076        3.5433        1.8454       -0.0495
      5960        1.0483      365.8097    13280.8519    13653.3500        3.1747        3.5142        1.8285       -0.0490
      5970        1.0501      365.8097    13280.8519    13653.2885        3.1421        3.4853        1.8117       -0.0486
      5980        1.0519      365.8097    13280.8519    13653.2275        3.1098        3.4566        1.7950       -0.0481
      5990        1.0536      365.8097    13280.8519    13653.1669        3.0778        3.4280        1.7785       -0.0477
      6000        1.0554      365.8097    13280.8519    13653.1068        3.0461        3.3996        1.7620       -0.0472
      6010        1.0572      365.8097    13280.8519    13653.0471        3.0146        3.3713        1.7457       -0.0468
      6020        1.0589      365.8097    13280.8519    13652.9878        2.9835        3.3432        1.7295       -0.0464
      6030        1.0607      365.8097    13280.8519    13652.9290        2.9526        3.3153        1.7134       -0.0459
      6040        1.0625      365.8097    13280.8519    13652.8706        2.9220        3.2875        1.6975       -0.0455
      6050        1.0642      365.8097    13280.8519    13652.8126        2.8916        3.2599        1.6816       -0.0451
      6060        1.0660      365.8097    13280.8519    13652.7551        2.8616        3.2324        1.6659       -0.0447
      6070        1.0678      365.8097    13280.8519    13652.6981        2.8318        3.2051        1.6503       -0.0442
      6080        1.0695      365.8097    13280.8519    13652.6414        2.8023        3.1780        1.6348       -0.0438
      6090        1.0713      365.8097    13280.8519    13652.5852        2.7731        3.1510        1.6194       -0.0434
      6100        1.0731      365.8097    13280.8519    13652.5294        2.7441        3.1242        1.6042       -0.0430
      6110        1.0748      365.8097    13280.8519    13652.4740        2.7154        3.0975        1.5891       -0.0426
      6120        1.0766      365.8097    13280.8519    13652.4191        2.6869        3.0711        1.5740       -0.0422
      6130        1.0784      365.8097    13280.8519    13652.3646        2.6587        3.0447        1.5591       -0.0418
      6140        1.0801      365.8097    13280.8519    13652.3105        2.6308        3.0186        1.5444       -0.0414
      6150        1.0819      365.8097    13280.8519    13652.2568        2.6032        2.9925        1.5297       -0.0410
      6160        1.0837      365.8097    13280.8519    13652.2036        2.5758        2.9667        1.5151       -0.0406
      6170        1.0854      365.8097    13280.8519    13652.1508        2.5486        2.9410        1.5007       -0.0402
      6180        1.0872      365.8097    13280.8519    13652.0983        2.5217        2.9155        1.4863       -0.0398
      6190        1.0890      365.8097    13280.8519    13652.0463        2.4951        2.8901        1.4721       -0.0395
      6200        1.0907      365.8097    13280.8519    13651.9947        2.4687        2.8649        1.4580       -0.0391
      6210        1.0925      365.8097    13280.8519    13651.9436        2.4425        2.8399        1.4440       -0.0387
      6220        1.0943      365.8097    13280.8519    13651.8928        2.4166        2.8150        1.4302       -0.0383
      6230        1.0960      365.8097    13280.8519    13651.8424        2.3910        2.7903        1.4164       -0.0380
      6240        1.0978      365.8097    13280.8519    13651.7925        2.3655        2.7658        1.4027       -0.0376
      6250        1.0996      365.8097    13280.8519    13651.7429        2.3404        2.7414        1.3892       -0.0372
      6260        1.1013      365.8097    13280.8519    13651.6937        2.3154        2.7172        1.3757       -0.0369
      6270        1.1031      365.8097    13280.8519    13651.6450        2.2907        2.6931        1.3624       -0.0365
      6280        1.1049      365.8097    13280.8519    13651.5966        2.2663        2.6692        1.3492       -0.0362
      6290        1.1066      365.8097    13280.8519    13651.5486        2.2420        2.6455        1.3361       -0.0358
      6300        1.1084      365.8097    13280.8519    13651.5011        2.2180        2.6219        1.3231       -0.0355
      6310        1.1102      365.8097    13280.8519    13651.4539        2.1943        2.5985        1.3102       -0.0351
      6320        1.1119      365.8097    13280.8519    13651.4071        2.1707        2.5752        1.2974       -0.0348
      6330        1.1137      365.8097    13280.8519    13651.3607        2.1474        2.5521        1.2847       -0.0344
      6340        1.1155      365.8097    13280.8519    13651.3146        2.1243        2.5292        1.2721       -0.0341
      6350        1.1172      365.8097    13280.8519    13651.2690        2.1014        2.5064        1.2596       -0.0338
      6360        1.1190      365.8097    13280.8519    13651.2237        2.0788        2.4838        1.2473       -0.0334
      6370        1.1208      365.8097    13280.8519    13651.1788        2.0564        2.4613        1.2350       -0.0331
      6380        1.1225      365.8097    13280.8519    13651.1343        2.0342        2.4390        1.2228       -0.0328
      6390        1.1243      365.8097    13280.8519    13651.0902        2.0122        2.4169        1.2108       -0.0325
      6400        1.1260      365.8097    13280.8519    13651.0464        1.9904        2.3949        1.1988       -0.0321
      6410        1.1278      365.8097    13280.8519    13651.0030        1.9688        2.3731        1.1869       -0.0318
      6420        1.1296      365.8097    13280.8519    13650.9600        1.9475        2.3514        1.1752       -0.0315
      6430        1.1313      365.8097    13280.8519    13650.9173        1.9263        2.3299        1.1635       -0.0312
      6440        1.1331      365.8097    13280.8519    13650.8750        1.9054        2.3085        1.1519       -0.0309
      6450        1.1349      365.8097    13280.8519    13650.8331        1.8847        2.2873        1.1405       -0.0306
      6460        1.1366      365.8097    13280.8519    13650.7915        1.8641        2.2663        1.1291       -0.0303
      6470        1.1384      365.8097    13280.8519    13650.7503        1.8438        2.2454        1.1178       -0.0300
      6480        1.1402      365.8097    13280.8519    13650.7094        1.8237        2.2246        1.1067       -0.0297
      6490        1.1419      365.8097    13280.8519    13650.6689        1.8037        2.2040        1.0956       -0.0294
      6500        1.1437      365.8097    13280.8519    13650.6288        1.7840        2.1836        1.0846       -0.0291
      6510        1.1455      365.8097    13280.8519    13650.5890        1.7645        2.1633        1.0737       -0.0288
      6520        1.1472      365.8097    13280.8519    13650.5495        1.7452        2.1432        1.0629       -0.0285
      6530        1.1490      365.8097    13280.8519    13650.5104        1.7260        2.1232        1.0523       -0.0282
      6540        1.1508      365.8097    13280.8519    13650.4716        1.7071        2.1034        1.0416       -0.0279
      6550        1.1525      365.8097    13280.8519    13650.4331        1.6883        2.0837        1.0311       -0.0276
      6560        1.1543      365.8097    13280.8519    13650.3950        1.6697        2.0642        1.0207       -0.0274
      6570        1.1561      365.8097    13280.8519    13650.3573        1.6513        2.0448        1.0104       -0.0271
      6580        1.1578      365.8097    13280.8519    13650.3198        1.6331        2.0256        1.0002       -0.0268
      6590        1.1596      365.8097    13280.8519    13650.2827        1.6151        2.0065        0.9900       -0.0265
      6600        1.1614      365.8097    13280.8519    13650.2460        1.5973        1.9876        0.9800       -0.0263
      6610        1.1631      365.8097    13280.8519    13650.2095        1.5796        1.9688        0.9700       -0.0260
      6620        1.1649      365.8097    13280.8519    13650.1734        1.5621        1.9501        0.9601       -0.0257
      6630        1.1667      365.8097    13280.8519    13650.1376        1.5448        1.9316        0.9503       -0.0255
      6640        1.1684      365.8097    13280.8519    13650.1021        1.5277        1.9133        0.9406       -0.0252
      6650        1.1702      365.8097    13280.8519    13650.0670        1.5107        1.8951        0.9310       -0.0250
      6660        1.1720      365.8097    13280.8519    13650.0321        1.4940        1.8770        0.9215       -0.0247
      6670        1.1737      365.8097    13280.8519    13649.9976        1.4774        1.8591        0.9121       -0.0244
      6680        1.1755      365.8097    13280.8519    13649.9634        1.4609        1.8413        0.9027       -0.0242
      6690        1.1773      365.8097    13280.8519    13649.9295        1.4446        1.8237        0.8934       -0.0239
      6700        1.1790      365.8097    13280.8519    13649.8959        1.4285        1.8062        0.8843       -0.0237
      6710        1.1808      365.8097    13280.8519    13649.8626        1.4126        1.7888        0.8752       -0.0235
      6720        1.1826      365.8097    13280.8519    13649.8296        1.3968        1.7716        0.8661       -0.0232
      6730        1.1843      365.8097    13280.8519    13649.7969        1.3812        1.7545        0.8572       -0.0230
      6740        1.1861      365.8097    13280.8519    13649.7645        1.3657        1.7376        0.8484       -0.0227
      6750        1.1879      365.8097    13280.8519    13649.7324        1.3504        1.7208        0.8396       -0.0225
      6760        1.1896      365.8097    13280.8519    13649.7006        1.3353        1.7041        0.8309       -0.0223
      6770        1.1914      365.8097    13280.8519    13649.6691        1.3203        1.6876        0.8223       -0.0220
      6780        1.1932      365.8097    13280.8519    13649.6379        1.3055        1.6712        0.8137       -0.0218
      6790        1.1949      365.8097    13280.8519    13649.6069        1.2908        1.6550        0.8053       -0.0216
      6800        1.1967      365.8097    13280.8519    13649.5763        1.2763        1.6388        0.7969       -0.0214
      6810        1.1985      365.8097    13280.8519    13649.5459        1.2619        1.6229        0.7886       -0.0211
      6820        1.2002      365.8097    13280.8519    13649.5159        1.2477        1.6070        0.7804       -0.0209
      6830        1.2020      365.8097    13280.8519    13649.4861        1.2337        1.5913        0.7722       -0.0207
      6840        1.2037      365.8097    13280.8519    13649.4566        1.2197        1.5757        0.7642       -0.0205
      6850        1.2055      365.8097    13280.8519    13649.4273        1.2060        1.5602        0.7562       -0.0203
      6860        1.2073      365.8097    13280.8519    13649.3983        1.1923        1.5449        0.7483       -0.0201
      6870        1.2090      365.8097    13280.8519    13649.3696        1.1788        1.5297        0.7404       -0.0198
      6880        1.2108      365.8097    13280.8519    13649.3412        1.1655        1.5146        0.7326       -0.0196
      6890        1.2126      365.8097    13280.8519    13649.3131        1.1523        1.4996        0.7249       -0.0194
      6900        1.2143      365.8097    13280.8519    13649.2852        1.1392        1.4848        0.7173       -0.0192
      6910        1.2161      365.8097    13280.8519    13649.2575        1.1263        1.4701        0.7098       -0.0190
      6920        1.2179      365.8097    13280.8519    13649.2302        1.1135        1.4556        0.7023       -0.0188
      6930        1.2196      365.8097    13280.8519    13649.2031        1.1008        1.4411        0.6949       -0.0186
      6940        1.2214      365.8097    13280.8519    13649.1762        1.0883        1.4268        0.6875       -0.0184
      6950        1.2232      365.8097    13280.8519    13649.1496        1.0759        1.4126        0.6803       -0.0182
      6960        1.2249      365.8097    13280.8519    13649.1233        1.0636        1.3985        0.6731       -0.0180
      6970        1.2267      365.8097    13280.8519    13649.0972        1.0515        1.3845        0.6659       -0.0178
      6980        1.2285      365.8097    13280.8519    13649.0714        1.0395        1.3707        0.6589       -0.0177
      6990        1.2302      365.8097    13280.8519    13649.0458        1.0276        1.3570        0.6519       -0.0175
      7000        1.2320      365.8097    13280.8519    13649.0204        1.0159        1.3434        0.6449       -0.0173
      7010        1.2338      365.8097    13280.8519    13648.9953        1.0042        1.3299        0.6381       -0.0171
      7020        1.2355      365.8097    13280.8519    13648.9704        0.9927        1.3166        0.6313       -0.0169
      7030        1.2373      365.8097    13280.8519    13648.9458        0.9814        1.3033        0.6246       -0.0167
      7040        1.2391      365.8097    13280.8519    13648.9214        0.9701        1.2902        0.6179       -0.0166
      7050        1.2408      365.8097    13280.8519    13648.8973        0.9590        1.2772        0.6113       -0.0164
      7060        1.2426      365.8097    13280.8519    13648.8734        0.9480        1.2643        0.6048       -0.0162
      7070        1.2444      365.8097    13280.8519    13648.8497        0.9371        1.2515        0.5983       -0.0160
      7080        1.2461      365.8097    13280.8519    13648.8263        0.9263        1.2388        0.5919       -0.0159
      7090        1.2479      365.8097    13280.8519    13648.8030        0.9156        1.2263        0.5855       -0.0157
      7100        1.2497      365.8097    13280.8519    13648.7800        0.9051        1.2138        0.5792       -0.0155
      7110        1.2514      365.8097    13280.8519    13648.7573        0.8946        1.2015        0.5730       -0.0154
      7120        1.2532      365.8097    13280.8519    13648.7347        0.8843        1.1893        0.5668       -0.0152
      7130        1.2550      365.8097    13280.8519    13648.7124        0.8741        1.1772        0.5607       -0.0150
      7140        1.2567      365.8097    13280.8519    13648.6903        0.8640        1.1651        0.5547       -0.0149
      7150        1.2585      365.8097    13280.8519    13648.6684        0.8540        1.1533        0.5487       -0.0147
      7160        1.2603      365.8097    13280.8519    13648.6467        0.8441        1.1415        0.5428       -0.0145
      7170        1.2620      365.8097    13280.8519    13648.6253        0.8343        1.1298        0.5369       -0.0144
      7180        1.2638      365.8097    13280.8519    13648.6040        0.8247        1.1182        0.5311       -0.0142
      7190        1.2656      365.8097    13280.8519    13648.5830        0.8151        1.1067        0.5254       -0.0141
      7200        1.2673      365.8097    13280.8519    13648.5622        0.8056        1.0954        0.5197       -0.0139
      7210        1.2691      365.8097    13280.8519    13648.5415        0.7963        1.0841        0.5140       -0.0138
      7220        1.2709      365.8097    13280.8519    13648.5211        0.7870        1.0729        0.5084       -0.0136
      7230        1.2726      365.8097    13280.8519    13648.5009        0.7779        1.0619        0.5029       -0.0135
      7240        1.2744      365.8097    13280.8519    13648.4809        0.7688        1.0509        0.4975       -0.0133
      7250        1.2762      365.8097    13280.8519    13648.4611        0.7599        1.0401        0.4920       -0.0132
      7260        1.2779      365.8097    13280.8519    13648.4415        0.7510        1.0293        0.4867       -0.0130
      7270        1.2797      365.8097    13280.8519    13648.4220        0.7422        1.0186        0.4814       -0.0129
      7280        1.2814      365.8097    13280.8519    13648.4028        0.7336        1.0081        0.4761       -0.0128
      7290        1.2832      365.8097    13280.8519    13648.3838        0.7250        0.9976        0.4709       -0.0126
      7300        1.2850      365.8097    13280.8519    13648.3649        0.7165        0.9872        0.4658       -0.0125
      7310        1.2867      365.8097    13280.8519    13648.3463        0.7082        0.9770        0.4607       -0.0123
      7320        1.2885      365.8097    13280.8519    13648.3278        0.6999        0.9668        0.4556       -0.0122
      7330        1.2903      365.8097    13280.8519    13648.3096        0.6917        0.9567        0.4506       -0.0121
      7340        1.2920      365.8097    13280.8519    13648.2915        0.6836        0.9467        0.4457       -0.0119
      7350        1.2938      365.8097    13280.8519    13648.2736        0.6756        0.9368        0.4408       -0.0118
      7360        1.2956      365.8097    13280.8519    13648.2558        0.6676        0.9270        0.4359       -0.0117
      7370        1.2973      365.8097    13280.8519    13648.2383        0.6598        0.9173        0.4311       -0.0116
      7380        1.2991      365.8097    13280.8519    13648.2209        0.6520        0.9077        0.4264       -0.0114
      7390        1.3009      365.8097    13280.8519    13648.2037        0.6444        0.8982        0.4217       -0.0113
      7400        1.3026      365.8097    13280.8519    13648.1867        0.6368        0.8888        0.4170       -0.0112
      7410        1.3044      365.8097    13280.8519    13648.1699        0.6293        0.8794        0.4124       -0.0111
      7420        1.3062      365.8097    13280.8519    13648.1532        0.6219        0.8702        0.4079       -0.0109
      7430        1.3079      365.8097    13280.8519    13648.1367        0.6145        0.8610        0.4034       -0.0108
      7440        1.3097      365.8097    13280.8519    13648.1204        0.6073        0.8519        0.3989       -0.0107
      7450        1.3115      365.8097    13280.8519    13648.1042        0.6001        0.8429        0.3945       -0.0106
      7460        1.3132      365.8097    13280.8519    13648.0882        0.5930        0.8340        0.3901       -0.0105
      7470        1.3150      365.8097    13280.8519    13648.0724        0.5860        0.8252        0.3858       -0.0103
      7480        1.3168      365.8097    13280.8519    13648.0567        0.5791        0.8164        0.3815       -0.0102
      7490        1.3185      365.8097    13280.8519    13648.0412        0.5722        0.8078        0.3773       -0.0101
      7500        1.3203      365.8097    13280.8519    13648.0258        0.5655        0.7992        0.3731       -0.0100
