
 Global mass balance
 ===================

 No. of | Total time  | Total inlet | Total outlet| Total trans.| Relation    | Deviation of
 timest.|             | massflow    | massflow    | mass incr.  | trans./inlet| mass balance
 (nstep)|   (timet)   | (m_in_tot)  | (m_out_tot) (m_stored_cool) (m..trans)  | (m..deviat) 
   [-]  |     [s]     |   [kg/s]    |   [kg/s]    |   [kg/s]    |             |
=============================================================================================
    10        0.0000       10.2207       10.2204        0.2920         2.86 %         0.00 %
    20        0.0002       10.2207       10.2445        0.2648         2.59 %        -0.23 %
    30        0.0012       10.2207       10.3329        0.4732         4.63 %        -1.10 %
    40        0.0029       10.2207       10.4510        0.5640         5.52 %        -2.25 %
    50        0.0047       10.2207       10.6460        0.4261         4.17 %        -4.16 %
    60        0.0065       10.2207       11.0896        0.8689         8.50 %        -8.50 %
    70        0.0082       10.2207       11.5484        1.3277        12.99 %       -12.99 %
    80        0.0100       10.2207       11.7625        1.5418        15.09 %       -15.09 %
    90        0.0118       10.2207       11.6860        1.4652        14.34 %       -14.34 %
   100        0.0135       10.2207       11.4827        1.2620        12.35 %       -12.35 %
   110        0.0153       10.2207       11.1485        0.9278         9.08 %        -9.08 %
   120        0.0171       10.2207       10.7265        0.5123         5.01 %        -4.95 %
   130        0.0188       10.2207       10.3906        0.2111         2.07 %        -1.66 %
   140        0.0206       10.2207       10.2607        0.2611         2.55 %        -0.39 %
   150        0.0223       10.2207       10.3099        0.2756         2.70 %        -0.87 %
   160        0.0241       10.2207       10.4854        0.2981         2.92 %        -2.59 %
   170        0.0259       10.2207       10.7540        0.5334         5.22 %        -5.22 %
   180        0.0276       10.2207       11.0263        0.8056         7.88 %        -7.88 %
   190        0.0294       10.2207       11.1915        0.9708         9.50 %        -9.50 %
   200        0.0312       10.2207       11.2056        0.9848         9.64 %        -9.64 %
   210        0.0329       10.2207       11.0894        0.8687         8.50 %        -8.50 %
   220        0.0347       10.2207       10.8788        0.6581         6.44 %        -6.44 %
   230        0.0365       10.2207       10.6284        0.4190         4.10 %        -3.99 %
   240        0.0382       10.2207       10.4178        0.2491         2.44 %        -1.93 %
   250        0.0400       10.2207       10.3099        0.1988         1.95 %        -0.87 %
   260        0.0418       10.2207       10.3198        0.2058         2.01 %        -0.97 %
   270        0.0435       10.2207       10.4277        0.2602         2.55 %        -2.03 %
   280        0.0453       10.2207       10.5953        0.3860         3.78 %        -3.67 %
   290        0.0471       10.2207       10.7668        0.5461         5.34 %        -5.34 %
   300        0.0488       10.2207       10.8841        0.6634         6.49 %        -6.49 %
   310        0.0506       10.2207       10.9132        0.6925         6.78 %        -6.78 %
   320        0.0524       10.2207       10.8525        0.6318         6.18 %        -6.18 %
   330        0.0541       10.2207       10.7245        0.5038         4.93 %        -4.93 %
   340        0.0559       10.2207       10.5681        0.3596         3.52 %        -3.40 %
   350        0.0577       10.2207       10.4304        0.2594         2.54 %        -2.05 %
   360        0.0594       10.2207       10.3498        0.2111         2.07 %        -1.26 %
   370        0.0612       10.2207       10.3431        0.2086         2.04 %        -1.20 %
   380        0.0630       10.2207       10.4035        0.2427         2.37 %        -1.79 %
   390        0.0647       10.2207       10.5062        0.3088         3.02 %        -2.79 %
   400        0.0665       10.2207       10.6156        0.3949         3.86 %        -3.86 %
   410        0.0683       10.2207       10.6963        0.4756         4.65 %        -4.65 %
   420        0.0700       10.2207       10.7243        0.5036         4.93 %        -4.93 %
   430        0.0718       10.2207       10.6939        0.4732         4.63 %        -4.63 %
   440        0.0736       10.2207       10.6171        0.3964         3.88 %        -3.88 %
   450        0.0753       10.2207       10.5183        0.3113         3.05 %        -2.91 %
   460        0.0771       10.2207       10.4270        0.2516         2.46 %        -2.02 %
   470        0.0789       10.2207       10.3685        0.2186         2.14 %        -1.45 %
   480        0.0806       10.2207       10.3559        0.2124         2.08 %        -1.32 %
   490        0.0824       10.2207       10.3877        0.2281         2.23 %        -1.63 %
   500        0.0842       10.2207       10.4494        0.2620         2.56 %        -2.24 %
   510        0.0859       10.2207       10.5190        0.3056         2.99 %        -2.92 %
   520        0.0877       10.2207       10.5736        0.3529         3.45 %        -3.45 %
   530        0.0895       10.2207       10.5965        0.3758         3.68 %        -3.68 %
   540        0.0912       10.2207       10.5822        0.3615         3.54 %        -3.54 %
   550        0.0930       10.2207       10.5364        0.3163         3.09 %        -3.09 %
   560        0.0948       10.2207       10.4739        0.2699         2.64 %        -2.48 %
   570        0.0965       10.2207       10.4133        0.2349         2.30 %        -1.88 %
   580        0.0983       10.2207       10.3714        0.2136         2.09 %        -1.47 %
   590        0.1000       10.2207       10.3579        0.2073         2.03 %        -1.34 %
   600        0.1018       10.2207       10.3734        0.2134         2.09 %        -1.49 %
   610        0.1036       10.2207       10.4099        0.2299         2.25 %        -1.85 %
   620        0.1053       10.2207       10.4537        0.2516         2.46 %        -2.28 %
   630        0.1071       10.2207       10.4900        0.2742         2.68 %        -2.64 %
   640        0.1089       10.2207       10.5076        0.2876         2.81 %        -2.81 %
   650        0.1106       10.2207       10.5014        0.2819         2.76 %        -2.75 %
   660        0.1124       10.2207       10.4743        0.2603         2.55 %        -2.48 %
   670        0.1142       10.2207       10.4348        0.2354         2.30 %        -2.09 %
   680        0.1159       10.2207       10.3947        0.2155         2.11 %        -1.70 %
   690        0.1177       10.2207       10.3650        0.2022         1.98 %        -1.41 %
   700        0.1195       10.2207       10.3528        0.1970         1.93 %        -1.29 %
   710        0.1212       10.2207       10.3594        0.1987         1.94 %        -1.36 %
   720        0.1230       10.2207       10.3805        0.2058         2.01 %        -1.56 %
   730        0.1248       10.2207       10.4077        0.2161         2.11 %        -1.83 %
   740        0.1265       10.2207       10.4315        0.2265         2.22 %        -2.06 %
   750        0.1283       10.2207       10.4443        0.2333         2.28 %        -2.19 %
   760        0.1301       10.2207       10.4422        0.2311         2.26 %        -2.17 %
   770        0.1318       10.2207       10.4262        0.2206         2.16 %        -2.01 %
   780        0.1336       10.2207       10.4012        0.2074         2.03 %        -1.77 %
   790        0.1354       10.2207       10.3747        0.1964         1.92 %        -1.51 %
   800        0.1371       10.2207       10.3538        0.1886         1.85 %        -1.30 %
   810        0.1389       10.2207       10.3437        0.1846         1.81 %        -1.20 %
   820        0.1407       10.2207       10.3456        0.1843         1.80 %        -1.22 %
   830        0.1424       10.2207       10.3575        0.1870         1.83 %        -1.34 %
   840        0.1442       10.2207       10.3741        0.1912         1.87 %        -1.50 %
   850        0.1460       10.2207       10.3896        0.1955         1.91 %        -1.65 %
   860        0.1477       10.2207       10.3985        0.1985         1.94 %        -1.74 %
   870        0.1495       10.2207       10.3982        0.1974         1.93 %        -1.74 %
   880        0.1513       10.2207       10.3887        0.1921         1.88 %        -1.64 %
   890        0.1530       10.2207       10.3729        0.1853         1.81 %        -1.49 %
   900        0.1548       10.2207       10.3554        0.1793         1.75 %        -1.32 %
   910        0.1566       10.2207       10.3409        0.1747         1.71 %        -1.18 %
   920        0.1583       10.2207       10.3328        0.1720         1.68 %        -1.10 %
   930        0.1601       10.2207       10.3325        0.1711         1.67 %        -1.09 %
   940        0.1619       10.2207       10.3388        0.1716         1.68 %        -1.16 %
   950        0.1636       10.2207       10.3488        0.1728         1.69 %        -1.25 %
   960        0.1654       10.2207       10.3586        0.1741         1.70 %        -1.35 %
   970        0.1672       10.2207       10.3648        0.1749         1.71 %        -1.41 %
   980        0.1689       10.2207       10.3651        0.1740         1.70 %        -1.41 %
   990        0.1707       10.2207       10.3594        0.1713         1.68 %        -1.36 %
  1000        0.1725       10.2207       10.3494        0.1677         1.64 %        -1.26 %
  1010        0.1742       10.2207       10.3378        0.1645         1.61 %        -1.15 %
  1020        0.1760       10.2207       10.3277        0.1619         1.58 %        -1.05 %
  1030        0.1777       10.2207       10.3215        0.1602         1.57 %        -0.99 %
  1040        0.1795       10.2207       10.3202        0.1592         1.56 %        -0.97 %
  1050        0.1813       10.2207       10.3234        0.1587         1.55 %        -1.00 %
  1060        0.1830       10.2207       10.3292        0.1586         1.55 %        -1.06 %
  1070        0.1848       10.2207       10.3353        0.1584         1.55 %        -1.12 %
  1080        0.1866       10.2207       10.3393        0.1581         1.55 %        -1.16 %
  1090        0.1883       10.2207       10.3398        0.1573         1.54 %        -1.17 %
  1100        0.1901       10.2207       10.3364        0.1557         1.52 %        -1.13 %
  1110        0.1919       10.2207       10.3300        0.1537         1.50 %        -1.07 %
  1120        0.1936       10.2207       10.3222        0.1520         1.49 %        -0.99 %
  1130        0.1954       10.2207       10.3152        0.1506         1.47 %        -0.92 %
  1140        0.1972       10.2207       10.3105        0.1494         1.46 %        -0.88 %
  1150        0.1989       10.2207       10.3089        0.1485         1.45 %        -0.86 %
  1160        0.2007       10.2207       10.3103        0.1477         1.44 %        -0.88 %
  1170        0.2025       10.2207       10.3135        0.1469         1.44 %        -0.91 %
  1180        0.2042       10.2207       10.3172        0.1462         1.43 %        -0.94 %
  1190        0.2060       10.2207       10.3198        0.1454         1.42 %        -0.97 %
  1200        0.2078       10.2207       10.3201        0.1445         1.41 %        -0.97 %
  1210        0.2095       10.2207       10.3180        0.1435         1.40 %        -0.95 %
  1220        0.2113       10.2207       10.3138        0.1424         1.39 %        -0.91 %
  1230        0.2131       10.2207       10.3087        0.1414         1.38 %        -0.86 %
  1240        0.2148       10.2207       10.3037        0.1405         1.37 %        -0.81 %
  1250        0.2166       10.2207       10.3002        0.1398         1.37 %        -0.78 %
  1260        0.2184       10.2207       10.2986        0.1390         1.36 %        -0.76 %
  1270        0.2201       10.2207       10.2990        0.1382         1.35 %        -0.77 %
  1280        0.2219       10.2207       10.3007        0.1372         1.34 %        -0.78 %
  1290        0.2237       10.2207       10.3028        0.1363         1.33 %        -0.80 %
  1300        0.2254       10.2207       10.3043        0.1353         1.32 %        -0.82 %
  1310        0.2272       10.2207       10.3045        0.1344         1.32 %        -0.82 %
  1320        0.2290       10.2207       10.3031        0.1335         1.31 %        -0.81 %
  1330        0.2307       10.2207       10.3004        0.1328         1.30 %        -0.78 %
  1340        0.2325       10.2207       10.2969        0.1323         1.29 %        -0.75 %
  1350        0.2343       10.2207       10.2934        0.1317         1.29 %        -0.71 %
  1360        0.2360       10.2207       10.2907        0.1311         1.28 %        -0.69 %
  1370        0.2378       10.2207       10.2893        0.1304         1.28 %        -0.67 %
  1380        0.2396       10.2207       10.2891        0.1296         1.27 %        -0.67 %
  1390        0.2413       10.2207       10.2899        0.1287         1.26 %        -0.68 %
  1400        0.2431       10.2207       10.2910        0.1278         1.25 %        -0.69 %
  1410        0.2449       10.2207       10.2919        0.1268         1.24 %        -0.70 %
  1420        0.2466       10.2207       10.2919        0.1260         1.23 %        -0.70 %
  1430        0.2484       10.2207       10.2909        0.1253         1.23 %        -0.69 %
  1440        0.2502       10.2207       10.2890        0.1247         1.22 %        -0.67 %
  1450        0.2519       10.2207       10.2866        0.1242         1.22 %        -0.64 %
  1460        0.2537       10.2207       10.2841        0.1238         1.21 %        -0.62 %
  1470        0.2554       10.2207       10.2821        0.1233         1.21 %        -0.60 %
  1480        0.2572       10.2207       10.2809        0.1228         1.20 %        -0.59 %
  1490        0.2590       10.2207       10.2805        0.1221         1.19 %        -0.58 %
  1500        0.2607       10.2207       10.2807        0.1213         1.19 %        -0.59 %
  1510        0.2625       10.2207       10.2812        0.1203         1.18 %        -0.59 %
  1520        0.2643       10.2207       10.2816        0.1194         1.17 %        -0.60 %
  1530        0.2660       10.2207       10.2814        0.1186         1.16 %        -0.59 %
  1540        0.2678       10.2207       10.2807        0.1179         1.15 %        -0.59 %
  1550        0.2696       10.2207       10.2794        0.1174         1.15 %        -0.57 %
  1560        0.2713       10.2207       10.2776        0.1170         1.15 %        -0.56 %
  1570        0.2731       10.2207       10.2758        0.1167         1.14 %        -0.54 %
  1580        0.2749       10.2207       10.2743        0.1163         1.14 %        -0.52 %
  1590        0.2766       10.2207       10.2732        0.1158         1.13 %        -0.51 %
  1600        0.2784       10.2207       10.2727        0.1151         1.13 %        -0.51 %
  1610        0.2802       10.2207       10.2726        0.1143         1.12 %        -0.51 %
  1620        0.2819       10.2207       10.2727        0.1135         1.11 %        -0.51 %
  1630        0.2837       10.2207       10.2728        0.1127         1.10 %        -0.51 %
  1640        0.2855       10.2207       10.2726        0.1120         1.10 %        -0.51 %
  1650        0.2872       10.2207       10.2720        0.1114         1.09 %        -0.50 %
  1660        0.2890       10.2207       10.2710        0.1109         1.09 %        -0.49 %
  1670        0.2908       10.2207       10.2697        0.1105         1.08 %        -0.48 %
  1680        0.2925       10.2207       10.2684        0.1101         1.08 %        -0.47 %
  1690        0.2943       10.2207       10.2672        0.1097         1.07 %        -0.45 %
  1700        0.2961       10.2207       10.2663        0.1092         1.07 %        -0.45 %
  1710        0.2978       10.2207       10.2657        0.1086         1.06 %        -0.44 %
  1720        0.2996       10.2207       10.2654        0.1080         1.06 %        -0.44 %
  1730        0.3014       10.2207       10.2653        0.1073         1.05 %        -0.44 %
  1740        0.3031       10.2207       10.2652        0.1066         1.04 %        -0.44 %
  1750        0.3049       10.2207       10.2649        0.1059         1.04 %        -0.43 %
  1760        0.3067       10.2207       10.2644        0.1053         1.03 %        -0.43 %
  1770        0.3084       10.2207       10.2636        0.1047         1.02 %        -0.42 %
  1780        0.3102       10.2207       10.2626        0.1043         1.02 %        -0.41 %
  1790        0.3120       10.2207       10.2616        0.1040         1.02 %        -0.40 %
  1800        0.3137       10.2207       10.2606        0.1036         1.01 %        -0.39 %
  1810        0.3155       10.2207       10.2599        0.1031         1.01 %        -0.38 %
  1820        0.3173       10.2207       10.2593        0.1026         1.00 %        -0.38 %
  1830        0.3190       10.2207       10.2589        0.1020         1.00 %        -0.37 %
  1840        0.3208       10.2207       10.2587        0.1013         0.99 %        -0.37 %
  1850        0.3226       10.2207       10.2584        0.1006         0.98 %        -0.37 %
  1860        0.3243       10.2207       10.2581        0.1000         0.98 %        -0.37 %
  1870        0.3261       10.2207       10.2576        0.0994         0.97 %        -0.36 %
  1880        0.3279       10.2207       10.2570        0.0990         0.97 %        -0.35 %
  1890        0.3296       10.2207       10.2562        0.0985         0.96 %        -0.35 %
  1900        0.3314       10.2207       10.2554        0.0982         0.96 %        -0.34 %
  1910        0.3331       10.2207       10.2546        0.0977         0.96 %        -0.33 %
  1920        0.3349       10.2207       10.2539        0.0972         0.95 %        -0.32 %
  1930        0.3367       10.2207       10.2533        0.0967         0.95 %        -0.32 %
  1940        0.3384       10.2207       10.2529        0.0961         0.94 %        -0.32 %
  1950        0.3402       10.2207       10.2526        0.0955         0.93 %        -0.31 %
  1960        0.3420       10.2207       10.2523        0.0949         0.93 %        -0.31 %
  1970        0.3437       10.2207       10.2519        0.0944         0.92 %        -0.31 %
  1980        0.3455       10.2207       10.2515        0.0938         0.92 %        -0.30 %
  1990        0.3473       10.2207       10.2509        0.0933         0.91 %        -0.30 %
  2000        0.3490       10.2207       10.2502        0.0929         0.91 %        -0.29 %
  2010        0.3508       10.2207       10.2496        0.0924         0.90 %        -0.28 %
  2020        0.3526       10.2207       10.2489        0.0920         0.90 %        -0.28 %
  2030        0.3543       10.2207       10.2483        0.0916         0.90 %        -0.27 %
  2040        0.3561       10.2207       10.2478        0.0911         0.89 %        -0.26 %
  2050        0.3579       10.2207       10.2473        0.0906         0.89 %        -0.26 %
  2060        0.3596       10.2207       10.2470        0.0900         0.88 %        -0.26 %
  2070        0.3614       10.2207       10.2466        0.0894         0.87 %        -0.25 %
  2080        0.3632       10.2207       10.2462        0.0889         0.87 %        -0.25 %
  2090        0.3649       10.2207       10.2458        0.0883         0.86 %        -0.25 %
  2100        0.3667       10.2207       10.2453        0.0878         0.86 %        -0.24 %
  2110        0.3685       10.2207       10.2447        0.0872         0.85 %        -0.23 %
  2120        0.3702       10.2207       10.2441        0.0867         0.85 %        -0.23 %
  2130        0.3720       10.2207       10.2435        0.0862         0.84 %        -0.22 %
  2140        0.3738       10.2207       10.2430        0.0856         0.84 %        -0.22 %
  2150        0.3755       10.2207       10.2425        0.0850         0.83 %        -0.21 %
  2160        0.3773       10.2207       10.2420        0.0844         0.83 %        -0.21 %
  2170        0.3791       10.2207       10.2416        0.0837         0.82 %        -0.20 %
  2180        0.3808       10.2207       10.2413        0.0831         0.81 %        -0.20 %
  2190        0.3826       10.2207       10.2409        0.0826         0.81 %        -0.20 %
  2200        0.3844       10.2207       10.2404        0.0821         0.80 %        -0.19 %
  2210        0.3861       10.2207       10.2400        0.0816         0.80 %        -0.19 %
  2220        0.3879       10.2207       10.2395        0.0812         0.79 %        -0.18 %
  2230        0.3897       10.2207       10.2389        0.0808         0.79 %        -0.18 %
  2240        0.3914       10.2207       10.2384        0.0804         0.79 %        -0.17 %
  2250        0.3932       10.2207       10.2379        0.0800         0.78 %        -0.17 %
  2260        0.3950       10.2207       10.2374        0.0796         0.78 %        -0.16 %
  2270        0.3967       10.2207       10.2370        0.0791         0.77 %        -0.16 %
  2280        0.3985       10.2207       10.2366        0.0786         0.77 %        -0.16 %
  2290        0.4003       10.2207       10.2362        0.0782         0.76 %        -0.15 %
  2300        0.4020       10.2207       10.2358        0.0777         0.76 %        -0.15 %
  2310        0.4038       10.2207       10.2354        0.0772         0.75 %        -0.14 %
  2320        0.4056       10.2207       10.2349        0.0767         0.75 %        -0.14 %
  2330        0.4073       10.2207       10.2345        0.0762         0.75 %        -0.13 %
  2340        0.4091       10.2207       10.2340        0.0757         0.74 %        -0.13 %
  2350        0.4108       10.2207       10.2335        0.0753         0.74 %        -0.13 %
  2360        0.4126       10.2207       10.2330        0.0748         0.73 %        -0.12 %
  2370        0.4144       10.2207       10.2326        0.0744         0.73 %        -0.12 %
  2380        0.4161       10.2207       10.2321        0.0739         0.72 %        -0.11 %
  2390        0.4179       10.2207       10.2317        0.0734         0.72 %        -0.11 %
  2400        0.4197       10.2207       10.2313        0.0729         0.71 %        -0.10 %
  2410        0.4214       10.2207       10.2309        0.0724         0.71 %        -0.10 %
  2420        0.4232       10.2207       10.2305        0.0719         0.70 %        -0.10 %
  2430        0.4250       10.2207       10.2301        0.0714         0.70 %        -0.09 %
  2440        0.4267       10.2207       10.2297        0.0709         0.69 %        -0.09 %
  2450        0.4285       10.2207       10.2292        0.0705         0.69 %        -0.08 %
  2460        0.4303       10.2207       10.2288        0.0701         0.69 %        -0.08 %
  2470        0.4320       10.2207       10.2283        0.0696         0.68 %        -0.07 %
  2480        0.4338       10.2207       10.2279        0.0692         0.68 %        -0.07 %
  2490        0.4356       10.2207       10.2275        0.0687         0.67 %        -0.07 %
  2500        0.4373       10.2207       10.2271        0.0682         0.67 %        -0.06 %
  2510        0.4391       10.2207       10.2267        0.0677         0.66 %        -0.06 %
  2520        0.4409       10.2207       10.2263        0.0672         0.66 %        -0.05 %
  2530        0.4426       10.2207       10.2259        0.0667         0.65 %        -0.05 %
  2540        0.4444       10.2207       10.2255        0.0663         0.65 %        -0.05 %
  2550        0.4462       10.2207       10.2250        0.0658         0.64 %        -0.04 %
  2560        0.4479       10.2207       10.2246        0.0654         0.64 %        -0.04 %
  2570        0.4497       10.2207       10.2242        0.0649         0.64 %        -0.03 %
  2580        0.4515       10.2207       10.2238        0.0645         0.63 %        -0.03 %
  2590        0.4532       10.2207       10.2234        0.0640         0.63 %        -0.03 %
  2600        0.4550       10.2207       10.2230        0.0635         0.62 %        -0.02 %
  2610        0.4568       10.2207       10.2226        0.0630         0.62 %        -0.02 %
  2620        0.4585       10.2207       10.2222        0.0625         0.61 %        -0.01 %
  2630        0.4603       10.2207       10.2218        0.0619         0.61 %        -0.01 %
  2640        0.4621       10.2207       10.2214        0.0614         0.60 %        -0.01 %
  2650        0.4638       10.2207       10.2210        0.0609         0.60 %        -0.00 %
  2660        0.4656       10.2207       10.2206        0.0603         0.59 %         0.00 %
  2670        0.4674       10.2207       10.2202        0.0598         0.58 %         0.00 %
  2680        0.4691       10.2207       10.2198        0.0592         0.58 %         0.01 %
  2690        0.4709       10.2207       10.2194        0.0587         0.57 %         0.01 %
  2700        0.4727       10.2207       10.2190        0.0582         0.57 %         0.02 %
  2710        0.4744       10.2207       10.2186        0.0578         0.57 %         0.02 %
  2720        0.4762       10.2207       10.2182        0.0574         0.56 %         0.02 %
  2730        0.4780       10.2207       10.2179        0.0570         0.56 %         0.03 %
  2740        0.4797       10.2207       10.2175        0.0566         0.55 %         0.03 %
  2750        0.4815       10.2207       10.2171        0.0561         0.55 %         0.04 %
  2760        0.4833       10.2207       10.2167        0.0557         0.55 %         0.04 %
  2770        0.4850       10.2207       10.2164        0.0553         0.54 %         0.04 %
  2780        0.4868       10.2207       10.2160        0.0549         0.54 %         0.05 %
  2790        0.4886       10.2207       10.2156        0.0545         0.53 %         0.05 %
  2800        0.4903       10.2207       10.2152        0.0541         0.53 %         0.05 %
  2810        0.4921       10.2207       10.2148        0.0537         0.53 %         0.06 %
  2820        0.4938       10.2207       10.2145        0.0533         0.52 %         0.06 %
  2830        0.4956       10.2207       10.2141        0.0529         0.52 %         0.06 %
  2840        0.4974       10.2207       10.2138        0.0524         0.51 %         0.07 %
  2850        0.4991       10.2207       10.2134        0.0520         0.51 %         0.07 %
  2860        0.5009       10.2207       10.2131        0.0515         0.50 %         0.07 %
  2870        0.5027       10.2207       10.2127        0.0511         0.50 %         0.08 %
  2880        0.5044       10.2207       10.2124        0.0506         0.50 %         0.08 %
  2890        0.5062       10.2207       10.2120        0.0502         0.49 %         0.09 %
  2900        0.5080       10.2207       10.2116        0.0498         0.49 %         0.09 %
  2910        0.5097       10.2207       10.2113        0.0494         0.48 %         0.09 %
  2920        0.5115       10.2207       10.2109        0.0490         0.48 %         0.10 %
  2930        0.5133       10.2207       10.2106        0.0486         0.48 %         0.10 %
  2940        0.5150       10.2207       10.2103        0.0482         0.47 %         0.10 %
  2950        0.5168       10.2207       10.2099        0.0478         0.47 %         0.11 %
  2960        0.5186       10.2207       10.2096        0.0474         0.46 %         0.11 %
  2970        0.5203       10.2207       10.2093        0.0469         0.46 %         0.11 %
  2980        0.5221       10.2207       10.2090        0.0465         0.46 %         0.11 %
  2990        0.5239       10.2207       10.2086        0.0461         0.45 %         0.12 %
  3000        0.5256       10.2207       10.2083        0.0458         0.45 %         0.12 %
  3010        0.5274       10.2207       10.2080        0.0454         0.44 %         0.12 %
  3020        0.5292       10.2207       10.2077        0.0450         0.44 %         0.13 %
  3030        0.5309       10.2207       10.2074        0.0446         0.44 %         0.13 %
  3040        0.5327       10.2207       10.2070        0.0443         0.43 %         0.13 %
  3050        0.5345       10.2207       10.2067        0.0439         0.43 %         0.14 %
  3060        0.5362       10.2207       10.2064        0.0435         0.43 %         0.14 %
  3070        0.5380       10.2207       10.2061        0.0431         0.42 %         0.14 %
  3080        0.5398       10.2207       10.2059        0.0427         0.42 %         0.15 %
  3090        0.5415       10.2207       10.2056        0.0423         0.41 %         0.15 %
  3100        0.5433       10.2207       10.2053        0.0420         0.41 %         0.15 %
  3110        0.5451       10.2207       10.2050        0.0416         0.41 %         0.15 %
  3120        0.5468       10.2207       10.2047        0.0413         0.40 %         0.16 %
  3130        0.5486       10.2207       10.2044        0.0410         0.40 %         0.16 %
  3140        0.5504       10.2207       10.2041        0.0406         0.40 %         0.16 %
  3150        0.5521       10.2207       10.2039        0.0402         0.39 %         0.16 %
  3160        0.5539       10.2207       10.2036        0.0399         0.39 %         0.17 %
  3170        0.5557       10.2207       10.2033        0.0395         0.39 %         0.17 %
  3180        0.5574       10.2207       10.2031        0.0391         0.38 %         0.17 %
  3190        0.5592       10.2207       10.2028        0.0387         0.38 %         0.17 %
  3200        0.5610       10.2207       10.2026        0.0384         0.38 %         0.18 %
  3210        0.5627       10.2207       10.2023        0.0380         0.37 %         0.18 %
  3220        0.5645       10.2207       10.2021        0.0376         0.37 %         0.18 %
  3230        0.5663       10.2207       10.2018        0.0372         0.36 %         0.18 %
  3240        0.5680       10.2207       10.2016        0.0368         0.36 %         0.19 %
  3250        0.5698       10.2207       10.2014        0.0364         0.36 %         0.19 %
  3260        0.5715       10.2207       10.2011        0.0360         0.35 %         0.19 %
  3270        0.5733       10.2207       10.2009        0.0356         0.35 %         0.19 %
  3280        0.5751       10.2207       10.2007        0.0352         0.34 %         0.20 %
  3290        0.5768       10.2207       10.2005        0.0349         0.34 %         0.20 %
  3300        0.5786       10.2207       10.2002        0.0346         0.34 %         0.20 %
  3310        0.5804       10.2207       10.2000        0.0343         0.34 %         0.20 %
  3320        0.5821       10.2207       10.1998        0.0341         0.33 %         0.20 %
  3330        0.5839       10.2207       10.1996        0.0339         0.33 %         0.21 %
  3340        0.5857       10.2207       10.1994        0.0336         0.33 %         0.21 %
  3350        0.5874       10.2207       10.1992        0.0334         0.33 %         0.21 %
  3360        0.5892       10.2207       10.1990        0.0331         0.32 %         0.21 %
  3370        0.5910       10.2207       10.1989        0.0329         0.32 %         0.21 %
  3380        0.5927       10.2207       10.1987        0.0327         0.32 %         0.22 %
  3390        0.5945       10.2207       10.1985        0.0325         0.32 %         0.22 %
  3400        0.5963       10.2207       10.1983        0.0323         0.32 %         0.22 %
  3410        0.5980       10.2207       10.1982        0.0320         0.31 %         0.22 %
  3420        0.5998       10.2207       10.1980        0.0318         0.31 %         0.22 %
  3430        0.6016       10.2207       10.1979        0.0316         0.31 %         0.22 %
  3440        0.6033       10.2207       10.1977        0.0313         0.31 %         0.23 %
  3450        0.6051       10.2207       10.1975        0.0311         0.30 %         0.23 %
  3460        0.6069       10.2207       10.1974        0.0309         0.30 %         0.23 %
  3470        0.6086       10.2207       10.1973        0.0306         0.30 %         0.23 %
  3480        0.6104       10.2207       10.1971        0.0304         0.30 %         0.23 %
  3490        0.6122       10.2207       10.1970        0.0302         0.30 %         0.23 %
  3500        0.6139       10.2207       10.1969        0.0300         0.29 %         0.23 %
  3510        0.6157       10.2207       10.1967        0.0299         0.29 %         0.23 %
  3520        0.6175       10.2207       10.1966        0.0297         0.29 %         0.24 %
  3530        0.6192       10.2207       10.1965        0.0295         0.29 %         0.24 %
  3540        0.6210       10.2207       10.1964        0.0293         0.29 %         0.24 %
  3550        0.6228       10.2207       10.1963        0.0291         0.29 %         0.24 %
  3560        0.6245       10.2207       10.1962        0.0289         0.28 %         0.24 %
  3570        0.6263       10.2207       10.1961        0.0288         0.28 %         0.24 %
  3580        0.6281       10.2207       10.1960        0.0286         0.28 %         0.24 %
  3590        0.6298       10.2207       10.1959        0.0284         0.28 %         0.24 %
  3600        0.6316       10.2207       10.1958        0.0283         0.28 %         0.24 %
  3610        0.6334       10.2207       10.1957        0.0281         0.28 %         0.24 %
  3620        0.6351       10.2207       10.1957        0.0280         0.27 %         0.25 %
  3630        0.6369       10.2207       10.1956        0.0279         0.27 %         0.25 %
  3640        0.6387       10.2207       10.1955        0.0277         0.27 %         0.25 %
  3650        0.6404       10.2207       10.1955        0.0276         0.27 %         0.25 %
  3660        0.6422       10.2207       10.1954        0.0274         0.27 %         0.25 %
  3670        0.6440       10.2207       10.1953        0.0273         0.27 %         0.25 %
  3680        0.6457       10.2207       10.1953        0.0271         0.27 %         0.25 %
  3690        0.6475       10.2207       10.1952        0.0270         0.26 %         0.25 %
  3700        0.6492       10.2207       10.1952        0.0269         0.26 %         0.25 %
  3710        0.6510       10.2207       10.1951        0.0268         0.26 %         0.25 %
  3720        0.6528       10.2207       10.1951        0.0267         0.26 %         0.25 %
  3730        0.6545       10.2207       10.1951        0.0266         0.26 %         0.25 %
  3740        0.6563       10.2207       10.1950        0.0265         0.26 %         0.25 %
  3750        0.6581       10.2207       10.1950        0.0265         0.26 %         0.25 %
  3760        0.6598       10.2207       10.1950        0.0264         0.26 %         0.25 %
  3770        0.6616       10.2207       10.1950        0.0263         0.26 %         0.25 %
  3780        0.6634       10.2207       10.1950        0.0262         0.26 %         0.25 %
  3790        0.6651       10.2207       10.1950        0.0262         0.26 %         0.25 %
  3800        0.6669       10.2207       10.1949        0.0261         0.26 %         0.25 %
  3810        0.6687       10.2207       10.1949        0.0260         0.25 %         0.25 %
  3820        0.6704       10.2207       10.1949        0.0260         0.25 %         0.25 %
  3830        0.6722       10.2207       10.1949        0.0259         0.25 %         0.25 %
  3840        0.6740       10.2207       10.1950        0.0259         0.25 %         0.25 %
  3850        0.6757       10.2207       10.1950        0.0258         0.25 %         0.25 %
  3860        0.6775       10.2207       10.1950        0.0258         0.25 %         0.25 %
  3870        0.6793       10.2207       10.1950        0.0257         0.25 %         0.25 %
  3880        0.6810       10.2207       10.1950        0.0257         0.25 %         0.25 %
  3890        0.6828       10.2207       10.1950        0.0257         0.25 %         0.25 %
  3900        0.6846       10.2207       10.1951        0.0256         0.25 %         0.25 %
  3910        0.6863       10.2207       10.1951        0.0256         0.25 %         0.25 %
  3920        0.6881       10.2207       10.1951        0.0256         0.25 %         0.25 %
  3930        0.6899       10.2207       10.1952        0.0255         0.25 %         0.25 %
  3940        0.6916       10.2207       10.1952        0.0255         0.25 %         0.25 %
  3950        0.6934       10.2207       10.1952        0.0255         0.25 %         0.25 %
  3960        0.6952       10.2207       10.1953        0.0254         0.25 %         0.25 %
  3970        0.6969       10.2207       10.1953        0.0254         0.25 %         0.25 %
  3980        0.6987       10.2207       10.1954        0.0253         0.25 %         0.25 %
  3990        0.7005       10.2207       10.1954        0.0253         0.25 %         0.25 %
  4000        0.7022       10.2207       10.1955        0.0252         0.25 %         0.25 %
  4010        0.7040       10.2207       10.1955        0.0252         0.25 %         0.25 %
  4020        0.7058       10.2207       10.1956        0.0251         0.25 %         0.25 %
  4030        0.7075       10.2207       10.1957        0.0250         0.25 %         0.25 %
  4040        0.7093       10.2207       10.1957        0.0250         0.24 %         0.24 %
  4050        0.7111       10.2207       10.1958        0.0249         0.24 %         0.24 %
  4060        0.7128       10.2207       10.1959        0.0248         0.24 %         0.24 %
  4070        0.7146       10.2207       10.1959        0.0248         0.24 %         0.24 %
  4080        0.7164       10.2207       10.1960        0.0247         0.24 %         0.24 %
  4090        0.7181       10.2207       10.1961        0.0246         0.24 %         0.24 %
  4100        0.7199       10.2207       10.1961        0.0246         0.24 %         0.24 %
  4110        0.7217       10.2207       10.1962        0.0245         0.24 %         0.24 %
  4120        0.7234       10.2207       10.1963        0.0244         0.24 %         0.24 %
  4130        0.7252       10.2207       10.1964        0.0243         0.24 %         0.24 %
  4140        0.7269       10.2207       10.1965        0.0242         0.24 %         0.24 %
  4150        0.7287       10.2207       10.1966        0.0241         0.24 %         0.24 %
  4160        0.7305       10.2207       10.1967        0.0240         0.24 %         0.24 %
  4170        0.7322       10.2207       10.1967        0.0240         0.23 %         0.23 %
  4180        0.7340       10.2207       10.1968        0.0239         0.23 %         0.23 %
  4190        0.7358       10.2207       10.1969        0.0238         0.23 %         0.23 %
  4200        0.7375       10.2207       10.1970        0.0237         0.23 %         0.23 %
  4210        0.7393       10.2207       10.1971        0.0236         0.23 %         0.23 %
  4220        0.7411       10.2207       10.1972        0.0235         0.23 %         0.23 %
  4230        0.7428       10.2207       10.1973        0.0234         0.23 %         0.23 %
  4240        0.7446       10.2207       10.1974        0.0233         0.23 %         0.23 %
  4250        0.7464       10.2207       10.1975        0.0232         0.23 %         0.23 %
  4260        0.7481       10.2207       10.1976        0.0231         0.23 %         0.23 %
  4270        0.7499       10.2207       10.1977        0.0230         0.22 %         0.22 %
  4280        0.7517       10.2207       10.1978        0.0229         0.22 %         0.22 %
  4290        0.7534       10.2207       10.1979        0.0228         0.22 %         0.22 %
  4300        0.7552       10.2207       10.1981        0.0226         0.22 %         0.22 %
  4310        0.7570       10.2207       10.1982        0.0225         0.22 %         0.22 %
  4320        0.7587       10.2207       10.1983        0.0224         0.22 %         0.22 %
  4330        0.7605       10.2207       10.1984        0.0223         0.22 %         0.22 %
  4340        0.7623       10.2207       10.1985        0.0222         0.22 %         0.22 %
  4350        0.7640       10.2207       10.1986        0.0221         0.22 %         0.22 %
  4360        0.7658       10.2207       10.1987        0.0220         0.21 %         0.21 %
  4370        0.7676       10.2207       10.1989        0.0218         0.21 %         0.21 %
  4380        0.7693       10.2207       10.1990        0.0217         0.21 %         0.21 %
  4390        0.7711       10.2207       10.1991        0.0216         0.21 %         0.21 %
  4400        0.7729       10.2207       10.1992        0.0215         0.21 %         0.21 %
  4410        0.7746       10.2207       10.1993        0.0214         0.21 %         0.21 %
  4420        0.7764       10.2207       10.1994        0.0213         0.21 %         0.21 %
  4430        0.7782       10.2207       10.1996        0.0211         0.21 %         0.21 %
  4440        0.7799       10.2207       10.1997        0.0210         0.21 %         0.21 %
  4450        0.7817       10.2207       10.1998        0.0209         0.20 %         0.20 %
  4460        0.7835       10.2207       10.1999        0.0208         0.20 %         0.20 %
  4470        0.7852       10.2207       10.2001        0.0206         0.20 %         0.20 %
  4480        0.7870       10.2207       10.2002        0.0205         0.20 %         0.20 %
  4490        0.7888       10.2207       10.2003        0.0204         0.20 %         0.20 %
  4500        0.7905       10.2207       10.2004        0.0203         0.20 %         0.20 %
  4510        0.7923       10.2207       10.2005        0.0202         0.20 %         0.20 %
  4520        0.7941       10.2207       10.2007        0.0200         0.20 %         0.20 %
  4530        0.7958       10.2207       10.2008        0.0199         0.19 %         0.19 %
  4540        0.7976       10.2207       10.2009        0.0198         0.19 %         0.19 %
  4550        0.7994       10.2207       10.2010        0.0196         0.19 %         0.19 %
  4560        0.8011       10.2207       10.2012        0.0195         0.19 %         0.19 %
  4570        0.8029       10.2207       10.2013        0.0194         0.19 %         0.19 %
  4580        0.8047       10.2207       10.2014        0.0193         0.19 %         0.19 %
  4590        0.8064       10.2207       10.2016        0.0191         0.19 %         0.19 %
  4600        0.8082       10.2207       10.2017        0.0190         0.19 %         0.19 %
  4610        0.8099       10.2207       10.2018        0.0189         0.18 %         0.18 %
  4620        0.8117       10.2207       10.2019        0.0188         0.18 %         0.18 %
  4630        0.8135       10.2207       10.2021        0.0186         0.18 %         0.18 %
  4640        0.8152       10.2207       10.2022        0.0185         0.18 %         0.18 %
  4650        0.8170       10.2207       10.2023        0.0184         0.18 %         0.18 %
  4660        0.8188       10.2207       10.2024        0.0183         0.18 %         0.18 %
  4670        0.8205       10.2207       10.2026        0.0181         0.18 %         0.18 %
  4680        0.8223       10.2207       10.2027        0.0180         0.18 %         0.18 %
  4690        0.8241       10.2207       10.2028        0.0179         0.17 %         0.17 %
  4700        0.8258       10.2207       10.2030        0.0177         0.17 %         0.17 %
  4710        0.8276       10.2207       10.2031        0.0176         0.17 %         0.17 %
  4720        0.8294       10.2207       10.2032        0.0175         0.17 %         0.17 %
  4730        0.8311       10.2207       10.2033        0.0174         0.17 %         0.17 %
  4740        0.8329       10.2207       10.2035        0.0172         0.17 %         0.17 %
  4750        0.8347       10.2207       10.2036        0.0171         0.17 %         0.17 %
  4760        0.8364       10.2207       10.2037        0.0170         0.17 %         0.17 %
  4770        0.8382       10.2207       10.2038        0.0169         0.16 %         0.16 %
  4780        0.8400       10.2207       10.2040        0.0167         0.16 %         0.16 %
  4790        0.8417       10.2207       10.2041        0.0166         0.16 %         0.16 %
  4800        0.8435       10.2207       10.2042        0.0165         0.16 %         0.16 %
  4810        0.8453       10.2207       10.2043        0.0164         0.16 %         0.16 %
  4820        0.8470       10.2207       10.2045        0.0162         0.16 %         0.16 %
  4830        0.8488       10.2207       10.2046        0.0161         0.16 %         0.16 %
  4840        0.8506       10.2207       10.2047        0.0160         0.16 %         0.16 %
  4850        0.8523       10.2207       10.2048        0.0159         0.16 %         0.16 %
  4860        0.8541       10.2207       10.2050        0.0157         0.15 %         0.15 %
  4870        0.8559       10.2207       10.2051        0.0156         0.15 %         0.15 %
  4880        0.8576       10.2207       10.2052        0.0155         0.15 %         0.15 %
  4890        0.8594       10.2207       10.2053        0.0154         0.15 %         0.15 %
  4900        0.8612       10.2207       10.2054        0.0153         0.15 %         0.15 %
  4910        0.8629       10.2207       10.2056        0.0151         0.15 %         0.15 %
  4920        0.8647       10.2207       10.2057        0.0150         0.15 %         0.15 %
  4930        0.8665       10.2207       10.2058        0.0149         0.15 %         0.15 %
  4940        0.8682       10.2207       10.2059        0.0148         0.14 %         0.14 %
  4950        0.8700       10.2207       10.2060        0.0147         0.14 %         0.14 %
  4960        0.8718       10.2207       10.2062        0.0145         0.14 %         0.14 %
  4970        0.8735       10.2207       10.2063        0.0144         0.14 %         0.14 %
  4980        0.8753       10.2207       10.2064        0.0143         0.14 %         0.14 %
  4990        0.8771       10.2207       10.2065        0.0142         0.14 %         0.14 %
  5000        0.8788       10.2207       10.2066        0.0141         0.14 %         0.14 %
  5010        0.8806       10.2207       10.2067        0.0140         0.14 %         0.14 %
  5020        0.8824       10.2207       10.2069        0.0138         0.14 %         0.14 %
  5030        0.8841       10.2207       10.2070        0.0137         0.13 %         0.13 %
  5040        0.8859       10.2207       10.2071        0.0136         0.13 %         0.13 %
  5050        0.8876       10.2207       10.2072        0.0135         0.13 %         0.13 %
  5060        0.8894       10.2207       10.2073        0.0134         0.13 %         0.13 %
  5070        0.8912       10.2207       10.2074        0.0133         0.13 %         0.13 %
  5080        0.8929       10.2207       10.2075        0.0132         0.13 %         0.13 %
  5090        0.8947       10.2207       10.2077        0.0130         0.13 %         0.13 %
  5100        0.8965       10.2207       10.2078        0.0129         0.13 %         0.13 %
  5110        0.8982       10.2207       10.2079        0.0128         0.13 %         0.13 %
  5120        0.9000       10.2207       10.2080        0.0127         0.12 %         0.12 %
  5130        0.9018       10.2207       10.2081        0.0126         0.12 %         0.12 %
  5140        0.9035       10.2207       10.2082        0.0125         0.12 %         0.12 %
  5150        0.9053       10.2207       10.2083        0.0124         0.12 %         0.12 %
  5160        0.9071       10.2207       10.2084        0.0123         0.12 %         0.12 %
  5170        0.9088       10.2207       10.2085        0.0122         0.12 %         0.12 %
  5180        0.9106       10.2207       10.2086        0.0121         0.12 %         0.12 %
  5190        0.9124       10.2207       10.2087        0.0120         0.12 %         0.12 %
  5200        0.9141       10.2207       10.2088        0.0119         0.12 %         0.12 %
  5210        0.9159       10.2207       10.2090        0.0117         0.11 %         0.11 %
  5220        0.9177       10.2207       10.2091        0.0116         0.11 %         0.11 %
  5230        0.9194       10.2207       10.2092        0.0115         0.11 %         0.11 %
  5240        0.9212       10.2207       10.2093        0.0114         0.11 %         0.11 %
  5250        0.9230       10.2207       10.2094        0.0113         0.11 %         0.11 %
  5260        0.9247       10.2207       10.2095        0.0112         0.11 %         0.11 %
  5270        0.9265       10.2207       10.2096        0.0111         0.11 %         0.11 %
  5280        0.9283       10.2207       10.2097        0.0110         0.11 %         0.11 %
  5290        0.9300       10.2207       10.2098        0.0109         0.11 %         0.11 %
  5300        0.9318       10.2207       10.2099        0.0108         0.11 %         0.11 %
  5310        0.9336       10.2207       10.2100        0.0107         0.11 %         0.11 %
  5320        0.9353       10.2207       10.2101        0.0106         0.10 %         0.10 %
  5330        0.9371       10.2207       10.2102        0.0105         0.10 %         0.10 %
  5340        0.9389       10.2207       10.2103        0.0104         0.10 %         0.10 %
  5350        0.9406       10.2207       10.2103        0.0104         0.10 %         0.10 %
  5360        0.9424       10.2207       10.2104        0.0103         0.10 %         0.10 %
  5370        0.9442       10.2207       10.2105        0.0102         0.10 %         0.10 %
  5380        0.9459       10.2207       10.2106        0.0101         0.10 %         0.10 %
  5390        0.9477       10.2207       10.2107        0.0100         0.10 %         0.10 %
  5400        0.9495       10.2207       10.2108        0.0099         0.10 %         0.10 %
  5410        0.9512       10.2207       10.2109        0.0098         0.10 %         0.10 %
  5420        0.9530       10.2207       10.2110        0.0097         0.09 %         0.09 %
  5430        0.9548       10.2207       10.2111        0.0096         0.09 %         0.09 %
  5440        0.9565       10.2207       10.2112        0.0095         0.09 %         0.09 %
  5450        0.9583       10.2207       10.2113        0.0094         0.09 %         0.09 %
  5460        0.9601       10.2207       10.2114        0.0093         0.09 %         0.09 %
  5470        0.9618       10.2207       10.2114        0.0093         0.09 %         0.09 %
  5480        0.9636       10.2207       10.2115        0.0092         0.09 %         0.09 %
  5490        0.9653       10.2207       10.2116        0.0091         0.09 %         0.09 %
  5500        0.9671       10.2207       10.2117        0.0090         0.09 %         0.09 %
  5510        0.9689       10.2207       10.2118        0.0089         0.09 %         0.09 %
  5520        0.9706       10.2207       10.2119        0.0088         0.09 %         0.09 %
  5530        0.9724       10.2207       10.2120        0.0087         0.09 %         0.09 %
  5540        0.9742       10.2207       10.2120        0.0087         0.08 %         0.08 %
  5550        0.9759       10.2207       10.2121        0.0086         0.08 %         0.08 %
  5560        0.9777       10.2207       10.2122        0.0085         0.08 %         0.08 %
  5570        0.9795       10.2207       10.2123        0.0084         0.08 %         0.08 %
  5580        0.9812       10.2207       10.2124        0.0083         0.08 %         0.08 %
  5590        0.9830       10.2207       10.2125        0.0082         0.08 %         0.08 %
  5600        0.9848       10.2207       10.2125        0.0082         0.08 %         0.08 %
  5610        0.9865       10.2207       10.2126        0.0081         0.08 %         0.08 %
  5620        0.9883       10.2207       10.2127        0.0080         0.08 %         0.08 %
  5630        0.9901       10.2207       10.2128        0.0079         0.08 %         0.08 %
  5640        0.9918       10.2207       10.2128        0.0079         0.08 %         0.08 %
  5650        0.9936       10.2207       10.2129        0.0078         0.08 %         0.08 %
  5660        0.9954       10.2207       10.2130        0.0077         0.08 %         0.08 %
  5670        0.9971       10.2207       10.2131        0.0076         0.07 %         0.07 %
  5680        0.9989       10.2207       10.2131        0.0076         0.07 %         0.07 %
  5690        1.0007       10.2207       10.2132        0.0075         0.07 %         0.07 %
  5700        1.0024       10.2207       10.2133        0.0074         0.07 %         0.07 %
  5710        1.0042       10.2207       10.2134        0.0073         0.07 %         0.07 %
  5720        1.0060       10.2207       10.2134        0.0073         0.07 %         0.07 %
  5730        1.0077       10.2207       10.2135        0.0072         0.07 %         0.07 %
  5740        1.0095       10.2207       10.2136        0.0071         0.07 %         0.07 %
  5750        1.0113       10.2207       10.2137        0.0070         0.07 %         0.07 %
  5760        1.0130       10.2207       10.2137        0.0070         0.07 %         0.07 %
  5770        1.0148       10.2207       10.2138        0.0069         0.07 %         0.07 %
  5780        1.0166       10.2207       10.2139        0.0068         0.07 %         0.07 %
  5790        1.0183       10.2207       10.2139        0.0068         0.07 %         0.07 %
  5800        1.0201       10.2207       10.2140        0.0067         0.07 %         0.07 %
  5810        1.0219       10.2207       10.2141        0.0066         0.06 %         0.06 %
  5820        1.0236       10.2207       10.2141        0.0066         0.06 %         0.06 %
  5830        1.0254       10.2207       10.2142        0.0065         0.06 %         0.06 %
  5840        1.0272       10.2207       10.2143        0.0064         0.06 %         0.06 %
  5850        1.0289       10.2207       10.2143        0.0064         0.06 %         0.06 %
  5860        1.0307       10.2207       10.2144        0.0063         0.06 %         0.06 %
  5870        1.0325       10.2207       10.2145        0.0062         0.06 %         0.06 %
  5880        1.0342       10.2207       10.2145        0.0062         0.06 %         0.06 %
  5890        1.0360       10.2207       10.2146        0.0061         0.06 %         0.06 %
  5900        1.0378       10.2207       10.2146        0.0061         0.06 %         0.06 %
  5910        1.0395       10.2207       10.2147        0.0060         0.06 %         0.06 %
  5920        1.0413       10.2207       10.2148        0.0059         0.06 %         0.06 %
  5930        1.0431       10.2207       10.2148        0.0059         0.06 %         0.06 %
  5940        1.0448       10.2207       10.2149        0.0058         0.06 %         0.06 %
  5950        1.0466       10.2207       10.2149        0.0058         0.06 %         0.06 %
  5960        1.0483       10.2207       10.2150        0.0057         0.06 %         0.06 %
  5970        1.0501       10.2207       10.2151        0.0056         0.06 %         0.06 %
  5980        1.0519       10.2207       10.2151        0.0056         0.05 %         0.05 %
  5990        1.0536       10.2207       10.2152        0.0055         0.05 %         0.05 %
  6000        1.0554       10.2207       10.2152        0.0055         0.05 %         0.05 %
  6010        1.0572       10.2207       10.2153        0.0054         0.05 %         0.05 %
  6020        1.0589       10.2207       10.2153        0.0054         0.05 %         0.05 %
  6030        1.0607       10.2207       10.2154        0.0053         0.05 %         0.05 %
  6040        1.0625       10.2207       10.2155        0.0052         0.05 %         0.05 %
  6050        1.0642       10.2207       10.2155        0.0052         0.05 %         0.05 %
  6060        1.0660       10.2207       10.2156        0.0051         0.05 %         0.05 %
  6070        1.0678       10.2207       10.2156        0.0051         0.05 %         0.05 %
  6080        1.0695       10.2207       10.2157        0.0050         0.05 %         0.05 %
  6090        1.0713       10.2207       10.2157        0.0050         0.05 %         0.05 %
  6100        1.0731       10.2207       10.2158        0.0049         0.05 %         0.05 %
  6110        1.0748       10.2207       10.2158        0.0049         0.05 %         0.05 %
  6120        1.0766       10.2207       10.2159        0.0048         0.05 %         0.05 %
  6130        1.0784       10.2207       10.2159        0.0048         0.05 %         0.05 %
  6140        1.0801       10.2207       10.2160        0.0047         0.05 %         0.05 %
  6150        1.0819       10.2207       10.2160        0.0047         0.05 %         0.05 %
  6160        1.0837       10.2207       10.2161        0.0046         0.05 %         0.05 %
  6170        1.0854       10.2207       10.2161        0.0046         0.04 %         0.04 %
  6180        1.0872       10.2207       10.2162        0.0045         0.04 %         0.04 %
  6190        1.0890       10.2207       10.2162        0.0045         0.04 %         0.04 %
  6200        1.0907       10.2207       10.2163        0.0044         0.04 %         0.04 %
  6210        1.0925       10.2207       10.2163        0.0044         0.04 %         0.04 %
  6220        1.0943       10.2207       10.2164        0.0043         0.04 %         0.04 %
  6230        1.0960       10.2207       10.2164        0.0043         0.04 %         0.04 %
  6240        1.0978       10.2207       10.2165        0.0042         0.04 %         0.04 %
  6250        1.0996       10.2207       10.2165        0.0042         0.04 %         0.04 %
  6260        1.1013       10.2207       10.2165        0.0042         0.04 %         0.04 %
  6270        1.1031       10.2207       10.2166        0.0041         0.04 %         0.04 %
  6280        1.1049       10.2207       10.2166        0.0041         0.04 %         0.04 %
  6290        1.1066       10.2207       10.2167        0.0040         0.04 %         0.04 %
  6300        1.1084       10.2207       10.2167        0.0040         0.04 %         0.04 %
  6310        1.1102       10.2207       10.2168        0.0039         0.04 %         0.04 %
  6320        1.1119       10.2207       10.2168        0.0039         0.04 %         0.04 %
  6330        1.1137       10.2207       10.2168        0.0039         0.04 %         0.04 %
  6340        1.1155       10.2207       10.2169        0.0038         0.04 %         0.04 %
  6350        1.1172       10.2207       10.2169        0.0038         0.04 %         0.04 %
  6360        1.1190       10.2207       10.2170        0.0037         0.04 %         0.04 %
  6370        1.1208       10.2207       10.2170        0.0037         0.04 %         0.04 %
  6380        1.1225       10.2207       10.2170        0.0036         0.04 %         0.04 %
  6390        1.1243       10.2207       10.2171        0.0036         0.04 %         0.04 %
  6400        1.1260       10.2207       10.2171        0.0036         0.03 %         0.03 %
  6410        1.1278       10.2207       10.2172        0.0035         0.03 %         0.03 %
  6420        1.1296       10.2207       10.2172        0.0035         0.03 %         0.03 %
  6430        1.1313       10.2207       10.2172        0.0035         0.03 %         0.03 %
  6440        1.1331       10.2207       10.2173        0.0034         0.03 %         0.03 %
  6450        1.1349       10.2207       10.2173        0.0034         0.03 %         0.03 %
  6460        1.1366       10.2207       10.2174        0.0033         0.03 %         0.03 %
  6470        1.1384       10.2207       10.2174        0.0033         0.03 %         0.03 %
  6480        1.1402       10.2207       10.2174        0.0033         0.03 %         0.03 %
  6490        1.1419       10.2207       10.2175        0.0032         0.03 %         0.03 %
  6500        1.1437       10.2207       10.2175        0.0032         0.03 %         0.03 %
  6510        1.1455       10.2207       10.2175        0.0032         0.03 %         0.03 %
  6520        1.1472       10.2207       10.2176        0.0031         0.03 %         0.03 %
  6530        1.1490       10.2207       10.2176        0.0031         0.03 %         0.03 %
  6540        1.1508       10.2207       10.2176        0.0031         0.03 %         0.03 %
  6550        1.1525       10.2207       10.2177        0.0030         0.03 %         0.03 %
  6560        1.1543       10.2207       10.2177        0.0030         0.03 %         0.03 %
  6570        1.1561       10.2207       10.2177        0.0030         0.03 %         0.03 %
  6580        1.1578       10.2207       10.2178        0.0029         0.03 %         0.03 %
  6590        1.1596       10.2207       10.2178        0.0029         0.03 %         0.03 %
  6600        1.1614       10.2207       10.2178        0.0029         0.03 %         0.03 %
  6610        1.1631       10.2207       10.2179        0.0028         0.03 %         0.03 %
  6620        1.1649       10.2207       10.2179        0.0028         0.03 %         0.03 %
  6630        1.1667       10.2207       10.2179        0.0028         0.03 %         0.03 %
  6640        1.1684       10.2207       10.2180        0.0027         0.03 %         0.03 %
  6650        1.1702       10.2207       10.2180        0.0027         0.03 %         0.03 %
  6660        1.1720       10.2207       10.2180        0.0027         0.03 %         0.03 %
  6670        1.1737       10.2207       10.2180        0.0027         0.03 %         0.03 %
  6680        1.1755       10.2207       10.2181        0.0026         0.03 %         0.03 %
  6690        1.1773       10.2207       10.2181        0.0026         0.03 %         0.03 %
  6700        1.1790       10.2207       10.2181        0.0026         0.03 %         0.03 %
  6710        1.1808       10.2207       10.2182        0.0025         0.02 %         0.02 %
  6720        1.1826       10.2207       10.2182        0.0025         0.02 %         0.02 %
  6730        1.1843       10.2207       10.2182        0.0025         0.02 %         0.02 %
  6740        1.1861       10.2207       10.2182        0.0025         0.02 %         0.02 %
  6750        1.1879       10.2207       10.2183        0.0024         0.02 %         0.02 %
  6760        1.1896       10.2207       10.2183        0.0024         0.02 %         0.02 %
  6770        1.1914       10.2207       10.2183        0.0024         0.02 %         0.02 %
  6780        1.1932       10.2207       10.2184        0.0023         0.02 %         0.02 %
  6790        1.1949       10.2207       10.2184        0.0023         0.02 %         0.02 %
  6800        1.1967       10.2207       10.2184        0.0023         0.02 %         0.02 %
  6810        1.1985       10.2207       10.2184        0.0023         0.02 %         0.02 %
  6820        1.2002       10.2207       10.2185        0.0022         0.02 %         0.02 %
  6830        1.2020       10.2207       10.2185        0.0022         0.02 %         0.02 %
  6840        1.2037       10.2207       10.2185        0.0022         0.02 %         0.02 %
  6850        1.2055       10.2207       10.2185        0.0022         0.02 %         0.02 %
  6860        1.2073       10.2207       10.2186        0.0021         0.02 %         0.02 %
  6870        1.2090       10.2207       10.2186        0.0021         0.02 %         0.02 %
  6880        1.2108       10.2207       10.2186        0.0021         0.02 %         0.02 %
  6890        1.2126       10.2207       10.2186        0.0021         0.02 %         0.02 %
  6900        1.2143       10.2207       10.2187        0.0020         0.02 %         0.02 %
  6910        1.2161       10.2207       10.2187        0.0020         0.02 %         0.02 %
  6920        1.2179       10.2207       10.2187        0.0020         0.02 %         0.02 %
  6930        1.2196       10.2207       10.2187        0.0020         0.02 %         0.02 %
  6940        1.2214       10.2207       10.2187        0.0020         0.02 %         0.02 %
  6950        1.2232       10.2207       10.2188        0.0019         0.02 %         0.02 %
  6960        1.2249       10.2207       10.2188        0.0019         0.02 %         0.02 %
  6970        1.2267       10.2207       10.2188        0.0019         0.02 %         0.02 %
  6980        1.2285       10.2207       10.2188        0.0019         0.02 %         0.02 %
  6990        1.2302       10.2207       10.2189        0.0018         0.02 %         0.02 %
  7000        1.2320       10.2207       10.2189        0.0018         0.02 %         0.02 %
  7010        1.2338       10.2207       10.2189        0.0018         0.02 %         0.02 %
  7020        1.2355       10.2207       10.2189        0.0018         0.02 %         0.02 %
  7030        1.2373       10.2207       10.2189        0.0018         0.02 %         0.02 %
  7040        1.2391       10.2207       10.2190        0.0017         0.02 %         0.02 %
  7050        1.2408       10.2207       10.2190        0.0017         0.02 %         0.02 %
  7060        1.2426       10.2207       10.2190        0.0017         0.02 %         0.02 %
  7070        1.2444       10.2207       10.2190        0.0017         0.02 %         0.02 %
  7080        1.2461       10.2207       10.2190        0.0017         0.02 %         0.02 %
  7090        1.2479       10.2207       10.2191        0.0016         0.02 %         0.02 %
  7100        1.2497       10.2207       10.2191        0.0016         0.02 %         0.02 %
  7110        1.2514       10.2207       10.2191        0.0016         0.02 %         0.02 %
  7120        1.2532       10.2207       10.2191        0.0016         0.02 %         0.02 %
  7130        1.2550       10.2207       10.2191        0.0016         0.02 %         0.02 %
  7140        1.2567       10.2207       10.2191        0.0016         0.02 %         0.02 %
  7150        1.2585       10.2207       10.2192        0.0015         0.02 %         0.02 %
  7160        1.2603       10.2207       10.2192        0.0015         0.01 %         0.01 %
  7170        1.2620       10.2207       10.2192        0.0015         0.01 %         0.01 %
  7180        1.2638       10.2207       10.2192        0.0015         0.01 %         0.01 %
  7190        1.2656       10.2207       10.2192        0.0015         0.01 %         0.01 %
  7200        1.2673       10.2207       10.2193        0.0014         0.01 %         0.01 %
  7210        1.2691       10.2207       10.2193        0.0014         0.01 %         0.01 %
  7220        1.2709       10.2207       10.2193        0.0014         0.01 %         0.01 %
  7230        1.2726       10.2207       10.2193        0.0014         0.01 %         0.01 %
  7240        1.2744       10.2207       10.2193        0.0014         0.01 %         0.01 %
  7250        1.2762       10.2207       10.2193        0.0014         0.01 %         0.01 %
  7260        1.2779       10.2207       10.2193        0.0013         0.01 %         0.01 %
  7270        1.2797       10.2207       10.2194        0.0013         0.01 %         0.01 %
  7280        1.2814       10.2207       10.2194        0.0013         0.01 %         0.01 %
  7290        1.2832       10.2207       10.2194        0.0013         0.01 %         0.01 %
  7300        1.2850       10.2207       10.2194        0.0013         0.01 %         0.01 %
  7310        1.2867       10.2207       10.2194        0.0013         0.01 %         0.01 %
  7320        1.2885       10.2207       10.2194        0.0013         0.01 %         0.01 %
  7330        1.2903       10.2207       10.2195        0.0012         0.01 %         0.01 %
  7340        1.2920       10.2207       10.2195        0.0012         0.01 %         0.01 %
  7350        1.2938       10.2207       10.2195        0.0012         0.01 %         0.01 %
  7360        1.2956       10.2207       10.2195        0.0012         0.01 %         0.01 %
  7370        1.2973       10.2207       10.2195        0.0012         0.01 %         0.01 %
  7380        1.2991       10.2207       10.2195        0.0012         0.01 %         0.01 %
  7390        1.3009       10.2207       10.2195        0.0012         0.01 %         0.01 %
  7400        1.3026       10.2207       10.2196        0.0011         0.01 %         0.01 %
  7410        1.3044       10.2207       10.2196        0.0011         0.01 %         0.01 %
  7420        1.3062       10.2207       10.2196        0.0011         0.01 %         0.01 %
  7430        1.3079       10.2207       10.2196        0.0011         0.01 %         0.01 %
  7440        1.3097       10.2207       10.2196        0.0011         0.01 %         0.01 %
  7450        1.3115       10.2207       10.2196        0.0011         0.01 %         0.01 %
  7460        1.3132       10.2207       10.2196        0.0011         0.01 %         0.01 %
  7470        1.3150       10.2207       10.2196        0.0011         0.01 %         0.01 %
  7480        1.3168       10.2207       10.2197        0.0010         0.01 %         0.01 %
  7490        1.3185       10.2207       10.2197        0.0010         0.01 %         0.01 %
  7500        1.3203       10.2207       10.2197        0.0010         0.01 %         0.01 %
