
 Global mass balance
 ===================

 No. of | Total time  | Total inlet | Total outlet| Total trans.| Relation    | Deviation of
 timest.|             | massflow    | massflow    | mass incr.  | trans./inlet| mass balance
 (nstep)|   (timet)   | (m_in_tot)  | (m_out_tot) (m_stored_cool) (m..trans)  | (m..deviat) 
   [-]  |     [s]     |   [kg/s]    |   [kg/s]    |   [kg/s]    |             |
=============================================================================================
    10        0.0002        0.3000        0.3000        0.0054         1.79 %         0.00 %
    20        0.0019        0.3000        0.3000        0.0009         0.29 %         0.00 %
    30        0.0106        0.3000        0.3000        0.0002         0.07 %         0.00 %
    40        0.0281        0.3000        0.3000        0.0001         0.04 %         0.00 %
    50        0.0566        0.3000        0.3000        0.0001         0.03 %         0.00 %
    60        0.1030        0.3000        0.3000        0.0000         0.02 %         0.00 %
    70        0.1787        0.3000        0.3000        0.0000         0.01 %         0.00 %
    80        0.2785        0.3000        0.3000        0.0000         0.01 %         0.00 %
    90        0.3785        0.3000        0.3000        0.0000         0.01 %         0.00 %
   100        0.4785        0.3000        0.3000        0.0000         0.01 %         0.00 %
   110        0.5785        0.3000        0.3000        0.0000         0.01 %         0.00 %
   120        0.6785        0.3000        0.3000        0.0000         0.01 %         0.00 %
   130        0.7785        0.3000        0.3000        0.0000         0.01 %         0.00 %
   140        0.8785        0.3000        0.3000        0.0000         0.01 %         0.00 %
   150        0.9785        0.3000        0.3000        0.0000         0.01 %         0.00 %
   160        1.0785        0.3000        0.3000        0.0000         0.01 %         0.00 %
   170        1.1785        0.3000        0.3000        0.0000         0.01 %         0.00 %
   180        1.2785        0.3000        0.3000        0.0000         0.01 %         0.00 %
   190        1.3785        0.3000        0.3000        0.0000         0.01 %         0.00 %
   200        1.4785        0.3000        0.3000        0.0000         0.01 %         0.00 %
   210        1.5785        0.3000        0.3000        0.0000         0.01 %         0.00 %
   220        1.6785        0.3000        0.3000        0.0000         0.01 %         0.00 %
   230        1.7785        0.3000        0.3000        0.0000         0.01 %         0.00 %
   240        1.8785        0.3000        0.3000        0.0000         0.01 %         0.00 %
   250        1.9785        0.3000        0.3000        0.0000         0.01 %         0.00 %
   260        2.0785        0.3000        0.3000        0.0000         0.01 %         0.00 %
   270        2.1785        0.3000        0.3000        0.0000         0.01 %         0.00 %
   280        2.2785        0.3000        0.3000        0.0000         0.01 %         0.00 %
   290        2.3785        0.3000        0.3000        0.0000         0.01 %         0.00 %
   300        2.4785        0.3000        0.3000        0.0000         0.01 %         0.00 %
   310        2.5785        0.3000        0.3000        0.0000         0.01 %         0.00 %
   320        2.6785        0.3000        0.3000        0.0000         0.01 %         0.00 %
   330        2.7785        0.3000        0.3000        0.0000         0.01 %         0.00 %
   340        2.8785        0.3000        0.3000        0.0000         0.01 %         0.00 %
   350        2.9785        0.3000        0.3000        0.0000         0.01 %         0.00 %
   360        3.0785        0.3000        0.3000        0.0000         0.01 %         0.00 %
   370        3.1785        0.3000        0.3000        0.0000         0.01 %         0.00 %
   380        3.2785        0.3000        0.3000        0.0000         0.01 %         0.00 %
   390        3.3785        0.3000        0.3000        0.0000         0.01 %         0.00 %
   400        3.4785        0.3000        0.3000        0.0000         0.01 %         0.00 %
   410        3.5785        0.3000        0.3000        0.0000         0.01 %         0.00 %
   420        3.6785        0.3000        0.3000        0.0000         0.01 %         0.00 %
   430        3.7785        0.3000        0.3000        0.0000         0.01 %         0.00 %
   440        3.8785        0.3000        0.3000        0.0000         0.01 %         0.00 %
   450        3.9785        0.3000        0.3000        0.0000         0.01 %         0.00 %
   460        4.0785        0.3000        0.3000        0.0000         0.01 %         0.00 %
   470        4.1785        0.3000        0.3000        0.0000         0.01 %         0.00 %
   480        4.2785        0.3000        0.3000        0.0000         0.01 %         0.00 %
   490        4.3785        0.3000        0.3000        0.0000         0.01 %         0.00 %
   500        4.4785        0.3000        0.3000        0.0000         0.01 %         0.00 %
   510        4.5785        0.3000        0.3000        0.0000         0.01 %         0.00 %
   520        4.6785        0.3000        0.3000        0.0000         0.01 %         0.00 %
   530        4.7785        0.3000        0.3000        0.0000         0.01 %         0.00 %
   540        4.8785        0.3000        0.3000        0.0000         0.01 %         0.00 %
   550        4.9785        0.3000        0.3000        0.0000         0.01 %         0.00 %
   560        5.0785        0.3000        0.3000        0.0000         0.01 %         0.00 %
   570        5.1785        0.3000        0.3000        0.0000         0.01 %         0.00 %
   580        5.2785        0.3000        0.3000        0.0000         0.01 %         0.00 %
   590        5.3785        0.3000        0.3000        0.0000         0.01 %         0.00 %
   600        5.4785        0.3000        0.3000        0.0000         0.01 %         0.00 %
   610        5.5785        0.3000        0.3000        0.0000         0.01 %         0.00 %
   620        5.6785        0.3000        0.3000        0.0000         0.01 %         0.00 %
   630        5.7785        0.3000        0.3000        0.0000         0.01 %         0.00 %
   640        5.8785        0.3000        0.3000        0.0000         0.01 %         0.00 %
   650        5.9785        0.3000        0.3000        0.0000         0.01 %         0.00 %
   660        6.0785        0.3000        0.3000        0.0000         0.01 %         0.00 %
   670        6.1785        0.3000        0.3000        0.0000         0.01 %         0.00 %
   680        6.2785        0.3000        0.3000        0.0000         0.01 %         0.00 %
   690        6.3785        0.3000        0.3000        0.0000         0.01 %         0.00 %
   700        6.4785        0.3000        0.3000        0.0000         0.01 %         0.00 %
   710        6.5785        0.3000        0.3000        0.0000         0.01 %         0.00 %
   720        6.6785        0.3000        0.3000        0.0000         0.01 %         0.00 %
   730        6.7785        0.3000        0.3000        0.0000         0.01 %         0.00 %
   740        6.8785        0.3000        0.3000        0.0000         0.01 %         0.00 %
   750        6.9785        0.3000        0.3000        0.0000         0.01 %         0.00 %
   760        7.0785        0.3000        0.3000        0.0000         0.01 %         0.00 %
   770        7.1785        0.3000        0.3000        0.0000         0.01 %         0.00 %
   780        7.2785        0.3000        0.3000        0.0000         0.01 %         0.00 %
   790        7.3785        0.3000        0.3000        0.0000         0.01 %         0.00 %
   800        7.4785        0.3000        0.3000        0.0000         0.01 %         0.00 %
   810        7.5785        0.3000        0.3000        0.0000         0.01 %         0.00 %
   820        7.6785        0.3000        0.3000        0.0000         0.01 %         0.00 %
   830        7.7785        0.3000        0.3000        0.0000         0.01 %         0.00 %
   840        7.8785        0.3000        0.3000        0.0000         0.01 %         0.00 %
   850        7.9785        0.3000        0.3000        0.0000         0.01 %         0.00 %
   860        8.0785        0.3000        0.3000        0.0000         0.01 %         0.00 %
   870        8.1785        0.3000        0.3000        0.0000         0.01 %         0.00 %
   880        8.2785        0.3000        0.3000        0.0000         0.01 %         0.00 %
   890        8.3785        0.3000        0.3000        0.0000         0.01 %         0.00 %
   900        8.4785        0.3000        0.3000        0.0000         0.01 %         0.00 %
   910        8.5785        0.3000        0.3000        0.0000         0.01 %         0.00 %
   920        8.6785        0.3000        0.3000        0.0000         0.01 %         0.00 %
   930        8.7785        0.3000        0.3000        0.0000         0.01 %         0.00 %
   940        8.8785        0.3000        0.3000        0.0000         0.01 %         0.00 %
   950        8.9785        0.3000        0.3000        0.0000         0.01 %         0.00 %
   960        9.0785        0.3000        0.3000        0.0000         0.01 %         0.00 %
   970        9.1785        0.3000        0.3000        0.0000         0.01 %         0.00 %
   980        9.2785        0.3000        0.3000        0.0000         0.01 %         0.00 %
   990        9.3785        0.3000        0.3000        0.0000         0.01 %         0.00 %
  1000        9.4785        0.3000        0.3000        0.0000         0.01 %         0.00 %
  1010        9.5785        0.3000        0.3000        0.0000         0.01 %         0.00 %
  1020        9.6785        0.3000        0.3000        0.0000         0.01 %         0.00 %
  1030        9.7785        0.3000        0.3000        0.0000         0.01 %         0.00 %
  1040        9.8785        0.3000        0.3000        0.0000         0.01 %         0.00 %
  1050        9.9785        0.3000        0.3000        0.0000         0.01 %         0.00 %
