#   No. of|        Total|        Power|        Inlet|       Outlet|       Energy|       Energy|        Total|       Global|
#Timesteps|         Time|     Supplied|       Energy|       Energy|       Stored|       Stored|       Energy|       Energy|
#         |             |             |             |             |      Coolant|        Solid|      Storage|      Balance|
#         |        [sec]|         [kW]|         [kW]|         [kW]|         [kW]|         [kW]|          [%]|          [%]|
#=========================================================================================================================
        10        0.0002**************      386.7431      386.7428        7.8068        0.0000        0.0000      100.0000
        20        0.0019**************      386.7431      386.7427        1.2608        0.0000        0.0000      100.0000
        30        0.0106**************      386.7431      386.7429        0.3040        0.0000        0.0000      100.0000
        40        0.0281**************      386.7431      386.7428        0.1866        0.0000        0.0000      100.0000
        50        0.0566**************      386.7431      386.7428        0.1146        0.0000        0.0000      100.0000
        60        0.1030**************      386.7431      386.7428        0.0703        0.0000        0.0000      100.0000
        70        0.1787**************      386.7431      386.7428        0.0432        0.0000        0.0000      100.0000
        80        0.2785**************      386.7431      386.7428        0.0403        0.0000        0.0000      100.0000
        90        0.3785**************      386.7431      386.7428        0.0403        0.0000        0.0000      100.0000
       100        0.4785**************      386.7431      386.7428        0.0403        0.0000        0.0000      100.0000
       110        0.5785**************      386.7431      386.7428        0.0403        0.0000        0.0000      100.0000
       120        0.6785**************      386.7431      386.7428        0.0403        0.0000        0.0000      100.0000
       130        0.7785**************      386.7431      386.7428        0.0403        0.0000        0.0000      100.0000
       140        0.8785**************      386.7431      386.7428        0.0403        0.0000        0.0000      100.0000
       150        0.9785**************      386.7431      386.7428        0.0403        0.0000        0.0000      100.0000
       160        1.0785**************      386.7431      386.7428        0.0403        0.0000        0.0000      100.0000
       170        1.1785**************      386.7431      386.7428        0.0403        0.0000        0.0000      100.0000
       180        1.2785**************      386.7431      386.7428        0.0403        0.0000        0.0000      100.0000
       190        1.3785**************      386.7431      386.7428        0.0403        0.0000        0.0000      100.0000
       200        1.4785**************      386.7431      386.7428        0.0403        0.0000        0.0000      100.0000
       210        1.5785**************      386.7431      386.7428        0.0403        0.0000        0.0000      100.0000
       220        1.6785**************      386.7431      386.7428        0.0403        0.0000        0.0000      100.0000
       230        1.7785**************      386.7431      386.7428        0.0403        0.0000        0.0000      100.0000
       240        1.8785**************      386.7431      386.7428        0.0403        0.0000        0.0000      100.0000
       250        1.9785**************      386.7431      386.7428        0.0403        0.0000        0.0000      100.0000
       260        2.0785**************      386.7431      386.7428        0.0403        0.0000        0.0000      100.0000
       270        2.1785**************      386.7431      386.7428        0.0403        0.0000        0.0000      100.0000
       280        2.2785**************      386.7431      386.7428        0.0403        0.0000        0.0000      100.0000
       290        2.3785**************      386.7431      386.7428        0.0403        0.0000        0.0000      100.0000
       300        2.4785**************      386.7431      386.7428        0.0403        0.0000        0.0000      100.0000
       310        2.5785**************      386.7431      386.7428        0.0403        0.0000        0.0000      100.0000
       320        2.6785**************      386.7431      386.7428        0.0403        0.0000        0.0000      100.0000
       330        2.7785**************      386.7431      386.7428        0.0403        0.0000        0.0000      100.0000
       340        2.8785**************      386.7431      386.7428        0.0403        0.0000        0.0000      100.0000
       350        2.9785**************      386.7431      386.7428        0.0403        0.0000        0.0000      100.0000
       360        3.0785**************      386.7431      386.7428        0.0403        0.0000        0.0000      100.0000
       370        3.1785**************      386.7431      386.7428        0.0403        0.0000        0.0000      100.0000
       380        3.2785**************      386.7431      386.7428        0.0403        0.0000        0.0000      100.0000
       390        3.3785**************      386.7431      386.7428        0.0403        0.0000        0.0000      100.0000
       400        3.4785**************      386.7431      386.7428        0.0403        0.0000        0.0000      100.0000
       410        3.5785**************      386.7431      386.7428        0.0403        0.0000        0.0000      100.0000
       420        3.6785**************      386.7431      386.7428        0.0403        0.0000        0.0000      100.0000
       430        3.7785**************      386.7431      386.7428        0.0403        0.0000        0.0000      100.0000
       440        3.8785**************      386.7431      386.7428        0.0403        0.0000        0.0000      100.0000
       450        3.9785**************      386.7431      386.7428        0.0403        0.0000        0.0000      100.0000
       460        4.0785**************      386.7431      386.7428        0.0403        0.0000        0.0000      100.0000
       470        4.1785**************      386.7431      386.7428        0.0403        0.0000        0.0000      100.0000
       480        4.2785**************      386.7431      386.7428        0.0403        0.0000        0.0000      100.0000
       490        4.3785**************      386.7431      386.7428        0.0403        0.0000        0.0000      100.0000
       500        4.4785**************      386.7431      386.7428        0.0403        0.0000        0.0000      100.0000
       510        4.5785**************      386.7431      386.7428        0.0403        0.0000        0.0000      100.0000
       520        4.6785**************      386.7431      386.7428        0.0403        0.0000        0.0000      100.0000
       530        4.7785**************      386.7431      386.7428        0.0403        0.0000        0.0000      100.0000
       540        4.8785**************      386.7431      386.7428        0.0403        0.0000        0.0000      100.0000
       550        4.9785**************      386.7431      386.7428        0.0403        0.0000        0.0000      100.0000
       560        5.0785**************      386.7431      386.7428        0.0403        0.0000        0.0000      100.0000
       570        5.1785**************      386.7431      386.7428        0.0403        0.0000        0.0000      100.0000
       580        5.2785**************      386.7431      386.7428        0.0403        0.0000        0.0000      100.0000
       590        5.3785**************      386.7431      386.7428        0.0403        0.0000        0.0000      100.0000
       600        5.4785**************      386.7431      386.7428        0.0403        0.0000        0.0000      100.0000
       610        5.5785**************      386.7431      386.7428        0.0403        0.0000        0.0000      100.0000
       620        5.6785**************      386.7431      386.7428        0.0403        0.0000        0.0000      100.0000
       630        5.7785**************      386.7431      386.7428        0.0403        0.0000        0.0000      100.0000
       640        5.8785**************      386.7431      386.7428        0.0403        0.0000        0.0000      100.0000
       650        5.9785**************      386.7431      386.7428        0.0403        0.0000        0.0000      100.0000
       660        6.0785**************      386.7431      386.7428        0.0403        0.0000        0.0000      100.0000
       670        6.1785**************      386.7431      386.7428        0.0403        0.0000        0.0000      100.0000
       680        6.2785**************      386.7431      386.7428        0.0403        0.0000        0.0000      100.0000
       690        6.3785**************      386.7431      386.7428        0.0403        0.0000        0.0000      100.0000
       700        6.4785**************      386.7431      386.7428        0.0403        0.0000        0.0000      100.0000
       710        6.5785**************      386.7431      386.7428        0.0403        0.0000        0.0000      100.0000
       720        6.6785**************      386.7431      386.7428        0.0403        0.0000        0.0000      100.0000
       730        6.7785**************      386.7431      386.7428        0.0403        0.0000        0.0000      100.0000
       740        6.8785**************      386.7431      386.7428        0.0403        0.0000        0.0000      100.0000
       750        6.9785**************      386.7431      386.7428        0.0403        0.0000        0.0000      100.0000
       760        7.0785**************      386.7431      386.7428        0.0403        0.0000        0.0000      100.0000
       770        7.1785**************      386.7431      386.7428        0.0403        0.0000        0.0000      100.0000
       780        7.2785**************      386.7431      386.7428        0.0403        0.0000        0.0000      100.0000
       790        7.3785**************      386.7431      386.7428        0.0403        0.0000        0.0000      100.0000
       800        7.4785**************      386.7431      386.7428        0.0403        0.0000        0.0000      100.0000
       810        7.5785**************      386.7431      386.7428        0.0403        0.0000        0.0000      100.0000
       820        7.6785**************      386.7431      386.7428        0.0403        0.0000        0.0000      100.0000
       830        7.7785**************      386.7431      386.7428        0.0403        0.0000        0.0000      100.0000
       840        7.8785**************      386.7431      386.7428        0.0403        0.0000        0.0000      100.0000
       850        7.9785**************      386.7431      386.7428        0.0403        0.0000        0.0000      100.0000
       860        8.0785**************      386.7431      386.7428        0.0403        0.0000        0.0000      100.0000
       870        8.1785**************      386.7431      386.7428        0.0403        0.0000        0.0000      100.0000
       880        8.2785**************      386.7431      386.7428        0.0403        0.0000        0.0000      100.0000
       890        8.3785**************      386.7431      386.7428        0.0403        0.0000        0.0000      100.0000
       900        8.4785**************      386.7431      386.7428        0.0403        0.0000        0.0000      100.0000
       910        8.5785**************      386.7431      386.7428        0.0403        0.0000        0.0000      100.0000
       920        8.6785**************      386.7431      386.7428        0.0403        0.0000        0.0000      100.0000
       930        8.7785**************      386.7431      386.7428        0.0403        0.0000        0.0000      100.0000
       940        8.8785**************      386.7431      386.7428        0.0403        0.0000        0.0000      100.0000
       950        8.9785**************      386.7431      386.7428        0.0403        0.0000        0.0000      100.0000
       960        9.0785**************      386.7431      386.7428        0.0403        0.0000        0.0000      100.0000
       970        9.1785**************      386.7431      386.7428        0.0403        0.0000        0.0000      100.0000
       980        9.2785**************      386.7431      386.7428        0.0403        0.0000        0.0000      100.0000
       990        9.3785**************      386.7431      386.7428        0.0403        0.0000        0.0000      100.0000
      1000        9.4785**************      386.7431      386.7428        0.0403        0.0000        0.0000      100.0000
      1010        9.5785**************      386.7431      386.7428        0.0403        0.0000        0.0000      100.0000
      1020        9.6785**************      386.7431      386.7428        0.0403        0.0000        0.0000      100.0000
      1030        9.7785**************      386.7431      386.7428        0.0403        0.0000        0.0000      100.0000
      1040        9.8785**************      386.7431      386.7428        0.0403        0.0000        0.0000      100.0000
      1050        9.9785**************      386.7431      386.7428        0.0403        0.0000        0.0000      100.0000
