# Iteration        Mass Balance        Mass storage      Energy balance   Fluid energy stor   Solid energy stor
          1        0.0004496578        0.0137866535       13.1447462223        0.1030621548    99987.8987028275
          2        0.0013742077        0.0111162883       13.1455493476        0.1208919078    99947.1254162491
          3        0.0024796521        0.0099060701       13.1465096105        0.1955615168    99855.2745494491
          4        0.0037964792        0.0084196090       13.1476534429        0.3400063196    99684.9015691343
          5        0.0053534720        0.0066027319       13.1490057767        0.6314929823    99403.7018429441
          6        0.0071685974        0.0071646821       13.1505820847        1.0720566053    98975.1281777524
          7        0.0092302336        0.0092487534       13.1523720353        1.7014804771    98359.3183184450
          8        0.0114616901        0.0124049009       13.1543086160        2.5610955466    97514.4317347047
          9        0.0136592809        0.0166978128       13.1562142583        3.6915861117    96398.4329526537
         10        0.0153932503        0.0224379733       13.1577146633        5.1302470036    94971.1796103880
         11        0.0158651093        0.0313630440       13.1581147213        6.9080040029    93196.4580553559
         12        0.0137275731        0.0444351423       13.1562418938        9.0467164375    91043.4893808403
         13        0.0068898632        0.0647021359       13.1502768183       11.5573038290    88487.5145717641
         14        0.0076696476        0.0952244755       13.1375902064       14.4389183433    85509.3813297009
         15        0.0341068340        0.1408020065       13.1145656973       17.6786394601    82094.5011927372
         16        0.0780248332        0.2076662608       13.0763273384       21.2503122325    78231.9396593418
         17        0.1469906813        0.3041623313       13.0162899885       25.1109760580    73914.5668815836
         18        0.2512400821        0.4412696408       12.9255460323       29.1941906163    69141.0660259403
         19        0.4044831270        0.6312102364       12.7921640711       33.4003989925    63920.2338271925
         20        0.6248020049        0.8819806886       12.6004072866       37.5844524402    58277.5063643540
         21        0.9357350390        1.1929578688       12.3297894410       41.5403632903    52263.0168432629
         22        1.3678146227        1.5624683325       11.9537359647       44.9829900213    45959.7081284386
         23        1.9612480152        2.0298822797       11.4372514812       47.5244223768    39489.1744842188
         24        2.7697791337        2.7697308749       10.7335603638       48.6476979334    33012.3500965593
         25        3.8613889738        3.8613481503        9.7834922389       47.7091879856    26722.4278544196
         26        5.3039920347        5.3040303048        8.5279006866       44.0491812323    20828.8314836403
         27        7.1153045690        7.1154921283        6.9512093466       37.3472047728    15533.4203197450
         28        8.9406740411        8.9409875806        5.3613245546       29.3709513372    11412.2538000593
         29       10.5746232082       10.5750387277        3.9372138964       21.6994196619     8248.0164132388
         30       11.7975014092       11.7979529363        2.8697616792       15.9679127875     5857.6412186486
         31       12.4375726716       12.4380455443        2.3082580879       13.4673787592     4085.7006561538
         32       12.4262391837       12.4267589008        2.3124036545       14.7827999230     2801.2028692126
         33       11.8259888357       11.8265681305        2.8279981216       19.6119570611     1894.1258591618
         34       10.8240207925       10.8246127641        3.6924450781       26.8103381555     1272.3348735198
         35        9.6928634633        9.6933738052        4.6689427665       34.6533150459      859.1368799269
         36        8.7237362149        8.7240954164        5.5043767639       41.2778529827      591.6386951680
         37        8.1462523836        8.1464855336        5.9991090915       45.2143455211      419.9059900645
         38        8.0589073562        8.0591272546        6.0674235577       45.8472648712      306.6354668516
         39        8.3992644226        8.3995940111        5.7634888320       43.6137307932      226.7297799647
         40        8.9723693885        8.9728675318        5.2567096741       39.8172270901      166.0264039240
         41        9.5316804635        9.5323319074        4.7614046768       36.0946895429      118.7387411477
         42        9.8798854028        9.8806378813        4.4491543966       33.7527913976       83.8939408198
         43        9.9431195813        9.9439213013        4.3842346660       33.2803399382       61.7442017389
         44        9.7825682324        9.7833781795        4.5134743368       34.2737440306       51.2779006393
         45        9.5402256437        9.5410206314        4.7133810715       35.7963225238       49.4689431126
         46        9.3528235144        9.3536092383        4.8649873466       36.9469167130       52.1055880115
         47        9.2851146913        9.2859212922        4.9119033709       37.3001234505       55.3658805560
         48        9.3175788789        9.3184373177        4.8710512078       36.9868435640       57.0807429447
         49        9.3850309866        9.3859546363        4.7991054529       36.4386773226       56.9810246079
         50        9.4303164194        9.4313017578        4.7457775300       36.0330847644       55.9672969583
         51        9.4348484918        9.4358857413        4.7272251360       35.8920352667       55.0572619973
         52        9.4133306212        9.4144137348        4.7306250685       35.9174686839       54.7183092467
         53        9.3889440796        9.3900742346        4.7357613004       35.9556268865       54.8379639569
         54        9.3739023988        9.3750857729        4.7319573163       35.9255737117       55.0807287224
         55        9.3669377016        9.3681800299        4.7202733484       35.8356021890       55.2189373802
         56        9.3616796342        9.3629853593        4.7062146970       35.7276431540       55.2212607379
         57        9.3542034944        9.3555737035        4.6931568885       35.6273285529       55.1581964303
         58        9.3444057245        9.3458414986        4.6811446098       35.5349363636       55.0907736897
         59        9.3336174172        9.3351216159        4.6689693227       35.4412450429       55.0340610633
         60        9.3226005731        9.3241765325        4.6559154410       35.3408148868       54.9780151971
         61        9.3113171027        9.3129683147        4.6419622267       35.2334948790       54.9134051804
         62        9.2995059859        9.3012359882        4.6272808054       35.1205867279       54.8390147925
         63        9.2870357544        9.2888481854        4.6119266052       35.0025078455       54.7571256886
         64        9.2738894156        9.2757880761        4.5958522447       34.8788935413       54.6693065877
         65        9.2600613468        9.2620502145        4.5789973042       34.7492810406       54.5758388359
         66        9.2455220793        9.2476053031        4.5613189224       34.6133416035       54.4765692912
         67        9.2302299937        9.2324118929        4.5427814424       34.4708012382       54.3713811240
         68        9.2141424766        9.2164275460        4.5233465038       34.3213652621       54.2601900069
         69        9.1972167567        9.1996096727        4.5029721342       34.1647114676       54.1428635863
         70        9.1794079805        9.1819136059        4.4816142457       34.0005015295       54.0192084570
         71        9.1606684594        9.1632918474        4.4592270997       33.8283845378       53.8889867371
         72        9.1409192731        9.1435897799        4.4357879731       33.6482045920       54.9738683388
         73        9.1206251623        9.1232882206        4.4119814828       33.4661903680       55.9901460001
         74        9.1003056197        9.1029612718        4.3882016181       33.2852908373       56.0932641329
         75        9.0800178527        9.0826661946        4.3643978360       33.1043880509       56.0164055862
         76        9.0597005045        9.0623415815        4.3406238377       32.9237585097       55.8922062032
         77        9.0393325258        9.0419663627        4.3168981002       32.7435100137       55.7536834298
         78        9.0189554701        9.0215821124        4.2931841813       32.5638066447       55.1591615573
         79        8.9985204336        9.0011398963        4.2695248077       32.3843423000       54.7403624499
         80        8.9780163760        8.9806286628        4.2459298429       32.2051726512       54.5167950843
         81        8.9574568728        8.9600619931        4.2223875153       32.0263485836       54.3479237502
         82        8.9368486358        8.9394466009        4.1988919935       31.8478683116       54.1911525823
         83        8.9161927211        8.9187835407        4.1754423985       31.6697346703       54.0369848319
         84        8.8954888672        8.8980725488        4.1520390057       31.4919520850       53.8831266606
         85        8.8747379161        8.8773144657        4.1286811184       31.3145275627       53.7172951490
         86        8.8539386336        8.8565080551        4.1053698679       31.1374533298       53.5559027598
         87        8.8330904165        8.8356527124        4.0821058306       30.9607324202       53.4003288783
         88        8.8121936287        8.8147487997        4.0588887316       30.7843676130       53.2457242537
         89        8.7912484158        8.7937964619        4.0357184875       30.6083591963       53.0911866317
         90        8.7702546957        8.7727956155        4.0125952161       30.4327082915       52.9365096614
         91        8.7492123515        8.7517461426        3.9895190659       30.2574160863       52.7816532117
         92        8.7281212767        8.7306479356        3.9664901762       30.0824836594       52.6266164991
         93        8.7069813670        8.7095008894        3.9435086849       29.9079120670       52.4714065923
         94        8.6857925154        8.6883048959        3.9205747321       29.7337023840       52.3160309402
         95        8.6645546120        8.6670598446        3.8976884609       29.5598557051       52.1604958328
         96        8.6432675451        8.6457656229        3.8748500161       29.3863731400       52.0048062648
         97        8.6219312011        8.6244221165        3.8520595442       29.2132558119       51.8489661015
         98        8.6005454649        8.6030292097        3.8293171934       29.0405048571       51.6929782850
         99        8.5791102196        8.5815867849        3.8066231136       28.8681214237       51.5368450170
        100        8.5576253470        8.5600947233        3.7839774561       28.6961066718       51.3805679094
        101        8.5360907273        8.5385529046        3.7613803737       28.5244617718       51.2241481065
        102        8.5145062397        8.5169612074        3.7388320204       28.3531879047       51.0675863823
        103        8.4928717617        8.4953195087        3.7163325516       28.1822862611       50.9108832177
        104        8.4711871701        8.4736276849        3.6938821241       28.0117580405       50.7540388635
        105        8.4494523402        8.4518856106        3.6714808958       27.8416044526       50.5970533891
        106        8.4276671464        8.4300931600        3.6491290255       27.6718267143       50.4399267229
        107        8.4058314620        8.4082502060        3.6268266735       27.5024260512       50.2826586822
        108        8.3839451594        8.3863566203        3.6045740010       27.3334036976       50.1252489996
        109        8.3620081097        8.3644122740        3.5823711703       27.1647608952       49.9676973419
        110        8.3400201837        8.3424170374        3.5602183445       26.9964988918       49.8100033268
        111        8.3179812510        8.3203707795        3.5381156881       26.8286189443       49.6521665322
        112        8.2958911802        8.2982733690        3.5160633662       26.6611223160       49.4941865103
        113        8.2737498393        8.2761246732        3.4940615449       26.4940102776       49.3360627930
        114        8.2515570954        8.2539245591        3.4721103915       26.3272841059       49.1777948981
        115        8.2293128149        8.2316728928        3.4502100738       26.1609450849       49.0193823336
        116        8.2070168634        8.2093695395        3.4283607608       25.9949945048       48.8608246021
        117        8.1846691059        8.1870143640        3.4065626221       25.8294336624       48.7021212030
        118        8.1622694065        8.1646072301        3.3848158283       25.6642638607       48.5432716353
        119        8.1398570976        8.1421874939        3.3630852755       25.4996370966       47.9648149243
        120        8.1173740899        8.1196970307        3.3414226237       25.3352834614       47.6302977801
        121        8.0948226875        8.0971381457        3.3198260830       25.1713031954       47.4258073263
        122        8.0722166201        8.0745245767        3.2982834981       25.0077299437       47.2250979127
        123        8.0495560986        8.0518565351        3.2767947471       24.8445353627       47.0555874714
        124        8.0268419061        8.0291348041        3.2553591845       24.6817391965       46.8926153182
        125        8.0040746362        8.0063599775        3.2339763312       24.5193425094       46.7314700339
        126        7.9812543014        7.9835320677        3.2126462271       24.3573468190       46.5709402788
        127        7.9583816861        7.9606518592        3.1913682199       24.1957580799       46.4001063093
        128        7.9354561209        7.9377186820        3.1701429602       24.0345730062       46.2272121752
        129        7.9124761033        7.9147310334        3.1489718473       23.8737896557       46.0648563082
        130        7.8894419970        7.8916892768        3.1278546074       23.7134144158       45.9045677870
        131        7.8663540788        7.8685936889        3.1067910439       23.5534473429       45.7447962728
        132        7.8432122634        7.8454441844        3.0857812851       23.3938898155       45.5851432761
        133        7.8200163847        7.8222405971        3.0648255324       23.2347434844       45.4254917237
        134        7.7967662915        7.7989827753        3.0439239739       23.0760098291       45.2657986136
        135        7.7734618400        7.7756705753        3.0230767914       22.9176902557       45.1060420603
        136        7.7501028861        7.7523038529        3.0022841670       22.7597861684       44.9462075261
        137        7.7266892849        7.7288824629        2.9815462839       22.6022989749       44.7862839837
        138        7.7032208893        7.7054062580        2.9608633277       22.4452300987       44.6262626112
        139        7.6796975515        7.6818750904        2.9402354846       22.2885809667       44.4661362192
        140        7.6561191235        7.6582888119        2.9196629414       22.1323530092       44.3058988718
        141        7.6324854567        7.6346472738        2.8991458858       21.9765476606       44.1455456265
        142        7.6087964021        7.6109503268        2.8786845060       21.8211663616       43.9850723352
        143        7.5850518098        7.5871978210        2.8582789914       21.6662105577       43.8244754872
        144        7.5612515297        7.5633896062        2.8379295317       21.5116816996       43.6637520824
        145        7.5373954111        7.5395255315        2.8176363179       21.3575812439       43.5028995307
        146        7.5134833027        7.5156054454        2.7973995413       21.2039106520       43.3419155717
        147        7.4895150529        7.4916291964        2.7772193943       21.0506713910       43.1807982103
        148        7.4654905097        7.4675966322        2.7570960696       20.8978649336       43.0195456650
        149        7.4414095205        7.4435076000        2.7370297613       20.7454927578       42.8581563276
        150        7.4172719324        7.4193619470        2.7170206636       20.5935563474       42.6966287300
        151        7.3930775921        7.3951595196        2.6970689719       20.4420571917       42.5349615176
        152        7.3688263460        7.3709001642        2.6771748822       20.2909967854       42.3731534290
        153        7.3445180400        7.3465837266        2.6573385913       20.1403766295       42.2112032793
        154        7.3201525198        7.3222100523        2.6375602966       19.9901982303       42.0491099465
        155        7.2957300389        7.2977793947        2.6178398263       19.8404649329       41.8822217448
        156        7.2712498929        7.2732910495        2.5981778778       19.6911746561       41.7179283379
        157        7.2467118355        7.2487447699        2.5785747342       19.5423306417       41.5551454079
        158        7.2221158799        7.2241405693        2.5590304431       19.3939345630       41.3925639619
        159        7.1974820136        7.1994984475        2.5395268904       19.2460511710       41.0274153609
        160        7.1727981345        7.1748062944        2.5200749147       19.0986276696       40.5950922219
        161        7.1480394847        7.1500393370        2.5006971054       18.9515984425       40.3333211562
        162        7.1232129809        7.1252044970        2.4813874054       18.8050136418       40.1457782430
        163        7.0983287363        7.1003118931        2.4621367080       18.6588958434       39.9405142319
        164        7.0733836558        7.0753584286        2.4429479045       18.5132168620       39.7677432520
        165        7.0483784702        7.0503448350        2.4238203977       18.3679981990       39.6014102132
        166        7.0233140062        7.0252719391        2.4047535022       18.2232393439       39.4368043802
        167        6.9981912437        7.0001407215        2.3857463910       18.0789451516       39.2627754145
        168        6.9730102593        6.9749512584        2.3667990618       17.9351165061       39.0784223386
        169        6.9477683111        6.9497008071        2.3479140867       17.7917459740       38.9107657754
        170        6.9224659223        6.9243898909        2.3290910604       17.6488439810       38.7462918387
        171        6.8971035969        6.8990190140        2.3103295956       17.5064099749       38.5826058165
        172        6.8716812917        6.8735881331        2.2916298059       17.3644454235       38.4191052699
        173        6.8461988251        6.8480970666        2.2729919333       17.2229523387       38.2556209976
        174        6.8206560395        6.8225456567        2.2544161996       17.0819324673       38.0920962510
        175        6.7950527870        6.7969337555        2.2359028201       16.9413874742       37.9285051335
        176        6.7693889212        6.7712612166        2.2174520106       16.8013190190       37.7648317098
        177        6.7436642964        6.7455278940        2.1990639888       16.6617287729       37.6010643217
        178        6.7178787675        6.7197336428        2.1807389745       16.5226184170       37.4371938137
        179        6.6920321911        6.6938783194        2.1624771885       16.3839896410       37.2732127984
        180        6.6661249706        6.6679623273        2.1442783529       16.2458462477       37.1032047636
        181        6.6401571121        6.6419856725        2.1261425568       16.1081891672       36.9269179424
        182        6.6141269637        6.6159467027        2.1080714151       15.9710146162       36.7604281673
        183        6.5880347758        6.5898456684        2.0900648006       15.8343296687       36.5956951485
        184        6.5618808115        6.5636828327        2.0721225780       15.6981347106       36.4313035939
        185        6.5356650056        6.5374581304        2.0542449172       15.5624313827       36.2669053213
        186        6.5093872119        6.5111714152        2.0364320668       15.4272216710       36.1024086668
        187        6.4830472985        6.4848225552        2.0186842669       15.2925074291       35.9377872776
        188        6.4566451459        6.4584114307        2.0010017510       15.1582904448       35.7730317316
        189        6.4301806387        6.4319379265        1.9833847541       15.0245725110       35.6081373021
        190        6.4036536646        6.4054019301        1.9658335136       14.8913554398       35.4431008388
        191        6.3770641154        6.3788033333        1.9483482692       14.7586410576       35.2779199109
        192        6.3504118876        6.3521420327        1.9309292623       14.6264312039       35.1125925276
        193        6.3236968828        6.3254179296        1.9135767361       14.4947277322       34.9471170215
        194        6.2969190079        6.2986309311        1.8962909359       14.3635325103       34.7814919821
        195        6.2700781753        6.2717809495        1.8790721086       14.2328474206       34.6157162115
        196        6.2431743038        6.2448679036        1.8619205037       14.1026743609       34.4497886904
        197        6.2162073183        6.2178917183        1.8448363723       13.9730152447       34.2837085518
        198        6.1891771508        6.1908523257        1.8278199678       13.8438720011       34.1174750610
        199        6.1620990202        6.1637649541        1.8108574116       13.7152852594       33.8047115257
        200        6.1349598640        6.1366165327        1.7939607348       13.5872160710       33.4760425576
        201        6.1077482745        6.1093956467        1.7771408110       13.4596434326       33.2353134065
        202        6.0804672484        6.0821052952        1.7603952207       13.3325863393       33.0450788607
        203        6.0531237971        6.0547524938        1.7437177372       13.2060633403       32.8393514090
        204        6.0257148368        6.0273341567        1.7271114746       13.0800556920       32.6605997955
        205        5.9982412005        5.9998511179        1.7105759271       12.9545786177       32.4897382106
        206        5.9707038733        5.9723043628        1.6941104574       12.8296331537       32.3208751229
        207        5.9431059522        5.9446969899        1.6777124786       12.7052298799       32.1237272365
        208        5.9154428852        5.9170244452        1.6613865152       12.5813517219       31.9498265364
        209        5.8877154132        5.8892874701        1.6451321954       12.4580144223       31.7805912211
        210        5.8599244654        5.8614869941        1.6289489860       12.3352173930       31.6125476241
        211        5.8320702883        5.8336232641        1.6128370016       12.2129623588       31.4448410789
        212        5.8041529420        5.8056963400        1.5967965457       12.0912580599       31.2772309661
        213        5.7761725013        5.7777062969        1.5808279241       11.9701096376       31.1096359470
        214        5.7481290741        5.7496532430        1.5649314285       11.8495094654       30.9420189739
        215        5.7200233082        5.7215378259        1.5491068653       11.7294614633       30.7689925745
        216        5.6918560580        5.6933609007        1.5333538649       11.6099691954       30.5842557653
        217        5.6636250958        5.6651202391        1.5176749484       11.4910267886       30.4132184886
        218        5.6353311423        5.6368165620        1.5020699102       11.3726433668       30.2447012773
        219        5.6069749184        5.6084505909        1.4865385629       11.2548197324       30.0767615483
        220        5.5785567269        5.5800226285        1.4710811293       11.1375581469       29.9089195659
        221        5.5500767753        5.5515328827        1.4556979416       11.0208612719       29.7410466878
        222        5.5215353023        5.5229815922        1.4403893244       10.9047316371       29.5731044084
        223        5.4929325781        5.4943690277        1.4251555952       10.7891717026       29.4050782846
        224        5.4642688943        5.4656954809        1.4099970738       10.6741839391       29.2369610937
        225        5.4355445618        5.4369612630        1.3949140855       10.5597708501       29.0687484352
        226        5.4067599175        5.4081667110        1.3799069550       10.4459349382       28.9004374576
        227        5.3779153197        5.3793121837        1.3649760116       10.3326787321       28.7320263443
        228        5.3490111494        5.3503980623        1.3501215883       10.2200047862       28.5635141160
        229        5.3200478126        5.3214247533        1.3353440200       10.1079156688       28.3949004798
        230        5.2910257412        5.2923926885        1.3206436441        9.9964139630       28.2261857040
        231        5.2619453926        5.2633023261        1.3060208003        9.8855022688       28.0573705331
        232        5.2328072508        5.2341541503        1.2914758306        9.7751832024       27.8884561244
        233        5.2036118272        5.2049486728        1.2770090794        9.6654593949       27.7194439945
        234        5.1743596609        5.1756864331        1.2626208933        9.5563334925       27.5503359777
        235        5.1450513193        5.1463679992        1.2483116207        9.4478081551       27.3811341932
        236        5.1156873992        5.1169939682        1.2340816121        9.3398860554       27.2118410195
        237        5.0862685270        5.0875649670        1.2199312198        9.2325698787       27.0424590739
        238        5.0567970459        5.0580833403        1.2058592115        9.1258654856       26.8577204054
        239        5.0272831714        5.0285593101        1.1918568864        9.0197939843       26.5700530776
        240        4.9977115096        4.9989774725        1.1779395662        8.9143227553       26.3293771568
        241        4.9680841761        4.9693399450        1.1641065499        8.8094633430       26.1184000677
        242        4.9384043192        4.9396498777        1.1503560142        8.7052234095       25.9154302063
        243        4.9086735601        4.9099088928        1.1366875728        8.6016044508       25.7162627993
        244        4.8788907961        4.8801158876        1.1231034315        8.4986047220       25.5395180154
        245        4.8490590600        4.8502738965        1.1096019285        8.3962350215       25.3613568519
        246        4.8191815458        4.8203861153        1.0961812788        8.2944995885       25.1641440706
        247        4.7892551513        4.7904494401        1.0828456714        8.1933899616       24.9886310377
        248        4.7592819588        4.7604659550        1.0695944374        8.0929179005       24.8173543761
        249        4.7292637087        4.7304374010        1.0564272632        7.9930842733       24.6472724309
        250        4.6992016043        4.7003649825        1.0433443750        7.8938916305       24.4776208351
        251        4.6690967284        4.6702497829        1.0303461463        7.7953429931       24.3081831521
        252        4.6389518696        4.6400945921        1.0174313708        7.6974452136       24.1227904587
        253        4.6087664157        4.6098987982        1.0046020918        7.6001943379       23.9412629305
        254        4.5785405534        4.5796625881        0.9918596329        7.5035941596       23.7696391341
        255        4.5482763024        4.5493879829        0.9792036163        7.4076495357       23.6000784684
        256        4.5179753014        4.5190766221        0.9666340580        7.3123621811       23.4311175725
        257        4.4876389128        4.4887298691        0.9541512686        7.2177348246       23.2623889323
        258        4.4572684824        4.4583490704        0.9417556083        7.1237727082       23.0937923912
        259        4.4268654075        4.4279356246        0.9294474208        7.0304844700       22.9252975552
        260        4.3964311308        4.3974909750        0.9172270403        6.9378635507       22.7568936362
        261        4.3659671272        4.3670165976        0.9050948028        6.8459125307       22.5885765215
        262        4.3354749103        4.3365140070        0.8930510401        6.7546339535       22.4203452698
        263        4.3049560323        4.3059847563        0.8810960792        6.6640303244       22.2522009132
        264        4.2744120837        4.2754304371        0.8692302424        6.5741041094       22.0841459483
        265        4.2438446927        4.2448526787        0.8574538474        6.4848577352       21.9161840431
        266        4.2132555254        4.2142531484        0.8457672066        6.3962935855       21.7483198293
        267        4.1826476863        4.1836349517        0.8341692938        6.3084173851       21.5668195190
        268        4.1520208741        4.1529977884        0.8226623533        6.2212245157       21.3940879823
        269        4.1213768717        4.1223434421        0.8112466767        6.1347210364       21.2255390081
        270        4.0907179821        4.0916742173        0.7999220881        6.0489089355       21.0580108605
        271        4.0600462119        4.0609921219        0.7886887215        5.9637900281       20.8908600664
        272        4.0293634523        4.0302990481        0.7775468483        5.8793665147       20.7239286941
        273        3.9986716188        3.9995969127        0.7664967430        5.7956404964       20.5571791359
        274        3.9679726713        3.9688876766        0.7555386639        5.7126139396       20.3906050186
        275        3.9372686062        3.9381733377        0.7446728592        5.6302887289       20.2242086386
        276        3.9065614538        3.9074559275        0.7338995689        5.5486666830       20.0579951885
        277        3.8758532779        3.8767375110        0.7232190248        5.4677495514       19.8919711941
        278        3.8451483161        3.8460223284        0.7126294021        5.3875419248       19.7076001570
        279        3.8144503212        3.8153141346        0.7021292017        5.3080474122       19.4898271528
        280        3.7837556894        3.7846093238        0.6917240360        5.2292589348       19.2887027955
        281        3.7530691774        3.7539126554        0.6814118632        5.1511832625       19.0815686962
        282        3.7223898471        3.7232231907        0.6711959209        5.0738152804       18.8985802941
        283        3.6917208413        3.6925440748        0.6610755401        4.9971600204       18.7291949617
        284        3.6610696273        3.6618827789        0.6510459155        4.9212257105       18.5284175679
        285        3.6304326211        3.6312357172        0.6411128447        4.8460007875       18.3528944116
        286        3.5998133157        3.6006063848        0.6312753588        4.7714934483       18.1861004272
        287        3.5692150633        3.5699981358        0.6215326354        4.6977039888       18.0216764846
        288        3.5386404973        3.5394136049        0.6118845528        4.6246330078       17.8582390541
        289        3.5080945795        3.5088577566        0.6023287631        4.5522856796       17.6724840245
        290        3.4775765390        3.4783298198        0.5928684322        4.4806552603       17.4958372566
        291        3.4470880988        3.4478315186        0.5835043421        4.4097445502       17.3308983765
        292        3.4166327767        3.4173663728        0.5742355569        4.3395552699       17.1687383257
        293        3.3862134266        3.3869372377        0.5650617838        4.2700870924       17.0076560998
        294        3.3558326117        3.3565466779        0.5559830137        4.2013403602       16.8472224903
        295        3.3254928732        3.3261972360        0.5469992617        4.1333152644       16.6873196851
        296        3.2951967675        3.2958914697        0.5381105304        4.0660118296       16.5279115948
        297        3.2649468706        3.2656319566        0.5293168037        3.9994299283       16.3689856888
        298        3.2347457733        3.2354212886        0.5206180510        3.9335693135       16.2105377696
        299        3.2045976385        3.2052636306        0.5120127234        3.8684323566       16.0382382421
        300        3.1745035743        3.1751600916        0.5035022129        3.8040214393       15.8677161612
        301        3.1444649486        3.1451120403        0.4950876583        3.7403288534       15.7080484847
        302        3.1144852162        3.1151229334        0.4867681795        3.6773554222       15.5509479919
        303        3.0845673644        3.0851957593        0.4785433392        3.6150996786       15.3949022380
        304        3.0547140892        3.0553332155        0.4704129720        3.5535607708       15.2395405330
        305        3.0249280385        3.0255379512        0.4623769487        3.4927377582       15.0847685910
        306        2.9952118711        2.9958126265        0.4544351181        3.4326294968       14.9305633925
        307        2.9655682525        2.9661599082        0.4465873091        3.3732346899       14.7769213555
        308        2.9359998495        2.9365824643        0.4388333357        3.3145519170       14.6238450393
        309        2.9065093258        2.9070829597        0.4311729985        3.2565796475       14.4713395680
        310        2.8770993509        2.8776640653        0.4236060758        3.1993161959       14.3194115348
        311        2.8477725864        2.8483284437        0.4161323352        3.1427597787       14.1680684896
        312        2.8185316904        2.8190787543        0.4087515279        3.0869084877       14.0173187643
        313        2.7893793165        2.7899176519        0.4014633883        3.0317602883       13.8671712691
        314        2.7603181120        2.7608477849        0.3942676348        2.9773130225       13.7176353527
        315        2.7313507164        2.7318717939        0.3871639697        2.9235644100       13.5687207017
        316        2.7024797596        2.7029923100        0.3801520796        2.8705120496       13.4204372565
        317        2.6737078613        2.6742119538        0.3732316350        2.8181534179       13.2727951427
        318        2.6450376290        2.6455333341        0.3664022908        2.7664858720       13.1258046143
        319        2.6164716571        2.6169590460        0.3596636861        2.7155066491       12.9794760081
        320        2.5880125251        2.5884916704        0.3530154445        2.6652128675       12.8338197045
        321        2.5596633037        2.5601342788        0.3464566814        2.6156019917       12.6846166811
        322        2.5314296193        2.5318925005        0.3399839590        2.5666736005       12.5060332542
        323        2.5033069661        2.5037618266        0.3336034392        2.5184176224       12.3553772537
        324        2.4753015268        2.4757484426        0.3273113619        2.4708361922       12.2013206327
        325        2.4474151259        2.4478541738        0.3211079645        2.4239223664       12.0532953409
        326        2.4196534007        2.4200846599        0.3149897027        2.3776771523       11.8826859618
        327        2.3920140405        2.3924375886        0.3089607215        2.3320912904       11.7307876690
        328        2.3645003242        2.3649162400        0.3030196712        2.2871633788       11.5883585877
        329        2.3371155256        2.3375238891        0.2971651768        2.2428897285       11.4486984629
        330        2.3098622101        2.3102631019        0.2913965174        2.1992663132       11.3104302156
        331        2.2827427522        2.2831362536        0.2857131173        2.1562890992       11.1731987593
        332        2.2557594586        2.2561456516        0.2801144247        2.1139539582       11.0369024019
        333        2.2289153990        2.2292943664        0.2745991003        2.0722574419       10.8947282451
        334        2.2022138224        2.2025856481        0.2691655845        2.0311958396       10.7385413666
        335        2.1756532229        2.1760179897        0.2638169143        1.9907604806       10.6004900388
        336        2.1492371355        2.1495949273        0.2585511618        1.9509500541       10.4665918122
        337        2.1229681592        2.1233190606        0.2533672651        1.9117591503       10.3344336496
        338        2.0968484813        2.0971925772        0.2482645172        1.8731830504       10.2034236371
        339        2.0708801703        2.0712175461        0.2432422794        1.8352170142       10.0734043444
        340        2.0450652486        2.0453959899        0.2382999105        1.7978580964        9.9443298352
        341        2.0194058818        2.0197300746        0.2334365802        1.7611020360        9.8144673900
        342        1.9939037550        1.9942214854        0.2286518793        1.7249403938        9.6867980449
        343        1.9685607978        1.9688721523        0.2239451097        1.6893685243        9.5604262034
        344        1.9433789318        1.9436839971        0.2193155308        1.6543811676        9.4350617248
        345        1.9183599946        1.9186588573        0.2147624343        1.6199730399        9.3106418323
        346        1.8935057643        1.8937985115        0.2102851182        1.5861388183        9.1871520205
        347        1.8688179753        1.8691046938        0.2058828728        1.5528731105        9.0645903696
        348        1.8442984976        1.8445792746        0.2015548033        1.5201706537        8.9413985810
        349        1.8199506159        1.8202255388        0.1972985763        1.4880276103        8.8034995488
        350        1.7957726701        1.7960418255        0.1931166530        1.4564340633        8.6803403380
        351        1.7717671678        1.7720306427        0.1890073577        1.4253874780        8.5607036365
        352        1.7479360197        1.7481939008        0.1849695467        1.3948814410        8.4426858042
        353        1.7242807585        1.7245331325        0.1810023941        1.3649102574        8.3258235842
        354        1.7008027933        1.7010497468        0.1771051421        1.3354682479        8.2099959056
        355        1.6775034830        1.6777451023        0.1732770295        1.3065496421        8.0951688771
        356        1.6543841410        1.6546205122        0.1695172869        1.2781486084        7.9813316912
        357        1.6314460308        1.6316772398        0.1658251405        1.2502592785        7.8684802648
        358        1.6086903655        1.6089164979        0.1621998133        1.2228757550        7.7566129314
        359        1.5861183081        1.5863394491        0.1586405248        1.1959921123        7.6457291808
        360        1.5637309710        1.5639472054        0.1551464914        1.1696024007        7.5358291947
        361        1.5415294160        1.5417408283        0.1517169265        1.1437006477        7.4269136143
        362        1.5195146540        1.5197213284        0.1483510410        1.1182808622        7.3189833905
        363        1.4976876453        1.4978896653        0.1450480438        1.0933370364        7.2120396722
        364        1.4760492969        1.4762467458        0.1418071437        1.0688631573        7.1060837208
        365        1.4546004685        1.4547934289        0.1386275444        1.0448531845        7.0011168512
        366        1.4333419685        1.4335305225        0.1355084489        1.0213010726        6.8971403472
        367        1.4122745509        1.4124587801        0.1324490623        0.9982007822        6.7941554357
        368        1.3913989196        1.3915789049        0.1294485885        0.9755462676        6.6921632745
        369        1.3707157275        1.3708915494        0.1265062309        0.9533314814        6.5911649019
        370        1.3502255766        1.3503973149        0.1236211931        0.9315503794        6.4911612142
        371        1.3299290179        1.3300967517        0.1207926797        0.9101969222        6.3921529521
        372        1.3098265516        1.3099903593        0.1180198959        0.8892650785        6.2941406884
        373        1.2899186270        1.2900785864        0.1153020484        0.8687488272        6.1971248174
        374        1.2702056432        1.2703618314        0.1126383456        0.8486421603        6.1011055469
        375        1.2506879489        1.2508404422        0.1100279977        0.8289390841        6.0060828930
        376        1.2313658429        1.2315147169        0.1074702170        0.8096336228        5.9120566749
        377        1.2122395745        1.2123849038        0.1049642187        0.7907198200        5.8190265125
        378        1.1933093432        1.1934512020        0.1025092205        0.7721917411        5.7269918242
        379        1.1745770065        1.1747154685        0.1001027580        0.7540442670        5.6222703834
        380        1.1560411653        1.1561763030        0.0977454213        0.7362705780        5.5163347244
        381        1.1376999800        1.1378318644        0.0954382977        0.7188642197        5.4239069820
        382        1.1195547807        1.1196834824        0.0931794263        0.7018208273        5.3349537549
        383        1.1016058176        1.1017314064        0.0909677769        0.6851352485        5.2476697846
        384        1.0838530651        1.0839756100        0.0888025335        0.6688002041        5.1616036634
        385        1.0662964013        1.0664159706        0.0866829299        0.6528099969        5.0766287721
        386        1.0489356500        1.0490523107        0.0846082121        0.6371589510        4.9927018485
        387        1.0317705877        1.0318844063        0.0825776326        0.6218414240        4.9098023559
        388        1.0148009447        1.0149119864        0.0805904509        0.6068518161        4.8279168798
        389        0.9980264046        0.9981347340        0.0786459341        0.5921845767        4.7470349064
        390        0.9814466163        0.9815522971        0.0767433465        0.5778341612        4.6671475172
        391        0.9650611767        0.9651642714        0.0748819675        0.5637951092        4.5882468116
        392        0.9488696421        0.9489702125        0.0730610807        0.5500619964        4.5103256990
        393        0.9328715280        0.9329696348        0.0712799753        0.5366294435        4.4333776604
        394        0.9170663089        0.9171620120        0.0695379470        0.5234921198        4.3573965944
        395        0.9014537174        0.9015470757        0.0678340028        0.5106450745        4.2797389974
        396        0.8860329996        0.8861240710        0.0661675991        0.4980827474        4.2019933130
        397        0.8708030291        0.8708918704        0.0645385300        0.4857995827        4.1281724608
        398        0.8557633485        0.8558500159        0.0629458960        0.4737909343        4.0558787713
        399        0.8409133328        0.8409978813        0.0613889341        0.4620515892        3.9846798331
        400        0.8262522412        0.8263347250        0.0598669669        0.4505765497        3.9144641180
        401        0.8117792814        0.8118597535        0.0583793403        0.4393608736        3.8451972477
        402        0.7974947252        0.7975732381        0.0569243176        0.4284002169        3.7679340345
        403        0.7833966171        0.7834732221        0.0555023444        0.4176889207        3.6919859123
        404        0.7694832080        0.7695579552        0.0541136322        0.4072221127        3.6237267969
        405        0.7557542079        0.7558271466        0.0527569209        0.3969954906        3.5577410243
        406        0.7422088275        0.7422800062        0.0514314264        0.3870042374        3.4930338126
        407        0.7288461104        0.7289155766        0.0501365084        0.3772437711        3.4293507249
        408        0.7156650434        0.7157328435        0.0488715613        0.3677095587        3.3666159490
        409        0.7026645814        0.7027307611        0.0476359899        0.3583971127        3.3047997988
        410        0.6898436509        0.6899082550        0.0464292068        0.3493020014        3.2438853268
        411        0.6772011506        0.6772642228        0.0452506333        0.3404198537        3.1838597006
        412        0.6647359517        0.6647975349        0.0440996992        0.3317463589        3.1247118436
        413        0.6524468996        0.6525070359        0.0429758422        0.3232772679        3.0664316852
        414        0.6403328147        0.6403915450        0.0418785085        0.3150083924        3.0090098460
        415        0.6283924929        0.6284498576        0.0408071520        0.3069356056        2.9524374591
        416        0.6166247069        0.6166807452        0.0397612352        0.2990548421        2.8967060467
        417        0.6050282068        0.6050829573        0.0387402285        0.2913620973        2.8418074264
        418        0.5936017211        0.5936552213        0.0377436103        0.2838534286        2.7877336381
        419        0.5823439574        0.5823962442        0.0367708675        0.2765249544        2.7344768871
        420        0.5712536035        0.5713047127        0.0358214946        0.2693728540        2.6820294987
        421        0.5603293279        0.5603792946        0.0348949946        0.2623933680        2.6303838827
        422        0.5495697809        0.5496186394        0.0339908783        0.2555827978        2.5795325062
        423        0.5389735953        0.5390213790        0.0331086644        0.2489375051        2.5294678720
        424        0.5285393873        0.5285861289        0.0322478798        0.2424539126        2.4801825025
        425        0.5182657572        0.5183114886        0.0314080593        0.2361285024        2.4316689273
        426        0.5081512905        0.5081960428        0.0305887455        0.2299578167        2.3839196733
        427        0.4981945583        0.4982383619        0.0297894888        0.2239384570        2.3369272590
        428        0.4883941185        0.4884370028        0.0290098476        0.2180674037        2.2906841890
        429        0.4787485160        0.4787905100        0.0282493878        0.2123415282        2.2451829514
        430        0.4692562831        0.4692974149        0.0275076844        0.2067570865        2.2004160156
        431        0.4599159441        0.4599562410        0.0267843166        0.2013109097        2.1563758380
        432        0.4507260107        0.4507654993        0.0260788737        0.1959998950        2.1130548387
        433        0.4416849846        0.4417236910        0.0253909526        0.1908209959        2.0704454293
        434        0.4327913596        0.4328293090        0.0247201572        0.1857712210        2.0285400074
        435        0.4240436211        0.4240808382        0.0240660987        0.1808476345        1.9873309509
        436        0.4154402475        0.4154767561        0.0234283956        0.1760473558        1.9468106229
        437        0.4069797102        0.4070155337        0.0228066736        0.1713675589        1.9069713731
        438        0.3986604748        0.3986956359        0.0222005657        0.1668054722        1.8678055414
        439        0.3904810017        0.3905155224        0.0216097118        0.1623583771        1.8293054590
        440        0.3824397468        0.3824736485        0.0210337589        0.1580236086        1.7914634514
        441        0.3745351619        0.3745684655        0.0204723609        0.1537985532        1.7542718404
        442        0.3667656956        0.3667984213        0.0199251785        0.1496806498        1.7177229468
        443        0.3591297940        0.3591619615        0.0193918793        0.1456673878        1.6818090930
        444        0.3516259012        0.3516575296        0.0188721373        0.1417563075        1.6465226048
        445        0.3442524599        0.3442835676        0.0183656333        0.1379449986        1.6118558147
        446        0.3370079120        0.3370385171        0.0178720545        0.1342310998        1.5778010637
        447        0.3298906993        0.3299208193        0.0173910945        0.1306122988        1.5443507039
        448        0.3228992640        0.3229289158        0.0169224533        0.1270863305        1.5114971009
        449        0.3160320493        0.3160612493        0.0164658370        0.1236509772        1.4792326360
        450        0.3092875000        0.3093162642        0.0160209581        0.1203040674        1.4475497088
        451        0.3026640628        0.3026924067        0.0155875347        0.1170434757        1.4164407390
        452        0.2961601872        0.2961881257        0.0151652913        0.1138671212        1.3858981687
        453        0.2897743257        0.2898018734        0.0147539580        0.1107729679        1.3559144649
        454        0.2835049345        0.2835321054        0.0143532708        0.1077590231        1.3264821211
        455        0.2773504738        0.2773772816        0.0139629714        0.1048233373        1.2975936595
        456        0.2713094085        0.2713358664        0.0135828070        0.1019640030        1.2692416333
        457        0.2653802085        0.2654063294        0.0132125302        0.0991791547        1.2414186279
        458        0.2595613492        0.2595871454        0.0128518994        0.0964669675        1.2141172633
        459        0.2538513120        0.2538767954        0.0125006779        0.0938256565        1.1873301959
        460        0.2482485845        0.2482737668        0.0121586345        0.0912534771        1.1610501198
        461        0.2427516612        0.2427765535        0.0118255431        0.0887487226        1.1352697693
        462        0.2373590436        0.2373836568        0.0115011824        0.0863097253        1.1099819196
        463        0.2320692409        0.2320935856        0.0111853364        0.0839348544        1.0851793889
        464        0.2268807701        0.2269048564        0.0108777937        0.0816225160        1.0608550399
        465        0.2217921566        0.2218159942        0.0105783480        0.0793711525        1.0370017812
        466        0.2168019342        0.2168255327        0.0102867974        0.0771792419        1.0136125684
        467        0.2119086459        0.2119320144        0.0100029446        0.0750452967        0.9906804062
        468        0.2071108436        0.2071339911        0.0097265971        0.0729678635        0.9681983490
        469        0.2024070893        0.2024300241        0.0094575666        0.0709455229        0.9461595023
        470        0.1977959542        0.1978186847        0.0091956692        0.0689768878        0.9245570240
        471        0.1932760202        0.1932985543        0.0089407252        0.0670606036        0.9033841256
        472        0.1888458794        0.1888682248        0.0086925594        0.0651953475        0.8826340732
        473        0.1845041344        0.1845262986        0.0084510002        0.0633798272        0.8623001883
        474        0.1802493990        0.1802713891        0.0082158804        0.0616127809        0.8423758492
        475        0.1760802981        0.1761021209        0.0079870366        0.0598929771        0.8228544916
        476        0.1719954677        0.1720171300        0.0077643093        0.0582192125        0.8037296098
        477        0.1679935558        0.1680150640        0.0075475427        0.0565903129        0.7849947570
        478        0.1640732218        0.1640945821        0.0073365848        0.0550051322        0.7666435465
        479        0.1602331374        0.1602543557        0.0071312872        0.0534625511        0.7486696525
        480        0.1564719863        0.1564930684        0.0069315050        0.0519614873        0.7310668108
        481        0.1527884645        0.1528094158        0.0067370967        0.0505010725        0.7138288186
        482        0.1491812804        0.1492021065        0.0065479245        0.0490800439        0.6969495364
        483        0.1456491554        0.1456698612        0.0063638535        0.0476973868        0.6804228877
        484        0.1421908232        0.1422114137        0.0061847525        0.0463521117        0.6642428597
        485        0.1388050307        0.1388255107        0.0060104932        0.0450432531        0.6484035037
        486        0.1354905378        0.1355109118        0.0058409505        0.0437698684        0.6328989359
        487        0.1322461174        0.1322663899        0.0056760023        0.0425310387        0.6177233372
        488        0.1290705556        0.1290907308        0.0055155295        0.0413258673        0.6028709539
        489        0.1259626520        0.1259827340        0.0053594161        0.0401534794        0.5883360982
        490        0.1229212195        0.1229412122        0.0052075486        0.0390130217        0.5741131480
        491        0.1199450844        0.1199649917        0.0050598167        0.0379036621        0.5601965471
        492        0.1170330868        0.1170529121        0.0049161124        0.0368245890        0.5465808062
        493        0.1141840799        0.1142038269        0.0047763306        0.0357750108        0.5332605020
        494        0.1113969311        0.1114166030        0.0046403689        0.0347541555        0.5202302782
        495        0.1086705211        0.1086901211        0.0045081273        0.0337612703        0.5074848448
        496        0.1060037445        0.1060232758        0.0043795082        0.0327956214        0.4950189789
        497        0.1033955095        0.1034149751        0.0042544167        0.0318564929        0.4828275241
        498        0.1008447382        0.1008641409        0.0041327599        0.0309431872        0.4709053912
        499        0.0983503665        0.0983697090        0.0040144476        0.0300550237        0.4592475573
        500        0.0959113440        0.0959306289        0.0038993917        0.0291913394        0.4478490662
        501        0.0935266339        0.0935458637        0.0037875062        0.0283514876        0.4367050286
        502        0.0911952135        0.0912143907        0.0036787074        0.0275348380        0.4258106216
        503        0.0889160736        0.0889352006        0.0035729137        0.0267407763        0.4151610883
        504        0.0866882189        0.0867072978        0.0034700456        0.0259687036        0.4047517383
        505        0.0845106678        0.0845297007        0.0033700254        0.0252180361        0.3945779467
        506        0.0823824522        0.0824014412        0.0032727777        0.0244882049        0.3846351550
        507        0.0803026177        0.0803215649        0.0031782287        0.0237786556        0.3749188695
        508        0.0782702237        0.0782891308        0.0030863066        0.0230888478        0.3654246620
        509        0.0762843430        0.0763032118        0.0029969414        0.0224182551        0.3561481692
        510        0.0743440617        0.0743628940        0.0029100650        0.0217663639        0.3470850923
        511        0.0724484797        0.0724672771        0.0028256110        0.0211326745        0.3382311970
        512        0.0705967100        0.0706154742        0.0027435145        0.0205166994        0.3295823128
        513        0.0687878790        0.0688066114        0.0026637125        0.0199179641        0.3211343326
        514        0.0670211264        0.0670398286        0.0025861434        0.0193360057        0.3128832126
        515        0.0652956050        0.0653142783        0.0025107475        0.0187703735        0.3048249717
        516        0.0636104807        0.0636291264        0.0024374662        0.0182206286        0.2969556913
        517        0.0619649324        0.0619835518        0.0023662428        0.0176863430        0.2892715147
        518        0.0603581519        0.0603767462        0.0022970219        0.0171671001        0.2817686464
        519        0.0587893438        0.0588079141        0.0022297495        0.0166624936        0.2744433520
        520        0.0572577255        0.0572762730        0.0021643729        0.0161721282        0.2672919579
        521        0.0557625270        0.0557810528        0.0021008411        0.0156956185        0.2603108502
        522        0.0543029910        0.0543214960        0.0020391041        0.0152325892        0.2534964746
        523        0.0528783723        0.0528968576        0.0019791132        0.0147826750        0.2468453359
        524        0.0514879383        0.0515064048        0.0019208213        0.0143455194        0.2403539973
        525        0.0501309686        0.0501494172        0.0018641821        0.0139207760        0.2340190800
        526        0.0488067549        0.0488251864        0.0018091507        0.0135081069        0.2278372627
        527        0.0475146009        0.0475330161        0.0017556835        0.0131071831        0.2218052808
        528        0.0462538221        0.0462722219        0.0017037377        0.0127176841        0.2159199260
        529        0.0450237460        0.0450421311        0.0016532720        0.0123392982        0.2101780460
        530        0.0438237117        0.0438420827        0.0016042459        0.0119717213        0.2045765431
        531        0.0426530697        0.0426714273        0.0015566201        0.0116146578        0.1991123750
        532        0.0415111820        0.0415295269        0.0015103562        0.0112678194        0.1937825526
        533        0.0403974220        0.0404157549        0.0014654169        0.0109309255        0.1885841406
        534        0.0393111743        0.0393294957        0.0014217660        0.0106037031        0.1835142564
        535        0.0382518345        0.0382701449        0.0013793680        0.0102858862        0.1785700697
        536        0.0372188090        0.0372371090        0.0013381885        0.0099772155        0.1737488015
        537        0.0362115152        0.0362298053        0.0012981939        0.0096774394        0.1690477240
        538        0.0352293812        0.0352476618        0.0012593516        0.0093863119        0.1644641598
        539        0.0342718455        0.0342901172        0.0012216297        0.0091035942        0.1599954810
        540        0.0333383571        0.0333566203        0.0011849975        0.0088290537        0.1556391089
        541        0.0324283754        0.0324466306        0.0011494246        0.0085624637        0.1513925136
        542        0.0315413699        0.0315596174        0.0011148817        0.0083036038        0.1472532127
        543        0.0306768201        0.0306950603        0.0010813404        0.0080522594        0.1432187710
        544        0.0298342154        0.0298524486        0.0010487728        0.0078082431        0.1392868003
        545        0.0290130551        0.0290312818        0.0010171517        0.0075713390        0.1354549581
        546        0.0282128481        0.0282310685        0.0009864510        0.0073413376        0.1317209472
        547        0.0274331127        0.0274513271        0.0009566449        0.0071180464        0.1280825156
        548        0.0266733768        0.0266915855        0.0009277085        0.0069012778        0.1245374548
        549        0.0259331773        0.0259513807        0.0008996175        0.0066908498        0.1210836004
        550        0.0252120605        0.0252302588        0.0008723482        0.0064865843        0.1177188304
        551        0.0245095815        0.0245277750        0.0008458777        0.0062883090        0.1144410652
        552        0.0238253044        0.0238434934        0.0008201834        0.0060958554        0.1112482669
        553        0.0231588020        0.0231769866        0.0007952438        0.0059090600        0.1081384386
        554        0.0225096557        0.0225278362        0.0007710374        0.0057277637        0.1051096237
        555        0.0218774553        0.0218956318        0.0007475437        0.0055518113        0.1021599055
        556        0.0212617990        0.0212799719        0.0007247427        0.0053810522        0.0992874064
        557        0.0206622933        0.0206804627        0.0007026147        0.0052153394        0.0964902874
        558        0.0200785528        0.0200967189        0.0006811407        0.0050545305        0.0937667475
        559        0.0195102000        0.0195283629        0.0006603023        0.0048984863        0.0911150228
        560        0.0189568652        0.0189750251        0.0006400814        0.0047470718        0.0885333867
        561        0.0184181865        0.0184363435        0.0006204605        0.0046001554        0.0860201481
        562        0.0178938096        0.0179119639        0.0006014225        0.0044576095        0.0835736521
        563        0.0173833877        0.0174015394        0.0005829510        0.0043193091        0.0811922785
        564        0.0168865811        0.0169047305        0.0005650297        0.0041851337        0.0788744414
        565        0.0164030578        0.0164212048        0.0005476430        0.0040549651        0.0766185890
        566        0.0159324924        0.0159506373        0.0005307756        0.0039286890        0.0744232027
        567        0.0154745668        0.0154927096        0.0005144126        0.0038061939        0.0722867965
        568        0.0150289697        0.0150471106        0.0004985397        0.0036873714        0.0702079167
        569        0.0145953965        0.0146135356        0.0004831427        0.0035721161        0.0681851410
        570        0.0141735493        0.0141916866        0.0004682080        0.0034603255        0.0662170783
        571        0.0137631366        0.0137812723        0.0004537224        0.0033518997        0.0643023678
        572        0.0133638735        0.0133820076        0.0004396728        0.0032467420        0.0624396790
        573        0.0129754812        0.0129936138        0.0004260467        0.0031447578        0.0606277106
        574        0.0125976871        0.0126158183        0.0004128319        0.0030458555        0.0588651900
        575        0.0122302248        0.0122483547        0.0004000166        0.0029499461        0.0571508733
        576        0.0118728337        0.0118909624        0.0003875890        0.0028569426        0.0554835442
        577        0.0115252592        0.0115433867        0.0003755381        0.0027667608        0.0538620139
        578        0.0111872522        0.0112053786        0.0003638528        0.0026793186        0.0522851203
        579        0.0108585695        0.0108766948        0.0003525226        0.0025945365        0.0507517278
        580        0.0105389732        0.0105570976        0.0003415371        0.0025123367        0.0492607263
        581        0.0102282311        0.0102463545        0.0003308863        0.0024326441        0.0478110314
        582        0.0099261160        0.0099442384        0.0003205603        0.0023553853        0.0464015834
