 Time step information and convergence control
 =============================================

#     Step      Number of         Number of         Time Step         Begin Step
#              Outer Its.  Inner Iterations          Size (s)                (s)



                         new time domain reached

   minimum   maximum    time      long      short   graphics    dump
    time      time     domain     edit      edit      edit
    step      step       end    interval  interval  interval  interval

  1.000E-05 1.000E-02 1.000E+10 1.000E+10 0.000E+00 0.000E+00 1.000E+01


 time step ratio      =  1.000E+03

         1              1                 1     0.1000000E-04      0.0000000E+00  0.8663516E-01  0.1861453E-06  0.0000000E+00  0.4545508E+00
         2              1                 1     0.1200000E-04      0.1200000E-04  0.8663596E-01  0.1691817E-06  0.0000000E+00  0.4546722E+00
         3              1                 1     0.1440000E-04      0.2640000E-04  0.8663693E-01  0.1376809E-06  0.0000000E+00  0.4549104E+00
         4              1                 1     0.1728000E-04      0.4368000E-04  0.8663809E-01  0.1101386E-06  0.0000000E+00  0.4553267E+00
         5              1                 1     0.2073600E-04      0.6441600E-04  0.8663948E-01  0.2269161E-06  0.0000000E+00  0.4559985E+00
         6              1                 1     0.2488320E-04      0.8929920E-04  0.8664114E-01  0.5375081E-06  0.0000000E+00  0.4570202E+00
         7              1                 1     0.2985984E-04      0.1191590E-03  0.8664301E-01  0.1224919E-05  0.0000000E+00  0.4585032E+00
         8              1                 1     0.3583181E-04      0.1549908E-03  0.8664505E-01  0.2387686E-05  0.0000000E+00  0.4605752E+00
         9              1                 1     0.4299817E-04      0.1979890E-03  0.8664716E-01  0.4267019E-05  0.0000000E+00  0.4633778E+00
        10              1                 1     0.5159780E-04      0.2495868E-03  0.8664903E-01  0.7182784E-05  0.0000000E+00  0.4670630E+00
        11              1                 1     0.6191736E-04      0.3115042E-03  0.8665005E-01  0.1153540E-04  0.0000000E+00  0.4717883E+00
        12              1                 1     0.7430084E-04      0.3858050E-03  0.8664915E-01  0.1780234E-04  0.0000000E+00  0.4777120E+00
        13              1                 1     0.8916100E-04      0.4749660E-03  0.8664458E-01  0.2640045E-04  0.0000000E+00  0.4849879E+00
        14              1                 1     0.1069932E-03      0.5819592E-03  0.8663376E-01  0.3777219E-04  0.0000000E+00  0.4937622E+00
        15              1                 1     0.1283918E-03      0.7103511E-03  0.8661311E-01  0.5320770E-04  0.0000000E+00  0.5041711E+00
        16              1                 1     0.1540702E-03      0.8644213E-03  0.8657786E-01  0.7519945E-04  0.0000000E+00  0.5163396E+00
        17              1                 0     0.1848843E-03      0.1049306E-02  0.8652170E-01  0.0000000E+00  0.0000000E+00  0.5303800E+00
        18              1                 0     0.2218611E-03      0.1271167E-02  0.8643613E-01  0.0000000E+00  0.0000000E+00  0.5463888E+00
        19              1                 0     0.2662333E-03      0.1537400E-02  0.8630978E-01  0.0000000E+00  0.0000000E+00  0.5644399E+00
        20              1                 0     0.3194800E-03      0.1856880E-02  0.8612766E-01  0.0000000E+00  0.0000000E+00  0.5845730E+00
        21              1                 0     0.3833760E-03      0.2240256E-02  0.8587061E-01  0.0000000E+00  0.0000000E+00  0.6067763E+00
        22              1                 0     0.4600512E-03      0.2700307E-02  0.8551454E-01  0.0000000E+00  0.0000000E+00  0.6309656E+00
        23              1                 0     0.5520614E-03      0.3252369E-02  0.8502940E-01  0.0000000E+00  0.0000000E+00  0.6569604E+00
        24              1                 0     0.6624737E-03      0.3914842E-02  0.8437698E-01  0.0000000E+00  0.0000000E+00  0.6844651E+00
        25              1                 0     0.7949685E-03      0.4709811E-02  0.8350865E-01  0.0000000E+00  0.0000000E+00  0.7130582E+00
        26              1                 0     0.9539622E-03      0.5663773E-02  0.8237122E-01  0.0000000E+00  0.0000000E+00  0.7421990E+00
        27              1                 0     0.1144755E-02      0.6808528E-02  0.8093581E-01  0.0000000E+00  0.0000000E+00  0.7712545E+00
        28              1                 0     0.1201992E-02      0.8010520E-02  0.7946248E-01  0.0000000E+00  0.0000000E+00  0.7962054E+00
        29              1                 0     0.1262092E-02      0.9272612E-02  0.7814121E-01  0.0000000E+00  0.0000000E+00  0.8177964E+00
        30              1                 0     0.1325197E-02      0.1059781E-01  0.7714136E-01  0.0000000E+00  0.0000000E+00  0.8365665E+00
        31              1                 0     0.1391456E-02      0.1198926E-01  0.7659843E-01  0.0000000E+00  0.0000000E+00  0.8529340E+00
        32              1                 0     0.1461029E-02      0.1345029E-01  0.7657572E-01  0.0000000E+00  0.0000000E+00  0.8672384E+00
        33              1                 0     0.1534081E-02      0.1498437E-01  0.7704525E-01  0.0000000E+00  0.0000000E+00  0.8797642E+00
        34              1                 0     0.1610785E-02      0.1659516E-01  0.7788520E-01  0.0000000E+00  0.0000000E+00  0.8907544E+00
        35              1                 0     0.1691324E-02      0.1828648E-01  0.7889095E-01  0.0000000E+00  0.0000000E+00  0.9004198E+00
        36              1                 0     0.1775890E-02      0.2006237E-01  0.7980774E-01  0.0000000E+00  0.0000000E+00  0.9089445E+00
        37              1                 0     0.1864685E-02      0.2192706E-01  0.8039588E-01  0.0000000E+00  0.0000000E+00  0.9164897E+00
        38              1                 0     0.1957919E-02      0.2388498E-01  0.8051668E-01  0.0000000E+00  0.0000000E+00  0.9231953E+00
        39              1                 0     0.2055815E-02      0.2594079E-01  0.8019476E-01  0.0000000E+00  0.0000000E+00  0.9291818E+00
        40              1                 0     0.2158606E-02      0.2809940E-01  0.7960929E-01  0.0000000E+00  0.0000000E+00  0.9345506E+00
        41              1                 1     0.2266536E-02      0.3036593E-01  0.7901153E-01  0.8610253E-04  0.0000000E+00  0.9393858E+00
        42              1                 0     0.2379863E-02      0.3274580E-01  0.7861602E-01  0.0000000E+00  0.0000000E+00  0.9437565E+00
        43              1                 0     0.2498856E-02      0.3524465E-01  0.7852035E-01  0.0000000E+00  0.0000000E+00  0.9477192E+00
        44              1                 0     0.2623799E-02      0.3786845E-01  0.7868264E-01  0.0000000E+00  0.0000000E+00  0.9513212E+00
        45              1                 0     0.2754988E-02      0.4062344E-01  0.7896004E-01  0.0000000E+00  0.0000000E+00  0.9546034E+00
        46              1                 0     0.2892738E-02      0.4351618E-01  0.7919063E-01  0.0000000E+00  0.0000000E+00  0.9576015E+00
        47              1                 0     0.3037375E-02      0.4655355E-01  0.7927833E-01  0.0000000E+00  0.0000000E+00  0.9603475E+00
        48              1                 0     0.3189243E-02      0.4974279E-01  0.7922990E-01  0.0000000E+00  0.0000000E+00  0.9628694E+00
        49              1                 1     0.3348706E-02      0.5309150E-01  0.7912361E-01  0.6888647E-04  0.0000000E+00  0.9651913E+00
        50              1                 1     0.3516141E-02      0.5660764E-01  0.7904126E-01  0.5512569E-04  0.0000000E+00  0.9673341E+00
        51              1                 1     0.3691948E-02      0.6029959E-01  0.7901772E-01  0.9346041E-04  0.0000000E+00  0.9693154E+00
        52              1                 1     0.3876545E-02      0.6417613E-01  0.7903713E-01  0.6236342E-04  0.0000000E+00  0.9711506E+00
        53              1                 1     0.4070373E-02      0.6824651E-01  0.7906379E-01  0.1392549E-04  0.0000000E+00  0.9728531E+00
        54              1                 1     0.4273891E-02      0.7252040E-01  0.7907460E-01  0.2330097E-04  0.0000000E+00  0.9744351E+00
        55              1                 1     0.4487586E-02      0.7700798E-01  0.7906902E-01  0.1995517E-04  0.0000000E+00  0.9759071E+00
        56              1                 1     0.4711965E-02      0.8171995E-01  0.7905812E-01  0.8814685E-05  0.0000000E+00  0.9772788E+00
        57              1                 1     0.4947563E-02      0.8666751E-01  0.7905031E-01  0.1934889E-04  0.0000000E+00  0.9785585E+00
        58              1                 1     0.5194942E-02      0.9186245E-01  0.7904653E-01  0.2160015E-04  0.0000000E+00  0.9797539E+00
        59              1                 1     0.5454689E-02      0.9731714E-01  0.7904393E-01  0.2077479E-04  0.0000000E+00  0.9808718E+00
        60              1                 1     0.5727423E-02      0.1030446E+00  0.7904047E-01  0.2148559E-04  0.0000000E+00  0.9819182E+00
        61              1                 1     0.6013794E-02      0.1090584E+00  0.7903599E-01  0.2439107E-04  0.0000000E+00  0.9828987E+00
        62              1                 1     0.6314484E-02      0.1153728E+00  0.7903109E-01  0.2820025E-04  0.0000000E+00  0.9838182E+00
        63              1                 1     0.6630208E-02      0.1220031E+00  0.7902610E-01  0.3208197E-04  0.0000000E+00  0.9846813E+00
        64              1                 1     0.6961719E-02      0.1289648E+00  0.7902097E-01  0.3608943E-04  0.0000000E+00  0.9854921E+00
        65              1                 1     0.7309804E-02      0.1362746E+00  0.7901560E-01  0.4051788E-04  0.0000000E+00  0.9862542E+00
        66              1                 1     0.7675295E-02      0.1439499E+00  0.7900994E-01  0.4550302E-04  0.0000000E+00  0.9869713E+00
        67              1                 1     0.8059059E-02      0.1520089E+00  0.7900399E-01  0.5105747E-04  0.0000000E+00  0.9876462E+00
        68              1                 1     0.8462012E-02      0.1604709E+00  0.7899774E-01  0.5719224E-04  0.0000000E+00  0.9882820E+00
        69              1                 1     0.8885113E-02      0.1693561E+00  0.7899119E-01  0.6394584E-04  0.0000000E+00  0.9888813E+00
        70              1                 1     0.9329369E-02      0.1786854E+00  0.7898431E-01  0.7136392E-04  0.0000000E+00  0.9894464E+00
        71              1                 1     0.9795837E-02      0.1884813E+00  0.7897709E-01  0.7948663E-04  0.0000000E+00  0.9899796E+00
        72              1                 0     0.1000000E-01      0.1984813E+00  0.7896917E-01  0.0000000E+00  0.0000000E+00  0.9904693E+00
        73              1                 1     0.1000000E-01      0.2084813E+00  0.7896173E-01  0.9489716E-04  0.0000000E+00  0.9909118E+00
        74              1                 1     0.1000000E-01      0.2184813E+00  0.7895464E-01  0.7847243E-04  0.0000000E+00  0.9913137E+00
        75              1                 1     0.1000000E-01      0.2284813E+00  0.7894717E-01  0.7480147E-04  0.0000000E+00  0.9916805E+00
        76              1                 1     0.1000000E-01      0.2384813E+00  0.7893962E-01  0.7180810E-04  0.0000000E+00  0.9920166E+00
        77              1                 1     0.1000000E-01      0.2484813E+00  0.7893212E-01  0.6879321E-04  0.0000000E+00  0.9923256E+00
        78              1                 1     0.1000000E-01      0.2584813E+00  0.7892464E-01  0.6583088E-04  0.0000000E+00  0.9926108E+00
        79              1                 1     0.1000000E-01      0.2684813E+00  0.7891712E-01  0.6296499E-04  0.0000000E+00  0.9928749E+00
        80              1                 1     0.1000000E-01      0.2784813E+00  0.7890965E-01  0.6026211E-04  0.0000000E+00  0.9931201E+00
        81              1                 1     0.1000000E-01      0.2884813E+00  0.7890221E-01  0.5764184E-04  0.0000000E+00  0.9933483E+00
        82              1                 1     0.1000000E-01      0.2984813E+00  0.7889479E-01  0.5511842E-04  0.0000000E+00  0.9935612E+00
        83              1                 1     0.1000000E-01      0.3084813E+00  0.7888737E-01  0.5270420E-04  0.0000000E+00  0.9937604E+00
        84              1                 1     0.1000000E-01      0.3184813E+00  0.7887996E-01  0.5039124E-04  0.0000000E+00  0.9939471E+00
        85              1                 1     0.1000000E-01      0.3284813E+00  0.7887257E-01  0.4817273E-04  0.0000000E+00  0.9941224E+00
        86              1                 1     0.1000000E-01      0.3384813E+00  0.7886518E-01  0.4604489E-04  0.0000000E+00  0.9942874E+00
        87              1                 1     0.1000000E-01      0.3484813E+00  0.7885781E-01  0.4400835E-04  0.0000000E+00  0.9944430E+00
        88              1                 1     0.1000000E-01      0.3584813E+00  0.7885045E-01  0.4205551E-04  0.0000000E+00  0.9945899E+00
        89              1                 1     0.1000000E-01      0.3684813E+00  0.7884311E-01  0.4018475E-04  0.0000000E+00  0.9947289E+00
        90              1                 1     0.1000000E-01      0.3784813E+00  0.7883577E-01  0.3839410E-04  0.0000000E+00  0.9948605E+00
        91              1                 1     0.1000000E-01      0.3884813E+00  0.7882845E-01  0.3668009E-04  0.0000000E+00  0.9949854E+00
        92              1                 1     0.1000000E-01      0.3984813E+00  0.7882114E-01  0.3503969E-04  0.0000000E+00  0.9951040E+00
        93              1                 1     0.1000000E-01      0.4084813E+00  0.7881385E-01  0.3347021E-04  0.0000000E+00  0.9952169E+00
        94              1                 1     0.1000000E-01      0.4184813E+00  0.7880657E-01  0.3196891E-04  0.0000000E+00  0.9953243E+00
        95              1                 1     0.1000000E-01      0.4284813E+00  0.7879929E-01  0.3076976E-04  0.0000000E+00  0.9954268E+00
        96              1                 1     0.1000000E-01      0.4384813E+00  0.7879204E-01  0.3084098E-04  0.0000000E+00  0.9955246E+00
        97              1                 1     0.1000000E-01      0.4484813E+00  0.7878479E-01  0.3087176E-04  0.0000000E+00  0.9956181E+00
        98              1                 1     0.1000000E-01      0.4584813E+00  0.7877756E-01  0.3086374E-04  0.0000000E+00  0.9957075E+00
        99              1                 1     0.1000000E-01      0.4684813E+00  0.7877034E-01  0.3081865E-04  0.0000000E+00  0.9957932E+00
       100              1                 1     0.1000000E-01      0.4784813E+00  0.7876313E-01  0.3073816E-04  0.0000000E+00  0.9958752E+00
       101              1                 1     0.1000000E-01      0.4884813E+00  0.7875593E-01  0.3062404E-04  0.0000000E+00  0.9959539E+00
       102              1                 1     0.1000000E-01      0.4984813E+00  0.7874875E-01  0.3047796E-04  0.0000000E+00  0.9960295E+00
       103              1                 1     0.1000000E-01      0.5084813E+00  0.7874158E-01  0.3030174E-04  0.0000000E+00  0.9961021E+00
       104              1                 1     0.1000000E-01      0.5184813E+00  0.7873443E-01  0.3009703E-04  0.0000000E+00  0.9961720E+00
       105              1                 1     0.1000000E-01      0.5284813E+00  0.7872729E-01  0.2986565E-04  0.0000000E+00  0.9962392E+00
       106              1                 1     0.1000000E-01      0.5384813E+00  0.7872016E-01  0.2960916E-04  0.0000000E+00  0.9963039E+00
       107              1                 1     0.1000000E-01      0.5484813E+00  0.7871304E-01  0.2932932E-04  0.0000000E+00  0.9963663E+00
       108              1                 1     0.1000000E-01      0.5584813E+00  0.7870594E-01  0.2902773E-04  0.0000000E+00  0.9964265E+00
       109              1                 1     0.1000000E-01      0.5684813E+00  0.7869885E-01  0.2870602E-04  0.0000000E+00  0.9964845E+00
       110              1                 1     0.1000000E-01      0.5784813E+00  0.7869177E-01  0.2836571E-04  0.0000000E+00  0.9965406E+00
       111              1                 1     0.1000000E-01      0.5884813E+00  0.7868471E-01  0.2800836E-04  0.0000000E+00  0.9965948E+00
       112              1                 1     0.1000000E-01      0.5984813E+00  0.7867766E-01  0.2763540E-04  0.0000000E+00  0.9966472E+00
       113              1                 1     0.1000000E-01      0.6084813E+00  0.7867062E-01  0.2724911E-04  0.0000000E+00  0.9966979E+00
       114              1                 1     0.1000000E-01      0.6184813E+00  0.7866360E-01  0.2728158E-04  0.0000000E+00  0.9967469E+00
       115              1                 1     0.1000000E-01      0.6284813E+00  0.7865659E-01  0.2728851E-04  0.0000000E+00  0.9967944E+00
       116              1                 1     0.1000000E-01      0.6384813E+00  0.7864960E-01  0.2727060E-04  0.0000000E+00  0.9968404E+00
       117              1                 1     0.1000000E-01      0.6484813E+00  0.7864262E-01  0.2722874E-04  0.0000000E+00  0.9968851E+00
       118              1                 1     0.1000000E-01      0.6584813E+00  0.7863565E-01  0.2716368E-04  0.0000000E+00  0.9969284E+00
       119              1                 1     0.1000000E-01      0.6684813E+00  0.7862870E-01  0.2707634E-04  0.0000000E+00  0.9969704E+00
       120              1                 1     0.1000000E-01      0.6784813E+00  0.7862170E-01  0.2695278E-04  0.0000000E+00  0.9970112E+00
       121              1                 1     0.1000000E-01      0.6884813E+00  0.7861478E-01  0.2684774E-04  0.0000000E+00  0.9970509E+00
       122              1                 1     0.1000000E-01      0.6984813E+00  0.7860787E-01  0.2669495E-04  0.0000000E+00  0.9970894E+00
       123              1                 1     0.1000000E-01      0.7084813E+00  0.7860098E-01  0.2651789E-04  0.0000000E+00  0.9971269E+00
       124              1                 1     0.1000000E-01      0.7184813E+00  0.7859410E-01  0.2633716E-04  0.0000000E+00  0.9971633E+00
       125              1                 1     0.1000000E-01      0.7284813E+00  0.7858723E-01  0.2613362E-04  0.0000000E+00  0.9971987E+00
       126              1                 1     0.1000000E-01      0.7384813E+00  0.7858038E-01  0.2591532E-04  0.0000000E+00  0.9972332E+00
       127              1                 1     0.1000000E-01      0.7484813E+00  0.7857354E-01  0.2568223E-04  0.0000000E+00  0.9972668E+00
       128              1                 1     0.1000000E-01      0.7584813E+00  0.7856671E-01  0.2543420E-04  0.0000000E+00  0.9972995E+00
       129              1                 1     0.1000000E-01      0.7684813E+00  0.7855990E-01  0.2517466E-04  0.0000000E+00  0.9973314E+00
       130              1                 1     0.1000000E-01      0.7784813E+00  0.7855311E-01  0.2490258E-04  0.0000000E+00  0.9973624E+00
       131              1                 1     0.1000000E-01      0.7884813E+00  0.7854633E-01  0.2488846E-04  0.0000000E+00  0.9973927E+00
       132              1                 1     0.1000000E-01      0.7984813E+00  0.7853956E-01  0.2489822E-04  0.0000000E+00  0.9974223E+00
       133              1                 1     0.1000000E-01      0.8084813E+00  0.7853281E-01  0.2489091E-04  0.0000000E+00  0.9974511E+00
       134              1                 1     0.1000000E-01      0.8184813E+00  0.7852607E-01  0.2486608E-04  0.0000000E+00  0.9974792E+00
       135              1                 1     0.1000000E-01      0.8284813E+00  0.7851935E-01  0.2483094E-04  0.0000000E+00  0.9975067E+00
       136              1                 1     0.1000000E-01      0.8384813E+00  0.7851265E-01  0.2478654E-04  0.0000000E+00  0.9975335E+00
       137              1                 1     0.1000000E-01      0.8484813E+00  0.7850596E-01  0.2471078E-04  0.0000000E+00  0.9975597E+00
       138              1                 1     0.1000000E-01      0.8584813E+00  0.7849929E-01  0.2461942E-04  0.0000000E+00  0.9975853E+00
       139              1                 1     0.1000000E-01      0.8684813E+00  0.7849263E-01  0.2451288E-04  0.0000000E+00  0.9976103E+00
       140              1                 1     0.1000000E-01      0.8784813E+00  0.7848598E-01  0.2439174E-04  0.0000000E+00  0.9976347E+00
       141              1                 1     0.1000000E-01      0.8884813E+00  0.7847935E-01  0.2425658E-04  0.0000000E+00  0.9976586E+00
       142              1                 1     0.1000000E-01      0.8984813E+00  0.7847274E-01  0.2410792E-04  0.0000000E+00  0.9976820E+00
       143              1                 1     0.1000000E-01      0.9084813E+00  0.7846615E-01  0.2394638E-04  0.0000000E+00  0.9977049E+00
       144              1                 1     0.1000000E-01      0.9184813E+00  0.7845956E-01  0.2377254E-04  0.0000000E+00  0.9977273E+00
       145              1                 1     0.1000000E-01      0.9284813E+00  0.7845300E-01  0.2358696E-04  0.0000000E+00  0.9977492E+00
       146              1                 1     0.1000000E-01      0.9384813E+00  0.7844645E-01  0.2339025E-04  0.0000000E+00  0.9977707E+00
       147              1                 1     0.1000000E-01      0.9484813E+00  0.7843992E-01  0.2319632E-04  0.0000000E+00  0.9977917E+00
       148              1                 1     0.1000000E-01      0.9584813E+00  0.7843340E-01  0.2322152E-04  0.0000000E+00  0.9978123E+00
       149              1                 1     0.1000000E-01      0.9684813E+00  0.7842690E-01  0.2323217E-04  0.0000000E+00  0.9978325E+00
       150              1                 1     0.1000000E-01      0.9784813E+00  0.7842041E-01  0.2322868E-04  0.0000000E+00  0.9978522E+00
       151              1                 1     0.1000000E-01      0.9884813E+00  0.7841394E-01  0.2321123E-04  0.0000000E+00  0.9978716E+00
       152              1                 1     0.1000000E-01      0.9984813E+00  0.7840749E-01  0.2318018E-04  0.0000000E+00  0.9978906E+00
       153              1                 1     0.1000000E-01      0.1008481E+01  0.7840106E-01  0.2313585E-04  0.0000000E+00  0.9979093E+00
       154              1                 1     0.1000000E-01      0.1018481E+01  0.7839464E-01  0.2307858E-04  0.0000000E+00  0.9979275E+00
       155              1                 1     0.1000000E-01      0.1028481E+01  0.7838823E-01  0.2300868E-04  0.0000000E+00  0.9979455E+00
       156              1                 1     0.1000000E-01      0.1038481E+01  0.7838185E-01  0.2292623E-04  0.0000000E+00  0.9979631E+00
       157              1                 1     0.1000000E-01      0.1048481E+01  0.7837548E-01  0.2283294E-04  0.0000000E+00  0.9979803E+00
       158              1                 1     0.1000000E-01      0.1058481E+01  0.7836913E-01  0.2272730E-04  0.0000000E+00  0.9979973E+00
       159              1                 1     0.1000000E-01      0.1068481E+01  0.7836279E-01  0.2261060E-04  0.0000000E+00  0.9980139E+00
       160              1                 1     0.1000000E-01      0.1078481E+01  0.7835644E-01  0.2247797E-04  0.0000000E+00  0.9980303E+00
       161              1                 1     0.1000000E-01      0.1088481E+01  0.7835012E-01  0.2234307E-04  0.0000000E+00  0.9980463E+00
       162              1                 1     0.1000000E-01      0.1098481E+01  0.7834384E-01  0.2220401E-04  0.0000000E+00  0.9980621E+00
       163              1                 1     0.1000000E-01      0.1108481E+01  0.7833757E-01  0.2204378E-04  0.0000000E+00  0.9980777E+00
       164              1                 1     0.1000000E-01      0.1118481E+01  0.7833132E-01  0.2191987E-04  0.0000000E+00  0.9980929E+00
       165              1                 1     0.1000000E-01      0.1128481E+01  0.7832509E-01  0.2194619E-04  0.0000000E+00  0.9981079E+00
       166              1                 1     0.1000000E-01      0.1138481E+01  0.7831888E-01  0.2195358E-04  0.0000000E+00  0.9981226E+00
       167              1                 1     0.1000000E-01      0.1148481E+01  0.7831268E-01  0.2195103E-04  0.0000000E+00  0.9981371E+00
       168              1                 1     0.1000000E-01      0.1158481E+01  0.7830650E-01  0.2193700E-04  0.0000000E+00  0.9981513E+00
       169              1                 1     0.1000000E-01      0.1168481E+01  0.7830033E-01  0.2191275E-04  0.0000000E+00  0.9981653E+00
       170              1                 1     0.1000000E-01      0.1178481E+01  0.7829419E-01  0.2187913E-04  0.0000000E+00  0.9981791E+00
       171              1                 1     0.1000000E-01      0.1188481E+01  0.7828807E-01  0.2183119E-04  0.0000000E+00  0.9981927E+00
       172              1                 1     0.1000000E-01      0.1198481E+01  0.7828196E-01  0.2176994E-04  0.0000000E+00  0.9982060E+00
       173              1                 1     0.1000000E-01      0.1208481E+01  0.7827587E-01  0.2167630E-04  0.0000000E+00  0.9982191E+00
       174              1                 1     0.1000000E-01      0.1218481E+01  0.7826980E-01  0.2160009E-04  0.0000000E+00  0.9982320E+00
       175              1                 1     0.1000000E-01      0.1228481E+01  0.7826375E-01  0.2151405E-04  0.0000000E+00  0.9982447E+00
       176              1                 1     0.1000000E-01      0.1238481E+01  0.7825771E-01  0.2141865E-04  0.0000000E+00  0.9982572E+00
       177              1                 1     0.1000000E-01      0.1248481E+01  0.7825170E-01  0.2131414E-04  0.0000000E+00  0.9982696E+00
       178              1                 1     0.1000000E-01      0.1258481E+01  0.7824570E-01  0.2120087E-04  0.0000000E+00  0.9982817E+00
       179              1                 1     0.1000000E-01      0.1268481E+01  0.7823972E-01  0.2107913E-04  0.0000000E+00  0.9982936E+00
       180              1                 1     0.1000000E-01      0.1278481E+01  0.7823376E-01  0.2092195E-04  0.0000000E+00  0.9983054E+00
       181              1                 1     0.1000000E-01      0.1288481E+01  0.7822782E-01  0.2091708E-04  0.0000000E+00  0.9983170E+00
       182              1                 1     0.1000000E-01      0.1298481E+01  0.7822190E-01  0.2093576E-04  0.0000000E+00  0.9983284E+00
       183              1                 1     0.1000000E-01      0.1308481E+01  0.7821599E-01  0.2094153E-04  0.0000000E+00  0.9983397E+00
       184              1                 1     0.1000000E-01      0.1318481E+01  0.7821011E-01  0.2093765E-04  0.0000000E+00  0.9983507E+00
       185              1                 1     0.1000000E-01      0.1328481E+01  0.7820425E-01  0.2092542E-04  0.0000000E+00  0.9983617E+00
       186              1                 1     0.1000000E-01      0.1338481E+01  0.7819840E-01  0.2090411E-04  0.0000000E+00  0.9983724E+00
       187              1                 1     0.1000000E-01      0.1348481E+01  0.7819258E-01  0.2087351E-04  0.0000000E+00  0.9983830E+00
       188              1                 1     0.1000000E-01      0.1358481E+01  0.7818677E-01  0.2083381E-04  0.0000000E+00  0.9983935E+00
       189              1                 1     0.1000000E-01      0.1368481E+01  0.7818098E-01  0.2078527E-04  0.0000000E+00  0.9984038E+00
       190              1                 1     0.1000000E-01      0.1378481E+01  0.7817522E-01  0.2072807E-04  0.0000000E+00  0.9984140E+00
       191              1                 1     0.1000000E-01      0.1388481E+01  0.7816947E-01  0.2066235E-04  0.0000000E+00  0.9984240E+00
       192              1                 1     0.1000000E-01      0.1398481E+01  0.7816374E-01  0.2058839E-04  0.0000000E+00  0.9984339E+00
       193              1                 1     0.1000000E-01      0.1408481E+01  0.7815804E-01  0.2050637E-04  0.0000000E+00  0.9984437E+00
       194              1                 1     0.1000000E-01      0.1418481E+01  0.7815235E-01  0.2041651E-04  0.0000000E+00  0.9984533E+00
       195              1                 1     0.1000000E-01      0.1428481E+01  0.7814668E-01  0.2031902E-04  0.0000000E+00  0.9984628E+00
       196              1                 1     0.1000000E-01      0.1438481E+01  0.7814104E-01  0.2021413E-04  0.0000000E+00  0.9984722E+00
       197              1                 1     0.1000000E-01      0.1448481E+01  0.7813541E-01  0.2010212E-04  0.0000000E+00  0.9984815E+00
       198              1                 1     0.1000000E-01      0.1458481E+01  0.7812980E-01  0.2010929E-04  0.0000000E+00  0.9984906E+00
       199              1                 1     0.1000000E-01      0.1468481E+01  0.7812422E-01  0.2012259E-04  0.0000000E+00  0.9984996E+00
       200              1                 1     0.1000000E-01      0.1478481E+01  0.7811863E-01  0.2012452E-04  0.0000000E+00  0.9985086E+00
       201              1                 1     0.1000000E-01      0.1488481E+01  0.7811307E-01  0.2012276E-04  0.0000000E+00  0.9985174E+00
       202              1                 1     0.1000000E-01      0.1498481E+01  0.7810755E-01  0.2011433E-04  0.0000000E+00  0.9985260E+00
       203              1                 1     0.1000000E-01      0.1508481E+01  0.7810205E-01  0.2009378E-04  0.0000000E+00  0.9985346E+00
       204              1                 1     0.1000000E-01      0.1518481E+01  0.7809657E-01  0.2006249E-04  0.0000000E+00  0.9985431E+00
       205              1                 1     0.1000000E-01      0.1528481E+01  0.7809111E-01  0.2003019E-04  0.0000000E+00  0.9985515E+00
       206              1                 1     0.1000000E-01      0.1538481E+01  0.7808567E-01  0.1998560E-04  0.0000000E+00  0.9985597E+00
       207              1                 1     0.1000000E-01      0.1548481E+01  0.7808025E-01  0.1993445E-04  0.0000000E+00  0.9985679E+00
       208              1                 1     0.1000000E-01      0.1558481E+01  0.7807485E-01  0.1987462E-04  0.0000000E+00  0.9985760E+00
       209              1                 1     0.1000000E-01      0.1568481E+01  0.7806948E-01  0.1981283E-04  0.0000000E+00  0.9985840E+00
       210              1                 1     0.1000000E-01      0.1578481E+01  0.7806413E-01  0.1973852E-04  0.0000000E+00  0.9985918E+00
       211              1                 1     0.1000000E-01      0.1588481E+01  0.7805880E-01  0.1965882E-04  0.0000000E+00  0.9985996E+00
       212              1                 1     0.1000000E-01      0.1598481E+01  0.7805349E-01  0.1957282E-04  0.0000000E+00  0.9986073E+00
       213              1                 1     0.1000000E-01      0.1608481E+01  0.7804820E-01  0.1948025E-04  0.0000000E+00  0.9986149E+00
       214              1                 1     0.1000000E-01      0.1618481E+01  0.7804294E-01  0.1939425E-04  0.0000000E+00  0.9986224E+00
       215              1                 1     0.1000000E-01      0.1628481E+01  0.7803770E-01  0.1938567E-04  0.0000000E+00  0.9986299E+00
       216              1                 1     0.1000000E-01      0.1638481E+01  0.7803248E-01  0.1936297E-04  0.0000000E+00  0.9986372E+00
       217              1                 1     0.1000000E-01      0.1648481E+01  0.7802728E-01  0.1948501E-04  0.0000000E+00  0.9986445E+00
       218              1                 1     0.1000000E-01      0.1658481E+01  0.7802210E-01  0.1943201E-04  0.0000000E+00  0.9986516E+00
       219              1                 1     0.1000000E-01      0.1668481E+01  0.7801695E-01  0.1941090E-04  0.0000000E+00  0.9986587E+00
       220              1                 1     0.1000000E-01      0.1678481E+01  0.7801182E-01  0.1938985E-04  0.0000000E+00  0.9986658E+00
       221              1                 1     0.1000000E-01      0.1688481E+01  0.7800672E-01  0.1936348E-04  0.0000000E+00  0.9986727E+00
       222              1                 1     0.1000000E-01      0.1698481E+01  0.7800163E-01  0.1933054E-04  0.0000000E+00  0.9986796E+00
       223              1                 1     0.1000000E-01      0.1708481E+01  0.7799657E-01  0.1929086E-04  0.0000000E+00  0.9986864E+00
       224              1                 1     0.1000000E-01      0.1718481E+01  0.7799154E-01  0.1924453E-04  0.0000000E+00  0.9986931E+00
       225              1                 1     0.1000000E-01      0.1728481E+01  0.7798652E-01  0.1920552E-04  0.0000000E+00  0.9986997E+00
       226              1                 1     0.1000000E-01      0.1738481E+01  0.7798153E-01  0.1915226E-04  0.0000000E+00  0.9987063E+00
       227              1                 1     0.1000000E-01      0.1748481E+01  0.7797656E-01  0.1908630E-04  0.0000000E+00  0.9987128E+00
       228              1                 1     0.1000000E-01      0.1758481E+01  0.7797162E-01  0.1901428E-04  0.0000000E+00  0.9987192E+00
       229              1                 1     0.1000000E-01      0.1768481E+01  0.7796670E-01  0.1893632E-04  0.0000000E+00  0.9987256E+00
       230              1                 1     0.1000000E-01      0.1778481E+01  0.7796180E-01  0.1885247E-04  0.0000000E+00  0.9987319E+00
       231              1                 1     0.1000000E-01      0.1788481E+01  0.7795693E-01  0.1886164E-04  0.0000000E+00  0.9987381E+00
       232              1                 1     0.1000000E-01      0.1798481E+01  0.7795208E-01  0.1887443E-04  0.0000000E+00  0.9987443E+00
       233              1                 1     0.1000000E-01      0.1808481E+01  0.7794726E-01  0.1888058E-04  0.0000000E+00  0.9987504E+00
       234              1                 1     0.1000000E-01      0.1818481E+01  0.7794246E-01  0.1888019E-04  0.0000000E+00  0.9987565E+00
       235              1                 1     0.1000000E-01      0.1828481E+01  0.7793768E-01  0.1887331E-04  0.0000000E+00  0.9987624E+00
       236              1                 1     0.1000000E-01      0.1838481E+01  0.7793293E-01  0.1885999E-04  0.0000000E+00  0.9987684E+00
       237              1                 1     0.1000000E-01      0.1848481E+01  0.7792821E-01  0.1884036E-04  0.0000000E+00  0.9987742E+00
       238              1                 1     0.1000000E-01      0.1858481E+01  0.7792350E-01  0.1881448E-04  0.0000000E+00  0.9987800E+00
       239              1                 1     0.1000000E-01      0.1868481E+01  0.7791882E-01  0.1878229E-04  0.0000000E+00  0.9987858E+00
       240              1                 1     0.1000000E-01      0.1878481E+01  0.7791415E-01  0.1874257E-04  0.0000000E+00  0.9987915E+00
       241              1                 1     0.1000000E-01      0.1888481E+01  0.7790952E-01  0.1870061E-04  0.0000000E+00  0.9987971E+00
       242              1                 1     0.1000000E-01      0.1898481E+01  0.7790492E-01  0.1865080E-04  0.0000000E+00  0.9988027E+00
       243              1                 1     0.1000000E-01      0.1908481E+01  0.7790034E-01  0.1859428E-04  0.0000000E+00  0.9988083E+00
       244              1                 1     0.1000000E-01      0.1918481E+01  0.7789579E-01  0.1853324E-04  0.0000000E+00  0.9988137E+00
       245              1                 1     0.1000000E-01      0.1928481E+01  0.7789126E-01  0.1846740E-04  0.0000000E+00  0.9988192E+00
       246              1                 1     0.1000000E-01      0.1938481E+01  0.7788676E-01  0.1839393E-04  0.0000000E+00  0.9988246E+00
       247              1                 1     0.1000000E-01      0.1948481E+01  0.7788228E-01  0.1836946E-04  0.0000000E+00  0.9988299E+00
       248              1                 1     0.1000000E-01      0.1958481E+01  0.7787783E-01  0.1838638E-04  0.0000000E+00  0.9988352E+00
       249              1                 1     0.1000000E-01      0.1968481E+01  0.7787341E-01  0.1839375E-04  0.0000000E+00  0.9988404E+00
       250              1                 1     0.1000000E-01      0.1978481E+01  0.7786901E-01  0.1839634E-04  0.0000000E+00  0.9988456E+00
       251              1                 1     0.1000000E-01      0.1988481E+01  0.7786464E-01  0.1839330E-04  0.0000000E+00  0.9988507E+00
       252              1                 1     0.1000000E-01      0.1998481E+01  0.7786029E-01  0.1838431E-04  0.0000000E+00  0.9988558E+00
       253              1                 1     0.1000000E-01      0.2008481E+01  0.7785597E-01  0.1836893E-04  0.0000000E+00  0.9988609E+00
       254              1                 1     0.1000000E-01      0.2018481E+01  0.7785167E-01  0.1834993E-04  0.0000000E+00  0.9988659E+00
       255              1                 1     0.1000000E-01      0.2028481E+01  0.7784741E-01  0.1832391E-04  0.0000000E+00  0.9988708E+00
       256              1                 1     0.1000000E-01      0.2038481E+01  0.7784316E-01  0.1829160E-04  0.0000000E+00  0.9988757E+00
       257              1                 1     0.1000000E-01      0.2048481E+01  0.7783895E-01  0.1825447E-04  0.0000000E+00  0.9988806E+00
       258              1                 1     0.1000000E-01      0.2058481E+01  0.7783476E-01  0.1819867E-04  0.0000000E+00  0.9988854E+00
       259              1                 1     0.1000000E-01      0.2068481E+01  0.7783060E-01  0.1813617E-04  0.0000000E+00  0.9988902E+00
       260              1                 1     0.1000000E-01      0.2078481E+01  0.7782647E-01  0.1808361E-04  0.0000000E+00  0.9988950E+00
       261              1                 1     0.1000000E-01      0.2088481E+01  0.7782236E-01  0.1802588E-04  0.0000000E+00  0.9988997E+00
       262              1                 1     0.1000000E-01      0.2098481E+01  0.7781828E-01  0.1796311E-04  0.0000000E+00  0.9989043E+00
       263              1                 1     0.1000000E-01      0.2108481E+01  0.7781422E-01  0.1793982E-04  0.0000000E+00  0.9989089E+00
       264              1                 1     0.1000000E-01      0.2118481E+01  0.7781020E-01  0.1795554E-04  0.0000000E+00  0.9989135E+00
       265              1                 1     0.1000000E-01      0.2128481E+01  0.7780620E-01  0.1796577E-04  0.0000000E+00  0.9989181E+00
       266              1                 1     0.1000000E-01      0.2138481E+01  0.7780223E-01  0.1797057E-04  0.0000000E+00  0.9989226E+00
       267              1                 1     0.1000000E-01      0.2148481E+01  0.7779828E-01  0.1796995E-04  0.0000000E+00  0.9989270E+00
       268              1                 1     0.1000000E-01      0.2158481E+01  0.7779436E-01  0.1796729E-04  0.0000000E+00  0.9989315E+00
       269              1                 1     0.1000000E-01      0.2168481E+01  0.7779047E-01  0.1795471E-04  0.0000000E+00  0.9989359E+00
       270              1                 1     0.1000000E-01      0.2178481E+01  0.7778661E-01  0.1793638E-04  0.0000000E+00  0.9989402E+00
       271              1                 1     0.1000000E-01      0.2188481E+01  0.7778278E-01  0.1791424E-04  0.0000000E+00  0.9989445E+00
       272              1                 1     0.1000000E-01      0.2198481E+01  0.7777897E-01  0.1788740E-04  0.0000000E+00  0.9989488E+00
       273              1                 1     0.1000000E-01      0.2208481E+01  0.7777519E-01  0.1785560E-04  0.0000000E+00  0.9989531E+00
       274              1                 1     0.1000000E-01      0.2218481E+01  0.7777144E-01  0.1781875E-04  0.0000000E+00  0.9989573E+00
       275              1                 1     0.1000000E-01      0.2228481E+01  0.7776772E-01  0.1777705E-04  0.0000000E+00  0.9989615E+00
       276              1                 1     0.1000000E-01      0.2238481E+01  0.7776402E-01  0.1773050E-04  0.0000000E+00  0.9989656E+00
       277              1                 1     0.1000000E-01      0.2248481E+01  0.7776035E-01  0.1767921E-04  0.0000000E+00  0.9989698E+00
       278              1                 1     0.1000000E-01      0.2258481E+01  0.7775672E-01  0.1762328E-04  0.0000000E+00  0.9989738E+00
       279              1                 1     0.1000000E-01      0.2268481E+01  0.7775310E-01  0.1757000E-04  0.0000000E+00  0.9989779E+00
       280              1                 1     0.1000000E-01      0.2278481E+01  0.7774951E-01  0.1758590E-04  0.0000000E+00  0.9989819E+00
       281              1                 1     0.1000000E-01      0.2288481E+01  0.7774596E-01  0.1759758E-04  0.0000000E+00  0.9989859E+00
       282              1                 1     0.1000000E-01      0.2298481E+01  0.7774243E-01  0.1760316E-04  0.0000000E+00  0.9989899E+00
       283              1                 1     0.1000000E-01      0.2308481E+01  0.7773893E-01  0.1760523E-04  0.0000000E+00  0.9989938E+00
       284              1                 1     0.1000000E-01      0.2318481E+01  0.7773546E-01  0.1760095E-04  0.0000000E+00  0.9989977E+00
       285              1                 1     0.1000000E-01      0.2328481E+01  0.7773201E-01  0.1759104E-04  0.0000000E+00  0.9990016E+00
       286              1                 1     0.1000000E-01      0.2338481E+01  0.7772860E-01  0.1757955E-04  0.0000000E+00  0.9990054E+00
       287              1                 1     0.1000000E-01      0.2348481E+01  0.7772522E-01  0.1756025E-04  0.0000000E+00  0.9990093E+00
       288              1                 1     0.1000000E-01      0.2358481E+01  0.7772186E-01  0.1753695E-04  0.0000000E+00  0.9990130E+00
       289              1                 1     0.1000000E-01      0.2368481E+01  0.7771854E-01  0.1750922E-04  0.0000000E+00  0.9990168E+00
       290              1                 1     0.1000000E-01      0.2378481E+01  0.7771524E-01  0.1747601E-04  0.0000000E+00  0.9990205E+00
       291              1                 1     0.1000000E-01      0.2388481E+01  0.7771197E-01  0.1744042E-04  0.0000000E+00  0.9990242E+00
       292              1                 1     0.1000000E-01      0.2398481E+01  0.7770873E-01  0.1739870E-04  0.0000000E+00  0.9990279E+00
       293              1                 1     0.1000000E-01      0.2408481E+01  0.7770551E-01  0.1735231E-04  0.0000000E+00  0.9990316E+00
       294              1                 1     0.1000000E-01      0.2418481E+01  0.7770233E-01  0.1730207E-04  0.0000000E+00  0.9990352E+00
       295              1                 1     0.1000000E-01      0.2428481E+01  0.7769918E-01  0.1724753E-04  0.0000000E+00  0.9990388E+00
       296              1                 1     0.1000000E-01      0.2438481E+01  0.7769605E-01  0.1724128E-04  0.0000000E+00  0.9990424E+00
       297              1                 1     0.1000000E-01      0.2448481E+01  0.7769295E-01  0.1725306E-04  0.0000000E+00  0.9990459E+00
       298              1                 1     0.1000000E-01      0.2458481E+01  0.7768988E-01  0.1726016E-04  0.0000000E+00  0.9990494E+00
       299              1                 1     0.1000000E-01      0.2468481E+01  0.7768684E-01  0.1718493E-04  0.0000000E+00  0.9990529E+00
       300              1                 1     0.1000000E-01      0.2478481E+01  0.7768383E-01  0.1726152E-04  0.0000000E+00  0.9990564E+00
       301              1                 1     0.1000000E-01      0.2488481E+01  0.7768085E-01  0.1730493E-04  0.0000000E+00  0.9990598E+00
       302              1                 1     0.1000000E-01      0.2498481E+01  0.7767789E-01  0.1725295E-04  0.0000000E+00  0.9990633E+00
       303              1                 1     0.1000000E-01      0.2508481E+01  0.7767497E-01  0.1722972E-04  0.0000000E+00  0.9990667E+00
       304              1                 1     0.1000000E-01      0.2518481E+01  0.7767207E-01  0.1720795E-04  0.0000000E+00  0.9990700E+00
       305              1                 1     0.1000000E-01      0.2528481E+01  0.7766921E-01  0.1718308E-04  0.0000000E+00  0.9990734E+00
       306              1                 1     0.1000000E-01      0.2538481E+01  0.7766637E-01  0.1715420E-04  0.0000000E+00  0.9990767E+00
       307              1                 1     0.1000000E-01      0.2548481E+01  0.7766356E-01  0.1712111E-04  0.0000000E+00  0.9990800E+00
       308              1                 1     0.1000000E-01      0.2558481E+01  0.7766077E-01  0.1708383E-04  0.0000000E+00  0.9990833E+00
       309              1                 1     0.1000000E-01      0.2568481E+01  0.7765802E-01  0.1705691E-04  0.0000000E+00  0.9990866E+00
       310              1                 1     0.1000000E-01      0.2578481E+01  0.7765530E-01  0.1701199E-04  0.0000000E+00  0.9990898E+00
       311              1                 1     0.1000000E-01      0.2588481E+01  0.7765260E-01  0.1696221E-04  0.0000000E+00  0.9990930E+00
       312              1                 1     0.1000000E-01      0.2598481E+01  0.7764993E-01  0.1697756E-04  0.0000000E+00  0.9990962E+00
       313              1                 1     0.1000000E-01      0.2608481E+01  0.7764729E-01  0.1698921E-04  0.0000000E+00  0.9990994E+00
       314              1                 1     0.1000000E-01      0.2618481E+01  0.7764468E-01  0.1699654E-04  0.0000000E+00  0.9991026E+00
       315              1                 1     0.1000000E-01      0.2628481E+01  0.7764210E-01  0.1699954E-04  0.0000000E+00  0.9991057E+00
       316              1                 1     0.1000000E-01      0.2638481E+01  0.7763954E-01  0.1699823E-04  0.0000000E+00  0.9991088E+00
       317              1                 1     0.1000000E-01      0.2648481E+01  0.7763702E-01  0.1699266E-04  0.0000000E+00  0.9991119E+00
       318              1                 1     0.1000000E-01      0.2658481E+01  0.7763452E-01  0.1698289E-04  0.0000000E+00  0.9991150E+00
       319              1                 1     0.1000000E-01      0.2668481E+01  0.7763205E-01  0.1696890E-04  0.0000000E+00  0.9991180E+00
       320              1                 1     0.1000000E-01      0.2678481E+01  0.7762960E-01  0.1695079E-04  0.0000000E+00  0.9991210E+00
       321              1                 1     0.1000000E-01      0.2688481E+01  0.7762719E-01  0.1692855E-04  0.0000000E+00  0.9991241E+00
       322              1                 1     0.1000000E-01      0.2698481E+01  0.7762480E-01  0.1690225E-04  0.0000000E+00  0.9991271E+00
       323              1                 1     0.1000000E-01      0.2708481E+01  0.7762244E-01  0.1687169E-04  0.0000000E+00  0.9991300E+00
       324              1                 1     0.1000000E-01      0.2718481E+01  0.7762011E-01  0.1683799E-04  0.0000000E+00  0.9991330E+00
       325              1                 1     0.1000000E-01      0.2728481E+01  0.7761780E-01  0.1679913E-04  0.0000000E+00  0.9991359E+00
       326              1                 1     0.1000000E-01      0.2738481E+01  0.7761552E-01  0.1675776E-04  0.0000000E+00  0.9991388E+00
       327              1                 1     0.1000000E-01      0.2748481E+01  0.7761327E-01  0.1671692E-04  0.0000000E+00  0.9991417E+00
       328              1                 1     0.1000000E-01      0.2758481E+01  0.7761105E-01  0.1673333E-04  0.0000000E+00  0.9991446E+00
       329              1                 1     0.1000000E-01      0.2768481E+01  0.7760885E-01  0.1674447E-04  0.0000000E+00  0.9991475E+00
       330              1                 1     0.1000000E-01      0.2778481E+01  0.7760668E-01  0.1675184E-04  0.0000000E+00  0.9991503E+00
       331              1                 1     0.1000000E-01      0.2788481E+01  0.7760454E-01  0.1675524E-04  0.0000000E+00  0.9991532E+00
       332              1                 1     0.1000000E-01      0.2798481E+01  0.7760243E-01  0.1675463E-04  0.0000000E+00  0.9991560E+00
       333              1                 1     0.1000000E-01      0.2808481E+01  0.7760034E-01  0.1675001E-04  0.0000000E+00  0.9991588E+00
       334              1                 1     0.1000000E-01      0.2818481E+01  0.7759827E-01  0.1674134E-04  0.0000000E+00  0.9991615E+00
       335              1                 1     0.1000000E-01      0.2828481E+01  0.7759624E-01  0.1672900E-04  0.0000000E+00  0.9991643E+00
       336              1                 1     0.1000000E-01      0.2838481E+01  0.7759423E-01  0.1671346E-04  0.0000000E+00  0.9991670E+00
       337              1                 1     0.1000000E-01      0.2848481E+01  0.7759224E-01  0.1669253E-04  0.0000000E+00  0.9991698E+00
       338              1                 1     0.1000000E-01      0.2858481E+01  0.7759029E-01  0.1666841E-04  0.0000000E+00  0.9991725E+00
       339              1                 1     0.1000000E-01      0.2868481E+01  0.7758836E-01  0.1664049E-04  0.0000000E+00  0.9991752E+00
       340              1                 1     0.1000000E-01      0.2878481E+01  0.7758645E-01  0.1658918E-04  0.0000000E+00  0.9991778E+00
       341              1                 1     0.1000000E-01      0.2888481E+01  0.7758457E-01  0.1654772E-04  0.0000000E+00  0.9991805E+00
       342              1                 1     0.1000000E-01      0.2898481E+01  0.7758272E-01  0.1650902E-04  0.0000000E+00  0.9991832E+00
       343              1                 1     0.1000000E-01      0.2908481E+01  0.7758089E-01  0.1650344E-04  0.0000000E+00  0.9991858E+00
       344              1                 1     0.1000000E-01      0.2918481E+01  0.7757908E-01  0.1651848E-04  0.0000000E+00  0.9991884E+00
       345              1                 1     0.1000000E-01      0.2928481E+01  0.7757730E-01  0.1652971E-04  0.0000000E+00  0.9991910E+00
       346              1                 1     0.1000000E-01      0.2938481E+01  0.7757555E-01  0.1653708E-04  0.0000000E+00  0.9991936E+00
       347              1                 1     0.1000000E-01      0.2948481E+01  0.7757382E-01  0.1654067E-04  0.0000000E+00  0.9991961E+00
       348              1                 1     0.1000000E-01      0.2958481E+01  0.7757211E-01  0.1654040E-04  0.0000000E+00  0.9991987E+00
       349              1                 1     0.1000000E-01      0.2968481E+01  0.7757043E-01  0.1653689E-04  0.0000000E+00  0.9992012E+00
       350              1                 1     0.1000000E-01      0.2978481E+01  0.7756877E-01  0.1653407E-04  0.0000000E+00  0.9992038E+00
       351              1                 1     0.1000000E-01      0.2988481E+01  0.7756714E-01  0.1651849E-04  0.0000000E+00  0.9992063E+00
       352              1                 1     0.1000000E-01      0.2998481E+01  0.7756553E-01  0.1650189E-04  0.0000000E+00  0.9992088E+00
       353              1                 1     0.1000000E-01      0.3008481E+01  0.7756394E-01  0.1648290E-04  0.0000000E+00  0.9992112E+00
       354              1                 1     0.1000000E-01      0.3018481E+01  0.7756238E-01  0.1646046E-04  0.0000000E+00  0.9992137E+00
       355              1                 1     0.1000000E-01      0.3028481E+01  0.7756084E-01  0.1643445E-04  0.0000000E+00  0.9992162E+00
       356              1                 1     0.1000000E-01      0.3038481E+01  0.7755933E-01  0.1640495E-04  0.0000000E+00  0.9992186E+00
       357              1                 1     0.1000000E-01      0.3048481E+01  0.7755783E-01  0.1637194E-04  0.0000000E+00  0.9992210E+00
       358              1                 1     0.1000000E-01      0.3058481E+01  0.7755636E-01  0.1633551E-04  0.0000000E+00  0.9992234E+00
       359              1                 1     0.1000000E-01      0.3068481E+01  0.7755491E-01  0.1632748E-04  0.0000000E+00  0.9992258E+00
       360              1                 1     0.1000000E-01      0.3078481E+01  0.7755349E-01  0.1634194E-04  0.0000000E+00  0.9992282E+00
       361              1                 1     0.1000000E-01      0.3088481E+01  0.7755208E-01  0.1635280E-04  0.0000000E+00  0.9992306E+00
       362              1                 1     0.1000000E-01      0.3098481E+01  0.7755070E-01  0.1636000E-04  0.0000000E+00  0.9992329E+00
       363              1                 1     0.1000000E-01      0.3108481E+01  0.7754934E-01  0.1636355E-04  0.0000000E+00  0.9992353E+00
       364              1                 1     0.1000000E-01      0.3118481E+01  0.7754800E-01  0.1636354E-04  0.0000000E+00  0.9992376E+00
       365              1                 1     0.1000000E-01      0.3128481E+01  0.7754669E-01  0.1635993E-04  0.0000000E+00  0.9992399E+00
       366              1                 1     0.1000000E-01      0.3138481E+01  0.7754539E-01  0.1635278E-04  0.0000000E+00  0.9992422E+00
       367              1                 1     0.1000000E-01      0.3148481E+01  0.7754411E-01  0.1634209E-04  0.0000000E+00  0.9992445E+00
       368              1                 1     0.1000000E-01      0.3158481E+01  0.7754286E-01  0.1632793E-04  0.0000000E+00  0.9992468E+00
       369              1                 1     0.1000000E-01      0.3168481E+01  0.7754163E-01  0.1631027E-04  0.0000000E+00  0.9992490E+00
       370              1                 1     0.1000000E-01      0.3178481E+01  0.7754041E-01  0.1628921E-04  0.0000000E+00  0.9992513E+00
       371              1                 1     0.1000000E-01      0.3188481E+01  0.7753922E-01  0.1626475E-04  0.0000000E+00  0.9992535E+00
       372              1                 1     0.1000000E-01      0.3198481E+01  0.7753804E-01  0.1623693E-04  0.0000000E+00  0.9992558E+00
       373              1                 1     0.1000000E-01      0.3208481E+01  0.7753689E-01  0.1620576E-04  0.0000000E+00  0.9992580E+00
       374              1                 1     0.1000000E-01      0.3218481E+01  0.7753575E-01  0.1617135E-04  0.0000000E+00  0.9992602E+00
       375              1                 1     0.1000000E-01      0.3228481E+01  0.7753464E-01  0.1613369E-04  0.0000000E+00  0.9992624E+00
       376              1                 1     0.1000000E-01      0.3238481E+01  0.7753354E-01  0.1609283E-04  0.0000000E+00  0.9992645E+00
       377              1                 1     0.1000000E-01      0.3248481E+01  0.7753246E-01  0.1604882E-04  0.0000000E+00  0.9992667E+00
       378              1                 1     0.1000000E-01      0.3258481E+01  0.7753140E-01  0.1600171E-04  0.0000000E+00  0.9992689E+00
       379              1                 1     0.1000000E-01      0.3268481E+01  0.7753036E-01  0.1595155E-04  0.0000000E+00  0.9992710E+00
       380              1                 1     0.1000000E-01      0.3278481E+01  0.7752934E-01  0.1589849E-04  0.0000000E+00  0.9992731E+00
       381              1                 1     0.1000000E-01      0.3288481E+01  0.7752833E-01  0.1584275E-04  0.0000000E+00  0.9992753E+00
       382              1                 1     0.1000000E-01      0.3298481E+01  0.7752734E-01  0.1578390E-04  0.0000000E+00  0.9992774E+00
       383              1                 1     0.1000000E-01      0.3308481E+01  0.7752637E-01  0.1572186E-04  0.0000000E+00  0.9992795E+00
       384              1                 1     0.1000000E-01      0.3318481E+01  0.7752542E-01  0.1565720E-04  0.0000000E+00  0.9992815E+00
       385              1                 1     0.1000000E-01      0.3328481E+01  0.7752449E-01  0.1558979E-04  0.0000000E+00  0.9992836E+00
       386              1                 1     0.1000000E-01      0.3338481E+01  0.7752357E-01  0.1551966E-04  0.0000000E+00  0.9992857E+00
       387              1                 1     0.1000000E-01      0.3348481E+01  0.7752267E-01  0.1544694E-04  0.0000000E+00  0.9992877E+00
       388              1                 1     0.1000000E-01      0.3358481E+01  0.7752178E-01  0.1536888E-04  0.0000000E+00  0.9992898E+00
       389              1                 1     0.1000000E-01      0.3368481E+01  0.7752091E-01  0.1527602E-04  0.0000000E+00  0.9992918E+00
       390              1                 1     0.1000000E-01      0.3378481E+01  0.7752006E-01  0.1519612E-04  0.0000000E+00  0.9992938E+00
       391              1                 1     0.1000000E-01      0.3388481E+01  0.7751922E-01  0.1511372E-04  0.0000000E+00  0.9992958E+00
       392              1                 1     0.1000000E-01      0.3398481E+01  0.7751840E-01  0.1502898E-04  0.0000000E+00  0.9992978E+00
       393              1                 1     0.1000000E-01      0.3408481E+01  0.7751759E-01  0.1494199E-04  0.0000000E+00  0.9992998E+00
       394              1                 1     0.1000000E-01      0.3418481E+01  0.7751680E-01  0.1485281E-04  0.0000000E+00  0.9993018E+00
       395              1                 1     0.1000000E-01      0.3428481E+01  0.7751603E-01  0.1476145E-04  0.0000000E+00  0.9993038E+00
       396              1                 1     0.1000000E-01      0.3438481E+01  0.7751527E-01  0.1466801E-04  0.0000000E+00  0.9993057E+00
       397              1                 1     0.1000000E-01      0.3448481E+01  0.7751452E-01  0.1457262E-04  0.0000000E+00  0.9993077E+00
       398              1                 1     0.1000000E-01      0.3458481E+01  0.7751379E-01  0.1447529E-04  0.0000000E+00  0.9993096E+00
       399              1                 1     0.1000000E-01      0.3468481E+01  0.7751307E-01  0.1437596E-04  0.0000000E+00  0.9993116E+00
       400              1                 1     0.1000000E-01      0.3478481E+01  0.7751236E-01  0.1427486E-04  0.0000000E+00  0.9993135E+00
       401              1                 1     0.1000000E-01      0.3488481E+01  0.7751167E-01  0.1417201E-04  0.0000000E+00  0.9993154E+00
       402              1                 1     0.1000000E-01      0.3498481E+01  0.7751100E-01  0.1401329E-04  0.0000000E+00  0.9993173E+00
       403              1                 1     0.1000000E-01      0.3508481E+01  0.7751033E-01  0.1395964E-04  0.0000000E+00  0.9993192E+00
       404              1                 1     0.1000000E-01      0.3518481E+01  0.7750968E-01  0.1389059E-04  0.0000000E+00  0.9993210E+00
       405              1                 1     0.1000000E-01      0.3528481E+01  0.7750904E-01  0.1375150E-04  0.0000000E+00  0.9993229E+00
       406              1                 1     0.1000000E-01      0.3538481E+01  0.7750842E-01  0.1363560E-04  0.0000000E+00  0.9993248E+00
       407              1                 1     0.1000000E-01      0.3548481E+01  0.7750781E-01  0.1352226E-04  0.0000000E+00  0.9993266E+00
       408              1                 1     0.1000000E-01      0.3558481E+01  0.7750721E-01  0.1340853E-04  0.0000000E+00  0.9993285E+00
       409              1                 1     0.1000000E-01      0.3568481E+01  0.7750662E-01  0.1329379E-04  0.0000000E+00  0.9993303E+00
       410              1                 1     0.1000000E-01      0.3578481E+01  0.7750604E-01  0.1317787E-04  0.0000000E+00  0.9993321E+00
       411              1                 1     0.1000000E-01      0.3588481E+01  0.7750548E-01  0.1306088E-04  0.0000000E+00  0.9993339E+00
       412              1                 1     0.1000000E-01      0.3598481E+01  0.7750493E-01  0.1294281E-04  0.0000000E+00  0.9993357E+00
       413              1                 1     0.1000000E-01      0.3608481E+01  0.7750438E-01  0.1282376E-04  0.0000000E+00  0.9993375E+00
       414              1                 1     0.1000000E-01      0.3618481E+01  0.7750385E-01  0.1270372E-04  0.0000000E+00  0.9993393E+00
       415              1                 1     0.1000000E-01      0.3628481E+01  0.7750334E-01  0.1258282E-04  0.0000000E+00  0.9993411E+00
       416              1                 1     0.1000000E-01      0.3638481E+01  0.7750283E-01  0.1246108E-04  0.0000000E+00  0.9993429E+00
       417              1                 1     0.1000000E-01      0.3648481E+01  0.7750233E-01  0.1233855E-04  0.0000000E+00  0.9993446E+00
       418              1                 1     0.1000000E-01      0.3658481E+01  0.7750184E-01  0.1221535E-04  0.0000000E+00  0.9993464E+00
       419              1                 1     0.1000000E-01      0.3668481E+01  0.7750137E-01  0.1209147E-04  0.0000000E+00  0.9993481E+00
       420              1                 1     0.1000000E-01      0.3678481E+01  0.7750090E-01  0.1196697E-04  0.0000000E+00  0.9993498E+00
       421              1                 1     0.1000000E-01      0.3688481E+01  0.7750044E-01  0.1184196E-04  0.0000000E+00  0.9993516E+00
       422              1                 1     0.1000000E-01      0.3698481E+01  0.7750000E-01  0.1171645E-04  0.0000000E+00  0.9993533E+00
       423              1                 1     0.1000000E-01      0.3708481E+01  0.7749956E-01  0.1159052E-04  0.0000000E+00  0.9993550E+00
       424              1                 1     0.1000000E-01      0.3718481E+01  0.7749913E-01  0.1146415E-04  0.0000000E+00  0.9993567E+00
       425              1                 1     0.1000000E-01      0.3728481E+01  0.7749871E-01  0.1133753E-04  0.0000000E+00  0.9993584E+00
       426              1                 1     0.1000000E-01      0.3738481E+01  0.7749830E-01  0.1121056E-04  0.0000000E+00  0.9993601E+00
       427              1                 1     0.1000000E-01      0.3748481E+01  0.7749790E-01  0.1108343E-04  0.0000000E+00  0.9993617E+00
       428              1                 1     0.1000000E-01      0.3758481E+01  0.7749751E-01  0.1095608E-04  0.0000000E+00  0.9993634E+00
       429              1                 1     0.1000000E-01      0.3768481E+01  0.7749713E-01  0.1082862E-04  0.0000000E+00  0.9993650E+00
       430              1                 1     0.1000000E-01      0.3778481E+01  0.7749675E-01  0.1070679E-04  0.0000000E+00  0.9993667E+00
       431              1                 1     0.1000000E-01      0.3788481E+01  0.7749639E-01  0.1058015E-04  0.0000000E+00  0.9993683E+00
       432              1                 1     0.1000000E-01      0.3798481E+01  0.7749603E-01  0.1045246E-04  0.0000000E+00  0.9993700E+00
       433              1                 1     0.1000000E-01      0.3808481E+01  0.7749568E-01  0.1032484E-04  0.0000000E+00  0.9993716E+00
       434              1                 1     0.1000000E-01      0.3818481E+01  0.7749534E-01  0.1019730E-04  0.0000000E+00  0.9993732E+00
       435              1                 1     0.1000000E-01      0.3828481E+01  0.7749500E-01  0.1006997E-04  0.0000000E+00  0.9993748E+00
       436              1                 1     0.1000000E-01      0.3838481E+01  0.7749467E-01  0.9942746E-05  0.0000000E+00  0.9993764E+00
       437              1                 1     0.1000000E-01      0.3848481E+01  0.7749435E-01  0.9815814E-05  0.0000000E+00  0.9993780E+00
       438              1                 1     0.1000000E-01      0.3858481E+01  0.7749404E-01  0.9689147E-05  0.0000000E+00  0.9993796E+00
       439              1                 1     0.1000000E-01      0.3868481E+01  0.7749374E-01  0.9562802E-05  0.0000000E+00  0.9993812E+00
       440              1                 1     0.1000000E-01      0.3878481E+01  0.7749344E-01  0.9436780E-05  0.0000000E+00  0.9993827E+00
       441              1                 1     0.1000000E-01      0.3888481E+01  0.7749315E-01  0.9311163E-05  0.0000000E+00  0.9993843E+00
       442              1                 1     0.1000000E-01      0.3898481E+01  0.7749286E-01  0.9185985E-05  0.0000000E+00  0.9993859E+00
       443              1                 1     0.1000000E-01      0.3908481E+01  0.7749258E-01  0.9061237E-05  0.0000000E+00  0.9993874E+00
       444              1                 1     0.1000000E-01      0.3918481E+01  0.7749231E-01  0.8937012E-05  0.0000000E+00  0.9993890E+00
       445              1                 1     0.1000000E-01      0.3928481E+01  0.7749205E-01  0.8813282E-05  0.0000000E+00  0.9993905E+00
       446              1                 1     0.1000000E-01      0.3938481E+01  0.7749179E-01  0.8690143E-05  0.0000000E+00  0.9993920E+00
       447              1                 1     0.1000000E-01      0.3948481E+01  0.7749153E-01  0.8567570E-05  0.0000000E+00  0.9993935E+00
       448              1                 1     0.1000000E-01      0.3958481E+01  0.7749129E-01  0.8445662E-05  0.0000000E+00  0.9993950E+00
       449              1                 1     0.1000000E-01      0.3968481E+01  0.7749105E-01  0.8324361E-05  0.0000000E+00  0.9993965E+00
       450              1                 1     0.1000000E-01      0.3978481E+01  0.7749081E-01  0.8203744E-05  0.0000000E+00  0.9993980E+00
       451              1                 1     0.1000000E-01      0.3988481E+01  0.7749058E-01  0.8083863E-05  0.0000000E+00  0.9993995E+00
       452              1                 1     0.1000000E-01      0.3998481E+01  0.7749036E-01  0.7964688E-05  0.0000000E+00  0.9994010E+00
       453              1                 1     0.1000000E-01      0.4008481E+01  0.7749014E-01  0.7846275E-05  0.0000000E+00  0.9994025E+00
       454              1                 1     0.1000000E-01      0.4018481E+01  0.7748992E-01  0.7728656E-05  0.0000000E+00  0.9994040E+00
       455              1                 1     0.1000000E-01      0.4028481E+01  0.7748971E-01  0.7611842E-05  0.0000000E+00  0.9994054E+00
       456              1                 1     0.1000000E-01      0.4038481E+01  0.7748951E-01  0.7495822E-05  0.0000000E+00  0.9994069E+00
       457              1                 1     0.1000000E-01      0.4048481E+01  0.7748931E-01  0.7380707E-05  0.0000000E+00  0.9994083E+00
       458              1                 1     0.1000000E-01      0.4058481E+01  0.7748912E-01  0.7266428E-05  0.0000000E+00  0.9994098E+00
       459              1                 1     0.1000000E-01      0.4068481E+01  0.7748893E-01  0.7153040E-05  0.0000000E+00  0.9994112E+00
       460              1                 1     0.1000000E-01      0.4078481E+01  0.7748874E-01  0.7040556E-05  0.0000000E+00  0.9994126E+00
       461              1                 1     0.1000000E-01      0.4088481E+01  0.7748856E-01  0.6929018E-05  0.0000000E+00  0.9994141E+00
       462              1                 1     0.1000000E-01      0.4098481E+01  0.7748839E-01  0.6818421E-05  0.0000000E+00  0.9994155E+00
       463              1                 1     0.1000000E-01      0.4108481E+01  0.7748821E-01  0.6708755E-05  0.0000000E+00  0.9994169E+00
       464              1                 1     0.1000000E-01      0.4118481E+01  0.7748805E-01  0.6600109E-05  0.0000000E+00  0.9994183E+00
       465              1                 1     0.1000000E-01      0.4128481E+01  0.7748788E-01  0.6492397E-05  0.0000000E+00  0.9994197E+00
       466              1                 1     0.1000000E-01      0.4138481E+01  0.7748773E-01  0.6385730E-05  0.0000000E+00  0.9994211E+00
       467              1                 1     0.1000000E-01      0.4148481E+01  0.7748757E-01  0.6280075E-05  0.0000000E+00  0.9994224E+00
       468              1                 1     0.1000000E-01      0.4158481E+01  0.7748742E-01  0.6175437E-05  0.0000000E+00  0.9994238E+00
       469              1                 1     0.1000000E-01      0.4168481E+01  0.7748727E-01  0.6071826E-05  0.0000000E+00  0.9994252E+00
       470              1                 1     0.1000000E-01      0.4178481E+01  0.7748713E-01  0.5969273E-05  0.0000000E+00  0.9994266E+00
       471              1                 1     0.1000000E-01      0.4188481E+01  0.7748699E-01  0.5867782E-05  0.0000000E+00  0.9994279E+00
       472              1                 1     0.1000000E-01      0.4198481E+01  0.7748685E-01  0.5767358E-05  0.0000000E+00  0.9994293E+00
       473              1                 1     0.1000000E-01      0.4208481E+01  0.7748672E-01  0.5668005E-05  0.0000000E+00  0.9994306E+00
       474              1                 1     0.1000000E-01      0.4218481E+01  0.7748659E-01  0.5569736E-05  0.0000000E+00  0.9994319E+00
       475              1                 1     0.1000000E-01      0.4228481E+01  0.7748646E-01  0.5472545E-05  0.0000000E+00  0.9994333E+00
       476              1                 1     0.1000000E-01      0.4238481E+01  0.7748634E-01  0.5376455E-05  0.0000000E+00  0.9994346E+00
       477              1                 1     0.1000000E-01      0.4248481E+01  0.7748622E-01  0.5281497E-05  0.0000000E+00  0.9994359E+00
       478              1                 1     0.1000000E-01      0.4258481E+01  0.7748610E-01  0.5187593E-05  0.0000000E+00  0.9994372E+00
       479              1                 1     0.1000000E-01      0.4268481E+01  0.7748599E-01  0.5094812E-05  0.0000000E+00  0.9994385E+00
       480              1                 1     0.1000000E-01      0.4278481E+01  0.7748587E-01  0.5003167E-05  0.0000000E+00  0.9994399E+00
       481              1                 1     0.1000000E-01      0.4288481E+01  0.7748577E-01  0.4912614E-05  0.0000000E+00  0.9994411E+00
       482              1                 1     0.1000000E-01      0.4298481E+01  0.7748566E-01  0.4823187E-05  0.0000000E+00  0.9994424E+00
       483              1                 1     0.1000000E-01      0.4308481E+01  0.7748556E-01  0.4734876E-05  0.0000000E+00  0.9994437E+00
       484              1                 1     0.1000000E-01      0.4318481E+01  0.7748546E-01  0.4647673E-05  0.0000000E+00  0.9994450E+00
       485              1                 1     0.1000000E-01      0.4328481E+01  0.7748536E-01  0.4561592E-05  0.0000000E+00  0.9994463E+00
       486              1                 1     0.1000000E-01      0.4338481E+01  0.7748527E-01  0.4476656E-05  0.0000000E+00  0.9994475E+00
       487              1                 1     0.1000000E-01      0.4348481E+01  0.7748517E-01  0.4392825E-05  0.0000000E+00  0.9994488E+00
       488              1                 1     0.1000000E-01      0.4358481E+01  0.7748508E-01  0.4310109E-05  0.0000000E+00  0.9994501E+00
       489              1                 1     0.1000000E-01      0.4368481E+01  0.7748500E-01  0.4228511E-05  0.0000000E+00  0.9994513E+00
       490              1                 1     0.1000000E-01      0.4378481E+01  0.7748491E-01  0.4148009E-05  0.0000000E+00  0.9994526E+00
       491              1                 1     0.1000000E-01      0.4388481E+01  0.7748483E-01  0.4068662E-05  0.0000000E+00  0.9994538E+00
       492              1                 1     0.1000000E-01      0.4398481E+01  0.7748475E-01  0.3990397E-05  0.0000000E+00  0.9994550E+00
       493              1                 1     0.1000000E-01      0.4408481E+01  0.7748467E-01  0.3913233E-05  0.0000000E+00  0.9994563E+00
       494              1                 1     0.1000000E-01      0.4418481E+01  0.7748459E-01  0.3837184E-05  0.0000000E+00  0.9994575E+00
       495              1                 1     0.1000000E-01      0.4428481E+01  0.7748452E-01  0.3762224E-05  0.0000000E+00  0.9994587E+00
       496              1                 1     0.1000000E-01      0.4438481E+01  0.7748444E-01  0.3688356E-05  0.0000000E+00  0.9994599E+00
       497              1                 1     0.1000000E-01      0.4448481E+01  0.7748437E-01  0.3615597E-05  0.0000000E+00  0.9994611E+00
       498              1                 1     0.1000000E-01      0.4458481E+01  0.7748430E-01  0.3543909E-05  0.0000000E+00  0.9994623E+00
       499              1                 1     0.1000000E-01      0.4468481E+01  0.7748424E-01  0.3473283E-05  0.0000000E+00  0.9994635E+00
       500              1                 1     0.1000000E-01      0.4478481E+01  0.7748417E-01  0.3403746E-05  0.0000000E+00  0.9994647E+00
       501              1                 1     0.1000000E-01      0.4488481E+01  0.7748411E-01  0.3335288E-05  0.0000000E+00  0.9994659E+00
       502              1                 1     0.1000000E-01      0.4498481E+01  0.7748405E-01  0.3267851E-05  0.0000000E+00  0.9994671E+00
       503              1                 1     0.1000000E-01      0.4508481E+01  0.7748399E-01  0.3201493E-05  0.0000000E+00  0.9994683E+00
       504              1                 1     0.1000000E-01      0.4518481E+01  0.7748393E-01  0.3136178E-05  0.0000000E+00  0.9994694E+00
       505              1                 1     0.1000000E-01      0.4528481E+01  0.7748387E-01  0.3071906E-05  0.0000000E+00  0.9994706E+00
       506              1                 1     0.1000000E-01      0.4538481E+01  0.7748382E-01  0.3008635E-05  0.0000000E+00  0.9994718E+00
       507              1                 1     0.1000000E-01      0.4548481E+01  0.7748376E-01  0.2946414E-05  0.0000000E+00  0.9994729E+00
       508              1                 1     0.1000000E-01      0.4558481E+01  0.7748371E-01  0.2885231E-05  0.0000000E+00  0.9994741E+00
       509              1                 1     0.1000000E-01      0.4568481E+01  0.7748366E-01  0.2824979E-05  0.0000000E+00  0.9994752E+00
       510              1                 1     0.1000000E-01      0.4578481E+01  0.7748361E-01  0.2765788E-05  0.0000000E+00  0.9994764E+00
       511              1                 1     0.1000000E-01      0.4588481E+01  0.7748356E-01  0.2707574E-05  0.0000000E+00  0.9994775E+00
       512              1                 1     0.1000000E-01      0.4598481E+01  0.7748352E-01  0.2650327E-05  0.0000000E+00  0.9994786E+00
       513              1                 1     0.1000000E-01      0.4608481E+01  0.7748347E-01  0.2594045E-05  0.0000000E+00  0.9994798E+00
       514              1                 1     0.1000000E-01      0.4618481E+01  0.7748343E-01  0.2538736E-05  0.0000000E+00  0.9994809E+00
       515              1                 1     0.1000000E-01      0.4628481E+01  0.7748338E-01  0.2484382E-05  0.0000000E+00  0.9994820E+00
       516              1                 1     0.1000000E-01      0.4638481E+01  0.7748334E-01  0.2430983E-05  0.0000000E+00  0.9994831E+00
       517              1                 1     0.1000000E-01      0.4648481E+01  0.7748330E-01  0.2378491E-05  0.0000000E+00  0.9994842E+00
       518              1                 1     0.1000000E-01      0.4658481E+01  0.7748326E-01  0.2326922E-05  0.0000000E+00  0.9994853E+00
       519              1                 1     0.1000000E-01      0.4668481E+01  0.7748322E-01  0.2276284E-05  0.0000000E+00  0.9994864E+00
       520              1                 1     0.1000000E-01      0.4678481E+01  0.7748319E-01  0.2226550E-05  0.0000000E+00  0.9994875E+00
       521              1                 1     0.1000000E-01      0.4688481E+01  0.7748315E-01  0.2177687E-05  0.0000000E+00  0.9994886E+00
       522              1                 1     0.1000000E-01      0.4698481E+01  0.7748311E-01  0.2129742E-05  0.0000000E+00  0.9994897E+00
       523              1                 1     0.1000000E-01      0.4708481E+01  0.7748308E-01  0.2082648E-05  0.0000000E+00  0.9994908E+00
       524              1                 1     0.1000000E-01      0.4718481E+01  0.7748305E-01  0.2036410E-05  0.0000000E+00  0.9994919E+00
       525              1                 1     0.1000000E-01      0.4728481E+01  0.7748301E-01  0.1991047E-05  0.0000000E+00  0.9994929E+00
       526              1                 1     0.1000000E-01      0.4738481E+01  0.7748298E-01  0.1946500E-05  0.0000000E+00  0.9994940E+00
       527              1                 1     0.1000000E-01      0.4748481E+01  0.7748295E-01  0.1902802E-05  0.0000000E+00  0.9994951E+00
       528              1                 1     0.1000000E-01      0.4758481E+01  0.7748292E-01  0.1859939E-05  0.0000000E+00  0.9994961E+00
       529              1                 1     0.1000000E-01      0.4768481E+01  0.7748289E-01  0.1817871E-05  0.0000000E+00  0.9994972E+00
       530              1                 1     0.1000000E-01      0.4778481E+01  0.7748287E-01  0.1776602E-05  0.0000000E+00  0.9994982E+00
       531              1                 1     0.1000000E-01      0.4788481E+01  0.7748284E-01  0.1736092E-05  0.0000000E+00  0.9994993E+00
       532              1                 1     0.1000000E-01      0.4798481E+01  0.7748281E-01  0.1696407E-05  0.0000000E+00  0.9995003E+00
       533              1                 1     0.1000000E-01      0.4808481E+01  0.7748279E-01  0.1657482E-05  0.0000000E+00  0.9995014E+00
       534              1                 1     0.1000000E-01      0.4818481E+01  0.7748276E-01  0.1619328E-05  0.0000000E+00  0.9995024E+00
       535              1                 1     0.1000000E-01      0.4828481E+01  0.7748274E-01  0.1581857E-05  0.0000000E+00  0.9995034E+00
       536              1                 1     0.1000000E-01      0.4838481E+01  0.7748271E-01  0.1545208E-05  0.0000000E+00  0.9995044E+00
       537              1                 1     0.1000000E-01      0.4848481E+01  0.7748269E-01  0.1509228E-05  0.0000000E+00  0.9995055E+00
       538              1                 1     0.1000000E-01      0.4858481E+01  0.7748267E-01  0.1473990E-05  0.0000000E+00  0.9995065E+00
       539              1                 1     0.1000000E-01      0.4868481E+01  0.7748265E-01  0.1439443E-05  0.0000000E+00  0.9995075E+00
       540              1                 1     0.1000000E-01      0.4878481E+01  0.7748263E-01  0.1405616E-05  0.0000000E+00  0.9995085E+00
       541              1                 1     0.1000000E-01      0.4888481E+01  0.7748261E-01  0.1372435E-05  0.0000000E+00  0.9995095E+00
       542              1                 1     0.1000000E-01      0.4898481E+01  0.7748259E-01  0.1339946E-05  0.0000000E+00  0.9995105E+00
       543              1                 1     0.1000000E-01      0.4908481E+01  0.7748257E-01  0.1308140E-05  0.0000000E+00  0.9995115E+00
       544              1                 1     0.1000000E-01      0.4918481E+01  0.7748255E-01  0.1276972E-05  0.0000000E+00  0.9995125E+00
       545              1                 1     0.1000000E-01      0.4928481E+01  0.7748253E-01  0.1246428E-05  0.0000000E+00  0.9995135E+00
       546              1                 1     0.1000000E-01      0.4938481E+01  0.7748251E-01  0.1216552E-05  0.0000000E+00  0.9995145E+00
       547              1                 1     0.1000000E-01      0.4948481E+01  0.7748250E-01  0.1187277E-05  0.0000000E+00  0.9995154E+00
       548              1                 1     0.1000000E-01      0.4958481E+01  0.7748248E-01  0.1158623E-05  0.0000000E+00  0.9995164E+00
       549              1                 1     0.1000000E-01      0.4968481E+01  0.7748247E-01  0.1130575E-05  0.0000000E+00  0.9995174E+00
       550              1                 1     0.1000000E-01      0.4978481E+01  0.7748245E-01  0.1103118E-05  0.0000000E+00  0.9995184E+00
       551              1                 1     0.1000000E-01      0.4988481E+01  0.7748243E-01  0.1076236E-05  0.0000000E+00  0.9995193E+00
       552              1                 1     0.1000000E-01      0.4998481E+01  0.7748242E-01  0.1049928E-05  0.0000000E+00  0.9995203E+00
       553              1                 1     0.1000000E-01      0.5008481E+01  0.7748241E-01  0.1024217E-05  0.0000000E+00  0.9995212E+00
       554              1                 1     0.1000000E-01      0.5018481E+01  0.7748239E-01  0.9990048E-06  0.0000000E+00  0.9995222E+00
       555              1                 1     0.1000000E-01      0.5028481E+01  0.7748238E-01  0.9743785E-06  0.0000000E+00  0.9995231E+00
       556              1                 1     0.1000000E-01      0.5038481E+01  0.7748237E-01  0.9502781E-06  0.0000000E+00  0.9995241E+00
       557              1                 1     0.1000000E-01      0.5048481E+01  0.7748235E-01  0.9266880E-06  0.0000000E+00  0.9995250E+00
       558              1                 1     0.1000000E-01      0.5058481E+01  0.7748234E-01  0.9036528E-06  0.0000000E+00  0.9995260E+00
       559              1                 1     0.1000000E-01      0.5068481E+01  0.7748233E-01  0.8810802E-06  0.0000000E+00  0.9995269E+00
       560              1                 1     0.1000000E-01      0.5078481E+01  0.7748232E-01  0.8590398E-06  0.0000000E+00  0.9995278E+00
       561              1                 1     0.1000000E-01      0.5088481E+01  0.7748231E-01  0.8374562E-06  0.0000000E+00  0.9995288E+00
       562              1                 1     0.1000000E-01      0.5098481E+01  0.7748230E-01  0.8164202E-06  0.0000000E+00  0.9995297E+00
       563              1                 1     0.1000000E-01      0.5108481E+01  0.7748229E-01  0.7957628E-06  0.0000000E+00  0.9995306E+00
       564              1                 1     0.1000000E-01      0.5118481E+01  0.7748228E-01  0.7756202E-06  0.0000000E+00  0.9995315E+00
       565              1                 1     0.1000000E-01      0.5128481E+01  0.7748227E-01  0.7559563E-06  0.0000000E+00  0.9995324E+00
       566              1                 1     0.1000000E-01      0.5138481E+01  0.7748226E-01  0.7366826E-06  0.0000000E+00  0.9995333E+00
       567              1                 1     0.1000000E-01      0.5148481E+01  0.7748225E-01  0.7178850E-06  0.0000000E+00  0.9995342E+00
       568              1                 1     0.1000000E-01      0.5158481E+01  0.7748224E-01  0.6995220E-06  0.0000000E+00  0.9995351E+00
       569              1                 1     0.1000000E-01      0.5168481E+01  0.7748223E-01  0.6815385E-06  0.0000000E+00  0.9995360E+00
       570              1                 1     0.1000000E-01      0.5178481E+01  0.7748222E-01  0.6640079E-06  0.0000000E+00  0.9995369E+00
       571              1                 1     0.1000000E-01      0.5188481E+01  0.7748221E-01  0.6468794E-06  0.0000000E+00  0.9995378E+00
       572              1                 1     0.1000000E-01      0.5198481E+01  0.7748221E-01  0.6301296E-06  0.0000000E+00  0.9995387E+00
       573              1                 1     0.1000000E-01      0.5208481E+01  0.7748220E-01  0.6137865E-06  0.0000000E+00  0.9995396E+00
       574              1                 1     0.1000000E-01      0.5218481E+01  0.7748219E-01  0.5978254E-06  0.0000000E+00  0.9995405E+00
       575              1                 1     0.1000000E-01      0.5228481E+01  0.7748218E-01  0.5822210E-06  0.0000000E+00  0.9995414E+00
       576              1                 1     0.1000000E-01      0.5238481E+01  0.7748218E-01  0.5669803E-06  0.0000000E+00  0.9995422E+00
       577              1                 1     0.1000000E-01      0.5248481E+01  0.7748217E-01  0.5521244E-06  0.0000000E+00  0.9995431E+00
       578              1                 1     0.1000000E-01      0.5258481E+01  0.7748216E-01  0.5376094E-06  0.0000000E+00  0.9995440E+00
       579              1                 1     0.1000000E-01      0.5268481E+01  0.7748216E-01  0.5234547E-06  0.0000000E+00  0.9995448E+00
       580              1                 1     0.1000000E-01      0.5278481E+01  0.7748215E-01  0.5096245E-06  0.0000000E+00  0.9995457E+00
       581              1                 1     0.1000000E-01      0.5288481E+01  0.7748215E-01  0.4961123E-06  0.0000000E+00  0.9995466E+00
       582              1                 1     0.1000000E-01      0.5298481E+01  0.7748214E-01  0.4829343E-06  0.0000000E+00  0.9995474E+00
   582     5.298E+00      1   1.000E-02   0.000E+00
 End of problem: Total CPU time =            4.180 sec
                 Total CPU time =  0h  0m  4s 180ms
