
 Global mass balance
 ===================

 No. of | Total time  | Total inlet | Total outlet| Total trans.| Relation    | Deviation of
 timest.|             | massflow    | massflow    | mass incr.  | trans./inlet| mass balance
 (nstep)|   (timet)   | (m_in_tot)  | (m_out_tot) (m_stored_cool) (m..trans)  | (m..deviat) 
   [-]  |     [s]     |   [kg/s]    |   [kg/s]    |   [kg/s]    |             |
=============================================================================================
    10        0.0002        0.3000        0.3000        0.0001         0.02 %         0.02 %
    20        0.0019        0.3000        0.3019        0.0026         0.88 %        -0.62 %
    30        0.0106        0.3000        0.3354        0.0354        11.80 %       -11.80 %
    40        0.0281        0.3000        0.3269        0.0269         8.97 %        -8.97 %
    50        0.0566        0.3000        0.3283        0.0283         9.43 %        -9.43 %
    60        0.1030        0.3000        0.3280        0.0280         9.32 %        -9.32 %
    70        0.1787        0.3000        0.3275        0.0275         9.18 %        -9.18 %
    80        0.2785        0.3000        0.3269        0.0269         8.98 %        -8.98 %
    90        0.3785        0.3000        0.3263        0.0263         8.77 %        -8.77 %
   100        0.4785        0.3000        0.3257        0.0257         8.56 %        -8.56 %
   110        0.5785        0.3000        0.3250        0.0250         8.34 %        -8.34 %
   120        0.6785        0.3000        0.3244        0.0244         8.12 %        -8.12 %
   130        0.7785        0.3000        0.3237        0.0237         7.89 %        -7.89 %
   140        0.8785        0.3000        0.3230        0.0230         7.66 %        -7.66 %
   150        0.9785        0.3000        0.3223        0.0223         7.42 %        -7.42 %
   160        1.0785        0.3000        0.3215        0.0215         7.17 %        -7.17 %
   170        1.1785        0.3000        0.3208        0.0208         6.92 %        -6.92 %
   180        1.2785        0.3000        0.3200        0.0200         6.67 %        -6.67 %
   190        1.3785        0.3000        0.3192        0.0192         6.41 %        -6.40 %
   200        1.4785        0.3000        0.3184        0.0184         6.14 %        -6.13 %
   210        1.5785        0.3000        0.3176        0.0176         5.86 %        -5.86 %
   220        1.6785        0.3000        0.3167        0.0167         5.58 %        -5.58 %
   230        1.7785        0.3000        0.3159        0.0159         5.29 %        -5.29 %
   240        1.8785        0.3000        0.3150        0.0150         5.00 %        -5.00 %
   250        1.9785        0.3000        0.3141        0.0141         4.70 %        -4.70 %
   260        2.0785        0.3000        0.3132        0.0132         4.40 %        -4.40 %
   270        2.1785        0.3000        0.3123        0.0123         4.09 %        -4.09 %
   280        2.2785        0.3000        0.3114        0.0114         3.78 %        -3.78 %
   290        2.3785        0.3000        0.3104        0.0104         3.48 %        -3.48 %
   300        2.4785        0.3000        0.3095        0.0095         3.18 %        -3.17 %
   310        2.5785        0.3000        0.3086        0.0086         2.88 %        -2.88 %
   320        2.6785        0.3000        0.3078        0.0078         2.59 %        -2.59 %
   330        2.7785        0.3000        0.3069        0.0069         2.31 %        -2.31 %
   340        2.8785        0.3000        0.3061        0.0061         2.05 %        -2.05 %
   350        2.9785        0.3000        0.3054        0.0054         1.80 %        -1.80 %
   360        3.0785        0.3000        0.3047        0.0047         1.56 %        -1.56 %
   370        3.1785        0.3000        0.3041        0.0041         1.35 %        -1.35 %
   380        3.2785        0.3000        0.3035        0.0035         1.16 %        -1.16 %
   390        3.3785        0.3000        0.3029        0.0029         0.98 %        -0.98 %
   400        3.4785        0.3000        0.3025        0.0025         0.83 %        -0.83 %
   410        3.5785        0.3000        0.3021        0.0021         0.69 %        -0.69 %
   420        3.6785        0.3000        0.3017        0.0017         0.57 %        -0.57 %
   430        3.7785        0.3000        0.3014        0.0014         0.47 %        -0.47 %
   440        3.8785        0.3000        0.3011        0.0011         0.38 %        -0.38 %
   450        3.9785        0.3000        0.3009        0.0009         0.31 %        -0.31 %
   460        4.0785        0.3000        0.3007        0.0007         0.25 %        -0.25 %
   470        4.1785        0.3000        0.3006        0.0006         0.20 %        -0.20 %
   480        4.2785        0.3000        0.3005        0.0005         0.16 %        -0.16 %
   490        4.3785        0.3000        0.3004        0.0004         0.12 %        -0.12 %
   500        4.4785        0.3000        0.3003        0.0003         0.10 %        -0.10 %
   510        4.5785        0.3000        0.3002        0.0002         0.07 %        -0.07 %
   520        4.6785        0.3000        0.3002        0.0002         0.06 %        -0.06 %
   530        4.7785        0.3000        0.3001        0.0001         0.04 %        -0.04 %
   540        4.8785        0.3000        0.3001        0.0001         0.03 %        -0.03 %
   550        4.9785        0.3000        0.3001        0.0001         0.03 %        -0.03 %
   560        5.0785        0.3000        0.3001        0.0001         0.02 %        -0.02 %
   570        5.1785        0.3000        0.3000        0.0000         0.01 %        -0.01 %
   580        5.2785        0.3000        0.3000        0.0000         0.01 %        -0.01 %
