h********************************* input file listing *********************************
      12345678901234567890123456789012345678901234567890123456789012345678901234567890
     1        1
     2        1             0
     3      0.001           1           10
     4               Single Channel No Fuel Pins Physical Transient
     5    1
     6     1    2    0    0    5     0.30       1    1    0     0    0    0    0    0
     7    0.300      4.0E+0       0.0
     8     165.0     -290.0      30.0       1.0    0.9999999
     9 air         .0000001
    10    2
    11    4    0    0    0    0    0    0    0    0    0    0    0    0    0
    12     1    9.514275E-05   2.827433E-02    0    0    0   -0.0035 -0.0035   0.007  0.007
    13     2    9.514275E-05   2.827433E-02    0    0    0    0.0035 -0.0035   0.007  0.007
    14     3    9.514275E-05   2.827433E-02    0    0    0   -0.0035  0.0035   0.007  0.007
    15     4    9.514275E-05   2.827433E-02    0    0    0    0.0035  0.0035   0.007  0.007
    16    4
    17     1    1    0    0    0    0    0    0    0    0    0    0    0    0
    18     1    4    20    0.1829    0
    19     1    1    0    0    0    0    0    1    0    0    0    0    0
    20     2    2    0    0    0    0    0    2    0    0    0    0    0
    21     3    3    0    0    0    0    0    3    0    0    0    0    0
    22     4    4    0    0    0    0    0    4    0    0    0    0    0
    23      1
    24     80
    25    8
    26     4    0    1    1    0    0    0    0    0    0    0     0    0    0
    27       1      1      1      0      0  1.000    0.56783E+04      1  0.000   290.0
    28      1 1.000     0 0.000     0 0.000     0 0.000     0 0.000     0 0.000     0 0.000     0 0.000
    29       2      1      1      0      0  1.000    0.56783E+04      1  0.000   290.0
    30    2  1.000     0 0.000     0 0.000     0 0.000     0 0.000     0 0.000     0 0.000     0 0.000
      12345678901234567890123456789012345678901234567890123456789012345678901234567890
    31       3      1      1      0      0  1.000    0.56783E+04      1  0.000   290.0
    32      3 1.000     0 0.000     0 0.000     0 0.000     0 0.000     0 0.000     0 0.000     0 0.000
    33       4      1      1      0      0  1.000    0.56783E+04      1  0.000   290.0
    34      4 1.000     0 0.000     0 0.000     0 0.000     0 0.000     0 0.000     0 0.000     0 0.000
    35      1     4     0     2
    36       1      2      3      4
    37        0.000       290.0
    38        3.658       290.0
    39     9
    40     1    0    0    0    0    0    0    0    0    0    0    0    0    0
    41     1 nucl 0.9500E-02 0.8192E-02    40    1    2    0 0.00 0.570E-03 1.00    0    0    0
    42  10
    43   2    0    0    0    0    0    0    0    0    0    0    0    0    0
    44     1    2  10970.40                           UO2
    45      -73.0    0.28895   5.377
    46      871.0    0.28895   5.377
    47     2    2   8470.57                   Inconel 600
    48      -73.0    0.431     14.83
    49      871.0    0.431     14.83
    50    11
    51      1     1    21     0     0     1     0     0     0     0     0     0     0     0
    52   0.00
    53      1      2
    54   0.00000000     1.00000
    55   3.65800000     1.00000
    56   0.00
    57       1.00      1.00      1.00      1.00
    58   13
    59    8    0    0    0    0    0    0    0    0    0    0    0    0    0
    60     1    1    2    0    0    0      0.00    -290.0       0.0         1
      12345678901234567890123456789012345678901234567890123456789012345678901234567890
    61     2    1    2    0    0    0      0.00    -290.0       0.0         1
    62     3    1    2    0    0    0      0.00    -290.0       0.0         1
    63     4    1    2    0    0    0      0.00    -290.0       0.0         1
    64     1   22    1    0    0    0       0.0    -290.0     165.0        1
    65     2   22    1    0    0    0       0.0    -290.0     165.0        1
    66     3   22    1    0    0    0       0.0    -290.0     165.0        1
    67     4   22    1    0    0    0       0.0    -290.0     165.0        1
    68   -14
    69 hdf5 0
    70 rod_vtk 0
    71 fluid_vtk 1
    72 precise_vtk 1
    73 run_out 1
    74 rod_edits 1
    75 chan_edits 1
    76 mass_out 1
    77 heat_out 1
    78 krylo_out 1
    79 convergence 1
    80 end 14
    81    15
    82   1.0000E-05  1.00000E-02       15.20        0.20  1.0000E+01  0.1000E+04    10000
    83    19
    84 residual 0
    85 implicit 0
    86 optimize 0
    87 end 19







                    main control parameters are:

                    restart time step . . . . . . . . . . .    0
                    simulation start time . . . . . . . . .     0.000
                    outer iteration convergence limit . . . 0.0010000
                    maximum number of inner iterations  . .   10
                    maximum number of outer iterations  . .    1

    1
    1    2    0    0    5
    2
    4
    4
    1    1    0
    8
    4    0    1    1    0    0    0    0    0    0    0
    9
    1    0    0    0
   10
    2
   11
    1    1   21    0    0    1
   13
    8    0    0    0
  -14
   15
   19




                                                           input summary

                                    
                                    initial system operating pressure (psi)  . . . 2393.12267
                                    initial system steam/water enthalpy   . . . . . 554.23226
                                    initial noncondensable gas enthalpy   . . . . .  12.89769
                                    initial liquid volume fraction        . . . . .   1.00000
                                    average linear heat rate (kw/ft) . . . . . . .    1.21920
                                    total axial length (inches). . . . . . . . . .  144.01575
                                    total no. of axial nodes . . . . . . . . . . .         20




                                    initial volume fractions of vapor and noncondensable gases

   0.00000 percent of the total system volume is initially filled with vapor and/or noncondensable gases. the fraction
            of this gas volume occupied by water vapor and each noncondensable gas is as follows:
 steam         1.0000      air    0.00000




                                                          subchannel data


                                         nominal         wetted      momentum     momentum      axial variation tables
                       subchannel     channel area     perimeter       area         area   continuity momentum   wetted
                         id. no.        (in**2)        (in.)       (bottom)      (top)        area       area    perimeter
                       ----------------------------------------------------------------------------------------------------


                             1              0.1475         1.113        0.1475       0.1475         0         0         0
                             2              0.1475         1.113        0.1475       0.1475         0         0         0
                             3              0.1475         1.113        0.1475       0.1475         0         0         0
                             4              0.1475         1.113        0.1475       0.1475         0         0         0







     **********************************************************************************************************************************

          channel thermal connection input data
          -------------------------------------

          channel no.                    fuel rod - surface index pairs                                  heat slab indices
          -----------     ------------------------------------------------------------     ----------------------------------------

               1            1 - 1     0 - 0     0 - 0     0 - 0     0 - 0     0 - 0            0    0    0    0    0    0    0    0
               2            2 - 1     0 - 0     0 - 0     0 - 0     0 - 0     0 - 0            0    0    0    0    0    0    0    0
               3            3 - 1     0 - 0     0 - 0     0 - 0     0 - 0     0 - 0            0    0    0    0    0    0    0    0
               4            4 - 1     0 - 0     0 - 0     0 - 0     0 - 0     0 - 0            0    0    0    0    0    0    0    0


     **********************************************************************************************************************************









                                           channel splitting data - axial level   1 of   1

                                          number           no. of     cell length
                                        of channels         nodes     (nominal)

                                             4               20          0.6001


         channel           channels above                   channels below
                     ----------------------------     ----------------------------
              1        1    0    0    0    0    0       1    0    0    0    0    0
              2        2    0    0    0    0    0       2    0    0    0    0    0
              3        3    0    0    0    0    0       3    0    0    0    0    0
              4        4    0    0    0    0    0       4    0    0    0    0    0



         variable axial noding
         ---------------------
                    node   length       node   length       node   length       node   length       node   length
                     no.    (ft)         no.    (ft)         no.    (ft)         no.    (ft)         no.    (ft)
                    ----   ------       ----   ------       ----   ------       ----   ------       ----   ------
                      2    0.6001         3    0.6001         4    0.6001         5    0.6001         6    0.6001
                      7    0.6001         8    0.6001         9    0.6001        10    0.6001        11    0.6001
                     12    0.6001        13    0.6001        14    0.6001        15    0.6001        16    0.6001
                     17    0.6001        18    0.6001        19    0.6001        20    0.6001        21    0.6001




                                           simultaneous solution group information

                         no. of               last cell number in each group
                         groups
                             1                            80




     *****************************************************************************************************************************

                                                fuel rod and heat slab model input

                                                     no. of fuel rods  =   4               no. of fuel rod surfaces  =   4
                                                     no. of heat slabs =   0

     *****************************************************************************************************************************


                                                       fuel rod model input

         fuel rod    axial location    geometry   conductor    radial power    axial power     renoding     minimum        rod
           index      (in.) - (in.)      type        type          factor         profile       flag      node size   multiplier
         --------    --------------    --------    ---------    ------------    -----------    --------    ---------   ----------

             1         0.00 - 144.02     nucl          1            1.000            1        1000000000     0.0500        1.000
             2         0.00 - 144.02     nucl          1            1.000            1        1000000000     0.0500        1.000
             3         0.00 - 144.02     nucl          1            1.000            1        1000000000     0.0500        1.000
             4         0.00 - 144.02     nucl          1            1.000            1        1000000000     0.0500        1.000
          ------------------------------------------------------------------------------------------------------------------------
            Average radial factor:                                  1.000



     -----------------------------------------------------------------------------------------------------------------------------

                                             conductor geometry description
                                                  no. of geometry types =  1

     -----------------------------------------------------------------------------------------------------------------------------

0       type  1 - nucl     nuclear fuel rod -----------------------------------------------------------------------------------

           rod diameter                 0.3740 (in.)                 no. of nodes in fuel         40
           fuel pellet diameter         0.3225 (in.)                 fuel theoretical density     1.00000
           clad thickness               0.0224 (in.)                 central void diamter         0.0000 (in.)

           fuel material index =  1
           cladding material index =  2
           oxide on clad exterior is zirconium-dioxide


           radial noding information
                      node            region          location     power fraction     power factor
                      ----            ------          --------     --------------     ------------
                      *fuel*
                        1      ( 0.0000- 0.0041)      0.0029         0.00064            1.00000
                        2      ( 0.0041- 0.0082)      0.0065         0.00192            1.00000
                        3      ( 0.0082- 0.0122)      0.0104         0.00320            1.00000
                        4      ( 0.0122- 0.0163)      0.0144         0.00449            1.00000
                        5      ( 0.0163- 0.0204)      0.0185         0.00577            1.00000
                        6      ( 0.0204- 0.0245)      0.0225         0.00705            1.00000
                        7      ( 0.0245- 0.0286)      0.0266         0.00833            1.00000
                        8      ( 0.0286- 0.0327)      0.0307         0.00961            1.00000
                        9      ( 0.0327- 0.0367)      0.0348         0.01090            1.00000
                       10      ( 0.0367- 0.0408)      0.0388         0.01218            1.00000
                       11      ( 0.0408- 0.0449)      0.0429         0.01346            1.00000
                       12      ( 0.0449- 0.0490)      0.0470         0.01474            1.00000
                       13      ( 0.0490- 0.0531)      0.0511         0.01602            1.00000
                       14      ( 0.0531- 0.0572)      0.0552         0.01730            1.00000
                       15      ( 0.0572- 0.0612)      0.0592         0.01859            1.00000
                       16      ( 0.0612- 0.0653)      0.0633         0.01987            1.00000
                       17      ( 0.0653- 0.0694)      0.0674         0.02115            1.00000
                       18      ( 0.0694- 0.0735)      0.0715         0.02243            1.00000
                       19      ( 0.0735- 0.0776)      0.0756         0.02371            1.00000
                       20      ( 0.0776- 0.0817)      0.0796         0.02500            1.00000
                       21      ( 0.0817- 0.0857)      0.0837         0.02628            1.00000
                       22      ( 0.0857- 0.0898)      0.0878         0.02756            1.00000
                       23      ( 0.0898- 0.0939)      0.0919         0.02884            1.00000
                       24      ( 0.0939- 0.0980)      0.0960         0.03012            1.00000
                       25      ( 0.0980- 0.1021)      0.1000         0.03141            1.00000
                       26      ( 0.1021- 0.1061)      0.1041         0.03269            1.00000
                       27      ( 0.1061- 0.1102)      0.1082         0.03397            1.00000
                       28      ( 0.1102- 0.1143)      0.1123         0.03525            1.00000
                       29      ( 0.1143- 0.1184)      0.1164         0.03653            1.00000
                       30      ( 0.1184- 0.1225)      0.1205         0.03781            1.00000
                       31      ( 0.1225- 0.1266)      0.1245         0.03910            1.00000
                       32      ( 0.1266- 0.1306)      0.1286         0.04038            1.00000
                       33      ( 0.1306- 0.1347)      0.1327         0.04166            1.00000
                       34      ( 0.1347- 0.1388)      0.1368         0.04294            1.00000
                       35      ( 0.1388- 0.1429)      0.1409         0.04422            1.00000
                       36      ( 0.1429- 0.1470)      0.1449         0.04551            1.00000
                       37      ( 0.1470- 0.1511)      0.1490         0.04679            1.00000
                       38      ( 0.1511- 0.1551)      0.1531         0.04807            1.00000
                       39      ( 0.1551- 0.1592)      0.1572         0.04935            1.00000
                       40      ( 0.1592- 0.1613)      0.1613         0.02516            1.00000
                      *clad*
                       41      ( 0.1646- 0.1758)      0.1646
                       42      ( 0.1758- 0.1870)      0.1870



        constant gap conductance
           table of gap conductance vs rod for this geometry type
                    rod     hgap        rod     hgap        rod     hgap        rod     hgap        rod     hgap
                    no.   (b/h-f2)      no.   (b/h-f2)      no.   (b/h-f2)      no.   (b/h-f2)      no.   (b/h-f2)
                    ---   --------      ---   --------      ---   --------      ---   --------      ---   --------
                      1    1000.0         2    1000.0         3    1000.0         4    1000.0


     ------------------------------------------------------------------------------------------------------------------------


     material property tables
     ------------------------


           material type -  1          cold state density = 684.859 (lbm/ft3)          UO2       

                      temperature (f)       specific heat (btu/lbm-f)       conductivity (btu/hr-ft-f)

                          -99.4                0.0690                         3.107
                         1599.8                0.0690                         3.107


           material type -  2          cold state density = 528.800 (lbm/ft3)          Inconel   

                      temperature (f)       specific heat (btu/lbm-f)       conductivity (btu/hr-ft-f)

                          -99.4                0.1029                         8.569
                         1599.8                0.1029                         8.569


Axial Power Profile Table Data
------------------------------
                          Time [s]:     0.00000E+00
    Axial Power Factor Table Index:               1
               Used by Rod numbers:
      1      2      3
Rod node no.      Axial loc. [m]      Fluid node no.   Power Factor
------------------------------------------------------------------------
           1              0.0000                   2          1.000
           2              0.0914                   2          1.000
           3              0.2743                   3          1.000
           4              0.4572                   4          1.000
           5              0.6401                   5          1.000
           6              0.8230                   6          1.000
           7              1.0059                   7          1.000
           8              1.1888                   8          1.000
           9              1.3717                   9          1.000
          10              1.5546                  10          1.000
          11              1.7375                  11          1.000
          12              1.9204                  12          1.000
          13              2.1034                  13          1.000
          14              2.2863                  14          1.000
          15              2.4692                  15          1.000
          16              2.6521                  16          1.000
          17              2.8350                  17          1.000
          18              3.0179                  18          1.000
          19              3.2008                  19          1.000
          20              3.3837                  20          1.000
          21              3.5666                  21          1.000
          22              3.6580                  21          1.000
This table integrates to 1.0000 over a heated length of 3.6580 [m]
This table integrates to 1.0000 over a total length of 3.6580 [m]


-
1                                          axial and/or injection boundary conditions

                            boundary type                                  property specification
                            --------------------------------               ----------------------

                            1= pressure and enthalpy (axial) . . . . . . . pressure
                            2= flow and ehthalpy (axial) . . . . . . . . . mass flow
                            3= zero axial flow . . . . . . . . . . . . . . zero
                            4= injected flow and enthalpy  . . . . . . . . injected flow
                            5= pressure sink and enthalpy  . . . . . . . . sink pressure


                                                       boundary      specified
                                 channel     axial       type          property
                                  index       node    (see above)    (see above)     enthalpy


                                      1          1           2              0.17        554.23
                                      2          1           2              0.17        554.23
                                      3          1           2              0.17        554.23
                                      4          1           2              0.17        554.23
                                      1         22           1              0.00        554.23
                                      2         22           1              0.00        554.23
                                      3         22           1              0.00        554.23
                                      4         22           1              0.00        554.23
0

                                          zero crossflow boundary conditions

                                             gap     axial
                                            index    node


                   4     channels will be printed
                                  1    2    3    4
0                  4     rods will be printed
                                  1    2    3    4
0                  0     gaps will be printed



 *************************************************************************
 *                         new time domain reached                       *
 *   minimum   maximum    time      long      short   graphics    dump   *
 *    time      time     domain     edit      edit      edit             *
 *    step      step       end    interval  interval  interval  interval *
 *                                                                       *
 * 1.000E-05 1.000E-02 1.000E+10 1.000E+10 0.000E+00 0.000E+00 1.000E+01 *
 *************************************************************************


 time step ratio      =  1.000E+03

1 trac major edit



    time =  5.298E+00 seconds     delt =  1.000E-02 seconds     time steps =   582   oitno=       1

     last minimum number of inner iterations was  0 at step    71
     current convergence limits and limitation counts
         delamx      xxxxxx      delrmx      delvmx      delpmx
        1.000E+08   0.000E+00   1.000E+08   6.199E-02   1.000E+08
            0           0           0           0           0           0
     cptime = 0.000E+00

 ************************************************************************************************************************
          simulation time =      5.29848  seconds           aver. properties for channels
 node dist. quality  void fraction                mass flow                    enthalpy incr.          enthalpy              heat added
  no.  (ft.)                                       (lbm/s)                        (btu/s)               (btu/s)               (btu/s)
                    liq. vapor entr.   liquid   vapor   entr.  integr.   liquid     vapor   integr.     mixture     liquid     vapor   integr.

  21  12.00  -.208 1.000 0.000 0.000     0.66    0.00    0.00    0.66       2.77      0.00      2.77    422.04       2.77      0.00      2.77
  20  11.40  -.219 1.000 0.000 0.000     0.66    0.00    0.00    0.66       2.77      0.00      2.77    419.26       2.77      0.00      2.77
  19  10.80  -.230 1.000 0.000 0.000     0.66    0.00    0.00    0.66       2.77      0.00      2.77    416.49       2.77      0.00      2.77
  18  10.20  -.241 1.000 0.000 0.000     0.66    0.00    0.00    0.66       2.77      0.00      2.77    413.71       2.77      0.00      2.77
  17   9.60  -.252 1.000 0.000 0.000     0.66    0.00    0.00    0.66       2.77      0.00      2.77    410.94       2.77      0.00      2.77
  16   9.00  -.263 1.000 0.000 0.000     0.66    0.00    0.00    0.66       2.77      0.00      2.77    408.17       2.77      0.00      2.77
  15   8.40  -.274 1.000 0.000 0.000     0.66    0.00    0.00    0.66       2.77      0.00      2.77    405.39       2.77      0.00      2.77
  14   7.80  -.285 1.000 0.000 0.000     0.66    0.00    0.00    0.66       2.77      0.00      2.77    402.62       2.77      0.00      2.77
  13   7.20  -.296 1.000 0.000 0.000     0.66    0.00    0.00    0.66       2.77      0.00      2.77    399.85       2.77      0.00      2.77
  12   6.60  -.307 1.000 0.000 0.000     0.66    0.00    0.00    0.66       2.77      0.00      2.77    397.07       2.77      0.00      2.77
  11   6.00  -.318 1.000 0.000 0.000     0.66    0.00    0.00    0.66       2.77      0.00      2.77    394.30       2.77      0.00      2.77
  10   5.40  -.329 1.000 0.000 0.000     0.66    0.00    0.00    0.66       2.77      0.00      2.77    391.52       2.77      0.00      2.77
   9   4.80  -.340 1.000 0.000 0.000     0.66    0.00    0.00    0.66       2.77      0.00      2.77    388.75       2.77      0.00      2.77
   8   4.20  -.351 1.000 0.000 0.000     0.66    0.00    0.00    0.66       2.77      0.00      2.77    385.98       2.77      0.00      2.77
   7   3.60  -.362 1.000 0.000 0.000     0.66    0.00    0.00    0.66       2.77      0.00      2.77    383.20       2.77      0.00      2.77
   6   3.00  -.373 1.000 0.000 0.000     0.66    0.00    0.00    0.66       2.77      0.00      2.77    380.43       2.77      0.00      2.77
   5   2.40  -.384 1.000 0.000 0.000     0.66    0.00    0.00    0.66       2.77      0.00      2.77    377.66       2.77      0.00      2.77
   4   1.80  -.395 1.000 0.000 0.000     0.66    0.00    0.00    0.66       2.77      0.00      2.77    374.88       2.77      0.00      2.77
   3   1.20  -.406 1.000 0.000 0.000     0.66    0.00    0.00    0.66       2.77      0.00      2.77    372.11       2.77      0.00      2.77
   2   0.60  -.417 1.000 0.000 0.000     0.66    0.00    0.00    0.66       2.77      0.00      2.77    369.34       2.77      0.00      2.77
   1   0.00  -.428 1.000 0.000 0.000     0.66    0.00    0.00    0.66       0.00      0.00      0.00    366.56       0.00      0.00      0.00






          simulation time =      5.29848  seconds           fluid properties for channel    1
 node  dist.   pressure        velocity               void fraction                flow rate         flow     heat added      gama
  no.  (ft.)    (psi)          (ft/sec)                                             (lbm/s)          reg.       (btu/s)      (lbm/s)
                         liquid  vapor  entr.     liquid  vapor  entr.     liquid    vapor    entr.        liquid    vapor


   21  12.00   2393.315    3.87   3.87   0.02     1.0000 0.0000 0.0000    0.16536  0.00000  0.00000   1  0.693E+00 0.000E+00   0.00
   20  11.40   2393.507    3.85   3.85   0.02     1.0000 0.0000 0.0000    0.16536  0.00000  0.00000   1  0.693E+00 0.000E+00   0.00
   19  10.80   2393.701    3.82   3.82   0.02     1.0000 0.0000 0.0000    0.16535  0.00000  0.00000   1  0.693E+00 0.000E+00   0.00
   18  10.20   2393.895    3.80   3.80   0.02     1.0000 0.0000 0.0000    0.16535  0.00000  0.00000   1  0.693E+00 0.000E+00   0.00
   17   9.60   2394.091    3.78   3.78   0.02     1.0000 0.0000 0.0000    0.16535  0.00000  0.00000   1  0.693E+00 0.000E+00   0.00
   16   9.00   2394.288    3.75   3.75   0.02     1.0000 0.0000 0.0000    0.16535  0.00000  0.00000   1  0.693E+00 0.000E+00   0.00
   15   8.40   2394.485    3.73   3.73   0.02     1.0000 0.0000 0.0000    0.16535  0.00000  0.00000   1  0.693E+00 0.000E+00   0.00
   14   7.80   2394.684    3.71   3.71   0.02     1.0000 0.0000 0.0000    0.16535  0.00000  0.00000   1  0.693E+00 0.000E+00   0.00
   13   7.20   2394.883    3.69   3.69   0.02     1.0000 0.0000 0.0000    0.16535  0.00000  0.00000   1  0.693E+00 0.000E+00   0.00
   12   6.60   2395.084    3.67   3.67   0.02     1.0000 0.0000 0.0000    0.16535  0.00000  0.00000   1  0.693E+00 0.000E+00   0.00
   11   6.00   2395.285    3.65   3.65   0.02     1.0000 0.0000 0.0000    0.16535  0.00000  0.00000   1  0.693E+00 0.000E+00   0.00
   10   5.40   2395.487    3.63   3.63   0.02     1.0000 0.0000 0.0000    0.16535  0.00000  0.00000   1  0.693E+00 0.000E+00   0.00
    9   4.80   2395.691    3.61   3.61   0.02     1.0000 0.0000 0.0000    0.16535  0.00000  0.00000   1  0.693E+00 0.000E+00   0.00
    8   4.20   2395.895    3.59   3.59   0.02     1.0000 0.0000 0.0000    0.16535  0.00000  0.00000   1  0.693E+00 0.000E+00   0.00
    7   3.60   2396.100    3.57   3.57   0.02     1.0000 0.0000 0.0000    0.16535  0.00000  0.00000   1  0.693E+00 0.000E+00   0.00
    6   3.00   2396.306    3.55   3.55   0.02     1.0000 0.0000 0.0000    0.16535  0.00000  0.00000   1  0.693E+00 0.000E+00   0.00
    5   2.40   2396.513    3.53   3.53   0.02     1.0000 0.0000 0.0000    0.16535  0.00000  0.00000   1  0.693E+00 0.000E+00   0.00
    4   1.80   2396.721    3.51   3.51   0.02     1.0000 0.0000 0.0000    0.16535  0.00000  0.00000   1  0.693E+00 0.000E+00   0.00
    3   1.20   2396.930    3.50   3.50   0.02     1.0000 0.0000 0.0000    0.16535  0.00000  0.00000   1  0.693E+00 0.000E+00   0.00
    2   0.60   2397.139    3.48   3.48   0.02     1.0000 0.0000 0.0000    0.16535  0.00000  0.00000   1  0.693E+00 0.000E+00   0.00
    1   0.00   2397.348    3.47   3.46   0.02     1.0000 0.0000 0.0000    0.16535  0.00000  0.00000   1  0.000E+00 0.000E+00   0.00


 node  dist.                                    enthalpy                                                  density             net
  no.  (ft.)                                   (btu/lbm)                                                (lbm/ft3)           entrain
                 --------------------------------------------------------------------------   -------------------------------
                    vapor       hg     vapor-hg    liquid       hf    liq. - hf    mixture       liquid     vapor   mixture

   21  12.00       1104.32   1104.32       0.00    638.04     718.37     -80.33     638.04      41.69888   7.05754  41.6988    0.000
   20  11.40       1104.30   1104.30       0.00    633.88     718.40     -84.52     633.88      41.96795   7.05855  41.9679    0.000
   19  10.80       1104.28   1104.28       0.00    629.70     718.42     -88.72     629.70      42.23519   7.05958  42.2352    0.000
   18  10.20       1104.26   1104.26       0.00    625.52     718.44     -92.93     625.52      42.50026   7.06061  42.5002    0.000
   17   9.60       1104.24   1104.24       0.00    621.33     718.47     -97.14     621.33      42.76296   7.06164  42.7629    0.000
   16   9.00       1104.22   1104.22       0.00    617.14     718.49    -101.35     617.14      43.02317   7.06268  43.0231    0.000
   15   8.40       1104.21   1104.21       0.00    612.94     718.51    -105.57     612.94      43.28082   7.06372  43.2808    0.000
   14   7.80       1104.19   1104.19       0.00    608.75     718.54    -109.79     608.75      43.53589   7.06477  43.5359    0.000
   13   7.20       1104.17   1104.17       0.00    604.56     718.56    -114.01     604.56      43.78838   7.06583  43.7883    0.000
   12   6.60       1104.15   1104.15       0.00    600.36     718.59    -118.22     600.36      44.03829   7.06689  44.0383    0.000
   11   6.00       1104.13   1104.13       0.00    596.17     718.61    -122.44     596.17      44.28564   7.06796  44.2856    0.000
   10   5.40       1104.11   1104.11       0.00    591.98     718.64    -126.66     591.98      44.53046   7.06903  44.5304    0.000
    9   4.80       1104.09   1104.09       0.00    587.78     718.66    -130.88     587.78      44.77275   7.07010  44.7727    0.000
    8   4.20       1104.06   1104.06       0.00    583.59     718.69    -135.10     583.59      45.01255   7.07119  45.0125    0.000
    7   3.60       1104.04   1104.04       0.00    579.39     718.71    -139.32     579.39      45.24987   7.07227  45.2498    0.000
    6   3.00       1104.02   1104.02       0.00    575.20     718.74    -143.54     575.20      45.48475   7.07336  45.4847    0.000
    5   2.40       1104.00   1104.00       0.00    571.01     718.76    -147.75     571.01      45.71720   7.07446  45.7172    0.000
    4   1.80       1103.98   1103.98       0.00    566.81     718.79    -151.97     566.81      45.94725   7.07556  45.9472    0.000
    3   1.20       1103.96   1103.96       0.00    562.62     718.81    -156.19     562.62      46.17493   7.07667  46.1749    0.000
    2   0.60       1103.94   1103.94       0.00    558.43     718.84    -160.41     558.43      46.40026   7.07778  46.4002    0.000
    1   0.00       1103.92   1103.92      -0.00    554.23     718.86    -164.63     554.23      46.62328   7.07889  46.6232    0.000
0                                 -------------------------------- gas volumetric analysis --------------------------------
                hmgas      rmgas   steam    air                                           diam-ld  diam-sd  flow-sd  veloc-sd   gamsd
   21  12.00     12.90   0.00000  100.000    0.000    0.000    0.000    0.000    0.000   0.0000  0.00000 .0000E+00    0.00  .0000E+00
   20  11.40     12.90   0.00000  100.000    0.000    0.000    0.000    0.000    0.000   0.0000  0.00000 .0000E+00    0.00  .0000E+00
   19  10.80     12.89   0.00000  100.000    0.000    0.000    0.000    0.000    0.000   0.0000  0.00000 .0000E+00    0.00  .0000E+00
   18  10.20     12.89   0.00000  100.000    0.000    0.000    0.000    0.000    0.000   0.0000  0.00000 .0000E+00    0.00  .0000E+00
   17   9.60     12.89   0.00000  100.000    0.000    0.000    0.000    0.000    0.000   0.0000  0.00000 .0000E+00    0.00  .0000E+00
   16   9.00     12.89   0.00000  100.000    0.000    0.000    0.000    0.000    0.000   0.0000  0.00000 .0000E+00    0.00  .0000E+00
   15   8.40     12.89   0.00000  100.000    0.000    0.000    0.000    0.000    0.000   0.0000  0.00000 .0000E+00    0.00  .0000E+00
   14   7.80     12.89   0.00000  100.000    0.000    0.000    0.000    0.000    0.000   0.0000  0.00000 .0000E+00    0.00  .0000E+00
   13   7.20     12.89   0.00000  100.000    0.000    0.000    0.000    0.000    0.000   0.0000  0.00000 .0000E+00    0.00  .0000E+00
   12   6.60     12.89   0.00000  100.000    0.000    0.000    0.000    0.000    0.000   0.0000  0.00000 .0000E+00    0.00  .0000E+00
   11   6.00     12.88   0.00000  100.000    0.000    0.000    0.000    0.000    0.000   0.0000  0.00000 .0000E+00    0.00  .0000E+00
   10   5.40     12.88   0.00000  100.000    0.000    0.000    0.000    0.000    0.000   0.0000  0.00000 .0000E+00    0.00  .0000E+00
    9   4.80     12.88   0.00000  100.000    0.000    0.000    0.000    0.000    0.000   0.0000  0.00000 .0000E+00    0.00  .0000E+00
    8   4.20     12.88   0.00000  100.000    0.000    0.000    0.000    0.000    0.000   0.0000  0.00000 .0000E+00    0.00  .0000E+00
    7   3.60     12.88   0.00000  100.000    0.000    0.000    0.000    0.000    0.000   0.0000  0.00000 .0000E+00    0.00  .0000E+00
    6   3.00     12.88   0.00000  100.000    0.000    0.000    0.000    0.000    0.000   0.0000  0.00000 .0000E+00    0.00  .0000E+00
    5   2.40     12.88   0.00000  100.000    0.000    0.000    0.000    0.000    0.000   0.0000  0.00000 .0000E+00    0.00  .0000E+00
    4   1.80     12.88   0.00000  100.000    0.000    0.000    0.000    0.000    0.000   0.0000  0.00000 .0000E+00    0.00  .0000E+00
    3   1.20     12.88   0.00000  100.000    0.000    0.000    0.000    0.000    0.000   0.0000  0.00000 .0000E+00    0.00  .0000E+00
    2   0.60     12.87   0.00000  100.000    0.000    0.000    0.000    0.000    0.000   0.0000  0.00000 .0000E+00    0.00  .0000E+00
    1   0.00     12.90   0.00000  100.000    0.000    0.000    0.000    0.000    0.000   0.0000  0.00000 .0000E+00    0.00  .0000E+00

 ***********************************************************************************************************************************






          simulation time =      5.29848  seconds           fluid properties for channel    2
 node  dist.   pressure        velocity               void fraction                flow rate         flow     heat added      gama
  no.  (ft.)    (psi)          (ft/sec)                                             (lbm/s)          reg.       (btu/s)      (lbm/s)
                         liquid  vapor  entr.     liquid  vapor  entr.     liquid    vapor    entr.        liquid    vapor


   21  12.00   2393.315    3.87   3.87   0.02     1.0000 0.0000 0.0000    0.16536  0.00000  0.00000   1  0.693E+00 0.000E+00   0.00
   20  11.40   2393.507    3.85   3.85   0.02     1.0000 0.0000 0.0000    0.16536  0.00000  0.00000   1  0.693E+00 0.000E+00   0.00
   19  10.80   2393.701    3.82   3.82   0.02     1.0000 0.0000 0.0000    0.16535  0.00000  0.00000   1  0.693E+00 0.000E+00   0.00
   18  10.20   2393.895    3.80   3.80   0.02     1.0000 0.0000 0.0000    0.16535  0.00000  0.00000   1  0.693E+00 0.000E+00   0.00
   17   9.60   2394.091    3.78   3.78   0.02     1.0000 0.0000 0.0000    0.16535  0.00000  0.00000   1  0.693E+00 0.000E+00   0.00
   16   9.00   2394.288    3.75   3.75   0.02     1.0000 0.0000 0.0000    0.16535  0.00000  0.00000   1  0.693E+00 0.000E+00   0.00
   15   8.40   2394.485    3.73   3.73   0.02     1.0000 0.0000 0.0000    0.16535  0.00000  0.00000   1  0.693E+00 0.000E+00   0.00
   14   7.80   2394.684    3.71   3.71   0.02     1.0000 0.0000 0.0000    0.16535  0.00000  0.00000   1  0.693E+00 0.000E+00   0.00
   13   7.20   2394.883    3.69   3.69   0.02     1.0000 0.0000 0.0000    0.16535  0.00000  0.00000   1  0.693E+00 0.000E+00   0.00
   12   6.60   2395.084    3.67   3.67   0.02     1.0000 0.0000 0.0000    0.16535  0.00000  0.00000   1  0.693E+00 0.000E+00   0.00
   11   6.00   2395.285    3.65   3.65   0.02     1.0000 0.0000 0.0000    0.16535  0.00000  0.00000   1  0.693E+00 0.000E+00   0.00
   10   5.40   2395.487    3.63   3.63   0.02     1.0000 0.0000 0.0000    0.16535  0.00000  0.00000   1  0.693E+00 0.000E+00   0.00
    9   4.80   2395.691    3.61   3.61   0.02     1.0000 0.0000 0.0000    0.16535  0.00000  0.00000   1  0.693E+00 0.000E+00   0.00
    8   4.20   2395.895    3.59   3.59   0.02     1.0000 0.0000 0.0000    0.16535  0.00000  0.00000   1  0.693E+00 0.000E+00   0.00
    7   3.60   2396.100    3.57   3.57   0.02     1.0000 0.0000 0.0000    0.16535  0.00000  0.00000   1  0.693E+00 0.000E+00   0.00
    6   3.00   2396.306    3.55   3.55   0.02     1.0000 0.0000 0.0000    0.16535  0.00000  0.00000   1  0.693E+00 0.000E+00   0.00
    5   2.40   2396.513    3.53   3.53   0.02     1.0000 0.0000 0.0000    0.16535  0.00000  0.00000   1  0.693E+00 0.000E+00   0.00
    4   1.80   2396.721    3.51   3.51   0.02     1.0000 0.0000 0.0000    0.16535  0.00000  0.00000   1  0.693E+00 0.000E+00   0.00
    3   1.20   2396.930    3.50   3.50   0.02     1.0000 0.0000 0.0000    0.16535  0.00000  0.00000   1  0.693E+00 0.000E+00   0.00
    2   0.60   2397.139    3.48   3.48   0.02     1.0000 0.0000 0.0000    0.16535  0.00000  0.00000   1  0.693E+00 0.000E+00   0.00
    1   0.00   2397.348    3.47   3.46   0.02     1.0000 0.0000 0.0000    0.16535  0.00000  0.00000   1  0.000E+00 0.000E+00   0.00


 node  dist.                                    enthalpy                                                  density             net
  no.  (ft.)                                   (btu/lbm)                                                (lbm/ft3)           entrain
                 --------------------------------------------------------------------------   -------------------------------
                    vapor       hg     vapor-hg    liquid       hf    liq. - hf    mixture       liquid     vapor   mixture

   21  12.00       1104.32   1104.32       0.00    638.04     718.37     -80.33     638.04      41.69888   7.05754  41.6988    0.000
   20  11.40       1104.30   1104.30       0.00    633.88     718.40     -84.52     633.88      41.96795   7.05855  41.9679    0.000
   19  10.80       1104.28   1104.28       0.00    629.70     718.42     -88.72     629.70      42.23519   7.05958  42.2352    0.000
   18  10.20       1104.26   1104.26       0.00    625.52     718.44     -92.93     625.52      42.50026   7.06061  42.5002    0.000
   17   9.60       1104.24   1104.24       0.00    621.33     718.47     -97.14     621.33      42.76296   7.06164  42.7629    0.000
   16   9.00       1104.22   1104.22       0.00    617.14     718.49    -101.35     617.14      43.02317   7.06268  43.0231    0.000
   15   8.40       1104.21   1104.21       0.00    612.94     718.51    -105.57     612.94      43.28082   7.06372  43.2808    0.000
   14   7.80       1104.19   1104.19       0.00    608.75     718.54    -109.79     608.75      43.53589   7.06477  43.5359    0.000
   13   7.20       1104.17   1104.17       0.00    604.56     718.56    -114.01     604.56      43.78838   7.06583  43.7883    0.000
   12   6.60       1104.15   1104.15       0.00    600.36     718.59    -118.22     600.36      44.03829   7.06689  44.0383    0.000
   11   6.00       1104.13   1104.13       0.00    596.17     718.61    -122.44     596.17      44.28564   7.06796  44.2856    0.000
   10   5.40       1104.11   1104.11       0.00    591.98     718.64    -126.66     591.98      44.53046   7.06903  44.5304    0.000
    9   4.80       1104.09   1104.09       0.00    587.78     718.66    -130.88     587.78      44.77275   7.07010  44.7727    0.000
    8   4.20       1104.06   1104.06       0.00    583.59     718.69    -135.10     583.59      45.01255   7.07119  45.0125    0.000
    7   3.60       1104.04   1104.04       0.00    579.39     718.71    -139.32     579.39      45.24987   7.07227  45.2498    0.000
    6   3.00       1104.02   1104.02       0.00    575.20     718.74    -143.54     575.20      45.48475   7.07336  45.4847    0.000
    5   2.40       1104.00   1104.00       0.00    571.01     718.76    -147.75     571.01      45.71720   7.07446  45.7172    0.000
    4   1.80       1103.98   1103.98       0.00    566.81     718.79    -151.97     566.81      45.94725   7.07556  45.9472    0.000
    3   1.20       1103.96   1103.96       0.00    562.62     718.81    -156.19     562.62      46.17493   7.07667  46.1749    0.000
    2   0.60       1103.94   1103.94       0.00    558.43     718.84    -160.41     558.43      46.40026   7.07778  46.4002    0.000
    1   0.00       1103.92   1103.92      -0.00    554.23     718.86    -164.63     554.23      46.62328   7.07889  46.6232    0.000
0                                 -------------------------------- gas volumetric analysis --------------------------------
                hmgas      rmgas   steam    air                                           diam-ld  diam-sd  flow-sd  veloc-sd   gamsd
   21  12.00     12.90   0.00000  100.000    0.000    0.000    0.000    0.000    0.000   0.0000  0.00000 .0000E+00    0.00  .0000E+00
   20  11.40     12.90   0.00000  100.000    0.000    0.000    0.000    0.000    0.000   0.0000  0.00000 .0000E+00    0.00  .0000E+00
   19  10.80     12.89   0.00000  100.000    0.000    0.000    0.000    0.000    0.000   0.0000  0.00000 .0000E+00    0.00  .0000E+00
   18  10.20     12.89   0.00000  100.000    0.000    0.000    0.000    0.000    0.000   0.0000  0.00000 .0000E+00    0.00  .0000E+00
   17   9.60     12.89   0.00000  100.000    0.000    0.000    0.000    0.000    0.000   0.0000  0.00000 .0000E+00    0.00  .0000E+00
   16   9.00     12.89   0.00000  100.000    0.000    0.000    0.000    0.000    0.000   0.0000  0.00000 .0000E+00    0.00  .0000E+00
   15   8.40     12.89   0.00000  100.000    0.000    0.000    0.000    0.000    0.000   0.0000  0.00000 .0000E+00    0.00  .0000E+00
   14   7.80     12.89   0.00000  100.000    0.000    0.000    0.000    0.000    0.000   0.0000  0.00000 .0000E+00    0.00  .0000E+00
   13   7.20     12.89   0.00000  100.000    0.000    0.000    0.000    0.000    0.000   0.0000  0.00000 .0000E+00    0.00  .0000E+00
   12   6.60     12.89   0.00000  100.000    0.000    0.000    0.000    0.000    0.000   0.0000  0.00000 .0000E+00    0.00  .0000E+00
   11   6.00     12.88   0.00000  100.000    0.000    0.000    0.000    0.000    0.000   0.0000  0.00000 .0000E+00    0.00  .0000E+00
   10   5.40     12.88   0.00000  100.000    0.000    0.000    0.000    0.000    0.000   0.0000  0.00000 .0000E+00    0.00  .0000E+00
    9   4.80     12.88   0.00000  100.000    0.000    0.000    0.000    0.000    0.000   0.0000  0.00000 .0000E+00    0.00  .0000E+00
    8   4.20     12.88   0.00000  100.000    0.000    0.000    0.000    0.000    0.000   0.0000  0.00000 .0000E+00    0.00  .0000E+00
    7   3.60     12.88   0.00000  100.000    0.000    0.000    0.000    0.000    0.000   0.0000  0.00000 .0000E+00    0.00  .0000E+00
    6   3.00     12.88   0.00000  100.000    0.000    0.000    0.000    0.000    0.000   0.0000  0.00000 .0000E+00    0.00  .0000E+00
    5   2.40     12.88   0.00000  100.000    0.000    0.000    0.000    0.000    0.000   0.0000  0.00000 .0000E+00    0.00  .0000E+00
    4   1.80     12.88   0.00000  100.000    0.000    0.000    0.000    0.000    0.000   0.0000  0.00000 .0000E+00    0.00  .0000E+00
    3   1.20     12.88   0.00000  100.000    0.000    0.000    0.000    0.000    0.000   0.0000  0.00000 .0000E+00    0.00  .0000E+00
    2   0.60     12.87   0.00000  100.000    0.000    0.000    0.000    0.000    0.000   0.0000  0.00000 .0000E+00    0.00  .0000E+00
    1   0.00     12.90   0.00000  100.000    0.000    0.000    0.000    0.000    0.000   0.0000  0.00000 .0000E+00    0.00  .0000E+00

 ***********************************************************************************************************************************






          simulation time =      5.29848  seconds           fluid properties for channel    3
 node  dist.   pressure        velocity               void fraction                flow rate         flow     heat added      gama
  no.  (ft.)    (psi)          (ft/sec)                                             (lbm/s)          reg.       (btu/s)      (lbm/s)
                         liquid  vapor  entr.     liquid  vapor  entr.     liquid    vapor    entr.        liquid    vapor


   21  12.00   2393.315    3.87   3.87   0.02     1.0000 0.0000 0.0000    0.16536  0.00000  0.00000   1  0.693E+00 0.000E+00   0.00
   20  11.40   2393.507    3.85   3.85   0.02     1.0000 0.0000 0.0000    0.16536  0.00000  0.00000   1  0.693E+00 0.000E+00   0.00
   19  10.80   2393.701    3.82   3.82   0.02     1.0000 0.0000 0.0000    0.16535  0.00000  0.00000   1  0.693E+00 0.000E+00   0.00
   18  10.20   2393.895    3.80   3.80   0.02     1.0000 0.0000 0.0000    0.16535  0.00000  0.00000   1  0.693E+00 0.000E+00   0.00
   17   9.60   2394.091    3.78   3.78   0.02     1.0000 0.0000 0.0000    0.16535  0.00000  0.00000   1  0.693E+00 0.000E+00   0.00
   16   9.00   2394.288    3.75   3.75   0.02     1.0000 0.0000 0.0000    0.16535  0.00000  0.00000   1  0.693E+00 0.000E+00   0.00
   15   8.40   2394.485    3.73   3.73   0.02     1.0000 0.0000 0.0000    0.16535  0.00000  0.00000   1  0.693E+00 0.000E+00   0.00
   14   7.80   2394.684    3.71   3.71   0.02     1.0000 0.0000 0.0000    0.16535  0.00000  0.00000   1  0.693E+00 0.000E+00   0.00
   13   7.20   2394.883    3.69   3.69   0.02     1.0000 0.0000 0.0000    0.16535  0.00000  0.00000   1  0.693E+00 0.000E+00   0.00
   12   6.60   2395.084    3.67   3.67   0.02     1.0000 0.0000 0.0000    0.16535  0.00000  0.00000   1  0.693E+00 0.000E+00   0.00
   11   6.00   2395.285    3.65   3.65   0.02     1.0000 0.0000 0.0000    0.16535  0.00000  0.00000   1  0.693E+00 0.000E+00   0.00
   10   5.40   2395.487    3.63   3.63   0.02     1.0000 0.0000 0.0000    0.16535  0.00000  0.00000   1  0.693E+00 0.000E+00   0.00
    9   4.80   2395.691    3.61   3.61   0.02     1.0000 0.0000 0.0000    0.16535  0.00000  0.00000   1  0.693E+00 0.000E+00   0.00
    8   4.20   2395.895    3.59   3.59   0.02     1.0000 0.0000 0.0000    0.16535  0.00000  0.00000   1  0.693E+00 0.000E+00   0.00
    7   3.60   2396.100    3.57   3.57   0.02     1.0000 0.0000 0.0000    0.16535  0.00000  0.00000   1  0.693E+00 0.000E+00   0.00
    6   3.00   2396.306    3.55   3.55   0.02     1.0000 0.0000 0.0000    0.16535  0.00000  0.00000   1  0.693E+00 0.000E+00   0.00
    5   2.40   2396.513    3.53   3.53   0.02     1.0000 0.0000 0.0000    0.16535  0.00000  0.00000   1  0.693E+00 0.000E+00   0.00
    4   1.80   2396.721    3.51   3.51   0.02     1.0000 0.0000 0.0000    0.16535  0.00000  0.00000   1  0.693E+00 0.000E+00   0.00
    3   1.20   2396.930    3.50   3.50   0.02     1.0000 0.0000 0.0000    0.16535  0.00000  0.00000   1  0.693E+00 0.000E+00   0.00
    2   0.60   2397.139    3.48   3.48   0.02     1.0000 0.0000 0.0000    0.16535  0.00000  0.00000   1  0.693E+00 0.000E+00   0.00
    1   0.00   2397.348    3.47   3.46   0.02     1.0000 0.0000 0.0000    0.16535  0.00000  0.00000   1  0.000E+00 0.000E+00   0.00


 node  dist.                                    enthalpy                                                  density             net
  no.  (ft.)                                   (btu/lbm)                                                (lbm/ft3)           entrain
                 --------------------------------------------------------------------------   -------------------------------
                    vapor       hg     vapor-hg    liquid       hf    liq. - hf    mixture       liquid     vapor   mixture

   21  12.00       1104.32   1104.32       0.00    638.04     718.37     -80.33     638.04      41.69888   7.05754  41.6988    0.000
   20  11.40       1104.30   1104.30       0.00    633.88     718.40     -84.52     633.88      41.96795   7.05855  41.9679    0.000
   19  10.80       1104.28   1104.28       0.00    629.70     718.42     -88.72     629.70      42.23519   7.05958  42.2352    0.000
   18  10.20       1104.26   1104.26       0.00    625.52     718.44     -92.93     625.52      42.50026   7.06061  42.5002    0.000
   17   9.60       1104.24   1104.24       0.00    621.33     718.47     -97.14     621.33      42.76296   7.06164  42.7629    0.000
   16   9.00       1104.22   1104.22       0.00    617.14     718.49    -101.35     617.14      43.02317   7.06268  43.0231    0.000
   15   8.40       1104.21   1104.21       0.00    612.94     718.51    -105.57     612.94      43.28082   7.06372  43.2808    0.000
   14   7.80       1104.19   1104.19       0.00    608.75     718.54    -109.79     608.75      43.53589   7.06477  43.5359    0.000
   13   7.20       1104.17   1104.17       0.00    604.56     718.56    -114.01     604.56      43.78838   7.06583  43.7883    0.000
   12   6.60       1104.15   1104.15       0.00    600.36     718.59    -118.22     600.36      44.03829   7.06689  44.0383    0.000
   11   6.00       1104.13   1104.13       0.00    596.17     718.61    -122.44     596.17      44.28564   7.06796  44.2856    0.000
   10   5.40       1104.11   1104.11       0.00    591.98     718.64    -126.66     591.98      44.53046   7.06903  44.5304    0.000
    9   4.80       1104.09   1104.09       0.00    587.78     718.66    -130.88     587.78      44.77275   7.07010  44.7727    0.000
    8   4.20       1104.06   1104.06       0.00    583.59     718.69    -135.10     583.59      45.01255   7.07119  45.0125    0.000
    7   3.60       1104.04   1104.04       0.00    579.39     718.71    -139.32     579.39      45.24987   7.07227  45.2498    0.000
    6   3.00       1104.02   1104.02       0.00    575.20     718.74    -143.54     575.20      45.48475   7.07336  45.4847    0.000
    5   2.40       1104.00   1104.00       0.00    571.01     718.76    -147.75     571.01      45.71720   7.07446  45.7172    0.000
    4   1.80       1103.98   1103.98       0.00    566.81     718.79    -151.97     566.81      45.94725   7.07556  45.9472    0.000
    3   1.20       1103.96   1103.96       0.00    562.62     718.81    -156.19     562.62      46.17493   7.07667  46.1749    0.000
    2   0.60       1103.94   1103.94       0.00    558.43     718.84    -160.41     558.43      46.40026   7.07778  46.4002    0.000
    1   0.00       1103.92   1103.92      -0.00    554.23     718.86    -164.63     554.23      46.62328   7.07889  46.6232    0.000
0                                 -------------------------------- gas volumetric analysis --------------------------------
                hmgas      rmgas   steam    air                                           diam-ld  diam-sd  flow-sd  veloc-sd   gamsd
   21  12.00     12.90   0.00000  100.000    0.000    0.000    0.000    0.000    0.000   0.0000  0.00000 .0000E+00    0.00  .0000E+00
   20  11.40     12.90   0.00000  100.000    0.000    0.000    0.000    0.000    0.000   0.0000  0.00000 .0000E+00    0.00  .0000E+00
   19  10.80     12.89   0.00000  100.000    0.000    0.000    0.000    0.000    0.000   0.0000  0.00000 .0000E+00    0.00  .0000E+00
   18  10.20     12.89   0.00000  100.000    0.000    0.000    0.000    0.000    0.000   0.0000  0.00000 .0000E+00    0.00  .0000E+00
   17   9.60     12.89   0.00000  100.000    0.000    0.000    0.000    0.000    0.000   0.0000  0.00000 .0000E+00    0.00  .0000E+00
   16   9.00     12.89   0.00000  100.000    0.000    0.000    0.000    0.000    0.000   0.0000  0.00000 .0000E+00    0.00  .0000E+00
   15   8.40     12.89   0.00000  100.000    0.000    0.000    0.000    0.000    0.000   0.0000  0.00000 .0000E+00    0.00  .0000E+00
   14   7.80     12.89   0.00000  100.000    0.000    0.000    0.000    0.000    0.000   0.0000  0.00000 .0000E+00    0.00  .0000E+00
   13   7.20     12.89   0.00000  100.000    0.000    0.000    0.000    0.000    0.000   0.0000  0.00000 .0000E+00    0.00  .0000E+00
   12   6.60     12.89   0.00000  100.000    0.000    0.000    0.000    0.000    0.000   0.0000  0.00000 .0000E+00    0.00  .0000E+00
   11   6.00     12.88   0.00000  100.000    0.000    0.000    0.000    0.000    0.000   0.0000  0.00000 .0000E+00    0.00  .0000E+00
   10   5.40     12.88   0.00000  100.000    0.000    0.000    0.000    0.000    0.000   0.0000  0.00000 .0000E+00    0.00  .0000E+00
    9   4.80     12.88   0.00000  100.000    0.000    0.000    0.000    0.000    0.000   0.0000  0.00000 .0000E+00    0.00  .0000E+00
    8   4.20     12.88   0.00000  100.000    0.000    0.000    0.000    0.000    0.000   0.0000  0.00000 .0000E+00    0.00  .0000E+00
    7   3.60     12.88   0.00000  100.000    0.000    0.000    0.000    0.000    0.000   0.0000  0.00000 .0000E+00    0.00  .0000E+00
    6   3.00     12.88   0.00000  100.000    0.000    0.000    0.000    0.000    0.000   0.0000  0.00000 .0000E+00    0.00  .0000E+00
    5   2.40     12.88   0.00000  100.000    0.000    0.000    0.000    0.000    0.000   0.0000  0.00000 .0000E+00    0.00  .0000E+00
    4   1.80     12.88   0.00000  100.000    0.000    0.000    0.000    0.000    0.000   0.0000  0.00000 .0000E+00    0.00  .0000E+00
    3   1.20     12.88   0.00000  100.000    0.000    0.000    0.000    0.000    0.000   0.0000  0.00000 .0000E+00    0.00  .0000E+00
    2   0.60     12.87   0.00000  100.000    0.000    0.000    0.000    0.000    0.000   0.0000  0.00000 .0000E+00    0.00  .0000E+00
    1   0.00     12.90   0.00000  100.000    0.000    0.000    0.000    0.000    0.000   0.0000  0.00000 .0000E+00    0.00  .0000E+00

 ***********************************************************************************************************************************






          simulation time =      5.29848  seconds           fluid properties for channel    4
 node  dist.   pressure        velocity               void fraction                flow rate         flow     heat added      gama
  no.  (ft.)    (psi)          (ft/sec)                                             (lbm/s)          reg.       (btu/s)      (lbm/s)
                         liquid  vapor  entr.     liquid  vapor  entr.     liquid    vapor    entr.        liquid    vapor


   21  12.00   2393.315    3.87   3.87   0.02     1.0000 0.0000 0.0000    0.16536  0.00000  0.00000   1  0.693E+00 0.000E+00   0.00
   20  11.40   2393.507    3.85   3.85   0.02     1.0000 0.0000 0.0000    0.16536  0.00000  0.00000   1  0.693E+00 0.000E+00   0.00
   19  10.80   2393.701    3.82   3.82   0.02     1.0000 0.0000 0.0000    0.16535  0.00000  0.00000   1  0.693E+00 0.000E+00   0.00
   18  10.20   2393.895    3.80   3.80   0.02     1.0000 0.0000 0.0000    0.16535  0.00000  0.00000   1  0.693E+00 0.000E+00   0.00
   17   9.60   2394.091    3.78   3.78   0.02     1.0000 0.0000 0.0000    0.16535  0.00000  0.00000   1  0.693E+00 0.000E+00   0.00
   16   9.00   2394.288    3.75   3.75   0.02     1.0000 0.0000 0.0000    0.16535  0.00000  0.00000   1  0.693E+00 0.000E+00   0.00
   15   8.40   2394.485    3.73   3.73   0.02     1.0000 0.0000 0.0000    0.16535  0.00000  0.00000   1  0.693E+00 0.000E+00   0.00
   14   7.80   2394.684    3.71   3.71   0.02     1.0000 0.0000 0.0000    0.16535  0.00000  0.00000   1  0.693E+00 0.000E+00   0.00
   13   7.20   2394.883    3.69   3.69   0.02     1.0000 0.0000 0.0000    0.16535  0.00000  0.00000   1  0.693E+00 0.000E+00   0.00
   12   6.60   2395.084    3.67   3.67   0.02     1.0000 0.0000 0.0000    0.16535  0.00000  0.00000   1  0.693E+00 0.000E+00   0.00
   11   6.00   2395.285    3.65   3.65   0.02     1.0000 0.0000 0.0000    0.16535  0.00000  0.00000   1  0.693E+00 0.000E+00   0.00
   10   5.40   2395.487    3.63   3.63   0.02     1.0000 0.0000 0.0000    0.16535  0.00000  0.00000   1  0.693E+00 0.000E+00   0.00
    9   4.80   2395.691    3.61   3.61   0.02     1.0000 0.0000 0.0000    0.16535  0.00000  0.00000   1  0.693E+00 0.000E+00   0.00
    8   4.20   2395.895    3.59   3.59   0.02     1.0000 0.0000 0.0000    0.16535  0.00000  0.00000   1  0.693E+00 0.000E+00   0.00
    7   3.60   2396.100    3.57   3.57   0.02     1.0000 0.0000 0.0000    0.16535  0.00000  0.00000   1  0.693E+00 0.000E+00   0.00
    6   3.00   2396.306    3.55   3.55   0.02     1.0000 0.0000 0.0000    0.16535  0.00000  0.00000   1  0.693E+00 0.000E+00   0.00
    5   2.40   2396.513    3.53   3.53   0.02     1.0000 0.0000 0.0000    0.16535  0.00000  0.00000   1  0.693E+00 0.000E+00   0.00
    4   1.80   2396.721    3.51   3.51   0.02     1.0000 0.0000 0.0000    0.16535  0.00000  0.00000   1  0.693E+00 0.000E+00   0.00
    3   1.20   2396.930    3.50   3.50   0.02     1.0000 0.0000 0.0000    0.16535  0.00000  0.00000   1  0.693E+00 0.000E+00   0.00
    2   0.60   2397.139    3.48   3.48   0.02     1.0000 0.0000 0.0000    0.16535  0.00000  0.00000   1  0.693E+00 0.000E+00   0.00
    1   0.00   2397.348    3.47   3.46   0.02     1.0000 0.0000 0.0000    0.16535  0.00000  0.00000   1  0.000E+00 0.000E+00   0.00


 node  dist.                                    enthalpy                                                  density             net
  no.  (ft.)                                   (btu/lbm)                                                (lbm/ft3)           entrain
                 --------------------------------------------------------------------------   -------------------------------
                    vapor       hg     vapor-hg    liquid       hf    liq. - hf    mixture       liquid     vapor   mixture

   21  12.00       1104.32   1104.32       0.00    638.04     718.37     -80.33     638.04      41.69888   7.05754  41.6988    0.000
   20  11.40       1104.30   1104.30       0.00    633.88     718.40     -84.52     633.88      41.96795   7.05855  41.9679    0.000
   19  10.80       1104.28   1104.28       0.00    629.70     718.42     -88.72     629.70      42.23519   7.05958  42.2352    0.000
   18  10.20       1104.26   1104.26       0.00    625.52     718.44     -92.93     625.52      42.50026   7.06061  42.5002    0.000
   17   9.60       1104.24   1104.24       0.00    621.33     718.47     -97.14     621.33      42.76296   7.06164  42.7629    0.000
   16   9.00       1104.22   1104.22       0.00    617.14     718.49    -101.35     617.14      43.02317   7.06268  43.0231    0.000
   15   8.40       1104.21   1104.21       0.00    612.94     718.51    -105.57     612.94      43.28082   7.06372  43.2808    0.000
   14   7.80       1104.19   1104.19       0.00    608.75     718.54    -109.79     608.75      43.53589   7.06477  43.5359    0.000
   13   7.20       1104.17   1104.17       0.00    604.56     718.56    -114.01     604.56      43.78838   7.06583  43.7883    0.000
   12   6.60       1104.15   1104.15       0.00    600.36     718.59    -118.22     600.36      44.03829   7.06689  44.0383    0.000
   11   6.00       1104.13   1104.13       0.00    596.17     718.61    -122.44     596.17      44.28564   7.06796  44.2856    0.000
   10   5.40       1104.11   1104.11       0.00    591.98     718.64    -126.66     591.98      44.53046   7.06903  44.5304    0.000
    9   4.80       1104.09   1104.09       0.00    587.78     718.66    -130.88     587.78      44.77275   7.07010  44.7727    0.000
    8   4.20       1104.06   1104.06       0.00    583.59     718.69    -135.10     583.59      45.01255   7.07119  45.0125    0.000
    7   3.60       1104.04   1104.04       0.00    579.39     718.71    -139.32     579.39      45.24987   7.07227  45.2498    0.000
    6   3.00       1104.02   1104.02       0.00    575.20     718.74    -143.54     575.20      45.48475   7.07336  45.4847    0.000
    5   2.40       1104.00   1104.00       0.00    571.01     718.76    -147.75     571.01      45.71720   7.07446  45.7172    0.000
    4   1.80       1103.98   1103.98       0.00    566.81     718.79    -151.97     566.81      45.94725   7.07556  45.9472    0.000
    3   1.20       1103.96   1103.96       0.00    562.62     718.81    -156.19     562.62      46.17493   7.07667  46.1749    0.000
    2   0.60       1103.94   1103.94       0.00    558.43     718.84    -160.41     558.43      46.40026   7.07778  46.4002    0.000
    1   0.00       1103.92   1103.92      -0.00    554.23     718.86    -164.63     554.23      46.62328   7.07889  46.6232    0.000
0                                 -------------------------------- gas volumetric analysis --------------------------------
                hmgas      rmgas   steam    air                                           diam-ld  diam-sd  flow-sd  veloc-sd   gamsd
   21  12.00     12.90   0.00000  100.000    0.000    0.000    0.000    0.000    0.000   0.0000  0.00000 .0000E+00    0.00  .0000E+00
   20  11.40     12.90   0.00000  100.000    0.000    0.000    0.000    0.000    0.000   0.0000  0.00000 .0000E+00    0.00  .0000E+00
   19  10.80     12.89   0.00000  100.000    0.000    0.000    0.000    0.000    0.000   0.0000  0.00000 .0000E+00    0.00  .0000E+00
   18  10.20     12.89   0.00000  100.000    0.000    0.000    0.000    0.000    0.000   0.0000  0.00000 .0000E+00    0.00  .0000E+00
   17   9.60     12.89   0.00000  100.000    0.000    0.000    0.000    0.000    0.000   0.0000  0.00000 .0000E+00    0.00  .0000E+00
   16   9.00     12.89   0.00000  100.000    0.000    0.000    0.000    0.000    0.000   0.0000  0.00000 .0000E+00    0.00  .0000E+00
   15   8.40     12.89   0.00000  100.000    0.000    0.000    0.000    0.000    0.000   0.0000  0.00000 .0000E+00    0.00  .0000E+00
   14   7.80     12.89   0.00000  100.000    0.000    0.000    0.000    0.000    0.000   0.0000  0.00000 .0000E+00    0.00  .0000E+00
   13   7.20     12.89   0.00000  100.000    0.000    0.000    0.000    0.000    0.000   0.0000  0.00000 .0000E+00    0.00  .0000E+00
   12   6.60     12.89   0.00000  100.000    0.000    0.000    0.000    0.000    0.000   0.0000  0.00000 .0000E+00    0.00  .0000E+00
   11   6.00     12.88   0.00000  100.000    0.000    0.000    0.000    0.000    0.000   0.0000  0.00000 .0000E+00    0.00  .0000E+00
   10   5.40     12.88   0.00000  100.000    0.000    0.000    0.000    0.000    0.000   0.0000  0.00000 .0000E+00    0.00  .0000E+00
    9   4.80     12.88   0.00000  100.000    0.000    0.000    0.000    0.000    0.000   0.0000  0.00000 .0000E+00    0.00  .0000E+00
    8   4.20     12.88   0.00000  100.000    0.000    0.000    0.000    0.000    0.000   0.0000  0.00000 .0000E+00    0.00  .0000E+00
    7   3.60     12.88   0.00000  100.000    0.000    0.000    0.000    0.000    0.000   0.0000  0.00000 .0000E+00    0.00  .0000E+00
    6   3.00     12.88   0.00000  100.000    0.000    0.000    0.000    0.000    0.000   0.0000  0.00000 .0000E+00    0.00  .0000E+00
    5   2.40     12.88   0.00000  100.000    0.000    0.000    0.000    0.000    0.000   0.0000  0.00000 .0000E+00    0.00  .0000E+00
    4   1.80     12.88   0.00000  100.000    0.000    0.000    0.000    0.000    0.000   0.0000  0.00000 .0000E+00    0.00  .0000E+00
    3   1.20     12.88   0.00000  100.000    0.000    0.000    0.000    0.000    0.000   0.0000  0.00000 .0000E+00    0.00  .0000E+00
    2   0.60     12.87   0.00000  100.000    0.000    0.000    0.000    0.000    0.000   0.0000  0.00000 .0000E+00    0.00  .0000E+00
    1   0.00     12.90   0.00000  100.000    0.000    0.000    0.000    0.000    0.000   0.0000  0.00000 .0000E+00    0.00  .0000E+00

 ***********************************************************************************************************************************






          nuclear fuel rod no.  1                         simulation time =    5.30 seconds
             surface no.  1 of  1
          -----------------------        conducts heat to channels  1  0  0  0  0  0               geometry type =  1
                                         and azimuthally to surfaces   1 and   1                   no. of radial nodes = 42

 ***********************************************************************************************************************************

   rod      axial      fluid temperatures     surface       heat      -clad temperatures-        gap        -fuel temperatures-
   node    location         (deg-f)          heat flux    transfer          (deg-f)          conductance          (deg-f)
   no.      (in.)       liquid     vapor     (b/h-ft2)      mode      outside      inside    (b/h-ft2-f)    surface      center
   ----    --------     ------     -----     ---------    --------    -------      ------    -----------    -------      ------

    22      144.02      614.5      662.2    0.4249E+05       spl      637.39      647.27      1000.0      696.54      802.98
    21  *   140.42      614.5      662.2    0.4249E+05       spl      637.39      647.27      1000.0      696.54      802.98
    20  *   133.21      611.7      662.2    0.4249E+05       spl      634.66      644.54      1000.0      693.80      800.25
    19  *   126.01      608.9      662.3    0.4249E+05       spl      631.92      641.79      1000.0      691.06      797.51
    18  *   118.81      606.1      662.3    0.4249E+05       spl      629.10      638.98      1000.0      688.25      794.70
    17  *   111.61      603.2      662.3    0.4249E+05       spl      626.29      636.16      1000.0      685.43      791.88
    16  *   104.41      600.3      662.3    0.4249E+05       spl      623.43      633.30      1000.0      682.57      789.02
    15  *    97.21      597.4      662.3    0.4249E+05       spl      620.55      630.43      1000.0      679.69      786.14
    14  *    90.01      594.4      662.3    0.4249E+05       spl      617.65      627.53      1000.0      676.80      783.25
    13  *    82.81      591.5      662.3    0.4249E+05       spl      614.71      624.58      1000.0      673.85      780.30
    12  *    75.61      588.5      662.3    0.4249E+05       spl      611.76      621.64      1000.0      670.91      777.36
    11  *    68.41      585.4      662.4    0.4249E+05       spl      608.77      618.65      1000.0      667.92      774.37
    10  *    61.21      582.4      662.4    0.4249E+05       spl      605.77      615.65      1000.0      664.92      771.37
     9  *    54.01      579.3      662.4    0.4249E+05       spl      602.75      612.62      1000.0      661.89      768.34
     8  *    46.81      576.3      662.4    0.4249E+05       spl      599.69      609.57      1000.0      658.84      765.29
     7  *    39.60      573.2      662.4    0.4249E+05       spl      596.63      606.51      1000.0      655.78      762.23
     6  *    32.40      570.0      662.4    0.4249E+05       spl      593.52      603.40      1000.0      652.67      759.12
     5  *    25.20      566.9      662.4    0.4249E+05       spl      590.41      600.29      1000.0      649.56      756.01
     4  *    18.00      563.7      662.4    0.4249E+05       spl      587.27      597.14      1000.0      646.41      752.86
     3  *    10.80      560.5      662.5    0.4249E+05       spl      584.11      593.98      1000.0      643.25      749.70
     2  *     3.60      557.3      662.5    0.4249E+05       spl      580.93      590.80      1000.0      640.07      746.52
     1        0.00      557.3      662.5    0.4249E+05       spl      580.93      590.80      1000.0      640.07      746.52


 **********************************************************************************************************************************


          nuclear fuel rod no.  2                         simulation time =    5.30 seconds
             surface no.  1 of  1
          -----------------------        conducts heat to channels  2  0  0  0  0  0               geometry type =  1
                                         and azimuthally to surfaces   1 and   1                   no. of radial nodes = 42

 ***********************************************************************************************************************************

   rod      axial      fluid temperatures     surface       heat      -clad temperatures-        gap        -fuel temperatures-
   node    location         (deg-f)          heat flux    transfer          (deg-f)          conductance          (deg-f)
   no.      (in.)       liquid     vapor     (b/h-ft2)      mode      outside      inside    (b/h-ft2-f)    surface      center
   ----    --------     ------     -----     ---------    --------    -------      ------    -----------    -------      ------

    22      144.02      614.5      662.2    0.4249E+05       spl      637.39      647.27      1000.0      696.54      802.98
    21  *   140.42      614.5      662.2    0.4249E+05       spl      637.39      647.27      1000.0      696.54      802.98
    20  *   133.21      611.7      662.2    0.4249E+05       spl      634.66      644.54      1000.0      693.80      800.25
    19  *   126.01      608.9      662.3    0.4249E+05       spl      631.92      641.79      1000.0      691.06      797.51
    18  *   118.81      606.1      662.3    0.4249E+05       spl      629.10      638.98      1000.0      688.25      794.70
    17  *   111.61      603.2      662.3    0.4249E+05       spl      626.29      636.16      1000.0      685.43      791.88
    16  *   104.41      600.3      662.3    0.4249E+05       spl      623.43      633.30      1000.0      682.57      789.02
    15  *    97.21      597.4      662.3    0.4249E+05       spl      620.55      630.43      1000.0      679.69      786.14
    14  *    90.01      594.4      662.3    0.4249E+05       spl      617.65      627.53      1000.0      676.80      783.25
    13  *    82.81      591.5      662.3    0.4249E+05       spl      614.71      624.58      1000.0      673.85      780.30
    12  *    75.61      588.5      662.3    0.4249E+05       spl      611.76      621.64      1000.0      670.91      777.36
    11  *    68.41      585.4      662.4    0.4249E+05       spl      608.77      618.65      1000.0      667.92      774.37
    10  *    61.21      582.4      662.4    0.4249E+05       spl      605.77      615.65      1000.0      664.92      771.37
     9  *    54.01      579.3      662.4    0.4249E+05       spl      602.75      612.62      1000.0      661.89      768.34
     8  *    46.81      576.3      662.4    0.4249E+05       spl      599.69      609.57      1000.0      658.84      765.29
     7  *    39.60      573.2      662.4    0.4249E+05       spl      596.63      606.51      1000.0      655.78      762.23
     6  *    32.40      570.0      662.4    0.4249E+05       spl      593.52      603.40      1000.0      652.67      759.12
     5  *    25.20      566.9      662.4    0.4249E+05       spl      590.41      600.29      1000.0      649.56      756.01
     4  *    18.00      563.7      662.4    0.4249E+05       spl      587.27      597.14      1000.0      646.41      752.86
     3  *    10.80      560.5      662.5    0.4249E+05       spl      584.11      593.98      1000.0      643.25      749.70
     2  *     3.60      557.3      662.5    0.4249E+05       spl      580.93      590.80      1000.0      640.07      746.52
     1        0.00      557.3      662.5    0.4249E+05       spl      580.93      590.80      1000.0      640.07      746.52


 **********************************************************************************************************************************


          nuclear fuel rod no.  3                         simulation time =    5.30 seconds
             surface no.  1 of  1
          -----------------------        conducts heat to channels  3  0  0  0  0  0               geometry type =  1
                                         and azimuthally to surfaces   1 and   1                   no. of radial nodes = 42

 ***********************************************************************************************************************************

   rod      axial      fluid temperatures     surface       heat      -clad temperatures-        gap        -fuel temperatures-
   node    location         (deg-f)          heat flux    transfer          (deg-f)          conductance          (deg-f)
   no.      (in.)       liquid     vapor     (b/h-ft2)      mode      outside      inside    (b/h-ft2-f)    surface      center
   ----    --------     ------     -----     ---------    --------    -------      ------    -----------    -------      ------

    22      144.02      614.5      662.2    0.4249E+05       spl      637.39      647.27      1000.0      696.54      802.98
    21  *   140.42      614.5      662.2    0.4249E+05       spl      637.39      647.27      1000.0      696.54      802.98
    20  *   133.21      611.7      662.2    0.4249E+05       spl      634.66      644.54      1000.0      693.80      800.25
    19  *   126.01      608.9      662.3    0.4249E+05       spl      631.92      641.79      1000.0      691.06      797.51
    18  *   118.81      606.1      662.3    0.4249E+05       spl      629.10      638.98      1000.0      688.25      794.70
    17  *   111.61      603.2      662.3    0.4249E+05       spl      626.29      636.16      1000.0      685.43      791.88
    16  *   104.41      600.3      662.3    0.4249E+05       spl      623.43      633.30      1000.0      682.57      789.02
    15  *    97.21      597.4      662.3    0.4249E+05       spl      620.55      630.43      1000.0      679.69      786.14
    14  *    90.01      594.4      662.3    0.4249E+05       spl      617.65      627.53      1000.0      676.80      783.25
    13  *    82.81      591.5      662.3    0.4249E+05       spl      614.71      624.58      1000.0      673.85      780.30
    12  *    75.61      588.5      662.3    0.4249E+05       spl      611.76      621.64      1000.0      670.91      777.36
    11  *    68.41      585.4      662.4    0.4249E+05       spl      608.77      618.65      1000.0      667.92      774.37
    10  *    61.21      582.4      662.4    0.4249E+05       spl      605.77      615.65      1000.0      664.92      771.37
     9  *    54.01      579.3      662.4    0.4249E+05       spl      602.75      612.62      1000.0      661.89      768.34
     8  *    46.81      576.3      662.4    0.4249E+05       spl      599.69      609.57      1000.0      658.84      765.29
     7  *    39.60      573.2      662.4    0.4249E+05       spl      596.63      606.51      1000.0      655.78      762.23
     6  *    32.40      570.0      662.4    0.4249E+05       spl      593.52      603.40      1000.0      652.67      759.12
     5  *    25.20      566.9      662.4    0.4249E+05       spl      590.41      600.29      1000.0      649.56      756.01
     4  *    18.00      563.7      662.4    0.4249E+05       spl      587.27      597.14      1000.0      646.41      752.86
     3  *    10.80      560.5      662.5    0.4249E+05       spl      584.11      593.98      1000.0      643.25      749.70
     2  *     3.60      557.3      662.5    0.4249E+05       spl      580.93      590.80      1000.0      640.07      746.52
     1        0.00      557.3      662.5    0.4249E+05       spl      580.93      590.80      1000.0      640.07      746.52


 **********************************************************************************************************************************


          nuclear fuel rod no.  4                         simulation time =    5.30 seconds
             surface no.  1 of  1
          -----------------------        conducts heat to channels  4  0  0  0  0  0               geometry type =  1
                                         and azimuthally to surfaces   1 and   1                   no. of radial nodes = 42

 ***********************************************************************************************************************************

   rod      axial      fluid temperatures     surface       heat      -clad temperatures-        gap        -fuel temperatures-
   node    location         (deg-f)          heat flux    transfer          (deg-f)          conductance          (deg-f)
   no.      (in.)       liquid     vapor     (b/h-ft2)      mode      outside      inside    (b/h-ft2-f)    surface      center
   ----    --------     ------     -----     ---------    --------    -------      ------    -----------    -------      ------

    22      144.02      614.5      662.2    0.4249E+05       spl      637.39      647.27      1000.0      696.54      802.98
    21  *   140.42      614.5      662.2    0.4249E+05       spl      637.39      647.27      1000.0      696.54      802.98
    20  *   133.21      611.7      662.2    0.4249E+05       spl      634.66      644.54      1000.0      693.80      800.25
    19  *   126.01      608.9      662.3    0.4249E+05       spl      631.92      641.79      1000.0      691.06      797.51
    18  *   118.81      606.1      662.3    0.4249E+05       spl      629.10      638.98      1000.0      688.25      794.70
    17  *   111.61      603.2      662.3    0.4249E+05       spl      626.29      636.16      1000.0      685.43      791.88
    16  *   104.41      600.3      662.3    0.4249E+05       spl      623.43      633.30      1000.0      682.57      789.02
    15  *    97.21      597.4      662.3    0.4249E+05       spl      620.55      630.43      1000.0      679.69      786.14
    14  *    90.01      594.4      662.3    0.4249E+05       spl      617.65      627.53      1000.0      676.80      783.25
    13  *    82.81      591.5      662.3    0.4249E+05       spl      614.71      624.58      1000.0      673.85      780.30
    12  *    75.61      588.5      662.3    0.4249E+05       spl      611.76      621.64      1000.0      670.91      777.36
    11  *    68.41      585.4      662.4    0.4249E+05       spl      608.77      618.65      1000.0      667.92      774.37
    10  *    61.21      582.4      662.4    0.4249E+05       spl      605.77      615.65      1000.0      664.92      771.37
     9  *    54.01      579.3      662.4    0.4249E+05       spl      602.75      612.62      1000.0      661.89      768.34
     8  *    46.81      576.3      662.4    0.4249E+05       spl      599.69      609.57      1000.0      658.84      765.29
     7  *    39.60      573.2      662.4    0.4249E+05       spl      596.63      606.51      1000.0      655.78      762.23
     6  *    32.40      570.0      662.4    0.4249E+05       spl      593.52      603.40      1000.0      652.67      759.12
     5  *    25.20      566.9      662.4    0.4249E+05       spl      590.41      600.29      1000.0      649.56      756.01
     4  *    18.00      563.7      662.4    0.4249E+05       spl      587.27      597.14      1000.0      646.41      752.86
     3  *    10.80      560.5      662.5    0.4249E+05       spl      584.11      593.98      1000.0      643.25      749.70
     2  *     3.60      557.3      662.5    0.4249E+05       spl      580.93      590.80      1000.0      640.07      746.52
     1        0.00      557.3      662.5    0.4249E+05       spl      580.93      590.80      1000.0      640.07      746.52


 **********************************************************************************************************************************


1                             injection boundary conditions date    time  

                    case     0                        Single Channel No Fuel Pins Physical Transient                              

 ***********************************************************************************************************************************

          simulation time =      5.29848  seconds


                              channel   node        wginjt    wlinjt    hginjt    hlinjt
                                no.     no.        lbm/sec   lbm/sec   btu/lbm   btu/lbm


              Code Section                                 Cumulative wall-
                                                             clock time (s)
--------------------------------------------------     --------------------
whole simulation time                                                 4.193
read-in and initialization time                                       0.036
Preparation for timestep (prep3d)                                     0.005
Calculation of HTCs and re-meshing (heat_1)                           0.303
Conductor solution (temp)                                             0.621
Setup and solve of momentum eqns (xschem part 1)                      0.205
Setup of continuity/energy eqns (xschem part 2)                       0.276
Solution of the pressure matri (gssolv)                               2.623
Independent variable update step (dep_var_update)                     0.061
Interfacial area transport solve                                      0.013
Traditional CTF output                                                0.008
VTK file output                                                       0.006
Time in transient simulation (trans)                                  4.157
                             Sum of timed sections                   12.507
