 Time step information and convergence control
 =============================================

#     Step      Number of         Number of         Time Step         Begin Step
#              Outer Its.  Inner Iterations          Size (s)                (s)



                         new time domain reached

   minimum   maximum    time      long      short   graphics    dump
    time      time     domain     edit      edit      edit
    step      step       end    interval  interval  interval  interval

  1.000E+00 1.000E+00 3.000E+01 1.000E+00 0.000E+00 0.000E+00 1.000E+01


 time step ratio      =  1.000E+03

         1              1                 0     0.1000000E+01      0.0000000E+00  0.1000000E+09  0.0000000E+00  0.0000000E+00  0.0000000E+00
         2              1                 0     0.1000000E+01      0.1000000E+01  0.1000000E+09  0.0000000E+00  0.0000000E+00  0.0000000E+00
     2     1.000E+00      1   1.000E+00   0.000E+00
         3              1                 0     0.1000000E+01      0.2000000E+01  0.1000000E+09  0.0000000E+00  0.0000000E+00  0.0000000E+00
     3     2.000E+00      1   1.000E+00   0.000E+00
         4              1                 0     0.1000000E+01      0.3000000E+01  0.1000000E+09  0.0000000E+00  0.0000000E+00  0.0000000E+00
     4     3.000E+00      1   1.000E+00   0.000E+00
         5              1                 0     0.1000000E+01      0.4000000E+01  0.1000000E+09  0.0000000E+00  0.0000000E+00  0.0000000E+00
     5     4.000E+00      1   1.000E+00   0.000E+00
         6              1                 0     0.1000000E+01      0.5000000E+01  0.1000000E+09  0.0000000E+00  0.0000000E+00  0.0000000E+00
     6     5.000E+00      1   1.000E+00   0.000E+00
         7              1                 0     0.1000000E+01      0.6000000E+01  0.1000000E+09  0.0000000E+00  0.0000000E+00  0.0000000E+00
     7     6.000E+00      1   1.000E+00   0.000E+00
         8              1                 0     0.1000000E+01      0.7000000E+01  0.1000000E+09  0.0000000E+00  0.0000000E+00  0.0000000E+00
     8     7.000E+00      1   1.000E+00   0.000E+00
         9              1                 0     0.1000000E+01      0.8000000E+01  0.1000000E+09  0.0000000E+00  0.0000000E+00  0.0000000E+00
     9     8.000E+00      1   1.000E+00   0.000E+00
        10              1                 0     0.1000000E+01      0.9000000E+01  0.1000000E+09  0.0000000E+00  0.0000000E+00  0.0000000E+00
    10     9.000E+00      1   1.000E+00   0.000E+00
        11              1                 0     0.1000000E+01      0.1000000E+02  0.1000000E+09  0.0000000E+00  0.0000000E+00  0.0000000E+00
    11     1.000E+01      1   1.000E+00   0.000E+00
        12              1                 0     0.1000000E+01      0.1100000E+02  0.1000000E+09  0.0000000E+00  0.0000000E+00  0.0000000E+00
    12     1.100E+01      1   1.000E+00   0.000E+00
        13              1                 0     0.1000000E+01      0.1200000E+02  0.1000000E+09  0.0000000E+00  0.0000000E+00  0.0000000E+00
    13     1.200E+01      1   1.000E+00   0.000E+00
        14              1                 0     0.1000000E+01      0.1300000E+02  0.1000000E+09  0.0000000E+00  0.0000000E+00  0.0000000E+00
    14     1.300E+01      1   1.000E+00   0.000E+00
        15              1                 0     0.1000000E+01      0.1400000E+02  0.1000000E+09  0.0000000E+00  0.0000000E+00  0.0000000E+00
    15     1.400E+01      1   1.000E+00   0.000E+00
        16              1                 0     0.1000000E+01      0.1500000E+02  0.1000000E+09  0.0000000E+00  0.0000000E+00  0.0000000E+00
    16     1.500E+01      1   1.000E+00   0.000E+00
        17              1                 0     0.1000000E+01      0.1600000E+02  0.1000000E+09  0.0000000E+00  0.0000000E+00  0.0000000E+00
    17     1.600E+01      1   1.000E+00   0.000E+00
        18              1                 0     0.1000000E+01      0.1700000E+02  0.1000000E+09  0.0000000E+00  0.0000000E+00  0.0000000E+00
    18     1.700E+01      1   1.000E+00   0.000E+00
        19              1                 0     0.1000000E+01      0.1800000E+02  0.1000000E+09  0.0000000E+00  0.0000000E+00  0.0000000E+00
    19     1.800E+01      1   1.000E+00   0.000E+00
        20              1                 0     0.1000000E+01      0.1900000E+02  0.1000000E+09  0.0000000E+00  0.0000000E+00  0.0000000E+00
    20     1.900E+01      1   1.000E+00   0.000E+00
        21              1                 0     0.1000000E+01      0.2000000E+02  0.1000000E+09  0.0000000E+00  0.0000000E+00  0.0000000E+00
    21     2.000E+01      1   1.000E+00   0.000E+00
        22              1                 0     0.1000000E+01      0.2100000E+02  0.1000000E+09  0.0000000E+00  0.0000000E+00  0.0000000E+00
    22     2.100E+01      1   1.000E+00   0.000E+00
        23              1                 0     0.1000000E+01      0.2200000E+02  0.1000000E+09  0.0000000E+00  0.0000000E+00  0.0000000E+00
    23     2.200E+01      1   1.000E+00   0.000E+00
        24              1                 0     0.1000000E+01      0.2300000E+02  0.1000000E+09  0.0000000E+00  0.0000000E+00  0.0000000E+00
    24     2.300E+01      1   1.000E+00   0.000E+00
        25              1                 0     0.1000000E+01      0.2400000E+02  0.1000000E+09  0.0000000E+00  0.0000000E+00  0.0000000E+00
    25     2.400E+01      1   1.000E+00   0.000E+00
        26              1                 0     0.1000000E+01      0.2500000E+02  0.1000000E+09  0.0000000E+00  0.0000000E+00  0.0000000E+00
    26     2.500E+01      1   1.000E+00   0.000E+00
        27              1                 0     0.1000000E+01      0.2600000E+02  0.1000000E+09  0.0000000E+00  0.0000000E+00  0.0000000E+00
    27     2.600E+01      1   1.000E+00   0.000E+00
        28              1                 0     0.1000000E+01      0.2700000E+02  0.1000000E+09  0.0000000E+00  0.0000000E+00  0.0000000E+00
    28     2.700E+01      1   1.000E+00   0.000E+00
        29              1                 0     0.1000000E+01      0.2800000E+02  0.1000000E+09  0.0000000E+00  0.0000000E+00  0.0000000E+00
    29     2.800E+01      1   1.000E+00   0.000E+00
        30              1                 0     0.1000000E+01      0.2900000E+02  0.1000000E+09  0.0000000E+00  0.0000000E+00  0.0000000E+00
    30     2.900E+01      1   1.000E+00   0.000E+00
        30              1                 0     0.1000000E+01      0.3000000E+02  0.1000000E+09  0.0000000E+00  0.0000000E+00  0.0000000E+00
        30              1                 0     0.1000000E+01      0.3000000E+02  0.1000000E+09  0.0000000E+00  0.0000000E+00  0.0000000E+00
 End of problem: Total CPU time =            1.128 sec
                 Total CPU time =  0h  0m  1s 127ms
