
 Global mass balance
 ===================

 No. of | Total time  | Total inlet | Total outlet| Total trans.| Relation    | Deviation of
 timest.|             | massflow    | massflow    | mass incr.  | trans./inlet| mass balance
 (nstep)|   (timet)   | (m_in_tot)  | (m_out_tot) (m_stored_cool) (m..trans)  | (m..deviat) 
   [-]  |     [s]     |   [kg/s]    |   [kg/s]    |   [kg/s]    |             |
=============================================================================================
    10        0.0900        0.3000        0.3001        0.0000         0.01 %        -0.04 %
    20        0.1900        0.3000        0.3003        0.0000         0.01 %        -0.11 %
    30        0.2900        0.3000        0.3005        0.0000         0.01 %        -0.17 %
    40        0.3900        0.3000        0.3007        0.0000         0.01 %        -0.22 %
    50        0.4900        0.3000        0.3008        0.0000         0.01 %        -0.25 %
    60        0.5900        0.3000        0.3008        0.0000         0.01 %        -0.27 %
    70        0.6900        0.3000        0.3008        0.0000         0.01 %        -0.28 %
    80        0.7900        0.3000        0.3009        0.0000         0.01 %        -0.28 %
    90        0.8900        0.3000        0.3008        0.0000         0.01 %        -0.28 %
   100        0.9900        0.3000        0.3008        0.0000         0.01 %        -0.27 %
   110        1.0900        0.3000        0.3008        0.0000         0.01 %        -0.26 %
   120        1.1900        0.3000        0.3008        0.0000         0.01 %        -0.25 %
   130        1.2900        0.3000        0.3007        0.0000         0.01 %        -0.24 %
   140        1.3900        0.3000        0.3007        0.0000         0.01 %        -0.23 %
   150        1.4900        0.3000        0.3007        0.0000         0.01 %        -0.22 %
   160        1.5900        0.3000        0.3006        0.0000         0.01 %        -0.21 %
   170        1.6900        0.3000        0.3006        0.0000         0.01 %        -0.20 %
   180        1.7900        0.3000        0.3006        0.0000         0.01 %        -0.20 %
   190        1.8900        0.3000        0.3006        0.0000         0.01 %        -0.19 %
   200        1.9900        0.3000        0.3005        0.0000         0.01 %        -0.18 %
   210        2.0900        0.3000        0.3005        0.0000         0.01 %        -0.18 %
   220        2.1900        0.3000        0.3005        0.0000         0.01 %        -0.17 %
   230        2.2900        0.3000        0.3005        0.0000         0.01 %        -0.16 %
   240        2.3900        0.3000        0.3005        0.0000         0.01 %        -0.16 %
   250        2.4900        0.3000        0.3005        0.0000         0.01 %        -0.15 %
   260        2.5900        0.3000        0.3004        0.0000         0.01 %        -0.15 %
   270        2.6900        0.3000        0.3004        0.0000         0.01 %        -0.14 %
   280        2.7900        0.3000        0.3004        0.0000         0.01 %        -0.14 %
   290        2.8900        0.3000        0.3004        0.0000         0.01 %        -0.13 %
   300        2.9900        0.3000        0.3004        0.0000         0.01 %        -0.13 %
   310        3.0900        0.3000        0.3004        0.0000         0.01 %        -0.13 %
   320        3.1900        0.3000        0.3004        0.0000         0.01 %        -0.12 %
   330        3.2900        0.3000        0.3004        0.0000         0.01 %        -0.12 %
   340        3.3900        0.3000        0.3003        0.0000         0.01 %        -0.11 %
   350        3.4900        0.3000        0.3003        0.0000         0.01 %        -0.11 %
   360        3.5900        0.3000        0.3003        0.0000         0.01 %        -0.11 %
   370        3.6900        0.3000        0.3003        0.0000         0.01 %        -0.10 %
   380        3.7900        0.3000        0.3003        0.0000         0.01 %        -0.10 %
   390        3.8900        0.3000        0.3003        0.0000         0.01 %        -0.10 %
   400        3.9900        0.3000        0.3003        0.0000         0.01 %        -0.09 %
   410        4.0900        0.3000        0.3003        0.0000         0.01 %        -0.09 %
   420        4.1900        0.3000        0.3003        0.0000         0.01 %        -0.09 %
   430        4.2900        0.3000        0.3003        0.0000         0.01 %        -0.09 %
   440        4.3900        0.3000        0.3002        0.0000         0.01 %        -0.08 %
   450        4.4900        0.3000        0.3002        0.0000         0.01 %        -0.08 %
   460        4.5900        0.3000        0.3002        0.0000         0.01 %        -0.08 %
   470        4.6900        0.3000        0.3002        0.0000         0.01 %        -0.08 %
   480        4.7900        0.3000        0.3002        0.0000         0.01 %        -0.07 %
   490        4.8900        0.3000        0.3002        0.0000         0.01 %        -0.07 %
   500        4.9900        0.3000        0.3002        0.0000         0.01 %        -0.07 %
   510        5.0900        0.3000        0.3002        0.0000         0.01 %        -0.07 %
   520        5.1900        0.3000        0.3002        0.0000         0.01 %        -0.06 %
   530        5.2900        0.3000        0.3002        0.0000         0.01 %        -0.06 %
   540        5.3900        0.3000        0.3002        0.0000         0.01 %        -0.06 %
   550        5.4900        0.3000        0.3002        0.0000         0.01 %        -0.06 %
   560        5.5900        0.3000        0.3002        0.0000         0.01 %        -0.06 %
   570        5.6900        0.3000        0.3002        0.0000         0.01 %        -0.06 %
   580        5.7900        0.3000        0.3002        0.0000         0.01 %        -0.05 %
   590        5.8900        0.3000        0.3002        0.0000         0.01 %        -0.05 %
   600        5.9900        0.3000        0.3002        0.0000         0.01 %        -0.05 %
   610        6.0900        0.3000        0.3001        0.0000         0.01 %        -0.05 %
   620        6.1900        0.3000        0.3001        0.0000         0.01 %        -0.05 %
   630        6.2900        0.3000        0.3001        0.0000         0.01 %        -0.05 %
   640        6.3900        0.3000        0.3001        0.0000         0.01 %        -0.04 %
   650        6.4900        0.3000        0.3001        0.0000         0.01 %        -0.04 %
   660        6.5900        0.3000        0.3001        0.0000         0.01 %        -0.04 %
   670        6.6900        0.3000        0.3001        0.0000         0.01 %        -0.04 %
   680        6.7900        0.3000        0.3001        0.0000         0.01 %        -0.04 %
   690        6.8900        0.3000        0.3001        0.0000         0.01 %        -0.04 %
   700        6.9900        0.3000        0.3001        0.0000         0.01 %        -0.04 %
   710        7.0900        0.3000        0.3001        0.0000         0.01 %        -0.04 %
   720        7.1900        0.3000        0.3001        0.0000         0.01 %        -0.03 %
   730        7.2900        0.3000        0.3001        0.0000         0.01 %        -0.03 %
   740        7.3900        0.3000        0.3001        0.0000         0.01 %        -0.03 %
   750        7.4900        0.3000        0.3001        0.0000         0.01 %        -0.03 %
   760        7.5900        0.3000        0.3001        0.0000         0.01 %        -0.03 %
   770        7.6900        0.3000        0.3001        0.0000         0.01 %        -0.03 %
   780        7.7900        0.3000        0.3001        0.0000         0.01 %        -0.03 %
   790        7.8900        0.3000        0.3001        0.0000         0.01 %        -0.03 %
   800        7.9900        0.3000        0.3001        0.0000         0.01 %        -0.03 %
   810        8.0900        0.3000        0.3001        0.0000         0.01 %        -0.03 %
   820        8.1900        0.3000        0.3001        0.0000         0.01 %        -0.02 %
   830        8.2900        0.3000        0.3001        0.0000         0.01 %        -0.02 %
   840        8.3900        0.3000        0.3001        0.0000         0.01 %        -0.02 %
   850        8.4900        0.3000        0.3001        0.0000         0.01 %        -0.02 %
   860        8.5900        0.3000        0.3001        0.0000         0.01 %        -0.02 %
   870        8.6900        0.3000        0.3001        0.0000         0.01 %        -0.02 %
   880        8.7900        0.3000        0.3001        0.0000         0.01 %        -0.02 %
   890        8.8900        0.3000        0.3001        0.0000         0.01 %        -0.02 %
   900        8.9900        0.3000        0.3001        0.0000         0.01 %        -0.02 %
   910        9.0900        0.3000        0.3001        0.0000         0.01 %        -0.02 %
   920        9.1900        0.3000        0.3001        0.0000         0.01 %        -0.02 %
   930        9.2900        0.3000        0.3001        0.0000         0.01 %        -0.02 %
   940        9.3900        0.3000        0.3001        0.0000         0.01 %        -0.02 %
   950        9.4900        0.3000        0.3000        0.0000         0.01 %        -0.02 %
   960        9.5900        0.3000        0.3000        0.0000         0.01 %        -0.02 %
   970        9.6900        0.3000        0.3000        0.0000         0.01 %        -0.02 %
   980        9.7900        0.3000        0.3000        0.0000         0.01 %        -0.01 %
   990        9.8900        0.3000        0.3000        0.0000         0.01 %        -0.01 %
  1000        9.9900        0.3000        0.3000        0.0000         0.01 %        -0.01 %
  1010       10.0900        0.3000        0.3000        0.0000         0.01 %        -0.01 %
  1020       10.1900        0.3000        0.3000        0.0000         0.01 %        -0.01 %
  1030       10.2900        0.3000        0.3000        0.0000         0.01 %        -0.01 %
  1040       10.3900        0.3000        0.3000        0.0000         0.01 %        -0.01 %
  1050       10.4900        0.3000        0.3000        0.0000         0.01 %        -0.01 %
  1060       10.5900        0.3000        0.3000        0.0000         0.01 %        -0.01 %
  1070       10.6900        0.3000        0.3000        0.0000         0.01 %        -0.01 %
  1080       10.7900        0.3000        0.3000        0.0000         0.01 %        -0.01 %
  1090       10.8900        0.3000        0.3000        0.0000         0.01 %        -0.01 %
  1100       10.9900        0.3000        0.3000        0.0000         0.01 %        -0.01 %
  1110       11.0900        0.3000        0.3000        0.0000         0.01 %        -0.01 %
  1120       11.1900        0.3000        0.3000        0.0000         0.01 %        -0.01 %
  1130       11.2900        0.3000        0.3000        0.0000         0.01 %        -0.01 %
  1140       11.3900        0.3000        0.3000        0.0000         0.01 %        -0.01 %
  1150       11.4900        0.3000        0.3000        0.0000         0.01 %        -0.01 %
  1160       11.5900        0.3000        0.3000        0.0000         0.01 %        -0.01 %
  1170       11.6900        0.3000        0.3000        0.0000         0.01 %        -0.01 %
  1180       11.7900        0.3000        0.3000        0.0000         0.01 %        -0.01 %
  1190       11.8900        0.3000        0.3000        0.0000         0.01 %        -0.01 %
  1200       11.9900        0.3000        0.3000        0.0000         0.01 %        -0.01 %
  1210       12.0900        0.3000        0.3000        0.0000         0.01 %        -0.01 %
  1220       12.1900        0.3000        0.3000        0.0000         0.01 %        -0.01 %
  1230       12.2900        0.3000        0.3000        0.0000         0.01 %        -0.01 %
  1240       12.3900        0.3000        0.3000        0.0000         0.01 %        -0.01 %
  1250       12.4900        0.3000        0.3000        0.0000         0.01 %        -0.01 %
  1260       12.5900        0.3000        0.3000        0.0000         0.01 %        -0.01 %
  1270       12.6900        0.3000        0.3000        0.0000         0.01 %        -0.01 %
  1280       12.7900        0.3000        0.3000        0.0000         0.01 %        -0.01 %
  1290       12.8900        0.3000        0.3000        0.0000         0.01 %        -0.01 %
  1300       12.9900        0.3000        0.3000        0.0000         0.01 %        -0.01 %
  1310       13.0900        0.3000        0.3000        0.0000         0.01 %        -0.01 %
  1320       13.1900        0.3000        0.3000        0.0000         0.01 %        -0.00 %
  1330       13.2900        0.3000        0.3000        0.0000         0.01 %        -0.00 %
  1340       13.3900        0.3000        0.3000        0.0000         0.01 %        -0.00 %
  1350       13.4900        0.3000        0.3000        0.0000         0.01 %        -0.00 %
  1360       13.5900        0.3000        0.3000        0.0000         0.01 %        -0.00 %
  1370       13.6900        0.3000        0.3000        0.0000         0.01 %        -0.00 %
  1380       13.7900        0.3000        0.3000        0.0000         0.01 %        -0.00 %
  1390       13.8900        0.3000        0.3000        0.0000         0.01 %        -0.00 %
  1400       13.9900        0.3000        0.3000        0.0000         0.01 %        -0.00 %
  1410       14.0900        0.3000        0.3000        0.0000         0.01 %        -0.00 %
  1420       14.1900        0.3000        0.3000        0.0000         0.01 %        -0.00 %
  1430       14.2900        0.3000        0.3000        0.0000         0.01 %        -0.00 %
  1440       14.3900        0.3000        0.3000        0.0000         0.01 %        -0.00 %
  1450       14.4900        0.3000        0.3000        0.0000         0.01 %        -0.00 %
  1460       14.5900        0.3000        0.3000        0.0000         0.01 %        -0.00 %
  1470       14.6900        0.3000        0.3000        0.0000         0.01 %        -0.00 %
  1480       14.7900        0.3000        0.3000        0.0000         0.01 %        -0.00 %
  1490       14.8900        0.3000        0.3000        0.0000         0.01 %        -0.00 %
  1500       14.9900        0.3000        0.3000        0.0000         0.01 %        -0.00 %
  1510       15.0900        0.3000        0.3000        0.0000         0.01 %        -0.00 %
  1520       15.1900        0.3000        0.3000        0.0000         0.01 %        -0.00 %
  1530       15.2900        0.3000        0.3000        0.0000         0.01 %        -0.00 %
  1540       15.3900        0.3000        0.3000        0.0000         0.01 %        -0.00 %
  1550       15.4900        0.3000        0.3000        0.0000         0.01 %        -0.00 %
  1560       15.5900        0.3000        0.3000        0.0000         0.01 %        -0.00 %
  1570       15.6900        0.3000        0.3000        0.0000         0.01 %        -0.00 %
  1580       15.7900        0.3000        0.3000        0.0000         0.01 %        -0.00 %
  1590       15.8900        0.3000        0.3000        0.0000         0.01 %        -0.00 %
  1600       15.9900        0.3000        0.3000        0.0000         0.01 %        -0.00 %
  1610       16.0900        0.3000        0.3000        0.0000         0.01 %        -0.00 %
  1620       16.1900        0.3000        0.3000        0.0000         0.01 %        -0.00 %
  1630       16.2900        0.3000        0.3000        0.0000         0.01 %        -0.00 %
  1640       16.3900        0.3000        0.3000        0.0000         0.01 %        -0.00 %
  1650       16.4900        0.3000        0.3000        0.0000         0.01 %        -0.00 %
  1660       16.5900        0.3000        0.3000        0.0000         0.01 %        -0.00 %
  1670       16.6900        0.3000        0.3000        0.0000         0.01 %        -0.00 %
  1680       16.7900        0.3000        0.3000        0.0000         0.01 %        -0.00 %
  1690       16.8900        0.3000        0.3000        0.0000         0.01 %        -0.00 %
  1700       16.9900        0.3000        0.3000        0.0000         0.01 %        -0.00 %
  1710       17.0900        0.3000        0.3000        0.0000         0.01 %        -0.00 %
  1720       17.1900        0.3000        0.3000        0.0000         0.01 %        -0.00 %
  1730       17.2900        0.3000        0.3000        0.0000         0.01 %        -0.00 %
  1740       17.3900        0.3000        0.3000        0.0000         0.01 %        -0.00 %
  1750       17.4900        0.3000        0.3000        0.0000         0.01 %        -0.00 %
  1760       17.5900        0.3000        0.3000        0.0000         0.01 %        -0.00 %
  1770       17.6900        0.3000        0.3000        0.0000         0.01 %        -0.00 %
  1780       17.7900        0.3000        0.3000        0.0000         0.01 %        -0.00 %
  1790       17.8900        0.3000        0.3000        0.0000         0.01 %        -0.00 %
  1800       17.9900        0.3000        0.3000        0.0000         0.01 %        -0.00 %
  1810       18.0900        0.3000        0.3000        0.0000         0.01 %        -0.00 %
  1820       18.1900        0.3000        0.3000        0.0000         0.01 %        -0.00 %
  1830       18.2900        0.3000        0.3000        0.0000         0.01 %        -0.00 %
  1840       18.3900        0.3000        0.3000        0.0000         0.01 %        -0.00 %
  1850       18.4900        0.3000        0.3000        0.0000         0.01 %        -0.00 %
  1860       18.5900        0.3000        0.3000        0.0000         0.01 %        -0.00 %
  1870       18.6900        0.3000        0.3000        0.0000         0.01 %        -0.00 %
  1880       18.7900        0.3000        0.3000        0.0000         0.01 %        -0.00 %
  1890       18.8900        0.3000        0.3000        0.0000         0.01 %        -0.00 %
  1900       18.9900        0.3000        0.3000        0.0000         0.01 %        -0.00 %
  1910       19.0900        0.3000        0.3000        0.0000         0.01 %        -0.00 %
  1920       19.1900        0.3000        0.3000        0.0000         0.01 %        -0.00 %
  1930       19.2900        0.3000        0.3000        0.0000         0.01 %        -0.00 %
  1940       19.3900        0.3000        0.3000        0.0000         0.01 %        -0.00 %
  1950       19.4900        0.3000        0.3000        0.0000         0.01 %        -0.00 %
  1960       19.5900        0.3000        0.3000        0.0000         0.01 %        -0.00 %
  1970       19.6900        0.3000        0.3000        0.0000         0.01 %        -0.00 %
  1980       19.7900        0.3000        0.3000        0.0000         0.01 %        -0.00 %
  1990       19.8900        0.3000        0.3000        0.0000         0.01 %        -0.00 %
  2000       19.9900        0.3000        0.3000        0.0000         0.01 %        -0.00 %
  2010       20.0900        0.3000        0.3000        0.0000         0.01 %        -0.00 %
  2020       20.1900        0.3000        0.3000        0.0000         0.01 %        -0.00 %
  2030       20.2900        0.3000        0.3000        0.0000         0.01 %        -0.00 %
  2040       20.3900        0.3000        0.3000        0.0000         0.01 %        -0.00 %
  2050       20.4900        0.3000        0.3000        0.0000         0.01 %        -0.00 %
  2060       20.5900        0.3000        0.3000        0.0000         0.01 %        -0.00 %
  2070       20.6900        0.3000        0.3000        0.0000         0.01 %        -0.00 %
  2080       20.7900        0.3000        0.3000        0.0000         0.01 %        -0.00 %
  2090       20.8900        0.3000        0.3000        0.0000         0.01 %        -0.00 %
  2100       20.9900        0.3000        0.3000        0.0000         0.01 %        -0.00 %
  2100       21.0000        0.3000        0.3000        0.0000         0.01 %        -0.00 %
  2100       21.0000        0.3000        0.3000        0.0000         0.01 %        -0.00 %
