#   No. of|        Total|        Power|        Inlet|       Outlet|       Energy|       Energy|        Total|       Global|
#Timesteps|         Time|     Supplied|       Energy|       Energy|       Stored|       Stored|       Energy|       Energy|
#         |             |             |             |             |      Coolant|        Solid|      Storage|      Balance|
#         |        [sec]|         [kW]|         [kW]|         [kW]|         [kW]|         [kW]|          [%]|          [%]|
#=========================================================================================================================
        10        0.0002**************      386.7431      386.7428        8.4522        0.0000        0.0000      100.0000
        20        0.0019**************      386.7431      386.7427        1.3651        0.0000        0.0000      100.0000
        30        0.0106**************      386.7431      386.7429        0.3291        0.0000        0.0000      100.0000
        40        0.0281**************      386.7431      386.7448        0.2020        0.0000        0.0000      100.0000
        50        0.0566**************      386.7431      386.7611        0.1240        0.0000        0.0000      100.0000
        60        0.1030**************      386.7431      386.8283        0.0761        0.0000        0.0000      100.0000
        70        0.1787**************      386.7431      387.0079        0.0467        0.0000        0.0000      100.0000
        80        0.2785**************      386.7431      387.3090        0.0436        0.0000        0.0000      100.0000
        90        0.3785**************      386.7431      387.6319        0.0436        0.0000        0.0000      100.0000
       100        0.4785**************      386.7431      387.9619        0.0436        0.0000        0.0000      100.0000
       110        0.5785**************      386.7431      388.2971        0.0436        0.0000        0.0000      100.0000
       120        0.6785**************      386.7431      388.6375        0.0436        0.0000        0.0000      100.0000
       130        0.7785**************      386.7431      388.9830        0.0436        0.0000        0.0000      100.0000
       140        0.8785**************      386.7431      389.3327        0.0436        0.0000        0.0000      100.0000
       150        0.9785**************      386.7431      389.6845        0.0437        0.0000        0.0000      100.0000
       160        1.0785**************      386.7431      390.0355        0.0437        0.0000        0.0000      100.0000
       170        1.1785**************      386.7431      390.3826        0.0437        0.0000        0.0000      100.0000
       180        1.2785**************      386.7431      390.7231        0.0437        0.0000        0.0000      100.0000
       190        1.3785**************      386.7431      391.0552        0.0437        0.0000        0.0000      100.0000
       200        1.4785**************      386.7431      391.3778        0.0437        0.0000        0.0000      100.0000
       210        1.5785**************      386.7431      391.6905        0.0437        0.0000        0.0000      100.0000
       220        1.6785**************      386.7431      391.9935        0.0437        0.0000        0.0000      100.0000
       230        1.7785**************      386.7431      392.2867        0.0437        0.0000        0.0000      100.0000
       240        1.8785**************      386.7431      392.5703        0.0437        0.0000        0.0000      100.0000
       250        1.9785**************      386.7431      392.8445        0.0437        0.0000        0.0000      100.0000
       260        2.0785**************      386.7431      393.1097        0.0437        0.0000        0.0000      100.0000
       270        2.1785**************      386.7431      393.3664        0.0437        0.0000        0.0000      100.0000
       280        2.2785**************      386.7431      393.6148        0.0437        0.0000        0.0000      100.0000
       290        2.3785**************      386.7431      393.8553        0.0437        0.0000        0.0000      100.0000
       300        2.4785**************      386.7431      394.0883        0.0437        0.0000        0.0000      100.0000
       310        2.5785**************      386.7431      394.3139        0.0437        0.0000        0.0000      100.0000
       320        2.6785**************      386.7431      394.5325        0.0437        0.0000        0.0000      100.0000
       330        2.7785**************      386.7431      394.7444        0.0437        0.0000        0.0000      100.0000
       340        2.8785**************      386.7431      394.9497        0.0437        0.0000        0.0000      100.0000
       350        2.9785**************      386.7431      395.1487        0.0437        0.0000        0.0000      100.0000
       360        3.0785**************      386.7431      395.3417        0.0437        0.0000        0.0000      100.0000
       370        3.1785**************      386.7431      395.5288        0.0438        0.0000        0.0000      100.0000
       380        3.2785**************      386.7431      395.7102        0.0438        0.0000        0.0000      100.0000
       390        3.3785**************      386.7431      395.8861        0.0438        0.0000        0.0000      100.0000
       400        3.4785**************      386.7431      396.0567        0.0438        0.0000        0.0000      100.0000
       410        3.5785**************      386.7431      396.2222        0.0438        0.0000        0.0000      100.0000
       420        3.6785**************      386.7431      396.3827        0.0438        0.0000        0.0000      100.0000
       430        3.7785**************      386.7431      396.5384        0.0438        0.0000        0.0000      100.0000
       440        3.8785**************      386.7431      396.6894        0.0438        0.0000        0.0000      100.0000
       450        3.9785**************      386.7431      396.8359        0.0438        0.0000        0.0000      100.0000
       460        4.0785**************      386.7431      396.9780        0.0438        0.0000        0.0000      100.0000
       470        4.1785**************      386.7431      397.1159        0.0438        0.0000        0.0000      100.0000
       480        4.2785**************      386.7431      397.2496        0.0438        0.0000        0.0000      100.0000
       490        4.3785**************      386.7431      397.3794        0.0438        0.0000        0.0000      100.0000
       500        4.4785**************      386.7431      397.5052        0.0438        0.0000        0.0000      100.0000
       510        4.5785**************      386.7431      397.6274        0.0438        0.0000        0.0000      100.0000
       520        4.6785**************      386.7431      397.7459        0.0438        0.0000        0.0000      100.0000
       530        4.7785**************      386.7431      397.8608        0.0438        0.0000        0.0000      100.0000
       540        4.8785**************      386.7431      397.9724        0.0438        0.0000        0.0000      100.0000
       550        4.9785**************      386.7431      398.0806        0.0438        0.0000        0.0000      100.0000
       560        5.0785**************      386.7431      398.1857        0.0438        0.0000        0.0000      100.0000
       570        5.1785**************      386.7431      398.2876        0.0438        0.0000        0.0000      100.0000
       580        5.2785**************      386.7431      398.3865        0.0438        0.0000        0.0000      100.0000
       590        5.3785**************      386.7431      398.4824        0.0438        0.0000        0.0000      100.0000
       600        5.4785**************      386.7431      398.5755        0.0438        0.0000        0.0000      100.0000
       610        5.5785**************      386.7431      398.6658        0.0438        0.0000        0.0000      100.0000
       620        5.6785**************      386.7431      398.7535        0.0438        0.0000        0.0000      100.0000
       630        5.7785**************      386.7431      398.8385        0.0438        0.0000        0.0000      100.0000
       640        5.8785**************      386.7431      398.9210        0.0438        0.0000        0.0000      100.0000
       650        5.9785**************      386.7431      399.0010        0.0438        0.0000        0.0000      100.0000
       660        6.0785**************      386.7431      399.0787        0.0438        0.0000        0.0000      100.0000
       670        6.1785**************      386.7431      399.1541        0.0438        0.0000        0.0000      100.0000
       680        6.2785**************      386.7431      399.2272        0.0438        0.0000        0.0000      100.0000
       690        6.3785**************      386.7431      399.2982        0.0438        0.0000        0.0000      100.0000
       700        6.4785**************      386.7431      399.3670        0.0438        0.0000        0.0000      100.0000
       710        6.5785**************      386.7431      399.4338        0.0438        0.0000        0.0000      100.0000
       720        6.6785**************      386.7431      399.4986        0.0438        0.0000        0.0000      100.0000
       730        6.7785**************      386.7431      399.5615        0.0438        0.0000        0.0000      100.0000
       740        6.8785**************      386.7431      399.6226        0.0438        0.0000        0.0000      100.0000
       750        6.9785**************      386.7431      399.6818        0.0438        0.0000        0.0000      100.0000
       760        7.0785**************      386.7431      399.7392        0.0438        0.0000        0.0000      100.0000
       770        7.1785**************      386.7431      399.7950        0.0438        0.0000        0.0000      100.0000
       780        7.2785**************      386.7431      399.8491        0.0438        0.0000        0.0000      100.0000
       790        7.3785**************      386.7431      399.9016        0.0438        0.0000        0.0000      100.0000
       800        7.4785**************      386.7431      399.9525        0.0438        0.0000        0.0000      100.0000
       810        7.5785**************      386.7431      400.0019        0.0438        0.0000        0.0000      100.0000
       820        7.6785**************      386.7431      400.0499        0.0438        0.0000        0.0000      100.0000
       830        7.7785**************      386.7431      400.0964        0.0438        0.0000        0.0000      100.0000
       840        7.8785**************      386.7431      400.1415        0.0438        0.0000        0.0000      100.0000
       850        7.9785**************      386.7431      400.1853        0.0438        0.0000        0.0000      100.0000
       860        8.0785**************      386.7431      400.2278        0.0438        0.0000        0.0000      100.0000
       870        8.1785**************      386.7431      400.2690        0.0438        0.0000        0.0000      100.0000
       880        8.2785**************      386.7431      400.3091        0.0438        0.0000        0.0000      100.0000
       890        8.3785**************      386.7431      400.3479        0.0438        0.0000        0.0000      100.0000
       900        8.4785**************      386.7431      400.3856        0.0438        0.0000        0.0000      100.0000
       910        8.5785**************      386.7431      400.4221        0.0438        0.0000        0.0000      100.0000
       920        8.6785**************      386.7431      400.4576        0.0438        0.0000        0.0000      100.0000
       930        8.7785**************      386.7431      400.4920        0.0438        0.0000        0.0000      100.0000
       940        8.8785**************      386.7431      400.5254        0.0438        0.0000        0.0000      100.0000
       950        8.9785**************      386.7431      400.5578        0.0438        0.0000        0.0000      100.0000
       960        9.0785**************      386.7431      400.5892        0.0438        0.0000        0.0000      100.0000
       970        9.1785**************      386.7431      400.6197        0.0438        0.0000        0.0000      100.0000
       980        9.2785**************      386.7431      400.6493        0.0438        0.0000        0.0000      100.0000
       990        9.3785**************      386.7431      400.6781        0.0438        0.0000        0.0000      100.0000
      1000        9.4785**************      386.7431      400.7059        0.0438        0.0000        0.0000      100.0000
      1010        9.5785**************      386.7431      400.7330        0.0438        0.0000        0.0000      100.0000
      1020        9.6785**************      386.7431      400.7592        0.0438        0.0000        0.0000      100.0000
      1030        9.7785**************      386.7431      400.7846        0.0438        0.0000        0.0000      100.0000
      1040        9.8785**************      386.7431      400.8093        0.0438        0.0000        0.0000      100.0000
      1050        9.9785**************      386.7431      400.8333        0.0438        0.0000        0.0000      100.0000
      1060       10.0785**************      386.7431      400.8566        0.0438        0.0000        0.0000      100.0000
      1070       10.1785**************      386.7431      400.8791        0.0438        0.0000        0.0000      100.0000
      1080       10.2785**************      386.7431      400.9010        0.0438        0.0000        0.0000      100.0000
      1090       10.3785**************      386.7431      400.9223        0.0438        0.0000        0.0000      100.0000
      1100       10.4785**************      386.7431      400.9429        0.0438        0.0000        0.0000      100.0000
      1110       10.5785**************      386.7431      400.9629        0.0438        0.0000        0.0000      100.0000
      1120       10.6785**************      386.7431      400.9823        0.0438        0.0000        0.0000      100.0000
      1130       10.7785**************      386.7431      401.0011        0.0438        0.0000        0.0000      100.0000
      1140       10.8785**************      386.7431      401.0194        0.0438        0.0000        0.0000      100.0000
      1150       10.9785**************      386.7431      401.0371        0.0438        0.0000        0.0000      100.0000
      1160       11.0785**************      386.7431      401.0543        0.0438        0.0000        0.0000      100.0000
      1170       11.1785**************      386.7431      401.0710        0.0438        0.0000        0.0000      100.0000
      1180       11.2785**************      386.7431      401.0872        0.0438        0.0000        0.0000      100.0000
      1190       11.3785**************      386.7431      401.1029        0.0438        0.0000        0.0000      100.0000
      1200       11.4785**************      386.7431      401.1181        0.0438        0.0000        0.0000      100.0000
      1210       11.5785**************      386.7431      401.1329        0.0438        0.0000        0.0000      100.0000
      1220       11.6785**************      386.7431      401.1472        0.0438        0.0000        0.0000      100.0000
      1230       11.7785**************      386.7431      401.1612        0.0438        0.0000        0.0000      100.0000
      1240       11.8785**************      386.7431      401.1747        0.0438        0.0000        0.0000      100.0000
      1250       11.9785**************      386.7431      401.1878        0.0438        0.0000        0.0000      100.0000
      1260       12.0785**************      386.7431      401.2005        0.0438        0.0000        0.0000      100.0000
      1270       12.1785**************      386.7431      401.2128        0.0438        0.0000        0.0000      100.0000
      1280       12.2785**************      386.7431      401.2248        0.0438        0.0000        0.0000      100.0000
      1290       12.3785**************      386.7431      401.2364        0.0438        0.0000        0.0000      100.0000
      1300       12.4785**************      386.7431      401.2477        0.0438        0.0000        0.0000      100.0000
      1310       12.5785**************      386.7431      401.2586        0.0438        0.0000        0.0000      100.0000
      1320       12.6785**************      386.7431      401.2693        0.0438        0.0000        0.0000      100.0000
      1330       12.7785**************      386.7431      401.2796        0.0438        0.0000        0.0000      100.0000
      1340       12.8785**************      386.7431      401.2895        0.0438        0.0000        0.0000      100.0000
      1350       12.9785**************      386.7431      401.2992        0.0438        0.0000        0.0000      100.0000
      1360       13.0785**************      386.7431      401.3086        0.0438        0.0000        0.0000      100.0000
      1370       13.1785**************      386.7431      401.3178        0.0438        0.0000        0.0000      100.0000
      1380       13.2785**************      386.7431      401.3266        0.0438        0.0000        0.0000      100.0000
      1390       13.3785**************      386.7431      401.3352        0.0438        0.0000        0.0000      100.0000
      1400       13.4785**************      386.7431      401.3435        0.0438        0.0000        0.0000      100.0000
      1410       13.5785**************      386.7431      401.3516        0.0438        0.0000        0.0000      100.0000
      1420       13.6785**************      386.7431      401.3595        0.0438        0.0000        0.0000      100.0000
      1430       13.7785**************      386.7431      401.3671        0.0438        0.0000        0.0000      100.0000
      1440       13.8785**************      386.7431      401.3745        0.0438        0.0000        0.0000      100.0000
      1450       13.9785**************      386.7431      401.3817        0.0438        0.0000        0.0000      100.0000
      1460       14.0785**************      386.7431      401.3886        0.0438        0.0000        0.0000      100.0000
      1470       14.1785**************      386.7431      401.3954        0.0438        0.0000        0.0000      100.0000
      1480       14.2785**************      386.7431      401.4019        0.0438        0.0000        0.0000      100.0000
      1490       14.3785**************      386.7431      401.4082        0.0438        0.0000        0.0000      100.0000
      1500       14.4785**************      386.7431      401.4144        0.0438        0.0000        0.0000      100.0000
      1510       14.5785**************      386.7431      401.4204        0.0438        0.0000        0.0000      100.0000
      1520       14.6785**************      386.7431      401.4262        0.0438        0.0000        0.0000      100.0000
      1530       14.7785**************      386.7431      401.4318        0.0438        0.0000        0.0000      100.0000
      1540       14.8785**************      386.7431      401.4373        0.0438        0.0000        0.0000      100.0000
      1550       14.9785**************      386.7431      401.4426        0.0438        0.0000        0.0000      100.0000
      1560       15.0785**************      386.7431      401.4477        0.0438        0.0000        0.0000      100.0000
      1570       15.1785**************      386.7431      401.4527        0.0438        0.0000        0.0000      100.0000
      1580       15.2785**************      386.7431      401.4576        0.0438        0.0000        0.0000      100.0000
      1590       15.3785**************      386.7431      401.4623        0.0438        0.0000        0.0000      100.0000
      1600       15.4785**************      386.7431      401.4668        0.0438        0.0000        0.0000      100.0000
      1610       15.5785**************      386.7431      401.4712        0.0438        0.0000        0.0000      100.0000
      1620       15.6785**************      386.7431      401.4755        0.0438        0.0000        0.0000      100.0000
      1630       15.7785**************      386.7431      401.4797        0.0438        0.0000        0.0000      100.0000
      1640       15.8785**************      386.7431      401.4837        0.0438        0.0000        0.0000      100.0000
      1650       15.9785**************      386.7431      401.4876        0.0438        0.0000        0.0000      100.0000
      1660       16.0785**************      386.7431      401.4914        0.0438        0.0000        0.0000      100.0000
      1670       16.1785**************      386.7431      401.4951        0.0438        0.0000        0.0000      100.0000
      1680       16.2785**************      386.7431      401.4987        0.0438        0.0000        0.0000      100.0000
      1690       16.3785**************      386.7431      401.5022        0.0438        0.0000        0.0000      100.0000
      1700       16.4785**************      386.7431      401.5055        0.0438        0.0000        0.0000      100.0000
      1710       16.5785**************      386.7431      401.5088        0.0438        0.0000        0.0000      100.0000
      1720       16.6785**************      386.7431      401.5120        0.0438        0.0000        0.0000      100.0000
      1730       16.7785**************      386.7431      401.5151        0.0438        0.0000        0.0000      100.0000
      1740       16.8785**************      386.7431      401.5180        0.0438        0.0000        0.0000      100.0000
      1750       16.9785**************      386.7431      401.5209        0.0438        0.0000        0.0000      100.0000
      1760       17.0785**************      386.7431      401.5237        0.0438        0.0000        0.0000      100.0000
      1770       17.1785**************      386.7431      401.5265        0.0438        0.0000        0.0000      100.0000
      1780       17.2785**************      386.7431      401.5291        0.0438        0.0000        0.0000      100.0000
      1790       17.3785**************      386.7431      401.5317        0.0438        0.0000        0.0000      100.0000
      1800       17.4785**************      386.7431      401.5342        0.0438        0.0000        0.0000      100.0000
      1810       17.5785**************      386.7431      401.5366        0.0438        0.0000        0.0000      100.0000
      1820       17.6785**************      386.7431      401.5389        0.0438        0.0000        0.0000      100.0000
      1830       17.7785**************      386.7431      401.5412        0.0438        0.0000        0.0000      100.0000
      1840       17.8785**************      386.7431      401.5434        0.0438        0.0000        0.0000      100.0000
      1850       17.9785**************      386.7431      401.5455        0.0438        0.0000        0.0000      100.0000
      1860       18.0785**************      386.7431      401.5476        0.0438        0.0000        0.0000      100.0000
      1870       18.1785**************      386.7431      401.5496        0.0438        0.0000        0.0000      100.0000
      1880       18.2785**************      386.7431      401.5516        0.0438        0.0000        0.0000      100.0000
      1890       18.3785**************      386.7431      401.5535        0.0438        0.0000        0.0000      100.0000
      1900       18.4785**************      386.7431      401.5553        0.0438        0.0000        0.0000      100.0000
      1910       18.5785**************      386.7431      401.5571        0.0438        0.0000        0.0000      100.0000
      1920       18.6785**************      386.7431      401.5588        0.0438        0.0000        0.0000      100.0000
      1930       18.7785**************      386.7431      401.5605        0.0438        0.0000        0.0000      100.0000
      1940       18.8785**************      386.7431      401.5621        0.0438        0.0000        0.0000      100.0000
      1950       18.9785**************      386.7431      401.5637        0.0438        0.0000        0.0000      100.0000
      1960       19.0785**************      386.7431      401.5653        0.0438        0.0000        0.0000      100.0000
      1970       19.1785**************      386.7431      401.5668        0.0438        0.0000        0.0000      100.0000
      1980       19.2785**************      386.7431      401.5682        0.0438        0.0000        0.0000      100.0000
      1990       19.3785**************      386.7431      401.5696        0.0438        0.0000        0.0000      100.0000
      2000       19.4785**************      386.7431      401.5710        0.0438        0.0000        0.0000      100.0000
      2010       19.5785**************      386.7431      401.5723        0.0438        0.0000        0.0000      100.0000
      2020       19.6785**************      386.7431      401.5736        0.0438        0.0000        0.0000      100.0000
      2030       19.7785**************      386.7431      401.5748        0.0438        0.0000        0.0000      100.0000
      2040       19.8785**************      386.7431      401.5760        0.0438        0.0000        0.0000      100.0000
      2050       19.9785**************      386.7431      401.5772        0.0438        0.0000        0.0000      100.0000
      2060       20.0785**************      386.7431      401.5783        0.0438        0.0000        0.0000      100.0000
      2070       20.1785**************      386.7431      401.5794        0.0438        0.0000        0.0000      100.0000
