
 Global mass balance
 ===================

 No. of | Total time  | Total inlet | Total outlet| Total trans.| Relation    | Deviation of
 timest.|             | massflow    | massflow    | mass incr.  | trans./inlet| mass balance
 (nstep)|   (timet)   | (m_in_tot)  | (m_out_tot) (m_stored_cool) (m..trans)  | (m..deviat) 
   [-]  |     [s]     |   [kg/s]    |   [kg/s]    |   [kg/s]    |             |
=============================================================================================
    10        0.0002        0.3000        0.3000        0.0058         1.93 %         0.00 %
    20        0.0019        0.3000        0.3000        0.0009         0.31 %         0.00 %
    30        0.0106        0.3000        0.3000        0.0002         0.08 %         0.00 %
    40        0.0281        0.3000        0.3000        0.0001         0.05 %        -0.00 %
    50        0.0566        0.3000        0.3000        0.0001         0.03 %        -0.00 %
    60        0.1030        0.3000        0.3001        0.0001         0.02 %        -0.02 %
    70        0.1787        0.3000        0.3002        0.0000         0.01 %        -0.06 %
    80        0.2785        0.3000        0.3004        0.0000         0.01 %        -0.12 %
    90        0.3785        0.3000        0.3005        0.0000         0.01 %        -0.17 %
   100        0.4785        0.3000        0.3006        0.0000         0.01 %        -0.21 %
   110        0.5785        0.3000        0.3007        0.0000         0.01 %        -0.24 %
   120        0.6785        0.3000        0.3008        0.0000         0.01 %        -0.26 %
   130        0.7785        0.3000        0.3008        0.0000         0.01 %        -0.28 %
   140        0.8785        0.3000        0.3009        0.0000         0.01 %        -0.28 %
   150        0.9785        0.3000        0.3009        0.0000         0.01 %        -0.28 %
   160        1.0785        0.3000        0.3008        0.0000         0.01 %        -0.28 %
   170        1.1785        0.3000        0.3008        0.0000         0.01 %        -0.27 %
   180        1.2785        0.3000        0.3008        0.0000         0.01 %        -0.27 %
   190        1.3785        0.3000        0.3008        0.0000         0.01 %        -0.26 %
   200        1.4785        0.3000        0.3007        0.0000         0.01 %        -0.25 %
   210        1.5785        0.3000        0.3007        0.0000         0.01 %        -0.24 %
   220        1.6785        0.3000        0.3007        0.0000         0.01 %        -0.23 %
   230        1.7785        0.3000        0.3007        0.0000         0.01 %        -0.22 %
   240        1.8785        0.3000        0.3006        0.0000         0.01 %        -0.22 %
   250        1.9785        0.3000        0.3006        0.0000         0.01 %        -0.21 %
   260        2.0785        0.3000        0.3006        0.0000         0.01 %        -0.20 %
   270        2.1785        0.3000        0.3006        0.0000         0.01 %        -0.19 %
   280        2.2785        0.3000        0.3006        0.0000         0.01 %        -0.19 %
   290        2.3785        0.3000        0.3005        0.0000         0.01 %        -0.18 %
   300        2.4785        0.3000        0.3005        0.0000         0.01 %        -0.18 %
   310        2.5785        0.3000        0.3005        0.0000         0.01 %        -0.17 %
   320        2.6785        0.3000        0.3005        0.0000         0.01 %        -0.17 %
   330        2.7785        0.3000        0.3005        0.0000         0.01 %        -0.16 %
   340        2.8785        0.3000        0.3005        0.0000         0.01 %        -0.16 %
   350        2.9785        0.3000        0.3005        0.0000         0.01 %        -0.15 %
   360        3.0785        0.3000        0.3004        0.0000         0.01 %        -0.15 %
   370        3.1785        0.3000        0.3004        0.0000         0.01 %        -0.14 %
   380        3.2785        0.3000        0.3004        0.0000         0.01 %        -0.14 %
   390        3.3785        0.3000        0.3004        0.0000         0.01 %        -0.13 %
   400        3.4785        0.3000        0.3004        0.0000         0.01 %        -0.13 %
   410        3.5785        0.3000        0.3004        0.0000         0.01 %        -0.12 %
   420        3.6785        0.3000        0.3004        0.0000         0.01 %        -0.12 %
   430        3.7785        0.3000        0.3004        0.0000         0.01 %        -0.12 %
   440        3.8785        0.3000        0.3003        0.0000         0.01 %        -0.11 %
   450        3.9785        0.3000        0.3003        0.0000         0.01 %        -0.11 %
   460        4.0785        0.3000        0.3003        0.0000         0.01 %        -0.11 %
   470        4.1785        0.3000        0.3003        0.0000         0.01 %        -0.10 %
   480        4.2785        0.3000        0.3003        0.0000         0.01 %        -0.10 %
   490        4.3785        0.3000        0.3003        0.0000         0.01 %        -0.10 %
   500        4.4785        0.3000        0.3003        0.0000         0.01 %        -0.09 %
   510        4.5785        0.3000        0.3003        0.0000         0.01 %        -0.09 %
   520        4.6785        0.3000        0.3003        0.0000         0.01 %        -0.09 %
   530        4.7785        0.3000        0.3003        0.0000         0.01 %        -0.09 %
   540        4.8785        0.3000        0.3003        0.0000         0.01 %        -0.08 %
   550        4.9785        0.3000        0.3002        0.0000         0.01 %        -0.08 %
   560        5.0785        0.3000        0.3002        0.0000         0.01 %        -0.08 %
   570        5.1785        0.3000        0.3002        0.0000         0.01 %        -0.08 %
   580        5.2785        0.3000        0.3002        0.0000         0.01 %        -0.07 %
   590        5.3785        0.3000        0.3002        0.0000         0.01 %        -0.07 %
   600        5.4785        0.3000        0.3002        0.0000         0.01 %        -0.07 %
   610        5.5785        0.3000        0.3002        0.0000         0.01 %        -0.07 %
   620        5.6785        0.3000        0.3002        0.0000         0.01 %        -0.07 %
   630        5.7785        0.3000        0.3002        0.0000         0.01 %        -0.06 %
   640        5.8785        0.3000        0.3002        0.0000         0.01 %        -0.06 %
   650        5.9785        0.3000        0.3002        0.0000         0.01 %        -0.06 %
   660        6.0785        0.3000        0.3002        0.0000         0.01 %        -0.06 %
   670        6.1785        0.3000        0.3002        0.0000         0.01 %        -0.06 %
   680        6.2785        0.3000        0.3002        0.0000         0.01 %        -0.05 %
   690        6.3785        0.3000        0.3002        0.0000         0.01 %        -0.05 %
   700        6.4785        0.3000        0.3002        0.0000         0.01 %        -0.05 %
   710        6.5785        0.3000        0.3001        0.0000         0.01 %        -0.05 %
   720        6.6785        0.3000        0.3001        0.0000         0.01 %        -0.05 %
   730        6.7785        0.3000        0.3001        0.0000         0.01 %        -0.05 %
   740        6.8785        0.3000        0.3001        0.0000         0.01 %        -0.05 %
   750        6.9785        0.3000        0.3001        0.0000         0.01 %        -0.04 %
   760        7.0785        0.3000        0.3001        0.0000         0.01 %        -0.04 %
   770        7.1785        0.3000        0.3001        0.0000         0.01 %        -0.04 %
   780        7.2785        0.3000        0.3001        0.0000         0.01 %        -0.04 %
   790        7.3785        0.3000        0.3001        0.0000         0.01 %        -0.04 %
   800        7.4785        0.3000        0.3001        0.0000         0.01 %        -0.04 %
   810        7.5785        0.3000        0.3001        0.0000         0.01 %        -0.04 %
   820        7.6785        0.3000        0.3001        0.0000         0.01 %        -0.04 %
   830        7.7785        0.3000        0.3001        0.0000         0.01 %        -0.03 %
   840        7.8785        0.3000        0.3001        0.0000         0.01 %        -0.03 %
   850        7.9785        0.3000        0.3001        0.0000         0.01 %        -0.03 %
   860        8.0785        0.3000        0.3001        0.0000         0.01 %        -0.03 %
   870        8.1785        0.3000        0.3001        0.0000         0.01 %        -0.03 %
   880        8.2785        0.3000        0.3001        0.0000         0.01 %        -0.03 %
   890        8.3785        0.3000        0.3001        0.0000         0.01 %        -0.03 %
   900        8.4785        0.3000        0.3001        0.0000         0.01 %        -0.03 %
   910        8.5785        0.3000        0.3001        0.0000         0.01 %        -0.03 %
   920        8.6785        0.3000        0.3001        0.0000         0.01 %        -0.03 %
   930        8.7785        0.3000        0.3001        0.0000         0.01 %        -0.03 %
   940        8.8785        0.3000        0.3001        0.0000         0.01 %        -0.02 %
   950        8.9785        0.3000        0.3001        0.0000         0.01 %        -0.02 %
   960        9.0785        0.3000        0.3001        0.0000         0.01 %        -0.02 %
   970        9.1785        0.3000        0.3001        0.0000         0.01 %        -0.02 %
   980        9.2785        0.3000        0.3001        0.0000         0.01 %        -0.02 %
   990        9.3785        0.3000        0.3001        0.0000         0.01 %        -0.02 %
  1000        9.4785        0.3000        0.3001        0.0000         0.01 %        -0.02 %
  1010        9.5785        0.3000        0.3001        0.0000         0.01 %        -0.02 %
  1020        9.6785        0.3000        0.3001        0.0000         0.01 %        -0.02 %
  1030        9.7785        0.3000        0.3001        0.0000         0.01 %        -0.02 %
  1040        9.8785        0.3000        0.3001        0.0000         0.01 %        -0.02 %
  1050        9.9785        0.3000        0.3001        0.0000         0.01 %        -0.02 %
  1060       10.0785        0.3000        0.3001        0.0000         0.01 %        -0.02 %
  1070       10.1785        0.3000        0.3000        0.0000         0.01 %        -0.02 %
  1080       10.2785        0.3000        0.3000        0.0000         0.01 %        -0.02 %
  1090       10.3785        0.3000        0.3000        0.0000         0.01 %        -0.02 %
  1100       10.4785        0.3000        0.3000        0.0000         0.01 %        -0.02 %
  1110       10.5785        0.3000        0.3000        0.0000         0.01 %        -0.01 %
  1120       10.6785        0.3000        0.3000        0.0000         0.01 %        -0.01 %
  1130       10.7785        0.3000        0.3000        0.0000         0.01 %        -0.01 %
  1140       10.8785        0.3000        0.3000        0.0000         0.01 %        -0.01 %
  1150       10.9785        0.3000        0.3000        0.0000         0.01 %        -0.01 %
  1160       11.0785        0.3000        0.3000        0.0000         0.01 %        -0.01 %
  1170       11.1785        0.3000        0.3000        0.0000         0.01 %        -0.01 %
  1180       11.2785        0.3000        0.3000        0.0000         0.01 %        -0.01 %
  1190       11.3785        0.3000        0.3000        0.0000         0.01 %        -0.01 %
  1200       11.4785        0.3000        0.3000        0.0000         0.01 %        -0.01 %
  1210       11.5785        0.3000        0.3000        0.0000         0.01 %        -0.01 %
  1220       11.6785        0.3000        0.3000        0.0000         0.01 %        -0.01 %
  1230       11.7785        0.3000        0.3000        0.0000         0.01 %        -0.01 %
  1240       11.8785        0.3000        0.3000        0.0000         0.01 %        -0.01 %
  1250       11.9785        0.3000        0.3000        0.0000         0.01 %        -0.01 %
  1260       12.0785        0.3000        0.3000        0.0000         0.01 %        -0.01 %
  1270       12.1785        0.3000        0.3000        0.0000         0.01 %        -0.01 %
  1280       12.2785        0.3000        0.3000        0.0000         0.01 %        -0.01 %
  1290       12.3785        0.3000        0.3000        0.0000         0.01 %        -0.01 %
  1300       12.4785        0.3000        0.3000        0.0000         0.01 %        -0.01 %
  1310       12.5785        0.3000        0.3000        0.0000         0.01 %        -0.01 %
  1320       12.6785        0.3000        0.3000        0.0000         0.01 %        -0.01 %
  1330       12.7785        0.3000        0.3000        0.0000         0.01 %        -0.01 %
  1340       12.8785        0.3000        0.3000        0.0000         0.01 %        -0.01 %
  1350       12.9785        0.3000        0.3000        0.0000         0.01 %        -0.01 %
  1360       13.0785        0.3000        0.3000        0.0000         0.01 %        -0.01 %
  1370       13.1785        0.3000        0.3000        0.0000         0.01 %        -0.01 %
  1380       13.2785        0.3000        0.3000        0.0000         0.01 %        -0.01 %
  1390       13.3785        0.3000        0.3000        0.0000         0.01 %        -0.01 %
  1400       13.4785        0.3000        0.3000        0.0000         0.01 %        -0.01 %
  1410       13.5785        0.3000        0.3000        0.0000         0.01 %        -0.01 %
  1420       13.6785        0.3000        0.3000        0.0000         0.01 %        -0.01 %
  1430       13.7785        0.3000        0.3000        0.0000         0.01 %        -0.01 %
  1440       13.8785        0.3000        0.3000        0.0000         0.01 %        -0.01 %
  1450       13.9785        0.3000        0.3000        0.0000         0.01 %        -0.01 %
  1460       14.0785        0.3000        0.3000        0.0000         0.01 %        -0.00 %
  1470       14.1785        0.3000        0.3000        0.0000         0.01 %        -0.00 %
  1480       14.2785        0.3000        0.3000        0.0000         0.01 %        -0.00 %
  1490       14.3785        0.3000        0.3000        0.0000         0.01 %        -0.00 %
  1500       14.4785        0.3000        0.3000        0.0000         0.01 %        -0.00 %
  1510       14.5785        0.3000        0.3000        0.0000         0.01 %        -0.00 %
  1520       14.6785        0.3000        0.3000        0.0000         0.01 %        -0.00 %
  1530       14.7785        0.3000        0.3000        0.0000         0.01 %        -0.00 %
  1540       14.8785        0.3000        0.3000        0.0000         0.01 %        -0.00 %
  1550       14.9785        0.3000        0.3000        0.0000         0.01 %        -0.00 %
  1560       15.0785        0.3000        0.3000        0.0000         0.01 %        -0.00 %
  1570       15.1785        0.3000        0.3000        0.0000         0.01 %        -0.00 %
  1580       15.2785        0.3000        0.3000        0.0000         0.01 %        -0.00 %
  1590       15.3785        0.3000        0.3000        0.0000         0.01 %        -0.00 %
  1600       15.4785        0.3000        0.3000        0.0000         0.01 %        -0.00 %
  1610       15.5785        0.3000        0.3000        0.0000         0.01 %        -0.00 %
  1620       15.6785        0.3000        0.3000        0.0000         0.01 %        -0.00 %
  1630       15.7785        0.3000        0.3000        0.0000         0.01 %        -0.00 %
  1640       15.8785        0.3000        0.3000        0.0000         0.01 %        -0.00 %
  1650       15.9785        0.3000        0.3000        0.0000         0.01 %        -0.00 %
  1660       16.0785        0.3000        0.3000        0.0000         0.01 %        -0.00 %
  1670       16.1785        0.3000        0.3000        0.0000         0.01 %        -0.00 %
  1680       16.2785        0.3000        0.3000        0.0000         0.01 %        -0.00 %
  1690       16.3785        0.3000        0.3000        0.0000         0.01 %        -0.00 %
  1700       16.4785        0.3000        0.3000        0.0000         0.01 %        -0.00 %
  1710       16.5785        0.3000        0.3000        0.0000         0.01 %        -0.00 %
  1720       16.6785        0.3000        0.3000        0.0000         0.01 %        -0.00 %
  1730       16.7785        0.3000        0.3000        0.0000         0.01 %        -0.00 %
  1740       16.8785        0.3000        0.3000        0.0000         0.01 %        -0.00 %
  1750       16.9785        0.3000        0.3000        0.0000         0.01 %        -0.00 %
  1760       17.0785        0.3000        0.3000        0.0000         0.01 %        -0.00 %
  1770       17.1785        0.3000        0.3000        0.0000         0.01 %        -0.00 %
  1780       17.2785        0.3000        0.3000        0.0000         0.01 %        -0.00 %
  1790       17.3785        0.3000        0.3000        0.0000         0.01 %        -0.00 %
  1800       17.4785        0.3000        0.3000        0.0000         0.01 %        -0.00 %
  1810       17.5785        0.3000        0.3000        0.0000         0.01 %        -0.00 %
  1820       17.6785        0.3000        0.3000        0.0000         0.01 %        -0.00 %
  1830       17.7785        0.3000        0.3000        0.0000         0.01 %        -0.00 %
  1840       17.8785        0.3000        0.3000        0.0000         0.01 %        -0.00 %
  1850       17.9785        0.3000        0.3000        0.0000         0.01 %        -0.00 %
  1860       18.0785        0.3000        0.3000        0.0000         0.01 %        -0.00 %
  1870       18.1785        0.3000        0.3000        0.0000         0.01 %        -0.00 %
  1880       18.2785        0.3000        0.3000        0.0000         0.01 %        -0.00 %
  1890       18.3785        0.3000        0.3000        0.0000         0.01 %        -0.00 %
  1900       18.4785        0.3000        0.3000        0.0000         0.01 %        -0.00 %
  1910       18.5785        0.3000        0.3000        0.0000         0.01 %        -0.00 %
  1920       18.6785        0.3000        0.3000        0.0000         0.01 %        -0.00 %
  1930       18.7785        0.3000        0.3000        0.0000         0.01 %        -0.00 %
  1940       18.8785        0.3000        0.3000        0.0000         0.01 %        -0.00 %
  1950       18.9785        0.3000        0.3000        0.0000         0.01 %        -0.00 %
  1960       19.0785        0.3000        0.3000        0.0000         0.01 %        -0.00 %
  1970       19.1785        0.3000        0.3000        0.0000         0.01 %        -0.00 %
  1980       19.2785        0.3000        0.3000        0.0000         0.01 %        -0.00 %
  1990       19.3785        0.3000        0.3000        0.0000         0.01 %        -0.00 %
  2000       19.4785        0.3000        0.3000        0.0000         0.01 %        -0.00 %
  2010       19.5785        0.3000        0.3000        0.0000         0.01 %        -0.00 %
  2020       19.6785        0.3000        0.3000        0.0000         0.01 %        -0.00 %
  2030       19.7785        0.3000        0.3000        0.0000         0.01 %        -0.00 %
  2040       19.8785        0.3000        0.3000        0.0000         0.01 %        -0.00 %
  2050       19.9785        0.3000        0.3000        0.0000         0.01 %        -0.00 %
  2060       20.0785        0.3000        0.3000        0.0000         0.01 %        -0.00 %
  2070       20.1785        0.3000        0.3000        0.0000         0.01 %        -0.00 %
