 Time step information and convergence control
 =============================================

#     Step      Number of         Number of         Time Step         Begin Step
#              Outer Its.  Inner Iterations          Size (s)                (s)



                         new time domain reached

   minimum   maximum    time      long      short   graphics    dump
    time      time     domain     edit      edit      edit
    step      step       end    interval  interval  interval  interval

  1.000E-05 2.000E-01 2.020E+01 2.000E-01 0.000E+00 0.000E+00 1.000E+01


 time step ratio      =  1.000E+03

         1              1                 0     0.1000000E-04      0.0000000E+00  0.1000000E+09  0.0000000E+00  0.0000000E+00  0.0000000E+00
         2              1                 0     0.1200000E-04      0.1200000E-04  0.1000000E+09  0.0000000E+00  0.0000000E+00  0.0000000E+00
         3              1                 0     0.1440000E-04      0.2640000E-04  0.1000000E+09  0.0000000E+00  0.0000000E+00  0.0000000E+00
         4              1                 0     0.1728000E-04      0.4368000E-04  0.1000000E+09  0.0000000E+00  0.0000000E+00  0.0000000E+00
         5              1                 0     0.2073600E-04      0.6441600E-04  0.1000000E+09  0.0000000E+00  0.0000000E+00  0.0000000E+00
         6              1                 0     0.2488320E-04      0.8929920E-04  0.1000000E+09  0.0000000E+00  0.0000000E+00  0.0000000E+00
         7              1                 0     0.2985984E-04      0.1191590E-03  0.1000000E+09  0.0000000E+00  0.0000000E+00  0.0000000E+00
         8              1                 0     0.3583181E-04      0.1549908E-03  0.1000000E+09  0.0000000E+00  0.0000000E+00  0.0000000E+00
         9              1                 0     0.4299817E-04      0.1979890E-03  0.1000000E+09  0.0000000E+00  0.0000000E+00  0.0000000E+00
        10              1                 0     0.5159780E-04      0.2495868E-03  0.1000000E+09  0.0000000E+00  0.0000000E+00  0.0000000E+00
        11              1                 0     0.6191736E-04      0.3115042E-03  0.1000000E+09  0.0000000E+00  0.0000000E+00  0.0000000E+00
        12              1                 0     0.7430084E-04      0.3858050E-03  0.1000000E+09  0.0000000E+00  0.0000000E+00  0.0000000E+00
        13              1                 0     0.8916100E-04      0.4749660E-03  0.1000000E+09  0.0000000E+00  0.0000000E+00  0.0000000E+00
        14              1                 0     0.1069932E-03      0.5819592E-03  0.1000000E+09  0.0000000E+00  0.0000000E+00  0.0000000E+00
        15              1                 0     0.1283918E-03      0.7103511E-03  0.1000000E+09  0.0000000E+00  0.0000000E+00  0.0000000E+00
        16              1                 0     0.1540702E-03      0.8644213E-03  0.1000000E+09  0.0000000E+00  0.0000000E+00  0.0000000E+00
        17              1                 0     0.1848843E-03      0.1049306E-02  0.1000000E+09  0.0000000E+00  0.0000000E+00  0.0000000E+00
        18              1                 0     0.2218611E-03      0.1271167E-02  0.1000000E+09  0.0000000E+00  0.0000000E+00  0.0000000E+00
        19              1                 0     0.2662333E-03      0.1537400E-02  0.1000000E+09  0.0000000E+00  0.0000000E+00  0.0000000E+00
        20              1                 0     0.3194800E-03      0.1856880E-02  0.1000000E+09  0.0000000E+00  0.0000000E+00  0.0000000E+00
        21              1                 0     0.3833760E-03      0.2240256E-02  0.1000000E+09  0.0000000E+00  0.0000000E+00  0.0000000E+00
        22              1                 0     0.4600512E-03      0.2700307E-02  0.1000000E+09  0.0000000E+00  0.0000000E+00  0.0000000E+00
        23              1                 0     0.5520614E-03      0.3252369E-02  0.1000000E+09  0.0000000E+00  0.0000000E+00  0.0000000E+00
        24              1                 0     0.6624737E-03      0.3914842E-02  0.1000000E+09  0.0000000E+00  0.0000000E+00  0.0000000E+00
        25              1                 0     0.7949685E-03      0.4709811E-02  0.1000000E+09  0.0000000E+00  0.0000000E+00  0.0000000E+00
        26              1                 0     0.9539622E-03      0.5663773E-02  0.1000000E+09  0.0000000E+00  0.0000000E+00  0.0000000E+00
        27              1                 0     0.1144755E-02      0.6808528E-02  0.1000000E+09  0.0000000E+00  0.0000000E+00  0.0000000E+00
        28              1                 0     0.1201992E-02      0.8010520E-02  0.1000000E+09  0.0000000E+00  0.0000000E+00  0.0000000E+00
        29              1                 0     0.1262092E-02      0.9272612E-02  0.1000000E+09  0.0000000E+00  0.0000000E+00  0.0000000E+00
        30              1                 0     0.1325197E-02      0.1059781E-01  0.1000000E+09  0.0000000E+00  0.0000000E+00  0.0000000E+00
        31              1                 0     0.1391456E-02      0.1198926E-01  0.1000000E+09  0.0000000E+00  0.0000000E+00  0.0000000E+00
        32              1                 0     0.1461029E-02      0.1345029E-01  0.1000000E+09  0.0000000E+00  0.0000000E+00  0.0000000E+00
        33              1                 0     0.1534081E-02      0.1498437E-01  0.1000000E+09  0.0000000E+00  0.0000000E+00  0.0000000E+00
        34              1                 0     0.1610785E-02      0.1659516E-01  0.1000000E+09  0.0000000E+00  0.0000000E+00  0.0000000E+00
        35              1                 0     0.1691324E-02      0.1828648E-01  0.1000000E+09  0.0000000E+00  0.0000000E+00  0.0000000E+00
        36              1                 0     0.1775890E-02      0.2006237E-01  0.1000000E+09  0.0000000E+00  0.0000000E+00  0.0000000E+00
        37              1                 0     0.1864685E-02      0.2192706E-01  0.1000000E+09  0.0000000E+00  0.0000000E+00  0.0000000E+00
        38              1                 0     0.1957919E-02      0.2388498E-01  0.1000000E+09  0.0000000E+00  0.0000000E+00  0.0000000E+00
        39              1                 0     0.2055815E-02      0.2594079E-01  0.1000000E+09  0.0000000E+00  0.0000000E+00  0.0000000E+00
        40              1                 0     0.2158606E-02      0.2809940E-01  0.1000000E+09  0.0000000E+00  0.0000000E+00  0.0000000E+00
        41              1                 0     0.2266536E-02      0.3036593E-01  0.1000000E+09  0.0000000E+00  0.0000000E+00  0.0000000E+00
        42              1                 0     0.2379863E-02      0.3274580E-01  0.1000000E+09  0.0000000E+00  0.0000000E+00  0.0000000E+00
        43              1                 0     0.2498856E-02      0.3524465E-01  0.1000000E+09  0.0000000E+00  0.0000000E+00  0.0000000E+00
        44              1                 0     0.2623799E-02      0.3786845E-01  0.1000000E+09  0.0000000E+00  0.0000000E+00  0.0000000E+00
        45              1                 0     0.2754988E-02      0.4062344E-01  0.1000000E+09  0.0000000E+00  0.0000000E+00  0.0000000E+00
        46              1                 0     0.2892738E-02      0.4351618E-01  0.1000000E+09  0.0000000E+00  0.0000000E+00  0.0000000E+00
        47              1                 0     0.3037375E-02      0.4655355E-01  0.1000000E+09  0.0000000E+00  0.0000000E+00  0.0000000E+00
        48              1                 0     0.3189243E-02      0.4974279E-01  0.1000000E+09  0.0000000E+00  0.0000000E+00  0.0000000E+00
        49              1                 0     0.3348706E-02      0.5309150E-01  0.1000000E+09  0.0000000E+00  0.0000000E+00  0.0000000E+00
        50              1                 0     0.3516141E-02      0.5660764E-01  0.1000000E+09  0.0000000E+00  0.0000000E+00  0.0000000E+00
        51              1                 0     0.3691948E-02      0.6029959E-01  0.1000000E+09  0.0000000E+00  0.0000000E+00  0.0000000E+00
        52              1                 0     0.3876545E-02      0.6417613E-01  0.1000000E+09  0.0000000E+00  0.0000000E+00  0.0000000E+00
        53              1                 0     0.4070373E-02      0.6824651E-01  0.1000000E+09  0.0000000E+00  0.0000000E+00  0.0000000E+00
        54              1                 0     0.4273891E-02      0.7252040E-01  0.1000000E+09  0.0000000E+00  0.0000000E+00  0.0000000E+00
        55              1                 0     0.4487586E-02      0.7700798E-01  0.1000000E+09  0.0000000E+00  0.0000000E+00  0.0000000E+00
        56              1                 0     0.4711965E-02      0.8171995E-01  0.1000000E+09  0.0000000E+00  0.0000000E+00  0.0000000E+00
        57              1                 0     0.4947563E-02      0.8666751E-01  0.1000000E+09  0.0000000E+00  0.0000000E+00  0.0000000E+00
        58              1                 0     0.5194942E-02      0.9186245E-01  0.1000000E+09  0.0000000E+00  0.0000000E+00  0.0000000E+00
        59              1                 0     0.5454689E-02      0.9731714E-01  0.1000000E+09  0.0000000E+00  0.0000000E+00  0.0000000E+00
        60              1                 0     0.5727423E-02      0.1030446E+00  0.1000000E+09  0.0000000E+00  0.0000000E+00  0.0000000E+00
        61              1                 0     0.6013794E-02      0.1090584E+00  0.1000000E+09  0.0000000E+00  0.0000000E+00  0.0000000E+00
        62              1                 0     0.6314484E-02      0.1153728E+00  0.1000000E+09  0.0000000E+00  0.0000000E+00  0.0000000E+00
        63              1                 0     0.6630208E-02      0.1220031E+00  0.1000000E+09  0.0000000E+00  0.0000000E+00  0.0000000E+00
        64              1                 0     0.6961719E-02      0.1289648E+00  0.1000000E+09  0.0000000E+00  0.0000000E+00  0.0000000E+00
        65              1                 0     0.7309804E-02      0.1362746E+00  0.1000000E+09  0.0000000E+00  0.0000000E+00  0.0000000E+00
        66              1                 0     0.7675295E-02      0.1439499E+00  0.1000000E+09  0.0000000E+00  0.0000000E+00  0.0000000E+00
        67              1                 0     0.8059059E-02      0.1520089E+00  0.1000000E+09  0.0000000E+00  0.0000000E+00  0.0000000E+00
        68              1                 0     0.8462012E-02      0.1604709E+00  0.1000000E+09  0.0000000E+00  0.0000000E+00  0.0000000E+00
        69              1                 0     0.8885113E-02      0.1693561E+00  0.1000000E+09  0.0000000E+00  0.0000000E+00  0.0000000E+00
        70              1                 0     0.9329369E-02      0.1786854E+00  0.1000000E+09  0.0000000E+00  0.0000000E+00  0.0000000E+00
        71              1                 0     0.9795837E-02      0.1884813E+00  0.1000000E+09  0.0000000E+00  0.0000000E+00  0.0000000E+00
        72              1                 0     0.1028563E-01      0.1987669E+00  0.1000000E+09  0.0000000E+00  0.0000000E+00  0.0000000E+00
        73              1                 0     0.1079991E-01      0.2095668E+00  0.1000000E+09  0.0000000E+00  0.0000000E+00  0.0000000E+00
    73     2.096E-01      1   1.080E-02   0.000E+00
        74              1                 0     0.1133991E-01      0.2209067E+00  0.1000000E+09  0.0000000E+00  0.0000000E+00  0.0000000E+00
        75              1                 0     0.1190690E-01      0.2328136E+00  0.1000000E+09  0.0000000E+00  0.0000000E+00  0.0000000E+00
        76              1                 0     0.1250225E-01      0.2453159E+00  0.1000000E+09  0.0000000E+00  0.0000000E+00  0.0000000E+00
        77              1                 0     0.1312736E-01      0.2584432E+00  0.1000000E+09  0.0000000E+00  0.0000000E+00  0.0000000E+00
        78              1                 0     0.1378373E-01      0.2722269E+00  0.1000000E+09  0.0000000E+00  0.0000000E+00  0.0000000E+00
        79              1                 0     0.1447291E-01      0.2866999E+00  0.1000000E+09  0.0000000E+00  0.0000000E+00  0.0000000E+00
        80              1                 0     0.1519656E-01      0.3018964E+00  0.1000000E+09  0.0000000E+00  0.0000000E+00  0.0000000E+00
        81              1                 0     0.1595639E-01      0.3178528E+00  0.1000000E+09  0.0000000E+00  0.0000000E+00  0.0000000E+00
        82              1                 0     0.1675421E-01      0.3346070E+00  0.1000000E+09  0.0000000E+00  0.0000000E+00  0.0000000E+00
        83              1                 0     0.1759192E-01      0.3521989E+00  0.1000000E+09  0.0000000E+00  0.0000000E+00  0.0000000E+00
        84              1                 0     0.1847151E-01      0.3706704E+00  0.1000000E+09  0.0000000E+00  0.0000000E+00  0.0000000E+00
        85              1                 0     0.1939509E-01      0.3900655E+00  0.1000000E+09  0.0000000E+00  0.0000000E+00  0.0000000E+00
        86              1                 0     0.2036484E-01      0.4104304E+00  0.1000000E+09  0.0000000E+00  0.0000000E+00  0.0000000E+00
    86     4.104E-01      1   2.036E-02   0.000E+00
        87              1                 0     0.2138308E-01      0.4318134E+00  0.1000000E+09  0.0000000E+00  0.0000000E+00  0.0000000E+00
        88              1                 0     0.2245224E-01      0.4542657E+00  0.1000000E+09  0.0000000E+00  0.0000000E+00  0.0000000E+00
        89              1                 0     0.2357485E-01      0.4778405E+00  0.1000000E+09  0.0000000E+00  0.0000000E+00  0.0000000E+00
        90              1                 0     0.2475359E-01      0.5025941E+00  0.1000000E+09  0.0000000E+00  0.0000000E+00  0.0000000E+00
        91              1                 0     0.2599127E-01      0.5285854E+00  0.1000000E+09  0.0000000E+00  0.0000000E+00  0.0000000E+00
        92              1                 0     0.2729084E-01      0.5558762E+00  0.1000000E+09  0.0000000E+00  0.0000000E+00  0.0000000E+00
        93              1                 0     0.2865538E-01      0.5845316E+00  0.1000000E+09  0.0000000E+00  0.0000000E+00  0.0000000E+00
        94              1                 0     0.3008815E-01      0.6146198E+00  0.1000000E+09  0.0000000E+00  0.0000000E+00  0.0000000E+00
    94     6.146E-01      1   3.009E-02   0.000E+00
        95              1                 0     0.3159255E-01      0.6462123E+00  0.1000000E+09  0.0000000E+00  0.0000000E+00  0.0000000E+00
        96              1                 0     0.3317218E-01      0.6793845E+00  0.1000000E+09  0.0000000E+00  0.0000000E+00  0.0000000E+00
        97              1                 0     0.3483079E-01      0.7142153E+00  0.1000000E+09  0.0000000E+00  0.0000000E+00  0.0000000E+00
        98              1                 0     0.3657233E-01      0.7507876E+00  0.1000000E+09  0.0000000E+00  0.0000000E+00  0.0000000E+00
        99              1                 0     0.3840095E-01      0.7891886E+00  0.1000000E+09  0.0000000E+00  0.0000000E+00  0.0000000E+00
       100              1                 0     0.4032099E-01      0.8295096E+00  0.1000000E+09  0.0000000E+00  0.0000000E+00  0.0000000E+00
   100     8.295E-01      1   4.032E-02   0.000E+00
       101              1                 0     0.4233704E-01      0.8718466E+00  0.1000000E+09  0.0000000E+00  0.0000000E+00  0.0000000E+00
       102              1                 0     0.4445390E-01      0.9163005E+00  0.1000000E+09  0.0000000E+00  0.0000000E+00  0.0000000E+00
       103              1                 0     0.4667659E-01      0.9629771E+00  0.1000000E+09  0.0000000E+00  0.0000000E+00  0.0000000E+00
       104              1                 0     0.4901042E-01      0.1011988E+01  0.1000000E+09  0.0000000E+00  0.0000000E+00  0.0000000E+00
   104     1.012E+00      1   4.901E-02   0.000E+00
       105              1                 0     0.5146094E-01      0.1063448E+01  0.1000000E+09  0.0000000E+00  0.0000000E+00  0.0000000E+00
       106              1                 0     0.5403399E-01      0.1117482E+01  0.1000000E+09  0.0000000E+00  0.0000000E+00  0.0000000E+00
       107              1                 0     0.5673569E-01      0.1174218E+01  0.1000000E+09  0.0000000E+00  0.0000000E+00  0.0000000E+00
       108              1                 0     0.5957247E-01      0.1233791E+01  0.1000000E+09  0.0000000E+00  0.0000000E+00  0.0000000E+00
   108     1.234E+00      1   5.957E-02   0.000E+00
       109              1                 0     0.6255110E-01      0.1296342E+01  0.1000000E+09  0.0000000E+00  0.0000000E+00  0.0000000E+00
       110              1                 0     0.6567865E-01      0.1362020E+01  0.1000000E+09  0.0000000E+00  0.0000000E+00  0.0000000E+00
       111              1                 0     0.6896258E-01      0.1430983E+01  0.1000000E+09  0.0000000E+00  0.0000000E+00  0.0000000E+00
   111     1.431E+00      1   6.896E-02   0.000E+00
       112              1                 0     0.7241071E-01      0.1503394E+01  0.1000000E+09  0.0000000E+00  0.0000000E+00  0.0000000E+00
       113              1                 0     0.7603125E-01      0.1579425E+01  0.1000000E+09  0.0000000E+00  0.0000000E+00  0.0000000E+00
       114              1                 0     0.7983281E-01      0.1659258E+01  0.1000000E+09  0.0000000E+00  0.0000000E+00  0.0000000E+00
   114     1.659E+00      1   7.983E-02   0.000E+00
       115              1                 0     0.8382445E-01      0.1743082E+01  0.1000000E+09  0.0000000E+00  0.0000000E+00  0.0000000E+00
       116              1                 0     0.8801567E-01      0.1831098E+01  0.1000000E+09  0.0000000E+00  0.0000000E+00  0.0000000E+00
   116     1.831E+00      1   8.802E-02   0.000E+00
       117              1                 0     0.9241646E-01      0.1923514E+01  0.1000000E+09  0.0000000E+00  0.0000000E+00  0.0000000E+00
       118              1                 0     0.9703728E-01      0.2020552E+01  0.1000000E+09  0.0000000E+00  0.0000000E+00  0.0000000E+00
   118     2.021E+00      1   9.704E-02   0.000E+00
       119              1                 0     0.1018891E+00      0.2122441E+01  0.1000000E+09  0.0000000E+00  0.0000000E+00  0.0000000E+00
       120              1                 0     0.1069836E+00      0.2229424E+01  0.1000000E+09  0.0000000E+00  0.0000000E+00  0.0000000E+00
   120     2.229E+00      1   1.070E-01   0.000E+00
       121              1                 0     0.1123328E+00      0.2341757E+01  0.1000000E+09  0.0000000E+00  0.0000000E+00  0.0000000E+00
       122              1                 0     0.1179494E+00      0.2459706E+01  0.1000000E+09  0.0000000E+00  0.0000000E+00  0.0000000E+00
   122     2.460E+00      1   1.179E-01   0.000E+00
       123              1                 0     0.1238469E+00      0.2583553E+01  0.1000000E+09  0.0000000E+00  0.0000000E+00  0.0000000E+00
       124              1                 0     0.1300392E+00      0.2713593E+01  0.1000000E+09  0.0000000E+00  0.0000000E+00  0.0000000E+00
   124     2.714E+00      1   1.300E-01   0.000E+00
       125              1                 0     0.1365412E+00      0.2850134E+01  0.1000000E+09  0.0000000E+00  0.0000000E+00  0.0000000E+00
   125     2.850E+00      1   1.365E-01   0.000E+00
       126              1                 0     0.1433683E+00      0.2993502E+01  0.1000000E+09  0.0000000E+00  0.0000000E+00  0.0000000E+00
       127              1                 0     0.1505367E+00      0.3144039E+01  0.1000000E+09  0.0000000E+00  0.0000000E+00  0.0000000E+00
   127     3.144E+00      1   1.505E-01   0.000E+00
       128              1                 0     0.1580635E+00      0.3302102E+01  0.1000000E+09  0.0000000E+00  0.0000000E+00  0.0000000E+00
   128     3.302E+00      1   1.581E-01   0.000E+00
       129              1                 0     0.1659667E+00      0.3468069E+01  0.1000000E+09  0.0000000E+00  0.0000000E+00  0.0000000E+00
   129     3.468E+00      1   1.660E-01   0.000E+00
       130              1                 0     0.1742650E+00      0.3642334E+01  0.1000000E+09  0.0000000E+00  0.0000000E+00  0.0000000E+00
   130     3.642E+00      1   1.743E-01   0.000E+00
       131              1                 0     0.1829783E+00      0.3825312E+01  0.1000000E+09  0.0000000E+00  0.0000000E+00  0.0000000E+00
   131     3.825E+00      1   1.830E-01   0.000E+00
       132              1                 0     0.1921272E+00      0.4017439E+01  0.1000000E+09  0.0000000E+00  0.0000000E+00  0.0000000E+00
   132     4.017E+00      1   1.921E-01   0.000E+00
       133              1                 0     0.2000000E+00      0.4217439E+01  0.1000000E+09  0.0000000E+00  0.0000000E+00  0.0000000E+00
   133     4.217E+00      1   2.000E-01   0.000E+00
       134              1                 0     0.2000000E+00      0.4417439E+01  0.1000000E+09  0.0000000E+00  0.0000000E+00  0.0000000E+00
   134     4.417E+00      1   2.000E-01   0.000E+00
       135              1                 0     0.2000000E+00      0.4617439E+01  0.1000000E+09  0.0000000E+00  0.0000000E+00  0.0000000E+00
   135     4.617E+00      1   2.000E-01   0.000E+00
       136              1                 0     0.2000000E+00      0.4817439E+01  0.1000000E+09  0.0000000E+00  0.0000000E+00  0.0000000E+00
   136     4.817E+00      1   2.000E-01   0.000E+00
       137              1                 0     0.2000000E+00      0.5017439E+01  0.1000000E+09  0.0000000E+00  0.0000000E+00  0.0000000E+00
   137     5.017E+00      1   2.000E-01   0.000E+00
       138              1                 0     0.2000000E+00      0.5217439E+01  0.1000000E+09  0.0000000E+00  0.0000000E+00  0.0000000E+00
   138     5.217E+00      1   2.000E-01   0.000E+00
       139              1                 0     0.2000000E+00      0.5417439E+01  0.1000000E+09  0.0000000E+00  0.0000000E+00  0.0000000E+00
   139     5.417E+00      1   2.000E-01   0.000E+00
       140              1                 0     0.2000000E+00      0.5617439E+01  0.1000000E+09  0.0000000E+00  0.0000000E+00  0.0000000E+00
   140     5.617E+00      1   2.000E-01   0.000E+00
       141              1                 0     0.2000000E+00      0.5817439E+01  0.1000000E+09  0.0000000E+00  0.0000000E+00  0.0000000E+00
   141     5.817E+00      1   2.000E-01   0.000E+00
       142              1                 0     0.2000000E+00      0.6017439E+01  0.1000000E+09  0.0000000E+00  0.0000000E+00  0.0000000E+00
   142     6.017E+00      1   2.000E-01   0.000E+00
       143              1                 0     0.2000000E+00      0.6217439E+01  0.1000000E+09  0.0000000E+00  0.0000000E+00  0.0000000E+00
   143     6.217E+00      1   2.000E-01   0.000E+00
       144              1                 0     0.2000000E+00      0.6417439E+01  0.1000000E+09  0.0000000E+00  0.0000000E+00  0.0000000E+00
   144     6.417E+00      1   2.000E-01   0.000E+00
       145              1                 0     0.2000000E+00      0.6617439E+01  0.1000000E+09  0.0000000E+00  0.0000000E+00  0.0000000E+00
   145     6.617E+00      1   2.000E-01   0.000E+00
       146              1                 0     0.2000000E+00      0.6817439E+01  0.1000000E+09  0.0000000E+00  0.0000000E+00  0.0000000E+00
   146     6.817E+00      1   2.000E-01   0.000E+00
       147              1                 0     0.2000000E+00      0.7017439E+01  0.1000000E+09  0.0000000E+00  0.0000000E+00  0.0000000E+00
   147     7.017E+00      1   2.000E-01   0.000E+00
       148              1                 0     0.2000000E+00      0.7217439E+01  0.1000000E+09  0.0000000E+00  0.0000000E+00  0.0000000E+00
   148     7.217E+00      1   2.000E-01   0.000E+00
       149              1                 0     0.2000000E+00      0.7417439E+01  0.1000000E+09  0.0000000E+00  0.0000000E+00  0.0000000E+00
   149     7.417E+00      1   2.000E-01   0.000E+00
       150              1                 0     0.2000000E+00      0.7617439E+01  0.1000000E+09  0.0000000E+00  0.0000000E+00  0.0000000E+00
   150     7.617E+00      1   2.000E-01   0.000E+00
       151              1                 0     0.2000000E+00      0.7817439E+01  0.1000000E+09  0.0000000E+00  0.0000000E+00  0.0000000E+00
   151     7.817E+00      1   2.000E-01   0.000E+00
       152              1                 0     0.2000000E+00      0.8017439E+01  0.1000000E+09  0.0000000E+00  0.0000000E+00  0.0000000E+00
   152     8.017E+00      1   2.000E-01   0.000E+00
       153              1                 0     0.2000000E+00      0.8217439E+01  0.1000000E+09  0.0000000E+00  0.0000000E+00  0.0000000E+00
   153     8.217E+00      1   2.000E-01   0.000E+00
       154              1                 0     0.2000000E+00      0.8417439E+01  0.1000000E+09  0.0000000E+00  0.0000000E+00  0.0000000E+00
   154     8.417E+00      1   2.000E-01   0.000E+00
       155              1                 0     0.2000000E+00      0.8617439E+01  0.1000000E+09  0.0000000E+00  0.0000000E+00  0.0000000E+00
   155     8.617E+00      1   2.000E-01   0.000E+00
       156              1                 0     0.2000000E+00      0.8817439E+01  0.1000000E+09  0.0000000E+00  0.0000000E+00  0.0000000E+00
   156     8.817E+00      1   2.000E-01   0.000E+00
       157              1                 0     0.2000000E+00      0.9017439E+01  0.1000000E+09  0.0000000E+00  0.0000000E+00  0.0000000E+00
   157     9.017E+00      1   2.000E-01   0.000E+00
       158              1                 0     0.2000000E+00      0.9217439E+01  0.1000000E+09  0.0000000E+00  0.0000000E+00  0.0000000E+00
   158     9.217E+00      1   2.000E-01   0.000E+00
       159              1                 0     0.2000000E+00      0.9417439E+01  0.1000000E+09  0.0000000E+00  0.0000000E+00  0.0000000E+00
   159     9.417E+00      1   2.000E-01   0.000E+00
       160              1                 0     0.2000000E+00      0.9617439E+01  0.1000000E+09  0.0000000E+00  0.0000000E+00  0.0000000E+00
   160     9.617E+00      1   2.000E-01   0.000E+00
       161              1                 0     0.2000000E+00      0.9817439E+01  0.1000000E+09  0.0000000E+00  0.0000000E+00  0.0000000E+00
   161     9.817E+00      1   2.000E-01   0.000E+00
       162              1                 0     0.2000000E+00      0.1001744E+02  0.1000000E+09  0.0000000E+00  0.0000000E+00  0.0000000E+00
   162     1.002E+01      1   2.000E-01   0.000E+00
       163              1                 0     0.2000000E+00      0.1021744E+02  0.1000000E+09  0.0000000E+00  0.0000000E+00  0.0000000E+00
   163     1.022E+01      1   2.000E-01   0.000E+00
       164              1                 0     0.2000000E+00      0.1041744E+02  0.1000000E+09  0.0000000E+00  0.0000000E+00  0.0000000E+00
   164     1.042E+01      1   2.000E-01   0.000E+00
       165              1                 0     0.2000000E+00      0.1061744E+02  0.1000000E+09  0.0000000E+00  0.0000000E+00  0.0000000E+00
   165     1.062E+01      1   2.000E-01   0.000E+00
       166              1                 0     0.2000000E+00      0.1081744E+02  0.1000000E+09  0.0000000E+00  0.0000000E+00  0.0000000E+00
   166     1.082E+01      1   2.000E-01   0.000E+00
       167              1                 0     0.2000000E+00      0.1101744E+02  0.1000000E+09  0.0000000E+00  0.0000000E+00  0.0000000E+00
   167     1.102E+01      1   2.000E-01   0.000E+00
       168              1                 0     0.2000000E+00      0.1121744E+02  0.1000000E+09  0.0000000E+00  0.0000000E+00  0.0000000E+00
   168     1.122E+01      1   2.000E-01   0.000E+00
       169              1                 0     0.2000000E+00      0.1141744E+02  0.1000000E+09  0.0000000E+00  0.0000000E+00  0.0000000E+00
   169     1.142E+01      1   2.000E-01   0.000E+00
       170              1                 0     0.2000000E+00      0.1161744E+02  0.1000000E+09  0.0000000E+00  0.0000000E+00  0.0000000E+00
   170     1.162E+01      1   2.000E-01   0.000E+00
       171              1                 0     0.2000000E+00      0.1181744E+02  0.1000000E+09  0.0000000E+00  0.0000000E+00  0.0000000E+00
   171     1.182E+01      1   2.000E-01   0.000E+00
       172              1                 0     0.2000000E+00      0.1201744E+02  0.1000000E+09  0.0000000E+00  0.0000000E+00  0.0000000E+00
   172     1.202E+01      1   2.000E-01   0.000E+00
       173              1                 0     0.2000000E+00      0.1221744E+02  0.1000000E+09  0.0000000E+00  0.0000000E+00  0.0000000E+00
   173     1.222E+01      1   2.000E-01   0.000E+00
       174              1                 0     0.2000000E+00      0.1241744E+02  0.1000000E+09  0.0000000E+00  0.0000000E+00  0.0000000E+00
   174     1.242E+01      1   2.000E-01   0.000E+00
       175              1                 0     0.2000000E+00      0.1261744E+02  0.1000000E+09  0.0000000E+00  0.0000000E+00  0.0000000E+00
   175     1.262E+01      1   2.000E-01   0.000E+00
       176              1                 0     0.2000000E+00      0.1281744E+02  0.1000000E+09  0.0000000E+00  0.0000000E+00  0.0000000E+00
   176     1.282E+01      1   2.000E-01   0.000E+00
       177              1                 0     0.2000000E+00      0.1301744E+02  0.1000000E+09  0.0000000E+00  0.0000000E+00  0.0000000E+00
   177     1.302E+01      1   2.000E-01   0.000E+00
       178              1                 0     0.2000000E+00      0.1321744E+02  0.1000000E+09  0.0000000E+00  0.0000000E+00  0.0000000E+00
   178     1.322E+01      1   2.000E-01   0.000E+00
       179              1                 0     0.2000000E+00      0.1341744E+02  0.1000000E+09  0.0000000E+00  0.0000000E+00  0.0000000E+00
   179     1.342E+01      1   2.000E-01   0.000E+00
       180              1                 0     0.2000000E+00      0.1361744E+02  0.1000000E+09  0.0000000E+00  0.0000000E+00  0.0000000E+00
   180     1.362E+01      1   2.000E-01   0.000E+00
       181              1                 0     0.2000000E+00      0.1381744E+02  0.1000000E+09  0.0000000E+00  0.0000000E+00  0.0000000E+00
   181     1.382E+01      1   2.000E-01   0.000E+00
       182              1                 0     0.2000000E+00      0.1401744E+02  0.1000000E+09  0.0000000E+00  0.0000000E+00  0.0000000E+00
   182     1.402E+01      1   2.000E-01   0.000E+00
       183              1                 0     0.2000000E+00      0.1421744E+02  0.1000000E+09  0.0000000E+00  0.0000000E+00  0.0000000E+00
   183     1.422E+01      1   2.000E-01   0.000E+00
       184              1                 0     0.2000000E+00      0.1441744E+02  0.1000000E+09  0.0000000E+00  0.0000000E+00  0.0000000E+00
   184     1.442E+01      1   2.000E-01   0.000E+00
       185              1                 0     0.2000000E+00      0.1461744E+02  0.1000000E+09  0.0000000E+00  0.0000000E+00  0.0000000E+00
   185     1.462E+01      1   2.000E-01   0.000E+00
       186              1                 0     0.2000000E+00      0.1481744E+02  0.1000000E+09  0.0000000E+00  0.0000000E+00  0.0000000E+00
   186     1.482E+01      1   2.000E-01   0.000E+00
       187              1                 0     0.2000000E+00      0.1501744E+02  0.1000000E+09  0.0000000E+00  0.0000000E+00  0.0000000E+00
   187     1.502E+01      1   2.000E-01   0.000E+00
       188              1                 0     0.2000000E+00      0.1521744E+02  0.1000000E+09  0.0000000E+00  0.0000000E+00  0.0000000E+00
   188     1.522E+01      1   2.000E-01   0.000E+00
       189              1                 0     0.2000000E+00      0.1541744E+02  0.1000000E+09  0.0000000E+00  0.0000000E+00  0.0000000E+00
   189     1.542E+01      1   2.000E-01   0.000E+00
       190              1                 0     0.2000000E+00      0.1561744E+02  0.1000000E+09  0.0000000E+00  0.0000000E+00  0.0000000E+00
   190     1.562E+01      1   2.000E-01   0.000E+00
       191              1                 0     0.2000000E+00      0.1581744E+02  0.1000000E+09  0.0000000E+00  0.0000000E+00  0.0000000E+00
   191     1.582E+01      1   2.000E-01   0.000E+00
       192              1                 0     0.2000000E+00      0.1601744E+02  0.1000000E+09  0.0000000E+00  0.0000000E+00  0.0000000E+00
   192     1.602E+01      1   2.000E-01   0.000E+00
       193              1                 0     0.2000000E+00      0.1621744E+02  0.1000000E+09  0.0000000E+00  0.0000000E+00  0.0000000E+00
   193     1.622E+01      1   2.000E-01   0.000E+00
       194              1                 0     0.2000000E+00      0.1641744E+02  0.1000000E+09  0.0000000E+00  0.0000000E+00  0.0000000E+00
   194     1.642E+01      1   2.000E-01   0.000E+00
       195              1                 0     0.2000000E+00      0.1661744E+02  0.1000000E+09  0.0000000E+00  0.0000000E+00  0.0000000E+00
   195     1.662E+01      1   2.000E-01   0.000E+00
       196              1                 0     0.2000000E+00      0.1681744E+02  0.1000000E+09  0.0000000E+00  0.0000000E+00  0.0000000E+00
   196     1.682E+01      1   2.000E-01   0.000E+00
       197              1                 0     0.2000000E+00      0.1701744E+02  0.1000000E+09  0.0000000E+00  0.0000000E+00  0.0000000E+00
   197     1.702E+01      1   2.000E-01   0.000E+00
       198              1                 0     0.2000000E+00      0.1721744E+02  0.1000000E+09  0.0000000E+00  0.0000000E+00  0.0000000E+00
   198     1.722E+01      1   2.000E-01   0.000E+00
       199              1                 0     0.2000000E+00      0.1741744E+02  0.1000000E+09  0.0000000E+00  0.0000000E+00  0.0000000E+00
   199     1.742E+01      1   2.000E-01   0.000E+00
       200              1                 0     0.2000000E+00      0.1761744E+02  0.1000000E+09  0.0000000E+00  0.0000000E+00  0.0000000E+00
   200     1.762E+01      1   2.000E-01   0.000E+00
       201              1                 0     0.2000000E+00      0.1781744E+02  0.1000000E+09  0.0000000E+00  0.0000000E+00  0.0000000E+00
   201     1.782E+01      1   2.000E-01   0.000E+00
       202              1                 0     0.2000000E+00      0.1801744E+02  0.1000000E+09  0.0000000E+00  0.0000000E+00  0.0000000E+00
   202     1.802E+01      1   2.000E-01   0.000E+00
       203              1                 0     0.2000000E+00      0.1821744E+02  0.1000000E+09  0.0000000E+00  0.0000000E+00  0.0000000E+00
   203     1.822E+01      1   2.000E-01   0.000E+00
       204              1                 0     0.2000000E+00      0.1841744E+02  0.1000000E+09  0.0000000E+00  0.0000000E+00  0.0000000E+00
   204     1.842E+01      1   2.000E-01   0.000E+00
       205              1                 0     0.2000000E+00      0.1861744E+02  0.1000000E+09  0.0000000E+00  0.0000000E+00  0.0000000E+00
   205     1.862E+01      1   2.000E-01   0.000E+00
       206              1                 0     0.2000000E+00      0.1881744E+02  0.1000000E+09  0.0000000E+00  0.0000000E+00  0.0000000E+00
   206     1.882E+01      1   2.000E-01   0.000E+00
       207              1                 0     0.2000000E+00      0.1901744E+02  0.1000000E+09  0.0000000E+00  0.0000000E+00  0.0000000E+00
   207     1.902E+01      1   2.000E-01   0.000E+00
       208              1                 0     0.2000000E+00      0.1921744E+02  0.1000000E+09  0.0000000E+00  0.0000000E+00  0.0000000E+00
   208     1.922E+01      1   2.000E-01   0.000E+00
       209              1                 0     0.2000000E+00      0.1941744E+02  0.1000000E+09  0.0000000E+00  0.0000000E+00  0.0000000E+00
   209     1.942E+01      1   2.000E-01   0.000E+00
       210              1                 0     0.2000000E+00      0.1961744E+02  0.1000000E+09  0.0000000E+00  0.0000000E+00  0.0000000E+00
   210     1.962E+01      1   2.000E-01   0.000E+00
       211              1                 0     0.2000000E+00      0.1981744E+02  0.1000000E+09  0.0000000E+00  0.0000000E+00  0.0000000E+00
   211     1.982E+01      1   2.000E-01   0.000E+00
       212              1                 0     0.2000000E+00      0.2001744E+02  0.1000000E+09  0.0000000E+00  0.0000000E+00  0.0000000E+00
   212     2.002E+01      1   2.000E-01   0.000E+00
       212              1                 0     0.2000000E+00      0.2020000E+02  0.1000000E+09  0.0000000E+00  0.0000000E+00  0.0000000E+00
       212              1                 0     0.2000000E+00      0.2020000E+02  0.1000000E+09  0.0000000E+00  0.0000000E+00  0.0000000E+00
 End of problem: Total CPU time =            3.812 sec
                 Total CPU time =  0h  0m  3s 812ms
