 Time step information and convergence control
 =============================================

#     Step      Number of         Number of         Time Step         Begin Step
#              Outer Its.  Inner Iterations          Size (s)                (s)



                         new time domain reached

   minimum   maximum    time      long      short   graphics    dump
    time      time     domain     edit      edit      edit
    step      step       end    interval  interval  interval  interval

  1.000E-04 1.000E-02 1.000E+10 1.000E+10 0.000E+00 0.000E+00 1.000E+01


 time step ratio      =  1.000E+03

         1              1                 1     0.1000000E-03      0.0000000E+00  0.2001067E-01  0.4147014E-04  0.0000000E+00  0.4603509E+00
         1              1                 1     0.1200000E-03      0.1000000E-03  0.1000000E+09  0.4147014E-04  0.0000000E+00  0.4603509E+00
         2              1                 0     0.1440000E-03      0.2200000E-03  0.2001772E-01  0.0000000E+00  0.0000000E+00  0.4651822E+00
         3              1                 0     0.1728000E-03      0.3640000E-03  0.2002188E-01  0.0000000E+00  0.0000000E+00  0.4705318E+00
         4              1                 0     0.2073600E-03      0.5368000E-03  0.2002292E-01  0.0000000E+00  0.0000000E+00  0.4767412E+00
         5              1                 0     0.2488320E-03      0.7441600E-03  0.2002209E-01  0.0000000E+00  0.0000000E+00  0.4839940E+00
         6              1                 0     0.2985984E-03      0.9929920E-03  0.2002116E-01  0.0000000E+00  0.0000000E+00  0.4924643E+00
         7              1                 0     0.3583181E-03      0.1291590E-02  0.2002086E-01  0.0000000E+00  0.0000000E+00  0.5023318E+00
         8              1                 0     0.4299817E-03      0.1649908E-02  0.2002096E-01  0.0000000E+00  0.0000000E+00  0.5137821E+00
         9              1                 0     0.5159780E-03      0.2079890E-02  0.2002116E-01  0.0000000E+00  0.0000000E+00  0.5269996E+00
        10              1                 0     0.6191736E-03      0.2595868E-02  0.2002132E-01  0.0000000E+00  0.0000000E+00  0.5421576E+00
        11              1                 0     0.7430084E-03      0.3215042E-02  0.2002128E-01  0.0000000E+00  0.0000000E+00  0.5594036E+00
        12              1                 0     0.8916100E-03      0.3958050E-02  0.2002052E-01  0.0000000E+00  0.0000000E+00  0.5788407E+00
        13              1                 0     0.1069932E-02      0.4849660E-02  0.2001824E-01  0.0000000E+00  0.0000000E+00  0.6005053E+00
        14              1                 0     0.1123429E-02      0.5919592E-02  0.1999962E-01  0.0000000E+00  0.0000000E+00  0.6211972E+00
        15              1                 0     0.1179600E-02      0.7043021E-02  0.1987938E-01  0.0000000E+00  0.0000000E+00  0.6410706E+00
        16              1                 0     0.1238580E-02      0.8222621E-02  0.1975297E-01  0.0000000E+00  0.0000000E+00  0.6601979E+00
        17              1                 0     0.1300509E-02      0.9461201E-02  0.1963458E-01  0.0000000E+00  0.0000000E+00  0.6786120E+00
        18              1                 0     0.1365535E-02      0.1076171E-01  0.1953662E-01  0.0000000E+00  0.0000000E+00  0.6963254E+00
        19              1                 0     0.1433811E-02      0.1212724E-01  0.1947002E-01  0.0000000E+00  0.0000000E+00  0.7133410E+00
        20              1                 0     0.1505502E-02      0.1356106E-01  0.1944227E-01  0.0000000E+00  0.0000000E+00  0.7296568E+00
        21              1                 0     0.1580777E-02      0.1506656E-01  0.1945445E-01  0.0000000E+00  0.0000000E+00  0.7452698E+00
        22              1                 0     0.1659816E-02      0.1664733E-01  0.1949914E-01  0.0000000E+00  0.0000000E+00  0.7601781E+00
        23              1                 0     0.1742807E-02      0.1830715E-01  0.1956099E-01  0.0000000E+00  0.0000000E+00  0.7743814E+00
        24              1                 0     0.1829947E-02      0.2004996E-01  0.1962028E-01  0.0000000E+00  0.0000000E+00  0.7878826E+00
        25              1                 0     0.1921444E-02      0.2187990E-01  0.1965873E-01  0.0000000E+00  0.0000000E+00  0.8006880E+00
        26              1                 0     0.2017516E-02      0.2380135E-01  0.1966569E-01  0.0000000E+00  0.0000000E+00  0.8128071E+00
        27              1                 0     0.2118392E-02      0.2581886E-01  0.1964198E-01  0.0000000E+00  0.0000000E+00  0.8242532E+00
        28              1                 0     0.2224312E-02      0.2793726E-01  0.1959928E-01  0.0000000E+00  0.0000000E+00  0.8350424E+00
        29              1                 1     0.2335527E-02      0.3016157E-01  0.1955487E-01  0.6777225E-04  0.0000000E+00  0.8451940E+00
        30              1                 0     0.2452304E-02      0.3249710E-01  0.1952409E-01  0.0000000E+00  0.0000000E+00  0.8547297E+00
        31              1                 0     0.2574919E-02      0.3494940E-01  0.1951411E-01  0.0000000E+00  0.0000000E+00  0.8636732E+00
        32              1                 0     0.2703665E-02      0.3752432E-01  0.1952196E-01  0.0000000E+00  0.0000000E+00  0.8720500E+00
        33              1                 0     0.2838848E-02      0.4022798E-01  0.1953761E-01  0.0000000E+00  0.0000000E+00  0.8798870E+00
        34              1                 0     0.2980791E-02      0.4306683E-01  0.1955023E-01  0.0000000E+00  0.0000000E+00  0.8872118E+00
        35              1                 0     0.3129830E-02      0.4604762E-01  0.1955394E-01  0.0000000E+00  0.0000000E+00  0.8940530E+00
        36              1                 0     0.3286322E-02      0.4917745E-01  0.1954966E-01  0.0000000E+00  0.0000000E+00  0.9004388E+00
        37              1                 1     0.3450638E-02      0.5246378E-01  0.1954252E-01  0.5944736E-04  0.0000000E+00  0.9063977E+00
        38              1                 1     0.3623170E-02      0.5591441E-01  0.1953738E-01  0.7186110E-04  0.0000000E+00  0.9119573E+00
        39              1                 0     0.3804328E-02      0.5953758E-01  0.1953593E-01  0.0000000E+00  0.0000000E+00  0.9171444E+00
        40              1                 1     0.3994545E-02      0.6334191E-01  0.1953686E-01  0.7534911E-04  0.0000000E+00  0.9219849E+00
        41              1                 1     0.4194272E-02      0.6733646E-01  0.1953803E-01  0.3578796E-04  0.0000000E+00  0.9265033E+00
        42              1                 1     0.4403985E-02      0.7153073E-01  0.1953827E-01  0.3044719E-04  0.0000000E+00  0.9307230E+00
        43              1                 1     0.4624185E-02      0.7593471E-01  0.1953772E-01  0.2461058E-04  0.0000000E+00  0.9346658E+00
        44              1                 1     0.4855394E-02      0.8055890E-01  0.1953701E-01  0.3410829E-04  0.0000000E+00  0.9383522E+00
        45              1                 1     0.5098164E-02      0.8541429E-01  0.1953653E-01  0.4113046E-04  0.0000000E+00  0.9418012E+00
        46              1                 1     0.5353072E-02      0.9051246E-01  0.1953626E-01  0.4199162E-04  0.0000000E+00  0.9450303E+00
        47              1                 1     0.5620725E-02      0.9586553E-01  0.1953604E-01  0.4087290E-04  0.0000000E+00  0.9480560E+00
        48              1                 1     0.5901762E-02      0.1014863E+00  0.1953576E-01  0.4066914E-04  0.0000000E+00  0.9508930E+00
        49              1                 1     0.6196850E-02      0.1073880E+00  0.1953544E-01  0.4141090E-04  0.0000000E+00  0.9535551E+00
        50              1                 1     0.6506692E-02      0.1135849E+00  0.1953511E-01  0.4212081E-04  0.0000000E+00  0.9560550E+00
        51              1                 1     0.6832027E-02      0.1200916E+00  0.1953477E-01  0.4231296E-04  0.0000000E+00  0.9584042E+00
        52              1                 1     0.7173628E-02      0.1269236E+00  0.1953442E-01  0.4203732E-04  0.0000000E+00  0.9606134E+00
        53              1                 1     0.7532310E-02      0.1340972E+00  0.1953406E-01  0.4142512E-04  0.0000000E+00  0.9626922E+00
        54              1                 1     0.7908925E-02      0.1416295E+00  0.1953368E-01  0.4050405E-04  0.0000000E+00  0.9646497E+00
        55              1                 1     0.8304371E-02      0.1495384E+00  0.1953329E-01  0.3925634E-04  0.0000000E+00  0.9664939E+00
        56              1                 1     0.8719590E-02      0.1578428E+00  0.1953288E-01  0.4179302E-04  0.0000000E+00  0.9682326E+00
        57              1                 1     0.9155569E-02      0.1665624E+00  0.1953245E-01  0.4623673E-04  0.0000000E+00  0.9698725E+00
        58              1                 1     0.9613348E-02      0.1757180E+00  0.1953201E-01  0.5302499E-04  0.0000000E+00  0.9714201E+00
        59              1                 1     0.1000000E-01      0.1853313E+00  0.1953150E-01  0.6861984E-04  0.0000000E+00  0.9728684E+00
        60              1                 1     0.1000000E-01      0.1953313E+00  0.1953088E-01  0.9964030E-04  0.0000000E+00  0.9741754E+00
        61              1                 1     0.1000000E-01      0.2053313E+00  0.1953062E-01  0.5994742E-04  0.0000000E+00  0.9753610E+00
        62              1                 1     0.1000000E-01      0.2153313E+00  0.1953024E-01  0.5577272E-04  0.0000000E+00  0.9764415E+00
        63              1                 1     0.1000000E-01      0.2253313E+00  0.1952980E-01  0.5540994E-04  0.0000000E+00  0.9774303E+00
        64              1                 1     0.1000000E-01      0.2353313E+00  0.1952937E-01  0.5400276E-04  0.0000000E+00  0.9783386E+00
        65              1                 1     0.1000000E-01      0.2453313E+00  0.1952896E-01  0.5363551E-04  0.0000000E+00  0.9791760E+00
        66              1                 1     0.1000000E-01      0.2553313E+00  0.1952855E-01  0.5311554E-04  0.0000000E+00  0.9799505E+00
        67              1                 1     0.1000000E-01      0.2653313E+00  0.1952814E-01  0.5198215E-04  0.0000000E+00  0.9806688E+00
        68              1                 1     0.1000000E-01      0.2753313E+00  0.1952775E-01  0.5001629E-04  0.0000000E+00  0.9813370E+00
        69              1                 1     0.1000000E-01      0.2853313E+00  0.1952736E-01  0.5010504E-04  0.0000000E+00  0.9819601E+00
        70              1                 1     0.1000000E-01      0.2953313E+00  0.1952698E-01  0.4968223E-04  0.0000000E+00  0.9825425E+00
        71              1                 1     0.1000000E-01      0.3053313E+00  0.1952660E-01  0.4878219E-04  0.0000000E+00  0.9830881E+00
        72              1                 1     0.1000000E-01      0.3153313E+00  0.1952624E-01  0.4745813E-04  0.0000000E+00  0.9836003E+00
        73              1                 1     0.1000000E-01      0.3253313E+00  0.1952588E-01  0.4736291E-04  0.0000000E+00  0.9840821E+00
        74              1                 1     0.1000000E-01      0.3353313E+00  0.1952552E-01  0.4698645E-04  0.0000000E+00  0.9845362E+00
        75              1                 1     0.1000000E-01      0.3453313E+00  0.1952517E-01  0.4620391E-04  0.0000000E+00  0.9849648E+00
        76              1                 1     0.1000000E-01      0.3553313E+00  0.1952483E-01  0.4505964E-04  0.0000000E+00  0.9853700E+00
        77              1                 1     0.1000000E-01      0.3653313E+00  0.1952450E-01  0.4504358E-04  0.0000000E+00  0.9857538E+00
        78              1                 1     0.1000000E-01      0.3753313E+00  0.1952417E-01  0.4470243E-04  0.0000000E+00  0.9861178E+00
        79              1                 1     0.1000000E-01      0.3853313E+00  0.1952386E-01  0.4401144E-04  0.0000000E+00  0.9864635E+00
        80              1                 1     0.1000000E-01      0.3953313E+00  0.1952354E-01  0.4302672E-04  0.0000000E+00  0.9867923E+00
        81              1                 1     0.1000000E-01      0.4053313E+00  0.1952324E-01  0.4304098E-04  0.0000000E+00  0.9871054E+00
        82              1                 1     0.1000000E-01      0.4153313E+00  0.1952294E-01  0.4272675E-04  0.0000000E+00  0.9874038E+00
        83              1                 1     0.1000000E-01      0.4253313E+00  0.1952265E-01  0.4210712E-04  0.0000000E+00  0.9876886E+00
        84              1                 1     0.1000000E-01      0.4353313E+00  0.1952237E-01  0.4128734E-04  0.0000000E+00  0.9879608E+00
        85              1                 1     0.1000000E-01      0.4453313E+00  0.1952209E-01  0.4128336E-04  0.0000000E+00  0.9882211E+00
        86              1                 1     0.1000000E-01      0.4553313E+00  0.1952183E-01  0.4099031E-04  0.0000000E+00  0.9884703E+00
        87              1                 1     0.1000000E-01      0.4653313E+00  0.1952157E-01  0.4042722E-04  0.0000000E+00  0.9887092E+00
        88              1                 1     0.1000000E-01      0.4753313E+00  0.1952131E-01  0.3973891E-04  0.0000000E+00  0.9889382E+00
        89              1                 1     0.1000000E-01      0.4853313E+00  0.1952107E-01  0.3971986E-04  0.0000000E+00  0.9891582E+00
        90              1                 1     0.1000000E-01      0.4953313E+00  0.1952083E-01  0.3944351E-04  0.0000000E+00  0.9893695E+00
        91              1                 1     0.1000000E-01      0.5053313E+00  0.1952060E-01  0.3892569E-04  0.0000000E+00  0.9895727E+00
        92              1                 1     0.1000000E-01      0.5153313E+00  0.1952038E-01  0.3834483E-04  0.0000000E+00  0.9897683E+00
        93              1                 1     0.1000000E-01      0.5253313E+00  0.1952016E-01  0.3831285E-04  0.0000000E+00  0.9899567E+00
        94              1                 1     0.1000000E-01      0.5353313E+00  0.1951996E-01  0.3804978E-04  0.0000000E+00  0.9901382E+00
        95              1                 1     0.1000000E-01      0.5453313E+00  0.1951976E-01  0.3756892E-04  0.0000000E+00  0.9903133E+00
        96              1                 1     0.1000000E-01      0.5553313E+00  0.1951957E-01  0.3707789E-04  0.0000000E+00  0.9904823E+00
        97              1                 1     0.1000000E-01      0.5653313E+00  0.1951939E-01  0.3703489E-04  0.0000000E+00  0.9906455E+00
        98              1                 1     0.1000000E-01      0.5753313E+00  0.1951921E-01  0.3678276E-04  0.0000000E+00  0.9908032E+00
        99              1                 1     0.1000000E-01      0.5853313E+00  0.1951905E-01  0.3633288E-04  0.0000000E+00  0.9909557E+00
       100              1                 1     0.1000000E-01      0.5953313E+00  0.1951889E-01  0.3591871E-04  0.0000000E+00  0.9911032E+00
       101              1                 1     0.1000000E-01      0.6053313E+00  0.1951873E-01  0.3586681E-04  0.0000000E+00  0.9912460E+00
       102              1                 1     0.1000000E-01      0.6153313E+00  0.1951859E-01  0.3562417E-04  0.0000000E+00  0.9913843E+00
       103              1                 1     0.1000000E-01      0.6253313E+00  0.1951846E-01  0.3520080E-04  0.0000000E+00  0.9915184E+00
       104              1                 1     0.1000000E-01      0.6353313E+00  0.1951833E-01  0.3485204E-04  0.0000000E+00  0.9916483E+00
       105              1                 1     0.1000000E-01      0.6453313E+00  0.1951820E-01  0.3650668E-04  0.0000000E+00  0.9917744E+00
       106              1                 1     0.1000000E-01      0.6553313E+00  0.1951809E-01  0.3931835E-04  0.0000000E+00  0.9918967E+00
       107              1                 1     0.1000000E-01      0.6653313E+00  0.1951798E-01  0.4204334E-04  0.0000000E+00  0.9920155E+00
       108              1                 1     0.1000000E-01      0.6753313E+00  0.1951788E-01  0.4465377E-04  0.0000000E+00  0.9921308E+00
       109              1                 1     0.1000000E-01      0.6853313E+00  0.1951779E-01  0.4712310E-04  0.0000000E+00  0.9922429E+00
       110              1                 1     0.1000000E-01      0.6953313E+00  0.1951770E-01  0.4942385E-04  0.0000000E+00  0.9923519E+00
       111              1                 1     0.1000000E-01      0.7053313E+00  0.1951762E-01  0.5153117E-04  0.0000000E+00  0.9924579E+00
       112              1                 1     0.1000000E-01      0.7153313E+00  0.1951754E-01  0.5342310E-04  0.0000000E+00  0.9925610E+00
       113              1                 1     0.1000000E-01      0.7253313E+00  0.1951747E-01  0.5508092E-04  0.0000000E+00  0.9926614E+00
       114              1                 1     0.1000000E-01      0.7353313E+00  0.1951740E-01  0.5648949E-04  0.0000000E+00  0.9927591E+00
       115              1                 1     0.1000000E-01      0.7453313E+00  0.1951734E-01  0.5763712E-04  0.0000000E+00  0.9928543E+00
       116              1                 1     0.1000000E-01      0.7553313E+00  0.1951728E-01  0.5851643E-04  0.0000000E+00  0.9929470E+00
       117              1                 1     0.1000000E-01      0.7653313E+00  0.1951723E-01  0.5912362E-04  0.0000000E+00  0.9930374E+00
       118              1                 1     0.1000000E-01      0.7753313E+00  0.1951719E-01  0.5945876E-04  0.0000000E+00  0.9931255E+00
       119              1                 1     0.1000000E-01      0.7853313E+00  0.1951714E-01  0.5952580E-04  0.0000000E+00  0.9932115E+00
       120              1                 1     0.1000000E-01      0.7953313E+00  0.1951710E-01  0.5933151E-04  0.0000000E+00  0.9932953E+00
       121              1                 1     0.1000000E-01      0.8053313E+00  0.1951707E-01  0.5888610E-04  0.0000000E+00  0.9933771E+00
       122              1                 1     0.1000000E-01      0.8153313E+00  0.1951703E-01  0.5820239E-04  0.0000000E+00  0.9934570E+00
       123              1                 1     0.1000000E-01      0.8253313E+00  0.1951700E-01  0.5729537E-04  0.0000000E+00  0.9935350E+00
       124              1                 1     0.1000000E-01      0.8353313E+00  0.1951697E-01  0.5618229E-04  0.0000000E+00  0.9936111E+00
       125              1                 1     0.1000000E-01      0.8453313E+00  0.1951695E-01  0.5488133E-04  0.0000000E+00  0.9936855E+00
       126              1                 1     0.1000000E-01      0.8553313E+00  0.1951693E-01  0.5341249E-04  0.0000000E+00  0.9937582E+00
       127              1                 1     0.1000000E-01      0.8653313E+00  0.1951690E-01  0.5179584E-04  0.0000000E+00  0.9938293E+00
       128              1                 1     0.1000000E-01      0.8753313E+00  0.1951689E-01  0.5005233E-04  0.0000000E+00  0.9938988E+00
       129              1                 1     0.1000000E-01      0.8853313E+00  0.1951687E-01  0.4820252E-04  0.0000000E+00  0.9939667E+00
       130              1                 1     0.1000000E-01      0.8953313E+00  0.1951685E-01  0.4626683E-04  0.0000000E+00  0.9940332E+00
       131              1                 1     0.1000000E-01      0.9053313E+00  0.1951684E-01  0.4426517E-04  0.0000000E+00  0.9940982E+00
       132              1                 1     0.1000000E-01      0.9153313E+00  0.1951683E-01  0.4221651E-04  0.0000000E+00  0.9941618E+00
       133              1                 1     0.1000000E-01      0.9253313E+00  0.1951682E-01  0.4013881E-04  0.0000000E+00  0.9942241E+00
       134              1                 1     0.1000000E-01      0.9353313E+00  0.1951681E-01  0.3804895E-04  0.0000000E+00  0.9942851E+00
       135              1                 1     0.1000000E-01      0.9453313E+00  0.1951680E-01  0.3596234E-04  0.0000000E+00  0.9943448E+00
       136              1                 1     0.1000000E-01      0.9553313E+00  0.1951679E-01  0.3389320E-04  0.0000000E+00  0.9944033E+00
       137              1                 1     0.1000000E-01      0.9653313E+00  0.1951678E-01  0.3185396E-04  0.0000000E+00  0.9944606E+00
       138              1                 1     0.1000000E-01      0.9753313E+00  0.1951677E-01  0.2985618E-04  0.0000000E+00  0.9945168E+00
       139              1                 1     0.1000000E-01      0.9853313E+00  0.1951677E-01  0.2790936E-04  0.0000000E+00  0.9945718E+00
       140              1                 1     0.1000000E-01      0.9953313E+00  0.1951676E-01  0.2602177E-04  0.0000000E+00  0.9946257E+00
       141              1                 1     0.1000000E-01      0.1005331E+01  0.1951676E-01  0.2420034E-04  0.0000000E+00  0.9946786E+00
       142              1                 1     0.1000000E-01      0.1015331E+01  0.1951675E-01  0.2245076E-04  0.0000000E+00  0.9947305E+00
       143              1                 1     0.1000000E-01      0.1025331E+01  0.1951675E-01  0.2077724E-04  0.0000000E+00  0.9947813E+00
       144              1                 1     0.1000000E-01      0.1035331E+01  0.1951675E-01  0.1918294E-04  0.0000000E+00  0.9948312E+00
       145              1                 1     0.1000000E-01      0.1045331E+01  0.1951674E-01  0.1767000E-04  0.0000000E+00  0.9948802E+00
       146              1                 1     0.1000000E-01      0.1055331E+01  0.1951674E-01  0.1623958E-04  0.0000000E+00  0.9949282E+00
       147              1                 1     0.1000000E-01      0.1065331E+01  0.1951674E-01  0.1489188E-04  0.0000000E+00  0.9949753E+00
       148              1                 1     0.1000000E-01      0.1075331E+01  0.1951674E-01  0.1362647E-04  0.0000000E+00  0.9950216E+00
       149              1                 1     0.1000000E-01      0.1085331E+01  0.1951673E-01  0.1244211E-04  0.0000000E+00  0.9950670E+00
       150              1                 1     0.1000000E-01      0.1095331E+01  0.1951673E-01  0.1133708E-04  0.0000000E+00  0.9951117E+00
       151              1                 1     0.1000000E-01      0.1105331E+01  0.1951673E-01  0.1030917E-04  0.0000000E+00  0.9951555E+00
   151     1.105E+00      1   1.000E-02   0.000E+00
 End of problem: Total CPU time =            0.080 sec
                 Total CPU time =  0h  0m  0s  79ms
