h********************************* input file listing *********************************
      12345678901234567890123456789012345678901234567890123456789012345678901234567890
     1        1
     2        1             0
     3      0.001           1           10
     4               Single Channel No Fuel Pins Physical Transient
     5    1
     6     1    2    0    0    3     0.30       1    1    0     0    0    0    0    0
     7    0.300      4.0E+0       0.0
     8     165.0     -290.0      30.0       1.0    0.9999999
     9 air         .0000001
    10    2
    11    1    0    0    0    0    0    0    0    0    0    0    0    0    0
    12     1    0.87877816e-04   .0298451302    0    0    0   -0.0035 -0.0035   0.007  0.007
    13    4
    14     1    1    0    0    0    0    0    0    0    0    0    0    0    0
    15     1    1    20    0.1829    0
    16     1    1    0    0    0    0    0    1    0    0    0    0    0
    17      1
    18     20
    19    8
    20     1    0    1    1    0    0    0    0    0    0    0     0    0    0
    21       1      1      1      0      0  1.000        1000.0      1  0.000   290.0
    22      1 1.000     0 0.000     0 0.000     0 0.000     0 0.000     0 0.000     0 0.000     0 0.000
    23      1     1     0     2
    24       1
    25        0.000       290.0
    26        3.675       290.0
    27     9
    28     1    0    0    0    0    0    0    0    0    0    0    0    0    0
    29     1 nucl 0.9500E-02 0.9490E-02    10    1    1    0 0.00 0.010E-04 1.00    0    0    0
    30  10
      12345678901234567890123456789012345678901234567890123456789012345678901234567890
    31   1    0    0    0    0    0    0    0    0    0    0    0    0    0
    32     1    2   8470.57                   Inconel 600
    33      -73.0    0.431     14.83
    34      871.0    0.431     14.83
    35    11
    36      1     1     2     1     0     1     0     0     0     0     0     0     0     0
    37   0.00
    38      1      2
    39   0.00000000     1.00000
    40   3.65800000     1.00000
    41   0.0   0.0
    42   0.00
    43       1.00
    44   13
    45    2    0    0    0    0    0    0    0    0    0    0    0    0    0
    46     1    1    2    0    0    0      0.00    -290.0       0.0         1
    47     1   22    1    0    0    0       0.0    -290.0     165.0        1
    48   -14
    49 hdf5 0
    50 rod_vtk 0
    51 fluid_vtk 1
    52 run_out 1
    53 chan_edits 1
    54 mass_out 1
    55 heat_out 1
    56 krylo_out 1
    57 convergence 1
    58 end 14
    59    15
    60   1.0000E-04  1.00000E-02       2.01        0.05  1.0000E+01  0.1000E+04    10000
      12345678901234567890123456789012345678901234567890123456789012345678901234567890







                    main control parameters are:

                    restart time step . . . . . . . . . . .    0
                    simulation start time . . . . . . . . .     0.000
                    outer iteration convergence limit . . . 0.0010000
                    maximum number of inner iterations  . .   10
                    maximum number of outer iterations  . .    1

    1
    1    2    0    0    3
    2
    1
    4
    1    1    0
    8
    1    0    1    1    0    0    0    0    0    0    0
    9
    1    0    0    0
   10
    1
   11
    1    1    2    1    0    1
   13
    2    0    0    0
  -14
   15




                                                           input summary

                                    
                                    initial system operating pressure (psi)  . . . 2393.12267
                                    initial system steam/water enthalpy   . . . . . 554.23226
                                    initial noncondensable gas enthalpy   . . . . .  12.89769
                                    initial liquid volume fraction        . . . . .   1.00000
                                    average linear heat rate (kw/ft) . . . . . . .    1.21920
                                    total axial length (inches). . . . . . . . . .  144.01575
                                    total no. of axial nodes . . . . . . . . . . .         20




                                    initial volume fractions of vapor and noncondensable gases

   0.00000 percent of the total system volume is initially filled with vapor and/or noncondensable gases. the fraction
            of this gas volume occupied by water vapor and each noncondensable gas is as follows:
 steam         1.0000      air    0.00000




                                                          subchannel data


                                         nominal         wetted      momentum     momentum      axial variation tables
                       subchannel     channel area     perimeter       area         area   continuity momentum   wetted
                         id. no.        (in**2)        (in.)       (bottom)      (top)        area       area    perimeter
                       ----------------------------------------------------------------------------------------------------


                             1              0.1362         1.175        0.1362       0.1362         0         0         0







     **********************************************************************************************************************************

          channel thermal connection input data
          -------------------------------------

          channel no.                    fuel rod - surface index pairs                                  heat slab indices
          -----------     ------------------------------------------------------------     ----------------------------------------

               1            1 - 1     0 - 0     0 - 0     0 - 0     0 - 0     0 - 0            0    0    0    0    0    0    0    0


     **********************************************************************************************************************************









                                           channel splitting data - axial level   1 of   1

                                          number           no. of     cell length
                                        of channels         nodes     (nominal)

                                             1               20          0.6001


         channel           channels above                   channels below
                     ----------------------------     ----------------------------
              1        1    0    0    0    0    0       1    0    0    0    0    0



         variable axial noding
         ---------------------
                    node   length       node   length       node   length       node   length       node   length
                     no.    (ft)         no.    (ft)         no.    (ft)         no.    (ft)         no.    (ft)
                    ----   ------       ----   ------       ----   ------       ----   ------       ----   ------
                      2    0.6001         3    0.6001         4    0.6001         5    0.6001         6    0.6001
                      7    0.6001         8    0.6001         9    0.6001        10    0.6001        11    0.6001
                     12    0.6001        13    0.6001        14    0.6001        15    0.6001        16    0.6001
                     17    0.6001        18    0.6001        19    0.6001        20    0.6001        21    0.6001




                                           simultaneous solution group information

                         no. of               last cell number in each group
                         groups
                             1                            20




     *****************************************************************************************************************************

                                                fuel rod and heat slab model input

                                                     no. of fuel rods  =   1               no. of fuel rod surfaces  =   1
                                                     no. of heat slabs =   0

     *****************************************************************************************************************************


                                                       fuel rod model input

         fuel rod    axial location    geometry   conductor    radial power    axial power     renoding     minimum        rod
           index      (in.) - (in.)      type        type          factor         profile       flag      node size   multiplier
         --------    --------------    --------    ---------    ------------    -----------    --------    ---------   ----------

             1         0.00 - 144.02     nucl          1            1.000            1        1000000000     0.0500        1.000
          ------------------------------------------------------------------------------------------------------------------------
            Average radial factor:                                  1.000



     -----------------------------------------------------------------------------------------------------------------------------

                                             conductor geometry description
                                                  no. of geometry types =  1

     -----------------------------------------------------------------------------------------------------------------------------

0       type  1 - nucl     nuclear fuel rod -----------------------------------------------------------------------------------

           rod diameter                 0.3740 (in.)                 no. of nodes in fuel         10
           fuel pellet diameter         0.3736 (in.)                 fuel theoretical density     1.00000
           clad thickness               0.0000 (in.)                 central void diamter         0.0000 (in.)

           fuel material index =  1
           cladding material index =  1
           oxide on clad exterior is zirconium-dioxide


           radial noding information
                      node            region          location     power fraction     power factor
                      ----            ------          --------     --------------     ------------
                      *fuel*
                        1      ( 0.0000- 0.0197)      0.0139         0.01108            1.00000
                        2      ( 0.0197- 0.0393)      0.0311         0.03324            1.00000
                        3      ( 0.0393- 0.0590)      0.0501         0.05540            1.00000
                        4      ( 0.0590- 0.0787)      0.0695         0.07756            1.00000
                        5      ( 0.0787- 0.0983)      0.0890         0.09972            1.00000
                        6      ( 0.0983- 0.1180)      0.1086         0.12188            1.00000
                        7      ( 0.1180- 0.1377)      0.1282         0.14404            1.00000
                        8      ( 0.1377- 0.1573)      0.1478         0.16620            1.00000
                        9      ( 0.1573- 0.1770)      0.1674         0.18837            1.00000
                       10      ( 0.1770- 0.1868)      0.1868         0.10249            1.00000
                      *clad*
                       11      ( 0.1870- 0.1870)      0.1870
                       12      ( 0.1870- 0.1870)      0.1870



        constant gap conductance
           table of gap conductance vs rod for this geometry type
                    rod     hgap        rod     hgap        rod     hgap        rod     hgap        rod     hgap
                    no.   (b/h-f2)      no.   (b/h-f2)      no.   (b/h-f2)      no.   (b/h-f2)      no.   (b/h-f2)
                    ---   --------      ---   --------      ---   --------      ---   --------      ---   --------
                      1     176.1


     ------------------------------------------------------------------------------------------------------------------------


     material property tables
     ------------------------


           material type -  1          cold state density = 528.800 (lbm/ft3)          Inconel   

                      temperature (f)       specific heat (btu/lbm-f)       conductivity (btu/hr-ft-f)

                          -99.4                0.1029                         8.569
                         1599.8                0.1029                         8.569


Axial Power Profile Table Data
------------------------------
                          Time [s]:     0.00000E+00
    Axial Power Factor Table Index:               1
               Used by Rod numbers:
      1
Rod node no.      Axial loc. [m]      Fluid node no.   Power Factor
------------------------------------------------------------------------
           1              0.0000                   2          1.000
           2              0.0914                   2          1.000
           3              0.2743                   3          1.000
           4              0.4572                   4          1.000
           5              0.6401                   5          1.000
           6              0.8230                   6          1.000
           7              1.0059                   7          1.000
           8              1.1888                   8          1.000
           9              1.3717                   9          1.000
          10              1.5546                  10          1.000
          11              1.7375                  11          1.000
          12              1.9204                  12          1.000
          13              2.1034                  13          1.000
          14              2.2863                  14          1.000
          15              2.4692                  15          1.000
          16              2.6521                  16          1.000
          17              2.8350                  17          1.000
          18              3.0179                  18          1.000
          19              3.2008                  19          1.000
          20              3.3837                  20          1.000
          21              3.5666                  21          1.000
          22              3.6580                  21          1.000
This table integrates to 1.0000 over a heated length of 3.6580 [m]
This table integrates to 1.0000 over a total length of 3.6580 [m]


-


     power forcing function table
     ----------------------------

           transient time (secs)     power factor
           ---------------------     ------------
                   0.0000               0.0000


     ------------------------------------------------------------------------------------------------------------------------
1                                          axial and/or injection boundary conditions

                            boundary type                                  property specification
                            --------------------------------               ----------------------

                            1= pressure and enthalpy (axial) . . . . . . . pressure
                            2= flow and ehthalpy (axial) . . . . . . . . . mass flow
                            3= zero axial flow . . . . . . . . . . . . . . zero
                            4= injected flow and enthalpy  . . . . . . . . injected flow
                            5= pressure sink and enthalpy  . . . . . . . . sink pressure


                                                       boundary      specified
                                 channel     axial       type          property
                                  index       node    (see above)    (see above)     enthalpy


                                      1          1           2              0.66        554.23
                                      1         22           1              0.00        554.23
0

                                          zero crossflow boundary conditions

                                             gap     axial
                                            index    node


                   1     channels will be printed
                                  1
0                  0     rods will be printed
0                  0     gaps will be printed



 *************************************************************************
 *                         new time domain reached                       *
 *   minimum   maximum    time      long      short   graphics    dump   *
 *    time      time     domain     edit      edit      edit             *
 *    step      step       end    interval  interval  interval  interval *
 *                                                                       *
 * 1.000E-04 1.000E-02 1.000E+10 1.000E+10 0.000E+00 0.000E+00 1.000E+01 *
 *************************************************************************


 time step ratio      =  1.000E+03

1 trac major edit



    time =  1.105E+00 seconds     delt =  1.000E-02 seconds     time steps =   151   oitno=       1

     last minimum number of inner iterations was  0 at step    38
     current convergence limits and limitation counts
         delamx      xxxxxx      delrmx      delvmx      delpmx
        1.000E+08   0.000E+00   1.000E+08   1.561E-02   1.000E+08
            0           0           0           0           0           0
     cptime = 0.000E+00

 ************************************************************************************************************************
          simulation time =      1.10533  seconds           aver. properties for channels
 node dist. quality  void fraction                mass flow                    enthalpy incr.          enthalpy              heat added
  no.  (ft.)                                       (lbm/s)                        (btu/s)               (btu/s)               (btu/s)
                    liq. vapor entr.   liquid   vapor   entr.  integr.   liquid     vapor   integr.     mixture     liquid     vapor   integr.

  21  12.00  -.371 1.000 0.000 0.000     0.66    0.00    0.00    0.66       0.69      0.00      0.69    380.42       0.69      0.00      0.69
  20  11.40  -.374 1.000 0.000 0.000     0.66    0.00    0.00    0.66       0.69      0.00      0.69    379.73       0.69      0.00      0.69
  19  10.80  -.377 1.000 0.000 0.000     0.66    0.00    0.00    0.66       0.69      0.00      0.69    379.04       0.69      0.00      0.69
  18  10.20  -.380 1.000 0.000 0.000     0.66    0.00    0.00    0.66       0.69      0.00      0.69    378.35       0.69      0.00      0.69
  17   9.60  -.383 1.000 0.000 0.000     0.66    0.00    0.00    0.66       0.69      0.00      0.69    377.66       0.69      0.00      0.69
  16   9.00  -.386 1.000 0.000 0.000     0.66    0.00    0.00    0.66       0.69      0.00      0.69    376.96       0.69      0.00      0.69
  15   8.40  -.389 1.000 0.000 0.000     0.66    0.00    0.00    0.66       0.69      0.00      0.69    376.27       0.69      0.00      0.69
  14   7.80  -.392 1.000 0.000 0.000     0.66    0.00    0.00    0.66       0.69      0.00      0.69    375.58       0.69      0.00      0.69
  13   7.20  -.395 1.000 0.000 0.000     0.66    0.00    0.00    0.66       0.69      0.00      0.69    374.88       0.69      0.00      0.69
  12   6.60  -.398 1.000 0.000 0.000     0.66    0.00    0.00    0.66       0.69      0.00      0.69    374.19       0.69      0.00      0.69
  11   6.00  -.401 1.000 0.000 0.000     0.66    0.00    0.00    0.66       0.69      0.00      0.69    373.50       0.69      0.00      0.69
  10   5.40  -.404 1.000 0.000 0.000     0.66    0.00    0.00    0.66       0.69      0.00      0.69    372.80       0.69      0.00      0.69
   9   4.80  -.407 1.000 0.000 0.000     0.66    0.00    0.00    0.66       0.69      0.00      0.69    372.11       0.69      0.00      0.69
   8   4.20  -.410 1.000 0.000 0.000     0.66    0.00    0.00    0.66       0.69      0.00      0.69    371.42       0.69      0.00      0.69
   7   3.60  -.413 1.000 0.000 0.000     0.66    0.00    0.00    0.66       0.69      0.00      0.69    370.72       0.69      0.00      0.69
   6   3.00  -.416 1.000 0.000 0.000     0.66    0.00    0.00    0.66       0.69      0.00      0.69    370.03       0.69      0.00      0.69
   5   2.40  -.419 1.000 0.000 0.000     0.66    0.00    0.00    0.66       0.69      0.00      0.69    369.34       0.69      0.00      0.69
   4   1.80  -.422 1.000 0.000 0.000     0.66    0.00    0.00    0.66       0.69      0.00      0.69    368.64       0.69      0.00      0.69
   3   1.20  -.425 1.000 0.000 0.000     0.66    0.00    0.00    0.66       0.69      0.00      0.69    367.95       0.69      0.00      0.69
   2   0.60  -.428 1.000 0.000 0.000     0.66    0.00    0.00    0.66       0.69      0.00      0.69    367.25       0.69      0.00      0.69
   1   0.00  -.431 1.000 0.000 0.000     0.66    0.00    0.00    0.66       0.00      0.00      0.00    366.56       0.00      0.00      0.00






          simulation time =      1.10533  seconds           fluid properties for channel    1
 node  dist.   pressure        velocity               void fraction                flow rate         flow     heat added      gama
  no.  (ft.)    (psi)          (ft/sec)                                             (lbm/s)          reg.       (btu/s)      (lbm/s)
                         liquid  vapor  entr.     liquid  vapor  entr.     liquid    vapor    entr.        liquid    vapor


   21  12.00   2393.585   15.37  15.37   0.08     1.0000 0.0000 0.0000    0.66144  0.00000  0.00000   1  0.693E+00 0.000E+00   0.00
   20  11.40   2394.047   15.35  15.35   0.08     1.0000 0.0000 0.0000    0.66142  0.00000  0.00000   1  0.693E+00 0.000E+00   0.00
   19  10.80   2394.509   15.33  15.33   0.08     1.0000 0.0000 0.0000    0.66140  0.00000  0.00000   1  0.693E+00 0.000E+00   0.00
   18  10.20   2394.971   15.31  15.31   0.08     1.0000 0.0000 0.0000    0.66139  0.00000  0.00000   1  0.693E+00 0.000E+00   0.00
   17   9.60   2395.433   15.29  15.29   0.08     1.0000 0.0000 0.0000    0.66139  0.00000  0.00000   1  0.693E+00 0.000E+00   0.00
   16   9.00   2395.895   15.28  15.28   0.08     1.0000 0.0000 0.0000    0.66139  0.00000  0.00000   1  0.693E+00 0.000E+00   0.00
   15   8.40   2396.357   15.26  15.26   0.08     1.0000 0.0000 0.0000    0.66139  0.00000  0.00000   1  0.693E+00 0.000E+00   0.00
   14   7.80   2396.819   15.24  15.24   0.08     1.0000 0.0000 0.0000    0.66139  0.00000  0.00000   1  0.693E+00 0.000E+00   0.00
   13   7.20   2397.281   15.22  15.22   0.08     1.0000 0.0000 0.0000    0.66139  0.00000  0.00000   1  0.693E+00 0.000E+00   0.00
   12   6.60   2397.743   15.20  15.20   0.08     1.0000 0.0000 0.0000    0.66139  0.00000  0.00000   1  0.693E+00 0.000E+00   0.00
   11   6.00   2398.205   15.18  15.18   0.08     1.0000 0.0000 0.0000    0.66139  0.00000  0.00000   1  0.693E+00 0.000E+00   0.00
   10   5.40   2398.667   15.16  15.16   0.08     1.0000 0.0000 0.0000    0.66139  0.00000  0.00000   1  0.693E+00 0.000E+00   0.00
    9   4.80   2399.129   15.14  15.14   0.08     1.0000 0.0000 0.0000    0.66139  0.00000  0.00000   1  0.693E+00 0.000E+00   0.00
    8   4.20   2399.591   15.12  15.12   0.08     1.0000 0.0000 0.0000    0.66139  0.00000  0.00000   1  0.693E+00 0.000E+00   0.00
    7   3.60   2400.053   15.10  15.10   0.08     1.0000 0.0000 0.0000    0.66139  0.00000  0.00000   1  0.693E+00 0.000E+00   0.00
    6   3.00   2400.515   15.09  15.09   0.08     1.0000 0.0000 0.0000    0.66139  0.00000  0.00000   1  0.693E+00 0.000E+00   0.00
    5   2.40   2400.977   15.07  15.07   0.08     1.0000 0.0000 0.0000    0.66139  0.00000  0.00000   1  0.693E+00 0.000E+00   0.00
    4   1.80   2401.439   15.05  15.05   0.08     1.0000 0.0000 0.0000    0.66139  0.00000  0.00000   1  0.693E+00 0.000E+00   0.00
    3   1.20   2401.901   15.03  15.03   0.08     1.0000 0.0000 0.0000    0.66139  0.00000  0.00000   1  0.693E+00 0.000E+00   0.00
    2   0.60   2402.361   15.01  15.01   0.08     1.0000 0.0000 0.0000    0.66139  0.00000  0.00000   1  0.693E+00 0.000E+00   0.00
    1   0.00   2402.821   15.00  15.00   0.07     1.0000 0.0000 0.0000    0.66139  0.00000  0.00000   1  0.000E+00 0.000E+00   0.00


 node  dist.                                    enthalpy                                                  density             net
  no.  (ft.)                                   (btu/lbm)                                                (lbm/ft3)           entrain
                 --------------------------------------------------------------------------   -------------------------------
                    vapor       hg     vapor-hg    liquid       hf    liq. - hf    mixture       liquid     vapor   mixture

   21  12.00       1104.29   1104.29       0.00    575.13     718.41    -143.27     575.13      45.48630   7.05897  45.4863    0.000
   20  11.40       1104.25   1104.25       0.00    574.12     718.46    -144.35     574.12      45.54323   7.06141  45.5432    0.000
   19  10.80       1104.20   1104.20       0.00    573.09     718.52    -145.43     573.09      45.60075   7.06385  45.6007    0.000
   18  10.20       1104.16   1104.16       0.00    572.05     718.57    -146.53     572.05      45.65859   7.06630  45.6585    0.000
   17   9.60       1104.11   1104.11       0.00    571.00     718.63    -147.63     571.00      45.71654   7.06874  45.7165    0.000
   16   9.00       1104.06   1104.06       0.00    569.96     718.69    -148.73     569.96      45.77448   7.07119  45.7744    0.000
   15   8.40       1104.02   1104.02       0.00    568.91     718.74    -149.83     568.91      45.83235   7.07363  45.8323    0.000
   14   7.80       1103.97   1103.97       0.00    567.86     718.80    -150.94     567.86      45.89009   7.07608  45.8901    0.000
   13   7.20       1103.93   1103.93       0.00    566.81     718.86    -152.04     566.81      45.94771   7.07853  45.9477    0.000
   12   6.60       1103.88   1103.88       0.00    565.77     718.91    -153.15     565.77      46.00517   7.08098  46.0051    0.000
   11   6.00       1103.83   1103.83       0.00    564.72     718.97    -154.25     564.72      46.06249   7.08343  46.0625    0.000
   10   5.40       1103.79   1103.79       0.00    563.67     719.02    -155.36     563.67      46.11966   7.08588  46.1196    0.000
    9   4.80       1103.74   1103.74       0.00    562.62     719.08    -156.46     562.62      46.17669   7.08834  46.1766    0.000
    8   4.20       1103.70   1103.70       0.00    561.57     719.14    -157.57     561.57      46.23356   7.09079  46.2335    0.000
    7   3.60       1103.65   1103.65       0.00    560.52     719.19    -158.67     560.52      46.29028   7.09325  46.2902    0.000
    6   3.00       1103.60   1103.60       0.00    559.47     719.25    -159.78     559.47      46.34686   7.09571  46.3468    0.000
    5   2.40       1103.56   1103.56       0.00    558.43     719.31    -160.88     558.43      46.40328   7.09816  46.4032    0.000
    4   1.80       1103.51   1103.51       0.00    557.38     719.36    -161.99     557.38      46.45956   7.10062  46.4595    0.000
    3   1.20       1103.46   1103.46       0.00    556.33     719.42    -163.09     556.33      46.51570   7.10308  46.5157    0.000
    2   0.60       1103.42   1103.42       0.00    555.28     719.48    -164.19     555.28      46.57168   7.10553  46.5716    0.000
    1   0.00       1103.37   1103.37      -0.00    554.23     719.53    -165.30     554.23      46.62752   7.10798  46.6275    0.000
0                                 -------------------------------- gas volumetric analysis --------------------------------
                hmgas      rmgas   steam    air                                           diam-ld  diam-sd  flow-sd  veloc-sd   gamsd
   21  12.00     12.90   0.00000  100.000    0.000    0.000    0.000    0.000    0.000   0.0000  0.00000 .0000E+00    0.00  .0000E+00
   20  11.40     12.90   0.00000  100.000    0.000    0.000    0.000    0.000    0.000   0.0000  0.00000 .0000E+00    0.00  .0000E+00
   19  10.80     12.91   0.00000  100.000    0.000    0.000    0.000    0.000    0.000   0.0000  0.00000 .0000E+00    0.00  .0000E+00
   18  10.20     12.91   0.00000  100.000    0.000    0.000    0.000    0.000    0.000   0.0000  0.00000 .0000E+00    0.00  .0000E+00
   17   9.60     12.91   0.00000  100.000    0.000    0.000    0.000    0.000    0.000   0.0000  0.00000 .0000E+00    0.00  .0000E+00
   16   9.00     12.91   0.00000  100.000    0.000    0.000    0.000    0.000    0.000   0.0000  0.00000 .0000E+00    0.00  .0000E+00
   15   8.40     12.92   0.00000  100.000    0.000    0.000    0.000    0.000    0.000   0.0000  0.00000 .0000E+00    0.00  .0000E+00
   14   7.80     12.92   0.00000  100.000    0.000    0.000    0.000    0.000    0.000   0.0000  0.00000 .0000E+00    0.00  .0000E+00
   13   7.20     12.92   0.00000  100.000    0.000    0.000    0.000    0.000    0.000   0.0000  0.00000 .0000E+00    0.00  .0000E+00
   12   6.60     12.93   0.00000  100.000    0.000    0.000    0.000    0.000    0.000   0.0000  0.00000 .0000E+00    0.00  .0000E+00
   11   6.00     12.93   0.00000  100.000    0.000    0.000    0.000    0.000    0.000   0.0000  0.00000 .0000E+00    0.00  .0000E+00
   10   5.40     12.93   0.00000  100.000    0.000    0.000    0.000    0.000    0.000   0.0000  0.00000 .0000E+00    0.00  .0000E+00
    9   4.80     12.94   0.00000  100.000    0.000    0.000    0.000    0.000    0.000   0.0000  0.00000 .0000E+00    0.00  .0000E+00
    8   4.20     12.94   0.00000  100.000    0.000    0.000    0.000    0.000    0.000   0.0000  0.00000 .0000E+00    0.00  .0000E+00
    7   3.60     12.94   0.00000  100.000    0.000    0.000    0.000    0.000    0.000   0.0000  0.00000 .0000E+00    0.00  .0000E+00
    6   3.00     12.94   0.00000  100.000    0.000    0.000    0.000    0.000    0.000   0.0000  0.00000 .0000E+00    0.00  .0000E+00
    5   2.40     12.95   0.00000  100.000    0.000    0.000    0.000    0.000    0.000   0.0000  0.00000 .0000E+00    0.00  .0000E+00
    4   1.80     12.95   0.00000  100.000    0.000    0.000    0.000    0.000    0.000   0.0000  0.00000 .0000E+00    0.00  .0000E+00
    3   1.20     12.95   0.00000  100.000    0.000    0.000    0.000    0.000    0.000   0.0000  0.00000 .0000E+00    0.00  .0000E+00
    2   0.60     12.96   0.00000  100.000    0.000    0.000    0.000    0.000    0.000   0.0000  0.00000 .0000E+00    0.00  .0000E+00
    1   0.00     12.90   0.00000  100.000    0.000    0.000    0.000    0.000    0.000   0.0000  0.00000 .0000E+00    0.00  .0000E+00

 ***********************************************************************************************************************************
1                             injection boundary conditions date    time  

                    case     0                        Single Channel No Fuel Pins Physical Transient                              

 ***********************************************************************************************************************************

          simulation time =      1.10533  seconds


                              channel   node        wginjt    wlinjt    hginjt    hlinjt
                                no.     no.        lbm/sec   lbm/sec   btu/lbm   btu/lbm


              Code Section                                 Cumulative wall-
                                                             clock time (s)
--------------------------------------------------     --------------------
whole simulation time                                                 0.098
read-in and initialization time                                       0.010
Preparation for timestep (prep3d)                                     0.002
Calculation of HTCs and re-meshing (heat_1)                           0.013
Conductor solution (temp)                                             0.009
Setup and solve of momentum eqns (xschem part 1)                      0.008
Setup of continuity/energy eqns (xschem part 2)                       0.008
Solution of the pressure matri (gssolv)                               0.006
Independent variable update step (dep_var_update)                     0.005
Interfacial area transport solve                                      0.001
Traditional CTF output                                                0.027
VTK file output                                                       0.003
Time in transient simulation (trans)                                  0.088
                             Sum of timed sections                    0.278
