


************************************************************************************************************************************
************************************************************************************************************************************
     Channel results                   Single Channel No Fuel Pins Physical Transient                              
************************************************************************************************************************************

     Time:      1.105 seconds
     =====

************************************************************************************************************************************
************************************************************************************************************************************

     Bundle average or total fluid properties  (table A)                Time:      1.105 seconds
     ===================================================                =====

====================================================================================================================================
Axial pos.|Flow|  Volume fraction   |Equil.|Flow |                Mass flow rate          |Pressure  |Enthalpy| Temperature
      end |reg.| liq.   entr.  vap. |qual. |qual.|    liq.      entr.     vap.   |  tot.  |          |mixt.   |            
   of node|    |                    |      |     |                               |        |          |(dynam.)|            
 j   x(j) |isij| aliq   aent   avap | xeq  | xfl |    fliq      fent      fvap   |  ftot  |    p     |hmix_fl |            
      [m] |    | [-]    [-]    [-]  | [-]  | [-] |   [kg/s]    [kg/s]    [kg/s]  | [kg/s] |  [bar]   |[kJ/kg] | [C]        
====================================================================================================================================
 21  3.658   1  1.000  0.000  0.000 -0.371  0.000     0.3000   0.00000   0.00000      0.30  165.03188  1337.8       298.86
 20  3.475   1  1.000  0.000  0.000 -0.374  0.000     0.3000   0.00000   0.00000      0.30  165.06374  1335.4       298.44
 19  3.292   1  1.000  0.000  0.000 -0.377  0.000     0.3000   0.00000   0.00000      0.30  165.09560  1333.0       298.01
 18  3.109   1  1.000  0.000  0.000 -0.380  0.000     0.3000   0.00000   0.00000      0.30  165.12745  1330.6       297.58
 17  2.926   1  1.000  0.000  0.000 -0.383  0.000     0.3000   0.00000   0.00000      0.30  165.15931  1328.2       297.14
 16  2.744   1  1.000  0.000  0.000 -0.386  0.000     0.3000   0.00000   0.00000      0.30  165.19116  1325.7       296.70
 15  2.561   1  1.000  0.000  0.000 -0.389  0.000     0.3000   0.00000   0.00000      0.30  165.22302  1323.3       296.26
 14  2.378   1  1.000  0.000  0.000 -0.392  0.000     0.3000   0.00000   0.00000      0.30  165.25487  1320.8       295.82
 13  2.195   1  1.000  0.000  0.000 -0.395  0.000     0.3000   0.00000   0.00000      0.30  165.28672  1318.4       295.37
 12  2.012   1  1.000  0.000  0.000 -0.398  0.000     0.3000   0.00000   0.00000      0.30  165.31857  1316.0       294.93
 11  1.829   1  1.000  0.000  0.000 -0.401  0.000     0.3000   0.00000   0.00000      0.30  165.35042  1313.5       294.48
 10  1.646   1  1.000  0.000  0.000 -0.404  0.000     0.3000   0.00000   0.00000      0.30  165.38227  1311.1       294.04
  9  1.463   1  1.000  0.000  0.000 -0.407  0.000     0.3000   0.00000   0.00000      0.30  165.41413  1308.7       293.59
  8  1.280   1  1.000  0.000  0.000 -0.410  0.000     0.3000   0.00000   0.00000      0.30  165.44598  1306.2       293.15
  7  1.097   1  1.000  0.000  0.000 -0.413  0.000     0.3000   0.00000   0.00000      0.30  165.47783  1303.8       292.70
  6  0.914   1  1.000  0.000  0.000 -0.416  0.000     0.3000   0.00000   0.00000      0.30  165.50968  1301.3       292.26
  5  0.732   1  1.000  0.000  0.000 -0.419  0.000     0.3000   0.00000   0.00000      0.30  165.54153  1298.9       291.81
  4  0.549   1  1.000  0.000  0.000 -0.422  0.000     0.3000   0.00000   0.00000      0.30  165.57338  1296.5       291.35
  3  0.366   1  1.000  0.000  0.000 -0.425  0.000     0.3000   0.00000   0.00000      0.30  165.60523  1294.0       290.90
  2  0.183   1  1.000  0.000  0.000 -0.428  0.000     0.3000   0.00000   0.00000      0.30  165.63694  1291.6       290.45
  1  0.000   1  1.000  0.000  0.000 -0.431  0.000     0.3000   0.00000   0.00000      0.30  165.66865  1289.1       290.00
====================================================================================================================================
Total pressure loss over total height:     0.63694 bar
--> geodetical pressure loss               0.26460 bar
--> acceleration pressure loss             0.00391 bar
--> frictional and single head losses      0.36842 bar



     Bundle average or total fluid properties  (table B)                Time:      1.105 seconds
     ===================================================                =====

====================================================================================================================================
Axial pos.|Flow|      Heat added per node        |
    center|reg.|     liq.      vap.   |   tot.   |
   of node|    |                      |          |
 j   xm(j)|isij|     qliq      qvap   |   qtot   |
      [m] |    |     [kW]      [kW]   |   [kW]   |
====================================================================================================================================
 21  3.567   1       0.732     0.000       0.732
 20  3.384   1       0.732     0.000       0.732
 19  3.201   1       0.732     0.000       0.732
 18  3.018   1       0.732     0.000       0.732
 17  2.835   1       0.732     0.000       0.732
 16  2.652   1       0.732     0.000       0.732
 15  2.469   1       0.732     0.000       0.732
 14  2.286   1       0.732     0.000       0.732
 13  2.103   1       0.732     0.000       0.732
 12  1.920   1       0.732     0.000       0.732
 11  1.738   1       0.732     0.000       0.732
 10  1.555   1       0.732     0.000       0.732
  9  1.372   1       0.732     0.000       0.732
  8  1.189   1       0.732     0.000       0.732
  7  1.006   1       0.732     0.000       0.732
  6  0.823   1       0.732     0.000       0.732
  5  0.640   1       0.732     0.000       0.732
  4  0.457   1       0.732     0.000       0.732
  3  0.274   1       0.732     0.000       0.732
  2  0.091   1       0.732     0.000       0.732
====================================================================================================================================
Integral:           14.632     0.000      14.632



************************************************************************************************************************************

     Fluid properties for channel    1  (table 1)                Time:      1.105 seconds
     ============================================                =====

====================================================================================================================================
Axial pos.|Flow|  Volume fraction   |Equil.|Flow |               Mass flow rate          |        Velocity        |
      end |reg.| liq.   entr.  vap. |qual. |qual.|   liq.      entr.     vap.   |  tot.  |   liq.    entr.   vap. |
   of node|    |                    |      |     |                              |        |                        |
 j   x(j) |isij| aliq   aent   avap | xeq  | xfl |   fliq      fent      fvap   |  ftot  |   uliq    uent    uvap |
      [m] |    | [-]    [-]    [-]  | [-]  | [-] |  [kg/s]    [kg/s]    [kg/s]  | [kg/s] |  [m/s]   [m/s]   [m/s] |
====================================================================================================================================
 21  3.658   1  1.000  0.000  0.000 -0.371  0.000   0.30003   0.00000   0.00000   0.30003  4.6857  0.0000  0.0000
 20  3.475   1  1.000  0.000  0.000 -0.374  0.000   0.30002   0.00000   0.00000   0.30002  4.6797  0.0000  0.0000
 19  3.292   1  1.000  0.000  0.000 -0.377  0.000   0.30001   0.00000   0.00000   0.30001  4.6737  0.0000  0.0000
 18  3.109   1  1.000  0.000  0.000 -0.380  0.000   0.30000   0.00000   0.00000   0.30000  4.6677  0.0000  0.0000
 17  2.926   1  1.000  0.000  0.000 -0.383  0.000   0.30000   0.00000   0.00000   0.30000  4.6618  0.0000  0.0000
 16  2.744   1  1.000  0.000  0.000 -0.386  0.000   0.30000   0.00000   0.00000   0.30000  4.6558  0.0000  0.0000
 15  2.561   1  1.000  0.000  0.000 -0.389  0.000   0.30000   0.00000   0.00000   0.30000  4.6500  0.0000  0.0000
 14  2.378   1  1.000  0.000  0.000 -0.392  0.000   0.30000   0.00000   0.00000   0.30000  4.6441  0.0000  0.0000
 13  2.195   1  1.000  0.000  0.000 -0.395  0.000   0.30000   0.00000   0.00000   0.30000  4.6383  0.0000  0.0000
 12  2.012   1  1.000  0.000  0.000 -0.398  0.000   0.30000   0.00000   0.00000   0.30000  4.6325  0.0000  0.0000
 11  1.829   1  1.000  0.000  0.000 -0.401  0.000   0.30000   0.00000   0.00000   0.30000  4.6267  0.0000  0.0000
 10  1.646   1  1.000  0.000  0.000 -0.404  0.000   0.30000   0.00000   0.00000   0.30000  4.6210  0.0000  0.0000
  9  1.463   1  1.000  0.000  0.000 -0.407  0.000   0.30000   0.00000   0.00000   0.30000  4.6153  0.0000  0.0000
  8  1.280   1  1.000  0.000  0.000 -0.410  0.000   0.30000   0.00000   0.00000   0.30000  4.6096  0.0000  0.0000
  7  1.097   1  1.000  0.000  0.000 -0.413  0.000   0.30000   0.00000   0.00000   0.30000  4.6040  0.0000  0.0000
  6  0.914   1  1.000  0.000  0.000 -0.416  0.000   0.30000   0.00000   0.00000   0.30000  4.5983  0.0000  0.0000
  5  0.732   1  1.000  0.000  0.000 -0.419  0.000   0.30000   0.00000   0.00000   0.30000  4.5927  0.0000  0.0000
  4  0.549   1  1.000  0.000  0.000 -0.422  0.000   0.30000   0.00000   0.00000   0.30000  4.5872  0.0000  0.0000
  3  0.366   1  1.000  0.000  0.000 -0.425  0.000   0.30000   0.00000   0.00000   0.30000  4.5816  0.0000  0.0000
  2  0.183   1  1.000  0.000  0.000 -0.428  0.000   0.30000   0.00000   0.00000   0.30000  4.5761  0.0000  0.0000
  1  0.000   1  1.000  0.000  0.000 -0.431  0.000   0.30000   0.00000   0.00000   0.30000  4.5734  0.0000  0.0000



     Fluid properties for channel    1  (table 2)                Time:      1.105 seconds
     ============================================                =====

====================================================================================================================================
Axial pos.|Flow|Pressure  |                     Enthalpy                                 |           Density             |
      end |reg.|          |         liq.          |         vap.         | mix.  | mix.  |  liq.    vap. | mixt. | mixt. |
   of node|    |          |                       |                      |(stat.)|(dyn.) |               |(hom.) |(mom.) |
 j   xm(j)|isij|    p     |  hliq     hf   hliq-hf|  hvap    hg   hvap-hg| hmix  |hmix_fl|  rliq    rvap | rmix  |rmix_fl|
      [m] |    |  [bar]   |        [kJ/kg]        |       [kJ/kg]        |    [kJ/kg]    |   [kg/m^3]    |   [kg/m^3]    |
====================================================================================================================================
 21  3.658   1  165.03188  1337.8  1671.0  -333.3  2568.6  2568.6     0.0  1337.8  1337.8   728.6  113.1   728.6   728.6
 20  3.475   1  165.06374  1335.4  1671.1  -335.7  2568.5  2568.5     0.0  1335.4  1335.4   729.5  113.1   729.5   729.5
 19  3.292   1  165.09560  1333.0  1671.3  -338.3  2568.4  2568.4     0.0  1333.0  1333.0   730.5  113.2   730.5   730.5
 18  3.109   1  165.12745  1330.6  1671.4  -340.8  2568.3  2568.3     0.0  1330.6  1330.6   731.4  113.2   731.4   731.4
 17  2.926   1  165.15931  1328.2  1671.5  -343.4  2568.2  2568.2     0.0  1328.2  1328.2   732.3  113.2   732.3   732.3
 16  2.744   1  165.19116  1325.7  1671.7  -345.9  2568.1  2568.1     0.0  1325.7  1325.7   733.2  113.3   733.2   733.2
 15  2.561   1  165.22302  1323.3  1671.8  -348.5  2567.9  2567.9     0.0  1323.3  1323.3   734.2  113.3   734.2   734.2
 14  2.378   1  165.25487  1320.8  1671.9  -351.1  2567.8  2567.8     0.0  1320.8  1320.8   735.1  113.3   735.1   735.1
 13  2.195   1  165.28672  1318.4  1672.1  -353.6  2567.7  2567.7     0.0  1318.4  1318.4   736.0  113.4   736.0   736.0
 12  2.012   1  165.31857  1316.0  1672.2  -356.2  2567.6  2567.6     0.0  1316.0  1316.0   736.9  113.4   736.9   736.9
 11  1.829   1  165.35042  1313.5  1672.3  -358.8  2567.5  2567.5     0.0  1313.5  1313.5   737.9  113.5   737.9   737.9
 10  1.646   1  165.38227  1311.1  1672.4  -361.4  2567.4  2567.4     0.0  1311.1  1311.1   738.8  113.5   738.8   738.8
  9  1.463   1  165.41413  1308.7  1672.6  -363.9  2567.3  2567.3     0.0  1308.7  1308.7   739.7  113.5   739.7   739.7
  8  1.280   1  165.44598  1306.2  1672.7  -366.5  2567.2  2567.2     0.0  1306.2  1306.2   740.6  113.6   740.6   740.6
  7  1.097   1  165.47783  1303.8  1672.8  -369.1  2567.1  2567.1     0.0  1303.8  1303.8   741.5  113.6   741.5   741.5
  6  0.914   1  165.50968  1301.3  1673.0  -371.6  2567.0  2567.0     0.0  1301.3  1301.3   742.4  113.7   742.4   742.4
  5  0.732   1  165.54153  1298.9  1673.1  -374.2  2566.9  2566.9     0.0  1298.9  1298.9   743.3  113.7   743.3   743.3
  4  0.549   1  165.57338  1296.5  1673.2  -376.8  2566.8  2566.8     0.0  1296.5  1296.5   744.2  113.7   744.2   744.2
  3  0.366   1  165.60523  1294.0  1673.4  -379.3  2566.7  2566.7     0.0  1294.0  1294.0   745.1  113.8   745.1   745.1
  2  0.183   1  165.63694  1291.6  1673.5  -381.9  2566.5  2566.5     0.0  1291.6  1291.6   746.0  113.8   746.0   746.0
  1  0.000   1  165.66865  1289.1  1673.6  -384.5  2566.4  2566.4    -0.0  1289.1  1289.1   746.9  113.9   746.9   746.9
====================================================================================================================================
Pressure loss over tot. height of channel    1:    0.63694 bar

Reynolds number at channel inlet:  448657.



     Fluid properties for channel    1  (table 3)                Time:      1.105 seconds
     ============================================                =====

====================================================================================================================================
Axial pos.|Flow| Heat transfer regimes |   Rod surface temperature     |            Temperature           |   Heat added per node
    center|reg.|                       |                               |satur. | liq.    vap. |CHF |min.f.|  liq.    vap.  |  tot.
   of node|    |                       |                               |       |              |    |boil. |                |
 j   xm(j)|isij|mode1 mode2 mode3 mode4|twall1  twall2  twall3  twall4 |  tf   | tliq    tvap |tchf| tmin |  qliq    qvap  |  qtot
      [m] |    |                       | [°C]    [°C]    [°C]    [°C]  | [°C]  | [°C]    [°C] |[°C]| [°C] |  [kW]    [kW]  |  [kW]
====================================================================================================================================
          |    | Rod no. (surface no.) |    Rod no. (surface no.)      |       |              |    |      |                |
          |    |   1  ----  ----  ---- |    1    ----    ----    ----  |       |              |    |      |                |
          |    | (1)   (-)   (-)   (-) |  (1)     (-)     (-)     (-)  |       |              |    |      |                |
====================================================================================================================================
 21  3.567   1   spl  ----  ----  ----  302.80    0.00    0.00    0.00  350.03  298.86  350.14 374.  649.    0.732    0.000    0.732
 20  3.384   1   spl  ----  ----  ----  302.38    0.00    0.00    0.00  350.05  298.44  350.16 374.  649.    0.732    0.000    0.732
 19  3.201   1   spl  ----  ----  ----  301.95    0.00    0.00    0.00  350.07  298.01  350.17 374.  649.    0.732    0.000    0.732
 18  3.018   1   spl  ----  ----  ----  301.52    0.00    0.00    0.00  350.08  297.58  350.19 374.  649.    0.732    0.000    0.732
 17  2.835   1   spl  ----  ----  ----  301.09    0.00    0.00    0.00  350.10  297.14  350.20 374.  649.    0.732    0.000    0.732
 16  2.652   1   spl  ----  ----  ----  300.65    0.00    0.00    0.00  350.12  296.70  350.22 374.  649.    0.732    0.000    0.732
 15  2.469   1   spl  ----  ----  ----  300.21    0.00    0.00    0.00  350.13  296.26  350.23 374.  649.    0.732    0.000    0.732
 14  2.286   1   spl  ----  ----  ----  299.77    0.00    0.00    0.00  350.15  295.82  350.25 374.  649.    0.732    0.000    0.732
 13  2.103   1   spl  ----  ----  ----  299.32    0.00    0.00    0.00  350.16  295.37  350.27 374.  649.    0.732    0.000    0.732
 12  1.920   1   spl  ----  ----  ----  298.88    0.00    0.00    0.00  350.18  294.93  350.28 374.  649.    0.732    0.000    0.732
 11  1.738   1   spl  ----  ----  ----  298.44    0.00    0.00    0.00  350.20  294.48  350.30 374.  649.    0.732    0.000    0.732
 10  1.555   1   spl  ----  ----  ----  297.99    0.00    0.00    0.00  350.21  294.04  350.31 374.  649.    0.732    0.000    0.732
  9  1.372   1   spl  ----  ----  ----  297.55    0.00    0.00    0.00  350.23  293.59  350.33 374.  649.    0.732    0.000    0.732
  8  1.189   1   spl  ----  ----  ----  297.11    0.00    0.00    0.00  350.25  293.15  350.34 373.  649.    0.732    0.000    0.732
  7  1.006   1   spl  ----  ----  ----  296.67    0.00    0.00    0.00  350.26  292.70  350.36 373.  649.    0.732    0.000    0.732
  6  0.823   1   spl  ----  ----  ----  296.22    0.00    0.00    0.00  350.28  292.26  350.37 373.  649.    0.732    0.000    0.732
  5  0.640   1   spl  ----  ----  ----  295.77    0.00    0.00    0.00  350.29  291.81  350.39 373.  649.    0.732    0.000    0.732
  4  0.457   1   spl  ----  ----  ----  295.32    0.00    0.00    0.00  350.31  291.35  350.41 373.  649.    0.732    0.000    0.732
  3  0.274   1   spl  ----  ----  ----  294.87    0.00    0.00    0.00  350.33  290.90  350.42 373.  649.    0.732    0.000    0.732
  2  0.091   1   spl  ----  ----  ----  294.42    0.00    0.00    0.00  350.34  290.45  350.44 373.  649.    0.732    0.000    0.732
====================================================================================================================================
Integral over tot. channel height:                                                                            14.6      0.0     14.6



     Fluid properties for channel    1  (table 4)                Time:      1.105 seconds
     ============================================                =====

====================================================================================================================================
Axial pos.|Flow|Entr.     Depos.    Entr-Dep.  Evapor. | Lateral mass flow rate per node (loss)  | Film   |
    center|reg.|per node  per node  per node   per node|  liq.      entr.       vap.   |  tot.   | thickn.|
   of node|    |                                       |                               |         |        |
 j   xm(j)|isij|   sent     sdent   sent-sdent   gama  |wliq_sum   went_sum   wvap_sum |wtot_sum |  dliq  |
      [m] |    |  [kg/s]    [kg/s]    [kg/s]    [kg/s] | [kg/s]     [kg/s]     [kg/s]  | [kg/s]  |  [mm]  |
====================================================================================================================================
 21  3.567   1   0.00000   0.00000   0.00000   0.00000    0.00000    0.00000    0.00000    0.00000   99.99
 20  3.384   1   0.00000   0.00000   0.00000   0.00000    0.00000    0.00000    0.00000    0.00000   99.99
 19  3.201   1   0.00000   0.00000   0.00000   0.00000    0.00000    0.00000    0.00000    0.00000   99.99
 18  3.018   1   0.00000   0.00000   0.00000   0.00000    0.00000    0.00000    0.00000    0.00000   99.99
 17  2.835   1   0.00000   0.00000   0.00000   0.00000    0.00000    0.00000    0.00000    0.00000   99.99
 16  2.652   1   0.00000   0.00000   0.00000   0.00000    0.00000    0.00000    0.00000    0.00000   99.99
 15  2.469   1   0.00000   0.00000   0.00000   0.00000    0.00000    0.00000    0.00000    0.00000   99.99
 14  2.286   1   0.00000   0.00000   0.00000   0.00000    0.00000    0.00000    0.00000    0.00000   99.99
 13  2.103   1   0.00000   0.00000   0.00000   0.00000    0.00000    0.00000    0.00000    0.00000   99.99
 12  1.920   1   0.00000   0.00000   0.00000   0.00000    0.00000    0.00000    0.00000    0.00000   99.99
 11  1.738   1   0.00000   0.00000   0.00000   0.00000    0.00000    0.00000    0.00000    0.00000   99.99
 10  1.555   1   0.00000   0.00000   0.00000   0.00000    0.00000    0.00000    0.00000    0.00000   99.99
  9  1.372   1   0.00000   0.00000   0.00000   0.00000    0.00000    0.00000    0.00000    0.00000   99.99
  8  1.189   1   0.00000   0.00000   0.00000   0.00000    0.00000    0.00000    0.00000    0.00000   99.99
  7  1.006   1   0.00000   0.00000   0.00000   0.00000    0.00000    0.00000    0.00000    0.00000   99.99
  6  0.823   1   0.00000   0.00000   0.00000   0.00000    0.00000    0.00000    0.00000    0.00000   99.99
  5  0.640   1   0.00000   0.00000   0.00000   0.00000    0.00000    0.00000    0.00000    0.00000   99.99
  4  0.457   1   0.00000   0.00000   0.00000   0.00000    0.00000    0.00000    0.00000    0.00000   99.99
  3  0.274   1   0.00000   0.00000   0.00000   0.00000    0.00000    0.00000    0.00000    0.00000   99.99
  2  0.091   1   0.00000   0.00000   0.00000   0.00000    0.00000    0.00000    0.00000    0.00000   99.99
====================================================================================================================================
Integral over tot. channel height:   0.00000   0.00000    0.00000    0.00000    0.00000    0.00000



************************************************************************************************************************************
