
 Global mass balance
 ===================

 No. of | Total time  | Total inlet | Total outlet| Total trans.| Relation    | Deviation of
 timest.|             | massflow    | massflow    | mass incr.  | trans./inlet| mass balance
 (nstep)|   (timet)   | (m_in_tot)  | (m_out_tot) (m_stored_cool) (m..trans)  | (m..deviat) 
   [-]  |     [s]     |   [kg/s]    |   [kg/s]    |   [kg/s]    |             |
=============================================================================================
    10        0.0026        0.3000        0.2981        0.0024         0.81 %         0.65 %
    20        0.0136        0.3000        0.3081        0.0081         2.68 %        -2.68 %
    30        0.0325        0.3000        0.3070        0.0070         2.33 %        -2.33 %
    40        0.0633        0.3000        0.3067        0.0067         2.23 %        -2.23 %
    50        0.1136        0.3000        0.3063        0.0063         2.09 %        -2.09 %
    60        0.1953        0.3000        0.3056        0.0056         1.86 %        -1.86 %
    70        0.2953        0.3000        0.3047        0.0047         1.57 %        -1.57 %
    80        0.3953        0.3000        0.3038        0.0038         1.27 %        -1.27 %
    90        0.4953        0.3000        0.3029        0.0029         0.97 %        -0.97 %
   100        0.5953        0.3000        0.3020        0.0020         0.67 %        -0.67 %
   110        0.6953        0.3000        0.3012        0.0012         0.41 %        -0.41 %
   120        0.7953        0.3000        0.3006        0.0006         0.21 %        -0.21 %
   130        0.8953        0.3000        0.3003        0.0003         0.09 %        -0.09 %
   140        0.9953        0.3000        0.3001        0.0001         0.03 %        -0.03 %
   150        1.0953        0.3000        0.3000        0.0000         0.01 %        -0.01 %
