 Time step information and convergence control
 =============================================

#     Step      Number of         Number of         Time Step         Begin Step
#              Outer Its.  Inner Iterations          Size (s)                (s)



                         new time domain reached

   minimum   maximum    time      long      short   graphics    dump
    time      time     domain     edit      edit      edit
    step      step       end    interval  interval  interval  interval

  1.000E-05 1.000E-02 1.005E+01 1.000E-01 0.000E+00 0.000E+00 1.000E+01


 time step ratio      =  1.000E+03

         1              1                 0     0.1000000E-04      0.0000000E+00  0.1000000E+09  0.0000000E+00  0.0000000E+00  0.0000000E+00
         2              1                 0     0.1200000E-04      0.1200000E-04  0.1000000E+09  0.0000000E+00  0.0000000E+00  0.0000000E+00
         3              1                 0     0.1440000E-04      0.2640000E-04  0.1000000E+09  0.0000000E+00  0.0000000E+00  0.0000000E+00
         4              1                 0     0.1728000E-04      0.4368000E-04  0.1000000E+09  0.0000000E+00  0.0000000E+00  0.0000000E+00
         5              1                 0     0.2073600E-04      0.6441600E-04  0.1000000E+09  0.0000000E+00  0.0000000E+00  0.0000000E+00
         6              1                 0     0.2488320E-04      0.8929920E-04  0.1000000E+09  0.0000000E+00  0.0000000E+00  0.0000000E+00
         7              1                 0     0.2985984E-04      0.1191590E-03  0.1000000E+09  0.0000000E+00  0.0000000E+00  0.0000000E+00
         8              1                 0     0.3583181E-04      0.1549908E-03  0.1000000E+09  0.0000000E+00  0.0000000E+00  0.0000000E+00
         9              1                 0     0.4299817E-04      0.1979890E-03  0.1000000E+09  0.0000000E+00  0.0000000E+00  0.0000000E+00
        10              1                 0     0.5159780E-04      0.2495868E-03  0.1000000E+09  0.0000000E+00  0.0000000E+00  0.0000000E+00
        11              1                 0     0.6191736E-04      0.3115042E-03  0.1000000E+09  0.0000000E+00  0.0000000E+00  0.0000000E+00
        12              1                 0     0.7430084E-04      0.3858050E-03  0.1000000E+09  0.0000000E+00  0.0000000E+00  0.0000000E+00
        13              1                 0     0.8916100E-04      0.4749660E-03  0.1000000E+09  0.0000000E+00  0.0000000E+00  0.0000000E+00
        14              1                 0     0.1069932E-03      0.5819592E-03  0.1000000E+09  0.0000000E+00  0.0000000E+00  0.0000000E+00
        15              1                 0     0.1283918E-03      0.7103511E-03  0.1000000E+09  0.0000000E+00  0.0000000E+00  0.0000000E+00
        16              1                 0     0.1540702E-03      0.8644213E-03  0.1000000E+09  0.0000000E+00  0.0000000E+00  0.0000000E+00
        17              1                 0     0.1848843E-03      0.1049306E-02  0.1000000E+09  0.0000000E+00  0.0000000E+00  0.0000000E+00
        18              1                 0     0.2218611E-03      0.1271167E-02  0.1000000E+09  0.0000000E+00  0.0000000E+00  0.0000000E+00
        19              1                 0     0.2662333E-03      0.1537400E-02  0.1000000E+09  0.0000000E+00  0.0000000E+00  0.0000000E+00
        20              1                 0     0.3194800E-03      0.1856880E-02  0.1000000E+09  0.0000000E+00  0.0000000E+00  0.0000000E+00
        21              1                 0     0.3833760E-03      0.2240256E-02  0.1000000E+09  0.0000000E+00  0.0000000E+00  0.0000000E+00
        22              1                 0     0.4600512E-03      0.2700307E-02  0.1000000E+09  0.0000000E+00  0.0000000E+00  0.0000000E+00
        23              1                 0     0.5520614E-03      0.3252369E-02  0.1000000E+09  0.0000000E+00  0.0000000E+00  0.0000000E+00
        24              1                 0     0.6624737E-03      0.3914842E-02  0.1000000E+09  0.0000000E+00  0.0000000E+00  0.0000000E+00
        25              1                 0     0.7949685E-03      0.4709811E-02  0.1000000E+09  0.0000000E+00  0.0000000E+00  0.0000000E+00
        26              1                 0     0.9539622E-03      0.5663773E-02  0.1000000E+09  0.0000000E+00  0.0000000E+00  0.0000000E+00
        27              1                 0     0.1144755E-02      0.6808528E-02  0.1000000E+09  0.0000000E+00  0.0000000E+00  0.0000000E+00
        28              1                 0     0.1201992E-02      0.8010520E-02  0.1000000E+09  0.0000000E+00  0.0000000E+00  0.0000000E+00
        29              1                 0     0.1262092E-02      0.9272612E-02  0.1000000E+09  0.0000000E+00  0.0000000E+00  0.0000000E+00
        30              1                 0     0.1325197E-02      0.1059781E-01  0.1000000E+09  0.0000000E+00  0.0000000E+00  0.0000000E+00
        31              1                 0     0.1391456E-02      0.1198926E-01  0.1000000E+09  0.0000000E+00  0.0000000E+00  0.0000000E+00
        32              1                 0     0.1461029E-02      0.1345029E-01  0.1000000E+09  0.0000000E+00  0.0000000E+00  0.0000000E+00
        33              1                 0     0.1534081E-02      0.1498437E-01  0.1000000E+09  0.0000000E+00  0.0000000E+00  0.0000000E+00
        34              1                 0     0.1610785E-02      0.1659516E-01  0.1000000E+09  0.0000000E+00  0.0000000E+00  0.0000000E+00
        35              1                 0     0.1691324E-02      0.1828648E-01  0.1000000E+09  0.0000000E+00  0.0000000E+00  0.0000000E+00
        36              1                 0     0.1775890E-02      0.2006237E-01  0.1000000E+09  0.0000000E+00  0.0000000E+00  0.0000000E+00
        37              1                 0     0.1864685E-02      0.2192706E-01  0.1000000E+09  0.0000000E+00  0.0000000E+00  0.0000000E+00
        38              1                 0     0.1957919E-02      0.2388498E-01  0.1000000E+09  0.0000000E+00  0.0000000E+00  0.0000000E+00
        39              1                 0     0.2055815E-02      0.2594079E-01  0.1000000E+09  0.0000000E+00  0.0000000E+00  0.0000000E+00
        40              1                 0     0.2158606E-02      0.2809940E-01  0.1000000E+09  0.0000000E+00  0.0000000E+00  0.0000000E+00
        41              1                 0     0.2266536E-02      0.3036593E-01  0.1000000E+09  0.0000000E+00  0.0000000E+00  0.0000000E+00
        42              1                 0     0.2379863E-02      0.3274580E-01  0.1000000E+09  0.0000000E+00  0.0000000E+00  0.0000000E+00
        43              1                 0     0.2498856E-02      0.3524465E-01  0.1000000E+09  0.0000000E+00  0.0000000E+00  0.0000000E+00
        44              1                 0     0.2623799E-02      0.3786845E-01  0.1000000E+09  0.0000000E+00  0.0000000E+00  0.0000000E+00
        45              1                 0     0.2754988E-02      0.4062344E-01  0.1000000E+09  0.0000000E+00  0.0000000E+00  0.0000000E+00
        46              1                 0     0.2892738E-02      0.4351618E-01  0.1000000E+09  0.0000000E+00  0.0000000E+00  0.0000000E+00
        47              1                 0     0.3037375E-02      0.4655355E-01  0.1000000E+09  0.0000000E+00  0.0000000E+00  0.0000000E+00
        48              1                 0     0.3189243E-02      0.4974279E-01  0.1000000E+09  0.0000000E+00  0.0000000E+00  0.0000000E+00
        49              1                 0     0.3348706E-02      0.5309150E-01  0.1000000E+09  0.0000000E+00  0.0000000E+00  0.0000000E+00
        50              1                 0     0.3516141E-02      0.5660764E-01  0.1000000E+09  0.0000000E+00  0.0000000E+00  0.0000000E+00
        51              1                 0     0.3691948E-02      0.6029959E-01  0.1000000E+09  0.0000000E+00  0.0000000E+00  0.0000000E+00
        52              1                 0     0.3876545E-02      0.6417613E-01  0.1000000E+09  0.0000000E+00  0.0000000E+00  0.0000000E+00
        53              1                 0     0.4070373E-02      0.6824651E-01  0.1000000E+09  0.0000000E+00  0.0000000E+00  0.0000000E+00
        54              1                 0     0.4273891E-02      0.7252040E-01  0.1000000E+09  0.0000000E+00  0.0000000E+00  0.0000000E+00
        55              1                 0     0.4487586E-02      0.7700798E-01  0.1000000E+09  0.0000000E+00  0.0000000E+00  0.0000000E+00
        56              1                 0     0.4711965E-02      0.8171995E-01  0.1000000E+09  0.0000000E+00  0.0000000E+00  0.0000000E+00
        57              1                 0     0.4947563E-02      0.8666751E-01  0.1000000E+09  0.0000000E+00  0.0000000E+00  0.0000000E+00
        58              1                 0     0.5194942E-02      0.9186245E-01  0.1000000E+09  0.0000000E+00  0.0000000E+00  0.0000000E+00
        59              1                 0     0.5454689E-02      0.9731714E-01  0.1000000E+09  0.0000000E+00  0.0000000E+00  0.0000000E+00
        60              1                 0     0.5727423E-02      0.1030446E+00  0.1000000E+09  0.0000000E+00  0.0000000E+00  0.0000000E+00
    60     1.030E-01      1   5.727E-03   0.000E+00
        61              1                 0     0.6013794E-02      0.1090584E+00  0.1000000E+09  0.0000000E+00  0.0000000E+00  0.0000000E+00
        62              1                 0     0.6314484E-02      0.1153728E+00  0.1000000E+09  0.0000000E+00  0.0000000E+00  0.0000000E+00
        63              1                 0     0.6630208E-02      0.1220031E+00  0.1000000E+09  0.0000000E+00  0.0000000E+00  0.0000000E+00
        64              1                 0     0.6961719E-02      0.1289648E+00  0.1000000E+09  0.0000000E+00  0.0000000E+00  0.0000000E+00
        65              1                 0     0.7309804E-02      0.1362746E+00  0.1000000E+09  0.0000000E+00  0.0000000E+00  0.0000000E+00
        66              1                 0     0.7675295E-02      0.1439499E+00  0.1000000E+09  0.0000000E+00  0.0000000E+00  0.0000000E+00
        67              1                 0     0.8059059E-02      0.1520089E+00  0.1000000E+09  0.0000000E+00  0.0000000E+00  0.0000000E+00
        68              1                 0     0.8462012E-02      0.1604709E+00  0.1000000E+09  0.0000000E+00  0.0000000E+00  0.0000000E+00
        69              1                 0     0.8885113E-02      0.1693561E+00  0.1000000E+09  0.0000000E+00  0.0000000E+00  0.0000000E+00
        70              1                 0     0.9329369E-02      0.1786854E+00  0.1000000E+09  0.0000000E+00  0.0000000E+00  0.0000000E+00
        71              1                 0     0.9795837E-02      0.1884813E+00  0.1000000E+09  0.0000000E+00  0.0000000E+00  0.0000000E+00
        72              1                 0     0.1000000E-01      0.1984813E+00  0.1000000E+09  0.0000000E+00  0.0000000E+00  0.0000000E+00
        73              1                 0     0.1000000E-01      0.2084813E+00  0.1000000E+09  0.0000000E+00  0.0000000E+00  0.0000000E+00
    73     2.085E-01      1   1.000E-02   0.000E+00
        74              1                 0     0.1000000E-01      0.2184813E+00  0.1000000E+09  0.0000000E+00  0.0000000E+00  0.0000000E+00
        75              1                 0     0.1000000E-01      0.2284813E+00  0.1000000E+09  0.0000000E+00  0.0000000E+00  0.0000000E+00
        76              1                 0     0.1000000E-01      0.2384813E+00  0.1000000E+09  0.0000000E+00  0.0000000E+00  0.0000000E+00
        77              1                 0     0.1000000E-01      0.2484813E+00  0.1000000E+09  0.0000000E+00  0.0000000E+00  0.0000000E+00
        78              1                 0     0.1000000E-01      0.2584813E+00  0.1000000E+09  0.0000000E+00  0.0000000E+00  0.0000000E+00
        79              1                 0     0.1000000E-01      0.2684813E+00  0.1000000E+09  0.0000000E+00  0.0000000E+00  0.0000000E+00
        80              1                 0     0.1000000E-01      0.2784813E+00  0.1000000E+09  0.0000000E+00  0.0000000E+00  0.0000000E+00
        81              1                 0     0.1000000E-01      0.2884813E+00  0.1000000E+09  0.0000000E+00  0.0000000E+00  0.0000000E+00
        82              1                 0     0.1000000E-01      0.2984813E+00  0.1000000E+09  0.0000000E+00  0.0000000E+00  0.0000000E+00
        83              1                 0     0.1000000E-01      0.3084813E+00  0.1000000E+09  0.0000000E+00  0.0000000E+00  0.0000000E+00
    83     3.085E-01      1   1.000E-02   0.000E+00
        84              1                 0     0.1000000E-01      0.3184813E+00  0.1000000E+09  0.0000000E+00  0.0000000E+00  0.0000000E+00
        85              1                 0     0.1000000E-01      0.3284813E+00  0.1000000E+09  0.0000000E+00  0.0000000E+00  0.0000000E+00
        86              1                 0     0.1000000E-01      0.3384813E+00  0.1000000E+09  0.0000000E+00  0.0000000E+00  0.0000000E+00
        87              1                 0     0.1000000E-01      0.3484813E+00  0.1000000E+09  0.0000000E+00  0.0000000E+00  0.0000000E+00
        88              1                 0     0.1000000E-01      0.3584813E+00  0.1000000E+09  0.0000000E+00  0.0000000E+00  0.0000000E+00
        89              1                 0     0.1000000E-01      0.3684813E+00  0.1000000E+09  0.0000000E+00  0.0000000E+00  0.0000000E+00
        90              1                 0     0.1000000E-01      0.3784813E+00  0.1000000E+09  0.0000000E+00  0.0000000E+00  0.0000000E+00
        91              1                 0     0.1000000E-01      0.3884813E+00  0.1000000E+09  0.0000000E+00  0.0000000E+00  0.0000000E+00
        92              1                 0     0.1000000E-01      0.3984813E+00  0.1000000E+09  0.0000000E+00  0.0000000E+00  0.0000000E+00
        93              1                 0     0.1000000E-01      0.4084813E+00  0.1000000E+09  0.0000000E+00  0.0000000E+00  0.0000000E+00
    93     4.085E-01      1   1.000E-02   0.000E+00
        94              1                 0     0.1000000E-01      0.4184813E+00  0.1000000E+09  0.0000000E+00  0.0000000E+00  0.0000000E+00
        95              1                 0     0.1000000E-01      0.4284813E+00  0.1000000E+09  0.0000000E+00  0.0000000E+00  0.0000000E+00
        96              1                 0     0.1000000E-01      0.4384813E+00  0.1000000E+09  0.0000000E+00  0.0000000E+00  0.0000000E+00
        97              1                 0     0.1000000E-01      0.4484813E+00  0.1000000E+09  0.0000000E+00  0.0000000E+00  0.0000000E+00
        98              1                 0     0.1000000E-01      0.4584813E+00  0.1000000E+09  0.0000000E+00  0.0000000E+00  0.0000000E+00
        99              1                 0     0.1000000E-01      0.4684813E+00  0.1000000E+09  0.0000000E+00  0.0000000E+00  0.0000000E+00
       100              1                 0     0.1000000E-01      0.4784813E+00  0.1000000E+09  0.0000000E+00  0.0000000E+00  0.0000000E+00
       101              1                 0     0.1000000E-01      0.4884813E+00  0.1000000E+09  0.0000000E+00  0.0000000E+00  0.0000000E+00
       102              1                 0     0.1000000E-01      0.4984813E+00  0.1000000E+09  0.0000000E+00  0.0000000E+00  0.0000000E+00
       103              1                 0     0.1000000E-01      0.5084813E+00  0.1000000E+09  0.0000000E+00  0.0000000E+00  0.0000000E+00
   103     5.085E-01      1   1.000E-02   0.000E+00
       104              1                 0     0.1000000E-01      0.5184813E+00  0.1000000E+09  0.0000000E+00  0.0000000E+00  0.0000000E+00
       105              1                 0     0.1000000E-01      0.5284813E+00  0.1000000E+09  0.0000000E+00  0.0000000E+00  0.0000000E+00
       106              1                 0     0.1000000E-01      0.5384813E+00  0.1000000E+09  0.0000000E+00  0.0000000E+00  0.0000000E+00
       107              1                 0     0.1000000E-01      0.5484813E+00  0.1000000E+09  0.0000000E+00  0.0000000E+00  0.0000000E+00
       108              1                 0     0.1000000E-01      0.5584813E+00  0.1000000E+09  0.0000000E+00  0.0000000E+00  0.0000000E+00
       109              1                 0     0.1000000E-01      0.5684813E+00  0.1000000E+09  0.0000000E+00  0.0000000E+00  0.0000000E+00
       110              1                 0     0.1000000E-01      0.5784813E+00  0.1000000E+09  0.0000000E+00  0.0000000E+00  0.0000000E+00
